---------------------------------------------
Log /home/profile/logs/logs_2024-08-24_13-09-05/error.log started at 2024-08-24 13:09:06 (2024-08-24 13:09:06 UTC)

13:09:06.684 ENGINE       : GameProject load
13:09:06.684  INIT         : GameProject load project data @"./addons/data/ArmaReforger.gproj"
13:09:06.684   RESOURCES (E): Wrong GUID/name for resource @"{C014582791ECBF24}Language/localization.st" in property "StringTableSource"
13:09:13.304 BACKEND      : Loading dedicated server config.
13:09:13.304  RESOURCES    : GetResourceObject @"{2BBBE828037C6F4C}Missions/RallyTest.conf"
13:09:13.304   RESOURCES (E): Failed to open
13:09:13.304  RESOURCES (E): MissionHeader::ReadMissionHeader cannot load the resource 'Missions/RallyTest.conf'!
13:09:13.505 PLATFORM     : InputManager user settings load from profile @"InputUserSettings.conf"
13:09:13.505  DEFAULT   (W): Loading input settings from legacy file, which will be soon unsupported
13:09:23.795 ENGINE       : GameProject load
13:09:23.795  INIT         : GameProject load project data @"./addons/data/ArmaReforger.gproj"
13:09:23.795   RESOURCES (E): Wrong GUID/name for resource @"{C014582791ECBF24}Language/localization.st" in property "StringTableSource"
13:09:29.707 PLATFORM     : InputManager user settings load from profile @"InputUserSettings.conf"
13:09:29.708  DEFAULT   (W): Loading input settings from legacy file, which will be soon unsupported
13:09:30.276 WORLD        : Entities load 'Worlds/RallyArland/RallyArland.ent'
13:09:30.276  WORLD        : Entity layer load @"Worlds/RallyArland/RallyArland_Layers/default.layer"
13:09:30.276   RESOURCES (E): Wrong GUID/name for resource @"{0EDA3D48791120DD}Prefabs/MP/HitRegManager.et" in property "inherited-name"
13:09:30.276   WORLD     (E): Unknown class 'HitRegistrationManager' at offset 467948(0x723ec)
13:09:30.281   RESOURCES    : GetResourceObject @"{8A3FFDEF5F4F3F5D}Prefabs/Vehicles/Wheeled/LeSampleCar/LeSampleRolf.et"
13:09:30.282    WORLD        : Entity prefab load @"{8A3FFDEF5F4F3F5D}Prefabs/Vehicles/Wheeled/LeSampleCar/LeSampleRolf.et"
13:09:30.282     RESOURCES (E): Wrong GUID/name for resource @"{13397A21CE527E2C}Sounds/Vehicles/_SharedData/Rain/Vehicles_Rain_FabricRoof.acp" in property "Filenames"
13:09:30.282     RESOURCES (E): Wrong GUID/name for resource @"{13E0B66886AC6B12}Prefabs/Vehicles/Wheeled/SampleCar_01/Lights/SampleCar_01_ES_Indicator_FL.et" in property "Prefab"
13:09:30.282     RESOURCES (E): Wrong GUID/name for resource @"{078927CA39484E20}Prefabs/Vehicles/Wheeled/SampleCar_01/Lights/SampleCar_01_ES_Indicator_FR.et" in property "Prefab"
13:09:30.282     RESOURCES (E): Wrong GUID/name for resource @"{B6C0398C8880CB6A}Prefabs/Vehicles/Wheeled/SampleCar_01/Lights/SampleCar_01_ES_Indicator_RL.et" in property "Prefab"
13:09:30.282     RESOURCES (E): Wrong GUID/name for resource @"{CBD8D574ED13F7F3}Prefabs/Vehicles/Wheeled/SampleCar_01/Lights/SampleCar_01_ES_Indicator_RR.et" in property "Prefab"
13:09:30.282     RESOURCES (E): Wrong GUID/name for resource @"{229635A57E001307}Prefabs/Vehicles/Wheeled/SampleCar_01/Lights/SampleCar_01_ES_Rear_L.et" in property "Prefab"
13:09:30.282     RESOURCES (E): Wrong GUID/name for resource @"{B478C75F6EAC941C}Prefabs/Vehicles/Wheeled/SampleCar_01/Lights/SampleCar_01_ES_Rear_R.et" in property "Prefab"
13:09:30.282     RESOURCES (E): Wrong GUID/name for resource @"{CF764F4E22C22849}Prefabs/Vehicles/Wheeled/SampleCar_01/Lights/SampleCar_01_ES_LB_L.et" in property "Prefab"
13:09:30.282     RESOURCES (E): Wrong GUID/name for resource @"{B26EA3B6475114D0}Prefabs/Vehicles/Wheeled/SampleCar_01/Lights/SampleCar_01_ES_LB_R.et" in property "Prefab"
13:09:30.283     RESOURCES (E): Wrong GUID/name for resource @"{17552F050DA57FCC}Prefabs/Vehicles/Wheeled/SampleCar_01/Lights/SampleCar_01_ES_HB_L.et" in property "Prefab"
13:09:30.283     RESOURCES (E): Wrong GUID/name for resource @"{6A4DC3FD68364355}Prefabs/Vehicles/Wheeled/SampleCar_01/Lights/SampleCar_01_ES_HB_R.et" in property "Prefab"
13:09:30.283     RESOURCES (E): Wrong GUID/name for resource @"{8B1810F65BC38CED}Prefabs/Vehicles/Wheeled/SampleCar_01/Lights/SampleCar_01_ES_Front_L.et" in property "Prefab"
13:09:30.283     RESOURCES (E): Wrong GUID/name for resource @"{F600FC0E3E50B074}Prefabs/Vehicles/Wheeled/SampleCar_01/Lights/SampleCar_01_ES_Front_R.et" in property "Prefab"
13:09:30.283     RESOURCES (E): Wrong GUID/name for resource @"{9109C128D1E88D57}Prefabs/Vehicles/Wheeled/SampleCar_01/Lights/SampleCar_01_ES_Brake_L.et" in property "Prefab"
13:09:30.283     RESOURCES (E): Wrong GUID/name for resource @"{EC112DD0B47BB1CE}Prefabs/Vehicles/Wheeled/SampleCar_01/Lights/SampleCar_01_ES_Brake_R.et" in property "Prefab"
13:09:30.283     RESOURCES (E): Wrong GUID/name for resource @"{AD046636C3FB83A9}Prefabs/Vehicles/Wheeled/SampleCar_01/Lights/SampleCar_01_ES_Reverse_L.et" in property "Prefab"
13:09:30.283     RESOURCES (E): Wrong GUID/name for resource @"{D01C8ACEA668BF30}Prefabs/Vehicles/Wheeled/SampleCar_01/Lights/SampleCar_01_ES_Reverse_R.et" in property "Prefab"
13:09:30.283     RESOURCES (E): Wrong GUID/name for resource @"{340822BCFB845F16}Prefabs/Vehicles/Wheeled/SampleCar_01/Lights/SampleCar_01_ES_Interior.et" in property "Prefab"
13:09:30.283     WORLD     (E): Unknown class 'SCR_CarControllerComponent_SA' at offset 12954(0x329a)
13:09:30.284     WORLD     (E): Unknown class 'EntryPositionInfo' at offset 14826(0x39ea)
13:09:30.284     WORLD     (E): Unknown keyword/data 'AccessibilitySettings' at offset 14911(0x3a3f)
13:09:30.284     WORLD     (E): Unknown class 'ContextName' at offset 15786(0x3daa)
13:09:30.284     WORLD     (E): Unexpected end of scope at offset 15894(0x3e16)
13:09:30.284     WORLD     (E): Unexpected end of scope at offset 15901(0x3e1d)
13:09:30.284     WORLD     (E): Unexpected end of scope at offset 16139(0x3f0b)
13:09:30.284     WORLD     (E): Unexpected end of scope at offset 19704(0x4cf8)
13:09:30.284     WORLD     (E): Unexpected end of scope at offset 19708(0x4cfc)
13:09:30.285     WORLD     (E): Unexpected end of scope at offset 35652(0x8b44)
13:09:30.285     WORLD     (E): Unexpected end of scope at offset 35686(0x8b66)
13:09:30.285   WORLD     (E): Unknown class 'VehicleWheeledSimulation_SA' at offset 470036(0x72c14)
13:09:30.290   RESOURCES    : GetResourceObject @"{FBCD28E32E26A29E}Prefabs/Vehicles/Wheeled/S105RYellow/S105_Rally_UpToSpeedyellow.et"
13:09:30.290    WORLD        : Entity prefab load @"{FBCD28E32E26A29E}Prefabs/Vehicles/Wheeled/S105RYellow/S105_Rally_UpToSpeedyellow.et"
13:09:30.290     WORLD     (E): Unknown class 'SCR_CarControllerComponent_SA' at offset 369(0x171)
13:09:30.290     WORLD     (E): Unknown class 'VehicleWheeledSimulation_SA' at offset 1996(0x7cc)
13:09:30.290   WORLD     (E): Unknown class 'VehicleWheeledSimulation_SA' at offset 472432(0x73570)
13:09:30.302  WORLD        : Entity layer load @"Worlds/RallyArland/RallyArland_Layers/Barriers.layer"
13:09:30.302   RESOURCES    : GetResourceObject @"{4FA0512B646FE00C}Prefabs/Vehicles/Wheeled/S105RallyUpToSpeed/S105_Rally_UpToSpeed.et"
13:09:30.302    WORLD        : Entity prefab load @"{4FA0512B646FE00C}Prefabs/Vehicles/Wheeled/S105RallyUpToSpeed/S105_Rally_UpToSpeed.et"
13:09:30.302     WORLD     (E): Unknown class 'SCR_CarControllerComponent_SA' at offset 369(0x171)
13:09:30.302     WORLD     (E): Unknown class 'VehicleWheeledSimulation_SA' at offset 1512(0x5e8)
13:09:30.302   WORLD     (E): Unknown class 'VehicleWheeledSimulation_SA' at offset 11291(0x2c1b)
13:09:30.303   RESOURCES    : GetResourceObject @"{6692A32C516DEE2C}Prefabs/Vehicles/Wheeled/S105RRed/S105_Rally_UpToSpeedred.et"
13:09:30.303    WORLD        : Entity prefab load @"{6692A32C516DEE2C}Prefabs/Vehicles/Wheeled/S105RRed/S105_Rally_UpToSpeedred.et"
13:09:30.303     WORLD     (E): Unknown class 'SCR_CarControllerComponent_SA' at offset 369(0x171)
13:09:30.303     WORLD     (E): Unknown class 'VehicleWheeledSimulation_SA' at offset 2000(0x7d0)
13:09:30.303   WORLD     (E): Unknown class 'VehicleWheeledSimulation_SA' at offset 18705(0x4911)
13:09:30.305   RESOURCES    : GetResourceObject @"{CB6456F3CCC8CF4B}Prefabs/Vehicles/Wheeled/S105RWhite/S105_Rally_UpToSpeedoffcolor.et"
13:09:30.305    WORLD        : Entity prefab load @"{CB6456F3CCC8CF4B}Prefabs/Vehicles/Wheeled/S105RWhite/S105_Rally_UpToSpeedoffcolor.et"
13:09:30.305     WORLD     (E): Unknown class 'SCR_CarControllerComponent_SA' at offset 369(0x171)
13:09:30.305     WORLD     (E): Unknown class 'VehicleWheeledSimulation_SA' at offset 1990(0x7c6)
13:09:30.305   WORLD     (E): Unknown class 'VehicleWheeledSimulation_SA' at offset 24518(0x5fc6)
13:09:30.306   RESOURCES    : GetResourceObject @"{F634C929F5E8B516}Prefabs/Vehicles/Wheeled/S105RGreen/S105_Rally_UpToSpeedgreen.et"
13:09:30.306    WORLD        : Entity prefab load @"{F634C929F5E8B516}Prefabs/Vehicles/Wheeled/S105RGreen/S105_Rally_UpToSpeedgreen.et"
13:09:30.306     WORLD     (E): Unknown class 'SCR_CarControllerComponent_SA' at offset 369(0x171)
13:09:30.306     WORLD     (E): Unknown class 'VehicleWheeledSimulation_SA' at offset 1995(0x7cb)
13:09:30.306   WORLD     (E): Unknown class 'VehicleWheeledSimulation_SA' at offset 25889(0x6521)
13:09:31.123 RESOURCES (E): Wrong GUID/name for resource @"{18B72807ADE8715B}Checker.gamemat" in property "UBX_001"
13:09:31.123 RESOURCES    : GetResourceObject @"{18B72807ADE8715B}Checker.gamemat"
13:09:31.124  RESOURCES (E): Failed to open
13:09:31.208 WORLD        : Game::LoadEntities
13:09:31.208  WORLD        : Preload
13:09:31.208   RESOURCES    : GetResourceObject @"{78D17C431FB48D80}Sounds/Vehicles/Wheeled/S105/Vehicles_S105_Engine.acp"
13:09:31.208    RESOURCES    : Resource object load @"{78D17C431FB48D80}Sounds/Vehicles/Wheeled/S105/Vehicles_S105_Engine.acp"
13:09:31.208     RESOURCES (E): Wrong GUID/name for resource @"{1D4052FC98A42923}Sounds/Vehicles/Wheeled/S105/Samples/Engine/S105_Engine_Stop.wav" in property "Filename"
13:09:31.208     RESOURCES (E): Wrong GUID/name for resource @"{1D4052FC98A42923}Sounds/Vehicles/Wheeled/S105/Samples/Engine/S105_Engine_Stop.wav" in property "Filename"
13:09:31.239   RESOURCES    : GetResourceObject @"{306D7467339A1577}Sounds/Vehicles/Wheeled/SampleCar_01/Vehicles_SampleCar_01_Animations.acp"
13:09:31.239    RESOURCES    : Resource object load @"{306D7467339A1577}Sounds/Vehicles/Wheeled/SampleCar_01/Vehicles_SampleCar_01_Animations.acp"
13:09:31.239     RESOURCES (E): Wrong GUID/name for resource @"{2D16A47D07293F33}Sounds/Vehicles/Wheeled/SampleCar_01/Samples/SampleCar_01_Door_Open_Start_1.wav" in property "Filename"
13:09:31.239     RESOURCES (E): Wrong GUID/name for resource @"{B4081DE41ACE0EA3}Sounds/Vehicles/Wheeled/SampleCar_01/Samples/SampleCar_01_Door_Open_Start_2.wav" in property "Filename"
13:09:31.239     RESOURCES (E): Wrong GUID/name for resource @"{C302756CEE6CE1D3}Sounds/Vehicles/Wheeled/SampleCar_01/Samples/SampleCar_01_Door_Open_Start_3.wav" in property "Filename"
13:09:31.239     RESOURCES (E): Wrong GUID/name for resource @"{5E7C3AEE8359511D}Sounds/Vehicles/Wheeled/SampleCar_01/Samples/SampleCar_01_Door_Open_End_1.wav" in property "Filename"
13:09:31.239     RESOURCES (E): Wrong GUID/name for resource @"{C76283779EBE608D}Sounds/Vehicles/Wheeled/SampleCar_01/Samples/SampleCar_01_Door_Open_End_2.wav" in property "Filename"
13:09:31.239     RESOURCES (E): Wrong GUID/name for resource @"{B068EBFF6A1C8FFD}Sounds/Vehicles/Wheeled/SampleCar_01/Samples/SampleCar_01_Door_Open_End_3.wav" in property "Filename"
13:09:31.239     RESOURCES (E): Wrong GUID/name for resource @"{2AD1E13A5BBF2958}Sounds/Vehicles/Wheeled/SampleCar_01/Samples/SampleCar_01_Door_Close_1.wav" in property "Filename"
13:09:31.239     RESOURCES (E): Wrong GUID/name for resource @"{B3CF58A3465818C8}Sounds/Vehicles/Wheeled/SampleCar_01/Samples/SampleCar_01_Door_Close_2.wav" in property "Filename"
13:09:31.239     RESOURCES (E): Wrong GUID/name for resource @"{C4C5302BB2FAF7B8}Sounds/Vehicles/Wheeled/SampleCar_01/Samples/SampleCar_01_Door_Close_3.wav" in property "Filename"
13:09:31.239     RESOURCES (E): Wrong GUID/name for resource @"{C302CA7AD47C4D7B}Sounds/Vehicles/Wheeled/SampleCar_01/Samples/SampleCar_01_Door_Close_4.wav" in property "Filename"
13:09:31.239     RESOURCES (E): Wrong GUID/name for resource @"{1E734D6EA2CAB8EA}Sounds/Vehicles/Wheeled/SampleCar_01/Samples/SampleCar_01_Door_Creak_1.wav" in property "Filename"
13:09:31.239     RESOURCES (E): Wrong GUID/name for resource @"{876DF4F7BF2D897A}Sounds/Vehicles/Wheeled/SampleCar_01/Samples/SampleCar_01_Door_Creak_2.wav" in property "Filename"
13:09:31.239     RESOURCES (E): Wrong GUID/name for resource @"{F0679C7F4B8F660A}Sounds/Vehicles/Wheeled/SampleCar_01/Samples/SampleCar_01_Door_Creak_3.wav" in property "Filename"
13:09:31.240     RESOURCES (E): Wrong GUID/name for resource @"{F7A0662E2D09DCC9}Sounds/Vehicles/Wheeled/SampleCar_01/Samples/SampleCar_01_Door_Creak_4.wav" in property "Filename"
13:09:31.240     RESOURCES (E): Wrong GUID/name for resource @"{80AA0EA6D9AB33B9}Sounds/Vehicles/Wheeled/SampleCar_01/Samples/SampleCar_01_Door_Creak_5.wav" in property "Filename"
13:09:31.240     RESOURCES (E): Wrong GUID/name for resource @"{25C551756752A40D}Sounds/Vehicles/Wheeled/SampleCar_01/Samples/SampleCar_01_IndicatorOn_01.wav" in property "Filename"
13:09:31.240     RESOURCES (E): Wrong GUID/name for resource @"{BCDBE8EC7AB5959D}Sounds/Vehicles/Wheeled/SampleCar_01/Samples/SampleCar_01_IndicatorOn_02.wav" in property "Filename"
13:09:31.240     RESOURCES (E): Wrong GUID/name for resource @"{CBD180648E177AED}Sounds/Vehicles/Wheeled/SampleCar_01/Samples/SampleCar_01_IndicatorOn_03.wav" in property "Filename"
13:09:31.240     RESOURCES (E): Wrong GUID/name for resource @"{3DBFADC9E3A71A3D}Sounds/Vehicles/Wheeled/SampleCar_01/Samples/SampleCar_01_IndicatorOff_01.wav" in property "Filename"
13:09:31.240     RESOURCES (E): Wrong GUID/name for resource @"{A4A11450FE402BAD}Sounds/Vehicles/Wheeled/SampleCar_01/Samples/SampleCar_01_IndicatorOff_02.wav" in property "Filename"
13:09:31.240     RESOURCES (E): Wrong GUID/name for resource @"{D3AB7CD80AE2C4DD}Sounds/Vehicles/Wheeled/SampleCar_01/Samples/SampleCar_01_IndicatorOff_03.wav" in property "Filename"
13:09:31.241     RESOURCES (E): Wrong GUID/name for resource @"{52FC8657E80F3085}Assets/Vehicles/Wheeled/SampleCar_01/SampleCar_01.xob" in property "listenerWindowModel"
13:09:31.254   RESOURCES    : GetResourceObject @"{7A5D78E3381DF66D}Sounds/Vehicles/Wheeled/SampleCar_01/Vehicles_SampleCar_01_Horn.acp"
13:09:31.254    RESOURCES    : Resource object load @"{7A5D78E3381DF66D}Sounds/Vehicles/Wheeled/SampleCar_01/Vehicles_SampleCar_01_Horn.acp"
13:09:31.254     RESOURCES (E): Wrong GUID/name for resource @"{04827CEDFC30A7D4}Sounds/Vehicles/Wheeled/SampleCar_01/Samples/SampleCar_01_Horn_In_Loop_Out.wav" in property "Filename"
13:09:31.254     RESOURCES (E): Wrong GUID/name for resource @"{52FC8657E80F3085}Assets/Vehicles/Wheeled/SampleCar_01/SampleCar_01.xob" in property "listenerWindowModel"
13:09:31.266   RESOURCES    : GetResourceObject @"{13397A21CE527E2C}Sounds/Vehicles/_SharedData/Rain/Vehicles_Rain_FabricRoof.acp"
13:09:31.266    RESOURCES (E): Failed to open
13:09:31.292 MATERIAL     : Material load @"{75F5A773A351178F}Assets/Vehicles/Wheeled/Samplecar_01/Data/SampleCar_01_body.emat"
13:09:31.292  MATERIAL     : Material load @"{75F5A773A351178F}Assets/Vehicles/Wheeled/Samplecar_01/Data/SampleCar_01_body.emat"
13:09:31.292   RESOURCES (E): Wrong GUID/name for resource @"{E7E924DE1C2B1A23}Assets/Vehicles/Wheeled/SampleCar_01/Data/SampleCar_01_body_BCR.edds" in property "BCRMap"
13:09:31.292   RESOURCES (E): Wrong GUID/name for resource @"{DF319F4CC55C48BD}Assets/Vehicles/Wheeled/SampleCar_01/Data/SampleCar_01_body_NMO.edds" in property "NMOMap"
13:09:31.293 MATERIAL     : Material load @"{666935BB1FD5A2C8}Assets/Vehicles/Wheeled/Samplecar_01/Data/SampleCar_01_Glass2.emat"
13:09:31.293  MATERIAL     : Material load @"{666935BB1FD5A2C8}Assets/Vehicles/Wheeled/Samplecar_01/Data/SampleCar_01_Glass2.emat"
13:09:31.293   RESOURCES (E): Wrong GUID/name for resource @"{3892E8EF8687FEC4}Assets/Vehicles/Wheeled/SampleCar_01/Data/SampleCar_01_Glass_BCR.edds" in property "BCRMap"
13:09:31.293   RESOURCES (E): Wrong GUID/name for resource @"{07F6601CF048F331}Assets/Vehicles/Wheeled/SampleCar_01/Data/SampleCar_01_Glass_Alpha.edds" in property "OpacityMap"
13:09:31.293   RESOURCES (E): Wrong GUID/name for resource @"{004A537D5FF0AC5A}Assets/Vehicles/Wheeled/SampleCar_01/Data/SampleCar_01_Glass_NMO.edds" in property "NMOMap"
13:09:31.294 MATERIAL     : Material load @"{4EA48D67F0F23FC4}Assets/Vehicles/Wheeled/Samplecar_01/Data/SampleCar_01_interior_01.emat"
13:09:31.294  MATERIAL     : Material load @"{4EA48D67F0F23FC4}Assets/Vehicles/Wheeled/Samplecar_01/Data/SampleCar_01_interior_01.emat"
13:09:31.294   RESOURCES (E): Wrong GUID/name for resource @"{9BA7217AA4E3A614}Assets/Vehicles/Wheeled/SampleCar_01/Data/SampleCar_01_interior_01_BCR.edds" in property "BCRMap"
13:09:31.294   RESOURCES (E): Wrong GUID/name for resource @"{A37F9AE87D94F48A}Assets/Vehicles/Wheeled/SampleCar_01/Data/SampleCar_01_interior_01_NMO.edds" in property "NMOMap"
13:09:31.294 MATERIAL     : Material load @"{104CA4244F7FB1CB}Assets/Vehicles/Wheeled/Samplecar_01/Data/SampleCar_01_interior_02.emat"
13:09:31.294  MATERIAL     : Material load @"{104CA4244F7FB1CB}Assets/Vehicles/Wheeled/Samplecar_01/Data/SampleCar_01_interior_02.emat"
13:09:31.294   RESOURCES (E): Wrong GUID/name for resource @"{82E3BCE667170541}Assets/Vehicles/Wheeled/SampleCar_01/Data/SampleCar_01_interier2_EM.edds" in property "EmissiveMap"
13:09:31.294   RESOURCES (E): Wrong GUID/name for resource @"{DB57005F12FF2453}Assets/Vehicles/Wheeled/SampleCar_01/Data/SampleCar_01_interior_02_BCR.edds" in property "BCRMap"
13:09:31.294   RESOURCES (E): Wrong GUID/name for resource @"{DB57005F12FF2453}Assets/Vehicles/Wheeled/SampleCar_01/Data/SampleCar_01_interior_02_BCR.edds" in property "NMOMap"
13:09:31.295 MATERIAL     : Material load @"{740682EFF583A14D}Assets/Vehicles/Wheeled/Samplecar_01/Data/SampleCar_01_undercarriage.emat"
13:09:31.295  MATERIAL     : Material load @"{740682EFF583A14D}Assets/Vehicles/Wheeled/Samplecar_01/Data/SampleCar_01_undercarriage.emat"
13:09:31.295   RESOURCES (E): Wrong GUID/name for resource @"{2F3F1DB909FF1B95}Assets/Vehicles/Wheeled/SampleCar_01/Data/SampleCar_01_undercarriage_BCR.edds" in property "BCRMap"
13:09:31.295   RESOURCES (E): Wrong GUID/name for resource @"{17E7A62BD088490B}Assets/Vehicles/Wheeled/SampleCar_01/Data/SampleCar_01_undercarriage_NMO.edds" in property "NMOMap"
13:09:33.163  WORLD        : CreateEntities
13:09:33.163   WORLD        : CreateEntities
13:09:33.163    ENTITY       : Create entity @"ENTITY:1" ('world', GenericWorldEntity) at <0.000000 0.000000 0.000000> @"{08A95D735ECC517F}Prefabs/World/DefaultWorld/GenericWorld_Default.et"
13:09:33.163     RESOURCES (E):   Failed to decompress memory image data. Data is not DXT.
13:09:33.163     WORLD     (E): Shore map CPU data creation failed - decompression of DF near atlas texture failed.
13:09:33.163     WORLD     (E): Loading of shore map failed - creation of CPU data failed
13:09:33.163     WORLD     (E): Loading of shore map failed - post load checks failed
13:09:33.487    ENTITY       : Create entity @"ENTITY:8" ('GenericWorldPPEffect') at <0.000000 0.000000 0.000000> @"GodRays"
13:09:33.487     MATERIAL     : Material load @"{90C363AB5243A434}Common/Postprocess/Sun_GodRays.emat"
13:09:33.487      MATERIAL     : Material load @"{90C363AB5243A434}Common/Postprocess/Sun_GodRays.emat"
13:09:33.487       MATERIAL  (E): Unknown keyword/data 'HorizonDisableY' at offset 46(0x2e)
13:09:34.154    ENTITY       : Create entity @"ENTITY:14694" ('PreloadManager1', BasePreloadManager) at <0.005000 0.000000 0.047000> @"{104F8505FD1871EF}Prefabs/World/Game/PreloadManager.et"
13:09:34.154     ENTITY       : SpawnEntityPrefab @"{6058AB54781A0C52}Prefabs/Characters/Factions/BLUFOR/US_Army/Character_US_AMG.et"
13:09:34.154      WORLD        : InitEntities 'PreloadWorld'
13:09:34.154       ENTITY       : Init entity @"ENTITY:1" ('SCR_ChimeraCharacter','Assets/Characters/Basebody/Basebody_Male_01.xob') at <0.000000 0.000000 0.000000> @"{6058AB54781A0C52}Prefabs/Characters/Factions/BLUFOR/US_Army/Character_US_AMG.et"
13:09:34.154        INVENTORY (E): Couldn't insert item @"ENTITY:55" ('GenericEntity','Assets/Weapons/Magazines/STANAG/Magazine_30rnd_STANAG.xob') at <0.000000 0.000000 0.000000> @"{D8F2CA92583B23D3}Prefabs/Weapons/Magazines/Magazine_556x45_STANAG_30rnd_Last_5Tracer.et" into storage @"ENTITY:22" ('GenericEntity','Assets/Items/Equipment/Accessories/Pouch_ALICE_30rnd_STANAG/Pouch_ALICE_30rnd_STANAG.xob') at <-0.144399 1.162750 0.105744> @"{E3154E0EAC48D67B}Prefabs/Items/Equipment/Accessories/Pouch_ALICE_30rnd_STANAG/Pouch_ALICE_30rnd_STANAG.et" while spawning initial items inside the storage.
13:09:34.154        NETWORK   (W): Replication: RplComponent on entity @"ENTITY:55" ('GenericEntity','Assets/Weapons/Magazines/STANAG/Magazine_30rnd_STANAG.xob') at <0.000000 0.000000 0.000000> @"{D8F2CA92583B23D3}Prefabs/Weapons/Magazines/Magazine_556x45_STANAG_30rnd_Last_5Tracer.et" destroyed during loading of the world. This might cause issues with startup sync!
13:09:34.154        INVENTORY (E): Couldn't insert item @"ENTITY:56" ('GenericEntity','Assets/Weapons/Magazines/STANAG/Magazine_30rnd_STANAG.xob') at <0.000000 0.000000 0.000000> @"{D8F2CA92583B23D3}Prefabs/Weapons/Magazines/Magazine_556x45_STANAG_30rnd_Last_5Tracer.et" into storage @"ENTITY:22" ('GenericEntity','Assets/Items/Equipment/Accessories/Pouch_ALICE_30rnd_STANAG/Pouch_ALICE_30rnd_STANAG.xob') at <-0.144399 1.162750 0.105744> @"{E3154E0EAC48D67B}Prefabs/Items/Equipment/Accessories/Pouch_ALICE_30rnd_STANAG/Pouch_ALICE_30rnd_STANAG.et" while spawning initial items inside the storage.
13:09:34.154        NETWORK   (W): Replication: RplComponent on entity @"ENTITY:56" ('GenericEntity','Assets/Weapons/Magazines/STANAG/Magazine_30rnd_STANAG.xob') at <0.000000 0.000000 0.000000> @"{D8F2CA92583B23D3}Prefabs/Weapons/Magazines/Magazine_556x45_STANAG_30rnd_Last_5Tracer.et" destroyed during loading of the world. This might cause issues with startup sync!
13:09:34.155        INVENTORY (E): Couldn't insert item @"ENTITY:57" ('GenericEntity','Assets/Weapons/Magazines/STANAG/Magazine_30rnd_STANAG.xob') at <0.000000 0.000000 0.000000> @"{D8F2CA92583B23D3}Prefabs/Weapons/Magazines/Magazine_556x45_STANAG_30rnd_Last_5Tracer.et" into storage @"ENTITY:22" ('GenericEntity','Assets/Items/Equipment/Accessories/Pouch_ALICE_30rnd_STANAG/Pouch_ALICE_30rnd_STANAG.xob') at <-0.144399 1.162750 0.105744> @"{E3154E0EAC48D67B}Prefabs/Items/Equipment/Accessories/Pouch_ALICE_30rnd_STANAG/Pouch_ALICE_30rnd_STANAG.et" while spawning initial items inside the storage.
13:09:34.155        NETWORK   (W): Replication: RplComponent on entity @"ENTITY:57" ('GenericEntity','Assets/Weapons/Magazines/STANAG/Magazine_30rnd_STANAG.xob') at <0.000000 0.000000 0.000000> @"{D8F2CA92583B23D3}Prefabs/Weapons/Magazines/Magazine_556x45_STANAG_30rnd_Last_5Tracer.et" destroyed during loading of the world. This might cause issues with startup sync!
13:09:34.215     ENTITY       : SpawnEntityPrefab @"{5B1996C05B1E51A4}Prefabs/Characters/Factions/BLUFOR/US_Army/Character_US_AR.et"
13:09:34.215      WORLD        : InitEntities 'PreloadWorld'
13:09:34.215       ENTITY       : Init entity @"ENTITY:61" ('SCR_ChimeraCharacter','Assets/Characters/Basebody/Basebody_Male_01.xob') at <0.000000 0.000000 0.000000> @"{5B1996C05B1E51A4}Prefabs/Characters/Factions/BLUFOR/US_Army/Character_US_AR.et"
13:09:34.215        INVENTORY (E): Couldn't insert item @"ENTITY:103" ('GenericEntity','Assets/Weapons/Magazines/M249/Magazine_200rnd_M249_item.xob') at <0.000000 0.000000 0.000000> @"{06D722FC2666EB83}Prefabs/Weapons/Magazines/Box_556x45_M249_200rnd_4Ball_1Tracer.et" into storage @"ENTITY:78" ('GenericEntity','Assets/Items/Equipment/Accessories/Pouch_ALICE_200rnd_M249/Pouch_ALICE_200rnd_M249.xob') at <-0.160200 1.020957 0.135574> @"{4F018E3CF74D8636}Prefabs/Items/Equipment/Accessories/Pouch_ALICE_200rnd_M249/Pouch_ALICE_200rnd_M249.et" while spawning initial items inside the storage.
13:09:34.215        NETWORK   (W): Replication: RplComponent on entity @"ENTITY:103" ('GenericEntity','Assets/Weapons/Magazines/M249/Magazine_200rnd_M249_item.xob') at <0.000000 0.000000 0.000000> @"{06D722FC2666EB83}Prefabs/Weapons/Magazines/Box_556x45_M249_200rnd_4Ball_1Tracer.et" destroyed during loading of the world. This might cause issues with startup sync!
13:09:34.256     ENTITY       : SpawnEntityPrefab @"{84029128FA6F6BB9}Prefabs/Characters/Factions/BLUFOR/US_Army/Character_US_GL.et"
13:09:34.256      WORLD        : InitEntities 'PreloadWorld'
13:09:34.256       ENTITY       : Init entity @"ENTITY:105" ('SCR_ChimeraCharacter','Assets/Characters/Basebody/Basebody_Male_01.xob') at <0.000000 0.000000 0.000000> @"{84029128FA6F6BB9}Prefabs/Characters/Factions/BLUFOR/US_Army/Character_US_GL.et"
13:09:34.256        INVENTORY (E): Couldn't insert item @"ENTITY:153" ('GenericEntity','Assets/Weapons/Magazines/STANAG/Magazine_30rnd_STANAG.xob') at <0.000000 0.000000 0.000000> @"{D8F2CA92583B23D3}Prefabs/Weapons/Magazines/Magazine_556x45_STANAG_30rnd_Last_5Tracer.et" into storage @"ENTITY:124" ('GenericEntity','Assets/Items/Equipment/Accessories/Pouch_ALICE_30rnd_STANAG/Pouch_ALICE_30rnd_STANAG.xob') at <-0.104999 1.129537 0.050875> @"{0B0D67BC8F43A052}Prefabs/Items/Equipment/Accessories/Pouch_ALICE_30rnd_STANAG/Pouch_ALICE_30rnd_STANAG_base.et" while spawning initial items inside the storage.
13:09:34.256        NETWORK   (W): Replication: RplComponent on entity @"ENTITY:153" ('GenericEntity','Assets/Weapons/Magazines/STANAG/Magazine_30rnd_STANAG.xob') at <0.000000 0.000000 0.000000> @"{D8F2CA92583B23D3}Prefabs/Weapons/Magazines/Magazine_556x45_STANAG_30rnd_Last_5Tracer.et" destroyed during loading of the world. This might cause issues with startup sync!
13:09:34.256        INVENTORY (E): Couldn't insert item @"ENTITY:154" ('GenericEntity','Assets/Weapons/Magazines/STANAG/Magazine_30rnd_STANAG.xob') at <0.000000 0.000000 0.000000> @"{D8F2CA92583B23D3}Prefabs/Weapons/Magazines/Magazine_556x45_STANAG_30rnd_Last_5Tracer.et" into storage @"ENTITY:124" ('GenericEntity','Assets/Items/Equipment/Accessories/Pouch_ALICE_30rnd_STANAG/Pouch_ALICE_30rnd_STANAG.xob') at <-0.104999 1.129537 0.050875> @"{0B0D67BC8F43A052}Prefabs/Items/Equipment/Accessories/Pouch_ALICE_30rnd_STANAG/Pouch_ALICE_30rnd_STANAG_base.et" while spawning initial items inside the storage.
13:09:34.256        NETWORK   (W): Replication: RplComponent on entity @"ENTITY:154" ('GenericEntity','Assets/Weapons/Magazines/STANAG/Magazine_30rnd_STANAG.xob') at <0.000000 0.000000 0.000000> @"{D8F2CA92583B23D3}Prefabs/Weapons/Magazines/Magazine_556x45_STANAG_30rnd_Last_5Tracer.et" destroyed during loading of the world. This might cause issues with startup sync!
13:09:34.257        INVENTORY (E): Couldn't insert item @"ENTITY:155" ('GenericEntity','Assets/Weapons/Grenades/M67/Grenade_M67.xob') at <0.000000 0.000000 0.000000> @"{E8F00BF730225B00}Prefabs/Weapons/Grenades/Grenade_M67.et" into storage @"ENTITY:124" ('GenericEntity','Assets/Items/Equipment/Accessories/Pouch_ALICE_30rnd_STANAG/Pouch_ALICE_30rnd_STANAG.xob') at <-0.104999 1.129537 0.050875> @"{0B0D67BC8F43A052}Prefabs/Items/Equipment/Accessories/Pouch_ALICE_30rnd_STANAG/Pouch_ALICE_30rnd_STANAG_base.et" while spawning initial items inside the storage.
13:09:34.257        NETWORK   (W): Replication: RplComponent on entity @"ENTITY:155" ('GenericEntity','Assets/Weapons/Grenades/M67/Grenade_M67.xob') at <0.000000 0.000000 0.000000> @"{E8F00BF730225B00}Prefabs/Weapons/Grenades/Grenade_M67.et" destroyed during loading of the world. This might cause issues with startup sync!
13:09:34.257        INVENTORY (E): Couldn't insert item @"ENTITY:156" ('GenericEntity','Assets/Weapons/Grenades/M67/Grenade_M67.xob') at <0.000000 0.000000 0.000000> @"{E8F00BF730225B00}Prefabs/Weapons/Grenades/Grenade_M67.et" into storage @"ENTITY:124" ('GenericEntity','Assets/Items/Equipment/Accessories/Pouch_ALICE_30rnd_STANAG/Pouch_ALICE_30rnd_STANAG.xob') at <-0.104999 1.129537 0.050875> @"{0B0D67BC8F43A052}Prefabs/Items/Equipment/Accessories/Pouch_ALICE_30rnd_STANAG/Pouch_ALICE_30rnd_STANAG_base.et" while spawning initial items inside the storage.
13:09:34.257        NETWORK   (W): Replication: RplComponent on entity @"ENTITY:156" ('GenericEntity','Assets/Weapons/Grenades/M67/Grenade_M67.xob') at <0.000000 0.000000 0.000000> @"{E8F00BF730225B00}Prefabs/Weapons/Grenades/Grenade_M67.et" destroyed during loading of the world. This might cause issues with startup sync!
13:09:34.258        INVENTORY (E): Couldn't insert item @"ENTITY:157" ('GenericEntity','Assets/Weapons/Grenades/M67/Grenade_M67.xob') at <0.000000 0.000000 0.000000> @"{E8F00BF730225B00}Prefabs/Weapons/Grenades/Grenade_M67.et" into storage @"ENTITY:124" ('GenericEntity','Assets/Items/Equipment/Accessories/Pouch_ALICE_30rnd_STANAG/Pouch_ALICE_30rnd_STANAG.xob') at <-0.104999 1.129537 0.050875> @"{0B0D67BC8F43A052}Prefabs/Items/Equipment/Accessories/Pouch_ALICE_30rnd_STANAG/Pouch_ALICE_30rnd_STANAG_base.et" while spawning initial items inside the storage.
13:09:34.258        NETWORK   (W): Replication: RplComponent on entity @"ENTITY:157" ('GenericEntity','Assets/Weapons/Grenades/M67/Grenade_M67.xob') at <0.000000 0.000000 0.000000> @"{E8F00BF730225B00}Prefabs/Weapons/Grenades/Grenade_M67.et" destroyed during loading of the world. This might cause issues with startup sync!
13:09:34.299     ENTITY       : SpawnEntityPrefab @"{27BF1FF235DD6036}Prefabs/Characters/Factions/BLUFOR/US_Army/Character_US_LAT.et"
13:09:34.299      WORLD        : InitEntities 'PreloadWorld'
13:09:34.299       ENTITY       : Init entity @"ENTITY:178" ('SCR_ChimeraCharacter','Assets/Characters/Basebody/Basebody_Male_01.xob') at <0.000000 0.000000 0.000000> @"{27BF1FF235DD6036}Prefabs/Characters/Factions/BLUFOR/US_Army/Character_US_LAT.et"
13:09:34.299        INVENTORY (E): Couldn't insert item @"ENTITY:228" ('GenericEntity','Assets/Weapons/Magazines/STANAG/Magazine_30rnd_STANAG.xob') at <0.000000 0.000000 0.000000> @"{D8F2CA92583B23D3}Prefabs/Weapons/Magazines/Magazine_556x45_STANAG_30rnd_Last_5Tracer.et" into storage @"ENTITY:199" ('GenericEntity','Assets/Items/Equipment/Accessories/Pouch_ALICE_30rnd_STANAG/Pouch_ALICE_30rnd_STANAG.xob') at <-0.144399 1.162750 0.105744> @"{E3154E0EAC48D67B}Prefabs/Items/Equipment/Accessories/Pouch_ALICE_30rnd_STANAG/Pouch_ALICE_30rnd_STANAG.et" while spawning initial items inside the storage.
13:09:34.299        NETWORK   (W): Replication: RplComponent on entity @"ENTITY:228" ('GenericEntity','Assets/Weapons/Magazines/STANAG/Magazine_30rnd_STANAG.xob') at <0.000000 0.000000 0.000000> @"{D8F2CA92583B23D3}Prefabs/Weapons/Magazines/Magazine_556x45_STANAG_30rnd_Last_5Tracer.et" destroyed during loading of the world. This might cause issues with startup sync!
13:09:34.299        INVENTORY (E): Couldn't insert item @"ENTITY:229" ('GenericEntity','Assets/Weapons/Magazines/STANAG/Magazine_30rnd_STANAG.xob') at <0.000000 0.000000 0.000000> @"{D8F2CA92583B23D3}Prefabs/Weapons/Magazines/Magazine_556x45_STANAG_30rnd_Last_5Tracer.et" into storage @"ENTITY:199" ('GenericEntity','Assets/Items/Equipment/Accessories/Pouch_ALICE_30rnd_STANAG/Pouch_ALICE_30rnd_STANAG.xob') at <-0.144399 1.162750 0.105744> @"{E3154E0EAC48D67B}Prefabs/Items/Equipment/Accessories/Pouch_ALICE_30rnd_STANAG/Pouch_ALICE_30rnd_STANAG.et" while spawning initial items inside the storage.
13:09:34.299        NETWORK   (W): Replication: RplComponent on entity @"ENTITY:229" ('GenericEntity','Assets/Weapons/Magazines/STANAG/Magazine_30rnd_STANAG.xob') at <0.000000 0.000000 0.000000> @"{D8F2CA92583B23D3}Prefabs/Weapons/Magazines/Magazine_556x45_STANAG_30rnd_Last_5Tracer.et" destroyed during loading of the world. This might cause issues with startup sync!
13:09:34.299        INVENTORY (E): Couldn't insert item @"ENTITY:230" ('GenericEntity','Assets/Weapons/Magazines/STANAG/Magazine_30rnd_STANAG.xob') at <0.000000 0.000000 0.000000> @"{D8F2CA92583B23D3}Prefabs/Weapons/Magazines/Magazine_556x45_STANAG_30rnd_Last_5Tracer.et" into storage @"ENTITY:199" ('GenericEntity','Assets/Items/Equipment/Accessories/Pouch_ALICE_30rnd_STANAG/Pouch_ALICE_30rnd_STANAG.xob') at <-0.144399 1.162750 0.105744> @"{E3154E0EAC48D67B}Prefabs/Items/Equipment/Accessories/Pouch_ALICE_30rnd_STANAG/Pouch_ALICE_30rnd_STANAG.et" while spawning initial items inside the storage.
13:09:34.299        NETWORK   (W): Replication: RplComponent on entity @"ENTITY:230" ('GenericEntity','Assets/Weapons/Magazines/STANAG/Magazine_30rnd_STANAG.xob') at <0.000000 0.000000 0.000000> @"{D8F2CA92583B23D3}Prefabs/Weapons/Magazines/Magazine_556x45_STANAG_30rnd_Last_5Tracer.et" destroyed during loading of the world. This might cause issues with startup sync!
13:09:34.337     ENTITY       : SpawnEntityPrefab @"{C9E4FEAF5AAC8D8C}Prefabs/Characters/Factions/BLUFOR/US_Army/Character_US_Medic.et"
13:09:34.338      WORLD        : InitEntities 'PreloadWorld'
13:09:34.338       ENTITY       : Init entity @"ENTITY:234" ('SCR_ChimeraCharacter','Assets/Characters/Basebody/Basebody_Male_01.xob') at <0.000000 0.000000 0.000000> @"{C9E4FEAF5AAC8D8C}Prefabs/Characters/Factions/BLUFOR/US_Army/Character_US_Medic.et"
13:09:34.338        INVENTORY (E): Couldn't insert item @"ENTITY:307" ('GenericEntity','Assets/Weapons/Magazines/STANAG/Magazine_30rnd_STANAG.xob') at <0.000000 0.000000 0.000000> @"{D8F2CA92583B23D3}Prefabs/Weapons/Magazines/Magazine_556x45_STANAG_30rnd_Last_5Tracer.et" into storage @"ENTITY:255" ('GenericEntity','Assets/Items/Equipment/Accessories/Pouch_ALICE_30rnd_STANAG/Pouch_ALICE_30rnd_STANAG.xob') at <-0.144399 1.162750 0.105744> @"{E3154E0EAC48D67B}Prefabs/Items/Equipment/Accessories/Pouch_ALICE_30rnd_STANAG/Pouch_ALICE_30rnd_STANAG.et" while spawning initial items inside the storage.
13:09:34.338        NETWORK   (W): Replication: RplComponent on entity @"ENTITY:307" ('GenericEntity','Assets/Weapons/Magazines/STANAG/Magazine_30rnd_STANAG.xob') at <0.000000 0.000000 0.000000> @"{D8F2CA92583B23D3}Prefabs/Weapons/Magazines/Magazine_556x45_STANAG_30rnd_Last_5Tracer.et" destroyed during loading of the world. This might cause issues with startup sync!
13:09:34.338        INVENTORY (E): Couldn't insert item @"ENTITY:308" ('GenericEntity','Assets/Weapons/Magazines/STANAG/Magazine_30rnd_STANAG.xob') at <0.000000 0.000000 0.000000> @"{D8F2CA92583B23D3}Prefabs/Weapons/Magazines/Magazine_556x45_STANAG_30rnd_Last_5Tracer.et" into storage @"ENTITY:255" ('GenericEntity','Assets/Items/Equipment/Accessories/Pouch_ALICE_30rnd_STANAG/Pouch_ALICE_30rnd_STANAG.xob') at <-0.144399 1.162750 0.105744> @"{E3154E0EAC48D67B}Prefabs/Items/Equipment/Accessories/Pouch_ALICE_30rnd_STANAG/Pouch_ALICE_30rnd_STANAG.et" while spawning initial items inside the storage.
13:09:34.338        NETWORK   (W): Replication: RplComponent on entity @"ENTITY:308" ('GenericEntity','Assets/Weapons/Magazines/STANAG/Magazine_30rnd_STANAG.xob') at <0.000000 0.000000 0.000000> @"{D8F2CA92583B23D3}Prefabs/Weapons/Magazines/Magazine_556x45_STANAG_30rnd_Last_5Tracer.et" destroyed during loading of the world. This might cause issues with startup sync!
13:09:34.400     ENTITY       : SpawnEntityPrefab @"{26A9756790131354}Prefabs/Characters/Factions/BLUFOR/US_Army/Character_US_Rifleman.et"
13:09:34.401      WORLD        : InitEntities 'PreloadWorld'
13:09:34.401       ENTITY       : Init entity @"ENTITY:357" ('SCR_ChimeraCharacter','Assets/Characters/Basebody/Basebody_Male_01.xob') at <0.000000 0.000000 0.000000> @"{26A9756790131354}Prefabs/Characters/Factions/BLUFOR/US_Army/Character_US_Rifleman.et"
13:09:34.401        INVENTORY (E): Couldn't insert item @"ENTITY:405" ('GenericEntity','Assets/Weapons/Magazines/STANAG/Magazine_30rnd_STANAG.xob') at <0.000000 0.000000 0.000000> @"{D8F2CA92583B23D3}Prefabs/Weapons/Magazines/Magazine_556x45_STANAG_30rnd_Last_5Tracer.et" into storage @"ENTITY:376" ('GenericEntity','Assets/Items/Equipment/Accessories/Pouch_ALICE_30rnd_STANAG/Pouch_ALICE_30rnd_STANAG.xob') at <-0.144399 1.162750 0.105744> @"{E3154E0EAC48D67B}Prefabs/Items/Equipment/Accessories/Pouch_ALICE_30rnd_STANAG/Pouch_ALICE_30rnd_STANAG.et" while spawning initial items inside the storage.
13:09:34.401        NETWORK   (W): Replication: RplComponent on entity @"ENTITY:405" ('GenericEntity','Assets/Weapons/Magazines/STANAG/Magazine_30rnd_STANAG.xob') at <0.000000 0.000000 0.000000> @"{D8F2CA92583B23D3}Prefabs/Weapons/Magazines/Magazine_556x45_STANAG_30rnd_Last_5Tracer.et" destroyed during loading of the world. This might cause issues with startup sync!
13:09:34.401        INVENTORY (E): Couldn't insert item @"ENTITY:406" ('GenericEntity','Assets/Weapons/Magazines/STANAG/Magazine_30rnd_STANAG.xob') at <0.000000 0.000000 0.000000> @"{D8F2CA92583B23D3}Prefabs/Weapons/Magazines/Magazine_556x45_STANAG_30rnd_Last_5Tracer.et" into storage @"ENTITY:376" ('GenericEntity','Assets/Items/Equipment/Accessories/Pouch_ALICE_30rnd_STANAG/Pouch_ALICE_30rnd_STANAG.xob') at <-0.144399 1.162750 0.105744> @"{E3154E0EAC48D67B}Prefabs/Items/Equipment/Accessories/Pouch_ALICE_30rnd_STANAG/Pouch_ALICE_30rnd_STANAG.et" while spawning initial items inside the storage.
13:09:34.401        NETWORK   (W): Replication: RplComponent on entity @"ENTITY:406" ('GenericEntity','Assets/Weapons/Magazines/STANAG/Magazine_30rnd_STANAG.xob') at <0.000000 0.000000 0.000000> @"{D8F2CA92583B23D3}Prefabs/Weapons/Magazines/Magazine_556x45_STANAG_30rnd_Last_5Tracer.et" destroyed during loading of the world. This might cause issues with startup sync!
13:09:34.401        INVENTORY (E): Couldn't insert item @"ENTITY:407" ('GenericEntity','Assets/Weapons/Magazines/STANAG/Magazine_30rnd_STANAG.xob') at <0.000000 0.000000 0.000000> @"{D8F2CA92583B23D3}Prefabs/Weapons/Magazines/Magazine_556x45_STANAG_30rnd_Last_5Tracer.et" into storage @"ENTITY:376" ('GenericEntity','Assets/Items/Equipment/Accessories/Pouch_ALICE_30rnd_STANAG/Pouch_ALICE_30rnd_STANAG.xob') at <-0.144399 1.162750 0.105744> @"{E3154E0EAC48D67B}Prefabs/Items/Equipment/Accessories/Pouch_ALICE_30rnd_STANAG/Pouch_ALICE_30rnd_STANAG.et" while spawning initial items inside the storage.
13:09:34.401        NETWORK   (W): Replication: RplComponent on entity @"ENTITY:407" ('GenericEntity','Assets/Weapons/Magazines/STANAG/Magazine_30rnd_STANAG.xob') at <0.000000 0.000000 0.000000> @"{D8F2CA92583B23D3}Prefabs/Weapons/Magazines/Magazine_556x45_STANAG_30rnd_Last_5Tracer.et" destroyed during loading of the world. This might cause issues with startup sync!
13:09:34.426     ENTITY       : SpawnEntityPrefab @"{1CA3D30464EE4674}Prefabs/Characters/Factions/BLUFOR/US_Army/Character_US_Spotter.et"
13:09:34.426      WORLD        : InitEntities 'PreloadWorld'
13:09:34.426       ENTITY       : Init entity @"ENTITY:411" ('SCR_ChimeraCharacter','Assets/Characters/Basebody/Basebody_Male_01.xob') at <0.000000 0.000000 0.000000> @"{1CA3D30464EE4674}Prefabs/Characters/Factions/BLUFOR/US_Army/Character_US_Spotter.et"
13:09:34.426        INVENTORY (E): Couldn't insert item @"ENTITY:461" ('GenericEntity','Assets/Weapons/Magazines/STANAG/Magazine_30rnd_STANAG.xob') at <0.000000 0.000000 0.000000> @"{D8F2CA92583B23D3}Prefabs/Weapons/Magazines/Magazine_556x45_STANAG_30rnd_Last_5Tracer.et" into storage @"ENTITY:432" ('GenericEntity','Assets/Items/Equipment/Accessories/Pouch_ALICE_30rnd_STANAG/Pouch_ALICE_30rnd_STANAG.xob') at <-0.104999 1.129537 0.050875> @"{0B0D67BC8F43A052}Prefabs/Items/Equipment/Accessories/Pouch_ALICE_30rnd_STANAG/Pouch_ALICE_30rnd_STANAG_base.et" while spawning initial items inside the storage.
13:09:34.426        NETWORK   (W): Replication: RplComponent on entity @"ENTITY:461" ('GenericEntity','Assets/Weapons/Magazines/STANAG/Magazine_30rnd_STANAG.xob') at <0.000000 0.000000 0.000000> @"{D8F2CA92583B23D3}Prefabs/Weapons/Magazines/Magazine_556x45_STANAG_30rnd_Last_5Tracer.et" destroyed during loading of the world. This might cause issues with startup sync!
13:09:34.426        INVENTORY (E): Couldn't insert item @"ENTITY:462" ('GenericEntity','Assets/Weapons/Magazines/STANAG/Magazine_30rnd_STANAG.xob') at <0.000000 0.000000 0.000000> @"{D8F2CA92583B23D3}Prefabs/Weapons/Magazines/Magazine_556x45_STANAG_30rnd_Last_5Tracer.et" into storage @"ENTITY:432" ('GenericEntity','Assets/Items/Equipment/Accessories/Pouch_ALICE_30rnd_STANAG/Pouch_ALICE_30rnd_STANAG.xob') at <-0.104999 1.129537 0.050875> @"{0B0D67BC8F43A052}Prefabs/Items/Equipment/Accessories/Pouch_ALICE_30rnd_STANAG/Pouch_ALICE_30rnd_STANAG_base.et" while spawning initial items inside the storage.
13:09:34.426        NETWORK   (W): Replication: RplComponent on entity @"ENTITY:462" ('GenericEntity','Assets/Weapons/Magazines/STANAG/Magazine_30rnd_STANAG.xob') at <0.000000 0.000000 0.000000> @"{D8F2CA92583B23D3}Prefabs/Weapons/Magazines/Magazine_556x45_STANAG_30rnd_Last_5Tracer.et" destroyed during loading of the world. This might cause issues with startup sync!
13:09:34.427        INVENTORY (E): Couldn't insert item @"ENTITY:463" ('GenericEntity','Assets/Weapons/Grenades/M67/Grenade_M67.xob') at <0.000000 0.000000 0.000000> @"{E8F00BF730225B00}Prefabs/Weapons/Grenades/Grenade_M67.et" into storage @"ENTITY:432" ('GenericEntity','Assets/Items/Equipment/Accessories/Pouch_ALICE_30rnd_STANAG/Pouch_ALICE_30rnd_STANAG.xob') at <-0.104999 1.129537 0.050875> @"{0B0D67BC8F43A052}Prefabs/Items/Equipment/Accessories/Pouch_ALICE_30rnd_STANAG/Pouch_ALICE_30rnd_STANAG_base.et" while spawning initial items inside the storage.
13:09:34.427        NETWORK   (W): Replication: RplComponent on entity @"ENTITY:463" ('GenericEntity','Assets/Weapons/Grenades/M67/Grenade_M67.xob') at <0.000000 0.000000 0.000000> @"{E8F00BF730225B00}Prefabs/Weapons/Grenades/Grenade_M67.et" destroyed during loading of the world. This might cause issues with startup sync!
13:09:34.427        INVENTORY (E): Couldn't insert item @"ENTITY:464" ('GenericEntity','Assets/Weapons/Grenades/M67/Grenade_M67.xob') at <0.000000 0.000000 0.000000> @"{E8F00BF730225B00}Prefabs/Weapons/Grenades/Grenade_M67.et" into storage @"ENTITY:432" ('GenericEntity','Assets/Items/Equipment/Accessories/Pouch_ALICE_30rnd_STANAG/Pouch_ALICE_30rnd_STANAG.xob') at <-0.104999 1.129537 0.050875> @"{0B0D67BC8F43A052}Prefabs/Items/Equipment/Accessories/Pouch_ALICE_30rnd_STANAG/Pouch_ALICE_30rnd_STANAG_base.et" while spawning initial items inside the storage.
13:09:34.427        NETWORK   (W): Replication: RplComponent on entity @"ENTITY:464" ('GenericEntity','Assets/Weapons/Grenades/M67/Grenade_M67.xob') at <0.000000 0.000000 0.000000> @"{E8F00BF730225B00}Prefabs/Weapons/Grenades/Grenade_M67.et" destroyed during loading of the world. This might cause issues with startup sync!
13:09:34.427        INVENTORY (E): Couldn't insert item @"ENTITY:465" ('GenericEntity','Assets/Weapons/Grenades/M67/Grenade_M67.xob') at <0.000000 0.000000 0.000000> @"{E8F00BF730225B00}Prefabs/Weapons/Grenades/Grenade_M67.et" into storage @"ENTITY:432" ('GenericEntity','Assets/Items/Equipment/Accessories/Pouch_ALICE_30rnd_STANAG/Pouch_ALICE_30rnd_STANAG.xob') at <-0.104999 1.129537 0.050875> @"{0B0D67BC8F43A052}Prefabs/Items/Equipment/Accessories/Pouch_ALICE_30rnd_STANAG/Pouch_ALICE_30rnd_STANAG_base.et" while spawning initial items inside the storage.
13:09:34.428        NETWORK   (W): Replication: RplComponent on entity @"ENTITY:465" ('GenericEntity','Assets/Weapons/Grenades/M67/Grenade_M67.xob') at <0.000000 0.000000 0.000000> @"{E8F00BF730225B00}Prefabs/Weapons/Grenades/Grenade_M67.et" destroyed during loading of the world. This might cause issues with startup sync!
13:09:34.560     ENTITY       : SpawnEntityPrefab @"{23ADBBC31B6A3DC6}Prefabs/Characters/Factions/OPFOR/USSR_Army/Character_USSR_AR.et"
13:09:34.560      WORLD        : InitEntities 'PreloadWorld'
13:09:34.560       ENTITY       : Init entity @"ENTITY:533" ('SCR_ChimeraCharacter','Assets/Characters/Basebody/Basebody_Male_01.xob') at <0.000000 0.000000 0.000000> @"{23ADBBC31B6A3DC6}Prefabs/Characters/Factions/OPFOR/USSR_Army/Character_USSR_AR.et"
13:09:34.560        INVENTORY (E): Couldn't insert item @"ENTITY:573" ('GenericEntity','Assets/Weapons/Magazines/RPK74/Magazine_45rnd_RPK74.xob') at <0.000000 0.000000 0.000000> @"{D78C667F59829717}Prefabs/Weapons/Magazines/Magazine_545x39_RPK_45rnd_4Ball_1Tracer.et" into storage @"ENTITY:550" ('GenericEntity','Assets/Items/Equipment/Accessories/Pouch_Soviet_45rnd_RPK74/Pouch_Soviet_45rnd_RPK74.xob') at <-0.128100 1.112072 0.103191> @"{B6EEF03975F21E4E}Prefabs/Items/Equipment/Accessories/Pouch_Soviet_45rnd_RPK74/Pouch_Soviet_45rnd_RPK74.et" while spawning initial items inside the storage.
13:09:34.560        NETWORK   (W): Replication: RplComponent on entity @"ENTITY:573" ('GenericEntity','Assets/Weapons/Magazines/RPK74/Magazine_45rnd_RPK74.xob') at <0.000000 0.000000 0.000000> @"{D78C667F59829717}Prefabs/Weapons/Magazines/Magazine_545x39_RPK_45rnd_4Ball_1Tracer.et" destroyed during loading of the world. This might cause issues with startup sync!
13:09:34.560        INVENTORY (E): Couldn't insert item @"ENTITY:574" ('GenericEntity','Assets/Weapons/Magazines/RPK74/Magazine_45rnd_RPK74.xob') at <0.000000 0.000000 0.000000> @"{D78C667F59829717}Prefabs/Weapons/Magazines/Magazine_545x39_RPK_45rnd_4Ball_1Tracer.et" into storage @"ENTITY:550" ('GenericEntity','Assets/Items/Equipment/Accessories/Pouch_Soviet_45rnd_RPK74/Pouch_Soviet_45rnd_RPK74.xob') at <-0.128100 1.112072 0.103191> @"{B6EEF03975F21E4E}Prefabs/Items/Equipment/Accessories/Pouch_Soviet_45rnd_RPK74/Pouch_Soviet_45rnd_RPK74.et" while spawning initial items inside the storage.
13:09:34.560        NETWORK   (W): Replication: RplComponent on entity @"ENTITY:574" ('GenericEntity','Assets/Weapons/Magazines/RPK74/Magazine_45rnd_RPK74.xob') at <0.000000 0.000000 0.000000> @"{D78C667F59829717}Prefabs/Weapons/Magazines/Magazine_545x39_RPK_45rnd_4Ball_1Tracer.et" destroyed during loading of the world. This might cause issues with startup sync!
13:09:34.561        INVENTORY (E): Couldn't insert item @"ENTITY:575" ('GenericEntity','Assets/Weapons/Magazines/RPK74/Magazine_45rnd_RPK74.xob') at <0.000000 0.000000 0.000000> @"{D78C667F59829717}Prefabs/Weapons/Magazines/Magazine_545x39_RPK_45rnd_4Ball_1Tracer.et" into storage @"ENTITY:550" ('GenericEntity','Assets/Items/Equipment/Accessories/Pouch_Soviet_45rnd_RPK74/Pouch_Soviet_45rnd_RPK74.xob') at <-0.128100 1.112072 0.103191> @"{B6EEF03975F21E4E}Prefabs/Items/Equipment/Accessories/Pouch_Soviet_45rnd_RPK74/Pouch_Soviet_45rnd_RPK74.et" while spawning initial items inside the storage.
13:09:34.561        NETWORK   (W): Replication: RplComponent on entity @"ENTITY:575" ('GenericEntity','Assets/Weapons/Magazines/RPK74/Magazine_45rnd_RPK74.xob') at <0.000000 0.000000 0.000000> @"{D78C667F59829717}Prefabs/Weapons/Magazines/Magazine_545x39_RPK_45rnd_4Ball_1Tracer.et" destroyed during loading of the world. This might cause issues with startup sync!
13:09:34.561        INVENTORY (E): Couldn't insert item @"ENTITY:576" ('GenericEntity','Assets/Weapons/Magazines/RPK74/Magazine_45rnd_RPK74.xob') at <0.000000 0.000000 0.000000> @"{D78C667F59829717}Prefabs/Weapons/Magazines/Magazine_545x39_RPK_45rnd_4Ball_1Tracer.et" into storage @"ENTITY:550" ('GenericEntity','Assets/Items/Equipment/Accessories/Pouch_Soviet_45rnd_RPK74/Pouch_Soviet_45rnd_RPK74.xob') at <-0.128100 1.112072 0.103191> @"{B6EEF03975F21E4E}Prefabs/Items/Equipment/Accessories/Pouch_Soviet_45rnd_RPK74/Pouch_Soviet_45rnd_RPK74.et" while spawning initial items inside the storage.
13:09:34.561        NETWORK   (W): Replication: RplComponent on entity @"ENTITY:576" ('GenericEntity','Assets/Weapons/Magazines/RPK74/Magazine_45rnd_RPK74.xob') at <0.000000 0.000000 0.000000> @"{D78C667F59829717}Prefabs/Weapons/Magazines/Magazine_545x39_RPK_45rnd_4Ball_1Tracer.et" destroyed during loading of the world. This might cause issues with startup sync!
13:09:36.232    ENTITY       : Create entity @"ENTITY:61189" ('GenericEntity','Assets/Props/Military/Antennas/Antenna_R161_01/Antenna_R161_01.xob') at <1361.318970 36.590000 2335.080078> @"{5B8922E61D8DF345}Prefabs/Props/Military/Antennas/Antenna_R161_01.et"
13:09:36.232     DEFAULT   (W): BaseRadioComponent does not have any transceiver. (Entity: @"ENTITY:61189" ('GenericEntity','Assets/Props/Military/Antennas/Antenna_R161_01/Antenna_R161_01.xob') at <1361.318970 36.590000 2335.080078> @"{5B8922E61D8DF345}Prefabs/Props/Military/Antennas/Antenna_R161_01.et"). Only printing this message once. There're possibly more nodes with this requirement.
13:09:36.584    ENTITY       : Create entity @"ENTITY:73660" ('StaticModelEntity','Assets/Structures/Infrastructure/Towers/TransmitterTower_01/TransmitterTower_01_small.xob') at <3052.833008 47.772999 2401.170898> @"{6A004A8F0571D456}Prefabs/Structures/Infrastructure/Towers/TransmitterTower_01/TransmitterTower_01_small.et"
13:09:36.584     DEFAULT   (W): World doesn't contain RadioManagerEntity to support any BaseRadioComponent.
13:09:39.797    ENTITY       : Create entity @"ENTITY:2305843009213693953" ('SCR_AIWorld', SCR_AIWorld) at <2033.121948 32.313000 2018.837036> @"{E0A05C76552E7F58}Prefabs/AI/SCR_AIWorld.et"
13:09:39.797     PATHFINDING   : Navmesh Init 'Soldiers'
13:09:39.797      PATHFINDING(W): No navmesh file specified! Will initialize empty navmesh world.
13:09:39.803     PATHFINDING   : Navmesh Init 'BTRlike'
13:09:39.803      PATHFINDING(W): No navmesh file specified! Will initialize empty navmesh world.
13:09:39.811     PATHFINDING   : Navmesh Init 'LowRes'
13:09:39.811      PATHFINDING(W): No navmesh file specified! Will initialize empty navmesh world.
13:09:39.837    ENTITY       : Create entity @"ENTITY:2305843009213693957" ('FactionManager_USxUSSR', SCR_FactionManager) at <2033.121948 32.688000 2020.837036> @"{589540B35EBA8CDC}Prefabs/MP/Managers/Factions/FactionManager_USxUSSR.et"
13:09:39.837     RESOURCES    : GetResourceObject @"{DDDD9B51F1234DF3}Prefabs/Vehicles/Helicopters/UH1H/UH1H_armed.et"
13:09:39.837      WORLD        : Entity prefab load @"{DDDD9B51F1234DF3}Prefabs/Vehicles/Helicopters/UH1H/UH1H_armed.et"
13:09:39.837       RESOURCES    : GetResourceObject @"{70BAEEFC2D3FEE64}Prefabs/Vehicles/Helicopters/UH1H/UH1H.et"
13:09:39.837        WORLD        : Entity prefab load @"{70BAEEFC2D3FEE64}Prefabs/Vehicles/Helicopters/UH1H/UH1H.et"
13:09:39.837         RESOURCES    : GetResourceObject @"{D03C0F6044DB5208}Prefabs/Vehicles/Helicopters/UH1H/UH1H_base.et"
13:09:39.837          WORLD        : Entity prefab load @"{D03C0F6044DB5208}Prefabs/Vehicles/Helicopters/UH1H/UH1H_base.et"
13:09:39.837           WORLD     (E): Unknown keyword/data 'm_bShowEffectInWB' at offset 16561(0x40b1)
13:09:39.931     RESOURCES    : GetResourceObject @"{7BD282AF716ED639}Prefabs/Vehicles/Helicopters/Mi8MT/Mi8MT_armed.et"
13:09:39.932      WORLD        : Entity prefab load @"{7BD282AF716ED639}Prefabs/Vehicles/Helicopters/Mi8MT/Mi8MT_armed.et"
13:09:39.932       RESOURCES    : GetResourceObject @"{20C37D5090E4E0E6}Prefabs/Vehicles/Helicopters/Mi8MT/Mi8MT_armed_base.et"
13:09:39.932        WORLD        : Entity prefab load @"{20C37D5090E4E0E6}Prefabs/Vehicles/Helicopters/Mi8MT/Mi8MT_armed_base.et"
13:09:39.932         RESOURCES    : GetResourceObject @"{AFF6067A5CE8A853}Prefabs/Vehicles/Helicopters/Mi8MT/Mi8MT_base.et"
13:09:39.932          WORLD        : Entity prefab load @"{AFF6067A5CE8A853}Prefabs/Vehicles/Helicopters/Mi8MT/Mi8MT_base.et"
13:09:39.932           RESOURCES    : GetResourceObject @"{AFF6067A5CE8A852}Prefabs/Vehicles/Helicopters/Mi8MT/Mi8_base.et"
13:09:39.932            WORLD        : Entity prefab load @"{AFF6067A5CE8A852}Prefabs/Vehicles/Helicopters/Mi8MT/Mi8_base.et"
13:09:39.932             WORLD     (E): Unknown keyword/data 'm_bShowEffectInWB' at offset 19148(0x4acc)
13:09:40.008    DEFAULT   (E): Multiple game mode entities present!
13:09:40.008    DEFAULT   (E):   oldEntity: @"ENTITY:2305843009213693956" ('GameMode_Plain1', SCR_BaseGameMode) at <2472.365967 74.245003 2721.068115> @"{1B76F75A3175E85C}Prefabs/MP/Modes/Plain/GameMode_Plain.et"
13:09:40.008    DEFAULT   (E):   newEntity: @"ENTITY:2305843009213693960" ('GameModeSF', SCR_BaseGameMode) at <2033.121948 32.125999 2017.837036>
13:09:40.010    ENTITY       : Create entity @"ENTITY:2305843009213693960" ('GameModeSF', SCR_BaseGameMode) at <2033.121948 32.125999 2017.837036> @"{ECEEDB2D3737204B}Prefabs/ScenarioFramework/GameModeSF.et"
13:09:40.010     SCRIPT    (W): 'SCR_PlayerListedAdminManagerComponent' Multiple instances of the 'SCR_PlayerListedAdminManagerComponent' exist in the world!
13:09:40.010     SCRIPT    (E): More than one 'SCR_EntityCatalogManagerComponent' excist in the world! Make sure there is only 1!
13:09:40.060    ENTITY       : Create entity @"ENTITY:2305843009213697913" ('SCR_ChimeraCharacter','Assets/Characters/Basebody/Basebody_Male_01.xob') at <1501.406982 31.906000 1157.512939>
13:09:40.060     DEFAULT   (W): Weapon slot index 4 is invalid and won't be registered in the inventory storage for @"ENTITY:2305843009213697913" ('SCR_ChimeraCharacter','Assets/Characters/Basebody/Basebody_Male_01.xob') at <1501.406982 31.906000 1157.512939>
13:09:40.066    ENTITY       : Create entity @"ENTITY:2305843009213697914" ('SCR_ChimeraCharacter','Assets/Characters/Basebody/Basebody_Male_01.xob') at <2413.548096 84.153000 1949.311035> @"{0694892B7B660CC9}Prefabs/Characters/Factions/INDFOR/FIA/Crowd1.et"
13:09:40.067     DEFAULT   (W): Weapon slot index 4 is invalid and won't be registered in the inventory storage for @"ENTITY:2305843009213697914" ('SCR_ChimeraCharacter','Assets/Characters/Basebody/Basebody_Male_01.xob') at <2413.548096 84.153000 1949.311035> @"{0694892B7B660CC9}Prefabs/Characters/Factions/INDFOR/FIA/Crowd1.et"
13:09:40.073    ENTITY       : Create entity @"ENTITY:2305843009213697915" ('SCR_ChimeraCharacter','Assets/Characters/Basebody/Basebody_Male_01.xob') at <2416.913086 85.447998 1949.286987> @"{0694892B7B660CC9}Prefabs/Characters/Factions/INDFOR/FIA/Crowd1.et"
13:09:40.073     DEFAULT   (W): Weapon slot index 4 is invalid and won't be registered in the inventory storage for @"ENTITY:2305843009213697915" ('SCR_ChimeraCharacter','Assets/Characters/Basebody/Basebody_Male_01.xob') at <2416.913086 85.447998 1949.286987> @"{0694892B7B660CC9}Prefabs/Characters/Factions/INDFOR/FIA/Crowd1.et"
13:09:40.083    ENTITY       : Create entity @"ENTITY:2305843009213697935" ('SampleCar_01_Base1', Vehicle) at <1470.182983 31.212999 1137.031006>
13:09:40.083     ENTITY    (E): Vehicle is missing component SignalsManagerComponent as required by component SCR_VehicleSoundComponent
13:09:40.084     ENTITY    (E): Vehicle is missing component VehicleWheeledSimulation as required by component SCR_CarControllerComponent
13:09:40.084     ENTITY    (E): Vehicle is missing component SignalsManagerComponent as required by component SCR_CarControllerComponent
13:09:40.341    ENTITY       : Create entity @"ENTITY:2305843009213698030" ('UAZ452_ambulance1', Vehicle) at <2398.888916 81.539001 1946.901978> @"{43C4AF1EEBD001CE}Prefabs/Vehicles/Wheeled/UAZ452/UAZ452_ambulance.et"
13:09:40.341     ENTITY       : SpawnEntityPrefab @"{04961647B69E22F0}Prefabs/Vehicles/Wheeled/UAZ452/Lights/RRearIndicator_UAZ452_ES.et"
13:09:40.341      ENTITY       : Create entity @"ENTITY:4611686018427388183" ('GameEntity') at <2398.888916 81.539001 1946.901978>
13:09:40.341       RESOURCES    : GetResourceObject @"{7E71B1E7086625DD}Assets/Vehicles/Wheeled/UAZ452/Lights/UAZ_Indicator_RR.xob"
13:09:40.341        RESOURCES (E): Wrong GUID/name for resource @"{536BF67B2052B869}material/metal.gamemat" in property "UBX_FG_Indicator_RR"
13:09:40.341        RESOURCES    : GetResourceObject @"{536BF67B2052B869}material/metal.gamemat"
13:09:40.341         RESOURCES (E): Failed to open
13:09:40.838    WORLD        : InitEntities 'world'
13:09:40.838     ENTITY       : Init entity @"ENTITY:3" ('MapEntity1', SCR_MapEntity) at <2237.496094 53.673000 2875.002930> @"{66FBC1063149819B}Prefabs/World/Game/Arland/MapEntity_Arland.et"
13:09:40.838      SCRIPT    (W): SCR_MapEntity: Cannot get the size from terrain. Using default.
13:09:43.791 SCRIPT    (E): 'SCR_BaseSupportStationComponent' 'EOnInit': 'GenericEntity<0x00007F6273326560> @"ENTITY:4611686018427387994" ('GenericEntity','Assets/Items/Fuel/Jerrycan_01/Jerrycan_01.xo' Support Station is set to use supplies  but it has no SCR_ResourceComponent
13:09:43.792 SCRIPT    (E): 'SCR_BaseSupportStationComponent' 'EOnInit': 'GenericEntity<0x00007F627350C580> @"ENTITY:4611686018427388034" ('GenericEntity','Assets/Items/Fuel/Jerrycan_01/Jerrycan_01.xo' Support Station is set to use supplies  but it has no SCR_ResourceComponent
13:09:43.793 SCRIPT    (E): 'SCR_BaseSupportStationComponent' 'EOnInit': 'GenericEntity<0x00007F6273564140> @"ENTITY:4611686018427388091" ('GenericEntity','Assets/Items/Fuel/Jerrycan_01/Jerrycan_01.xo' Support Station is set to use supplies  but it has no SCR_ResourceComponent
13:09:43.794 SCRIPT    (E): 'SCR_BaseSupportStationComponent' 'EOnInit': 'GenericEntity<0x00007F6273567880> @"ENTITY:4611686018427388150" ('GenericEntity','Assets/Items/Fuel/Jerrycan_01/Jerrycan_01.xo' Support Station is set to use supplies  but it has no SCR_ResourceComponent
13:09:43.794 SCRIPT    (E): 'SCR_BaseSupportStationComponent' 'EOnInit': 'GenericEntity<0x00007F627403D460> @"ENTITY:4611686018427388190" ('GenericEntity','Assets/Items/Fuel/Jerrycan_01/Jerrycan_01.xo' Support Station is set to use supplies  but it has no SCR_ResourceComponent
13:09:43.795 SCRIPT    (E): 'SCR_BaseSupportStationComponent' 'EOnInit': 'GenericEntity<0x00007F627403F440> @"ENTITY:4611686018427388234" ('GenericEntity','Assets/Items/Fuel/Jerrycan_01/Jerrycan_01.xo' Support Station is set to use supplies  but it has no SCR_ResourceComponent
13:09:43.796 SCRIPT    (E): 'SCR_BaseSupportStationComponent' 'EOnInit': 'GenericEntity<0x00007F62740B9460> @"ENTITY:4611686018427388278" ('GenericEntity','Assets/Items/Fuel/Jerrycan_01/Jerrycan_01.xo' Support Station is set to use supplies  but it has no SCR_ResourceComponent
13:09:43.797 SCRIPT    (E): 'SCR_BaseSupportStationComponent' 'EOnInit': 'GenericEntity<0x00007F62740BB440> @"ENTITY:4611686018427388322" ('GenericEntity','Assets/Items/Fuel/Jerrycan_01/Jerrycan_01.xo' Support Station is set to use supplies  but it has no SCR_ResourceComponent
13:09:43.797 SCRIPT    (E): 'SCR_BaseSupportStationComponent' 'EOnInit': 'GenericEntity<0x00007F62744D5460> @"ENTITY:4611686018427388366" ('GenericEntity','Assets/Items/Fuel/Jerrycan_01/Jerrycan_01.xo' Support Station is set to use supplies  but it has no SCR_ResourceComponent
13:09:43.798 SCRIPT    (E): 'SCR_BaseSupportStationComponent' 'EOnInit': 'GenericEntity<0x00007F62744D7440> @"ENTITY:4611686018427388410" ('GenericEntity','Assets/Items/Fuel/Jerrycan_01/Jerrycan_01.xo' Support Station is set to use supplies  but it has no SCR_ResourceComponent
13:09:43.799 SCRIPT    (E): 'SCR_BaseSupportStationComponent' 'EOnInit': 'GenericEntity<0x00007F627453D8A0> @"ENTITY:4611686018427388455" ('GenericEntity','Assets/Items/Fuel/Jerrycan_01/Jerrycan_01.xo' Support Station is set to use supplies  but it has no SCR_ResourceComponent
13:09:43.800 SCRIPT    (E): 'SCR_BaseSupportStationComponent' 'EOnInit': 'GenericEntity<0x00007F6274578AD0> @"ENTITY:4611686018427388516" ('GenericEntity','Assets/Items/Fuel/Jerrycan_01/Jerrycan_01.xo' Support Station is set to use supplies  but it has no SCR_ResourceComponent
13:09:43.800 SCRIPT    (E): 'SCR_BaseSupportStationComponent' 'EOnInit': 'GenericEntity<0x00007F627457BDD0> @"ENTITY:4611686018427388578" ('GenericEntity','Assets/Items/Fuel/Jerrycan_01/Jerrycan_01.xo' Support Station is set to use supplies  but it has no SCR_ResourceComponent
13:09:43.801 SCRIPT    (E): 'SCR_BaseSupportStationComponent' 'EOnInit': 'GenericEntity<0x00007F62746EB110> @"ENTITY:4611686018427388642" ('GenericEntity','Assets/Items/Fuel/Jerrycan_01/Jerrycan_01.xo' Support Station is set to use supplies  but it has no SCR_ResourceComponent
13:09:43.802 SCRIPT    (E): 'SCR_BaseSupportStationComponent' 'EOnInit': 'GenericEntity<0x00007F6274731BD0> @"ENTITY:4611686018427388684" ('GenericEntity','Assets/Items/Fuel/Jerrycan_01/Jerrycan_01.xo' Support Station is set to use supplies  but it has no SCR_ResourceComponent
13:09:43.802 SCRIPT    (E): 'SCR_BaseSupportStationComponent' 'EOnInit': 'GenericEntity<0x00007F6274733770> @"ENTITY:4611686018427388726" ('GenericEntity','Assets/Items/Fuel/Jerrycan_01/Jerrycan_01.xo' Support Station is set to use supplies  but it has no SCR_ResourceComponent
13:09:43.803 SCRIPT    (E): 'SCR_BaseSupportStationComponent' 'EOnInit': 'GenericEntity<0x00007F62747A3880> @"ENTITY:4611686018427388768" ('GenericEntity','Assets/Items/Fuel/Jerrycan_01/Jerrycan_01.xo' Support Station is set to use supplies  but it has no SCR_ResourceComponent
13:09:43.804 SCRIPT    (E): 'SCR_BaseSupportStationComponent' 'EOnInit': 'GenericEntity<0x00007F62748D1BD0> @"ENTITY:4611686018427388810" ('GenericEntity','Assets/Items/Fuel/Jerrycan_01/Jerrycan_01.xo' Support Station is set to use supplies  but it has no SCR_ResourceComponent
13:09:43.804 SCRIPT    (E): 'SCR_BaseSupportStationComponent' 'EOnInit': 'GenericEntity<0x00007F62748D3770> @"ENTITY:4611686018427388852" ('GenericEntity','Assets/Items/Fuel/Jerrycan_01/Jerrycan_01.xo' Support Station is set to use supplies  but it has no SCR_ResourceComponent
13:09:43.805 SCRIPT    (E): 'SCR_BaseSupportStationComponent' 'EOnInit': 'GenericEntity<0x00007F62749358A0> @"ENTITY:4611686018427388894" ('GenericEntity','Assets/Items/Fuel/Jerrycan_01/Jerrycan_01.xo' Support Station is set to use supplies  but it has no SCR_ResourceComponent
13:09:43.806 SCRIPT    (E): 'SCR_BaseSupportStationComponent' 'EOnInit': 'GenericEntity<0x00007F6274937440> @"ENTITY:4611686018427388934" ('GenericEntity','Assets/Items/Fuel/Jerrycan_01/Jerrycan_01.xo' Support Station is set to use supplies  but it has no SCR_ResourceComponent
13:09:43.806 SCRIPT    (E): 'SCR_BaseSupportStationComponent' 'EOnInit': 'GenericEntity<0x00007F6274996780> @"ENTITY:4611686018427388998" ('GenericEntity','Assets/Items/Fuel/Jerrycan_01/Jerrycan_01.xo' Support Station is set to use supplies  but it has no SCR_ResourceComponent
13:09:43.807 SCRIPT    (E): 'SCR_BaseSupportStationComponent' 'EOnInit': 'GenericEntity<0x00007F6274B00360> @"ENTITY:4611686018427389040" ('GenericEntity','Assets/Items/Fuel/Jerrycan_01/Jerrycan_01.xo' Support Station is set to use supplies  but it has no SCR_ResourceComponent
13:09:43.807 SCRIPT    (E): 'SCR_BaseSupportStationComponent' 'EOnInit': 'GenericEntity<0x00007F6274B03AA0> @"ENTITY:4611686018427389082" ('GenericEntity','Assets/Items/Fuel/Jerrycan_01/Jerrycan_01.xo' Support Station is set to use supplies  but it has no SCR_ResourceComponent
13:09:43.808 SCRIPT    (E): 'SCR_BaseSupportStationComponent' 'EOnInit': 'GenericEntity<0x00007F6274B49680> @"ENTITY:4611686018427389124" ('GenericEntity','Assets/Items/Fuel/Jerrycan_01/Jerrycan_01.xo' Support Station is set to use supplies  but it has no SCR_ResourceComponent
13:09:43.809 SCRIPT    (E): 'SCR_BaseSupportStationComponent' 'EOnInit': 'GenericEntity<0x00007F6274B4B220> @"ENTITY:4611686018427389166" ('GenericEntity','Assets/Items/Fuel/Jerrycan_01/Jerrycan_01.xo' Support Station is set to use supplies  but it has no SCR_ResourceComponent
13:09:43.809 SCRIPT    (E): 'SCR_BaseSupportStationComponent' 'EOnInit': 'GenericEntity<0x00007F6274BA9020> @"ENTITY:4611686018427389208" ('GenericEntity','Assets/Items/Fuel/Jerrycan_01/Jerrycan_01.xo' Support Station is set to use supplies  but it has no SCR_ResourceComponent
13:09:43.810 SCRIPT    (E): 'SCR_BaseSupportStationComponent' 'EOnInit': 'GenericEntity<0x00007F6274BAABC0> @"ENTITY:4611686018427389248" ('GenericEntity','Assets/Items/Fuel/Jerrycan_01/Jerrycan_01.xo' Support Station is set to use supplies  but it has no SCR_ResourceComponent
13:09:43.811 SCRIPT    (E): 'SCR_BaseSupportStationComponent' 'EOnInit': 'GenericEntity<0x00007F6274D1DF00> @"ENTITY:4611686018427389310" ('GenericEntity','Assets/Items/Fuel/Jerrycan_01/Jerrycan_01.xo' Support Station is set to use supplies  but it has no SCR_ResourceComponent
13:09:43.811 SCRIPT    (E): 'SCR_BaseSupportStationComponent' 'EOnInit': 'GenericEntity<0x00007F6274D61240> @"ENTITY:4611686018427389372" ('GenericEntity','Assets/Items/Fuel/Jerrycan_01/Jerrycan_01.xo' Support Station is set to use supplies  but it has no SCR_ResourceComponent
13:09:43.812 SCRIPT    (E): 'SCR_BaseSupportStationComponent' 'EOnInit': 'SCR_DestructibleBuildingEntity<0x00007F62782808B8> @"ENTITY:59112" ('SCR_DestructibleBuildingEntity','Assets/Structures/Commer' Support Station is set to use supplies  but it has no SCR_ResourceComponent
13:09:43.812 SCRIPT    (E): 'SCR_BaseSupportStationComponent' 'EOnInit': 'SCR_DestructibleBuildingEntity<0x00007F62782809F0> @"ENTITY:59118" ('SCR_DestructibleBuildingEntity','Assets/Structures/Commer' Support Station is set to use supplies  but it has no SCR_ResourceComponent
13:09:43.813 SCRIPT    (E): 'SCR_BaseSupportStationComponent' 'EOnInit': 'SCR_DestructibleBuildingEntity<0x00007F6278280B28> @"ENTITY:59124" ('SCR_DestructibleBuildingEntity','Assets/Structures/Commer' Support Station is set to use supplies  but it has no SCR_ResourceComponent
13:09:43.813 SCRIPT    (E): 'SCR_BaseSupportStationComponent' 'EOnInit': 'SCR_DestructibleBuildingEntity<0x00007F6278280C60> @"ENTITY:59130" ('SCR_DestructibleBuildingEntity','Assets/Structures/Commer' Support Station is set to use supplies  but it has no SCR_ResourceComponent
13:09:43.813 SCRIPT    (E): 'SCR_BaseSupportStationComponent' 'EOnInit': 'SCR_DestructibleBuildingEntity<0x00007F627C40C3D8> @"ENTITY:109411" ('SCR_DestructibleBuildingEntity','Assets/Structures/Comme' Support Station is set to use supplies  but it has no SCR_ResourceComponent
13:09:43.814 SCRIPT    (E): 'SCR_BaseSupportStationComponent' 'EOnInit': 'SCR_DestructibleBuildingEntity<0x00007F627C40C510> @"ENTITY:109416" ('SCR_DestructibleBuildingEntity','Assets/Structures/Comme' Support Station is set to use supplies  but it has no SCR_ResourceComponent
13:09:43.837 WORLD        : UpdateEntities
13:09:43.837  WORLD        : Frame
13:09:43.837   SCRIPT    (E): DataCollectorComponent: StartDataCollectorSession: m_Owner is null. Can't add the EntityEvent.FRAME flag thus data collector will not work properly.
13:10:06.686 WORLD        : UpdateEntities
13:10:06.686  RPL          : rpl::Pip::ProcessNetToGame
13:10:06.686   SCRIPT    (W): Ban Settings could not be loaded from BE Storage: Relying on default config
13:10:06.718 ENTITY       : SpawnEntityPrefab @"{84029128FA6F6BB9}Prefabs/Characters/Factions/BLUFOR/US_Army/Character_US_GL.et"
13:10:06.718  WORLD        : InitEntities 'world'
13:10:06.718   ENTITY       : Init entity @"ENTITY:4611686018427389997" ('SCR_ChimeraCharacter','Assets/Characters/Basebody/Basebody_Male_01.xob') at <1448.145020 29.986000 1141.203979> @"{84029128FA6F6BB9}Prefabs/Characters/Factions/BLUFOR/US_Army/Character_US_GL.et"
13:10:06.718    INVENTORY (E): Couldn't insert item @"ENTITY:4611686018427390046" ('GenericEntity','Assets/Weapons/Magazines/STANAG/Magazine_30rnd_STANAG.xob') at <0.000000 0.000000 0.000000> @"{D8F2CA92583B23D3}Prefabs/Weapons/Magazines/Magazine_556x45_STANAG_30rnd_Last_5Tracer.et" into storage @"ENTITY:4611686018427390017" ('GenericEntity','Assets/Items/Equipment/Accessories/Pouch_ALICE_30rnd_STANAG/Pouch_ALICE_30rnd_STANAG.xob') at <1448.189819 31.115538 1141.311768> @"{0B0D67BC8F43A052}Prefabs/Items/Equipment/Accessories/Pouch_ALICE_30rnd_STANAG/Pouch_ALICE_30rnd_STANAG_base.et" while spawning initial items inside the storage.
13:10:06.718    INVENTORY (E): Couldn't insert item @"ENTITY:4611686018427390047" ('GenericEntity','Assets/Weapons/Magazines/STANAG/Magazine_30rnd_STANAG.xob') at <0.000000 0.000000 0.000000> @"{D8F2CA92583B23D3}Prefabs/Weapons/Magazines/Magazine_556x45_STANAG_30rnd_Last_5Tracer.et" into storage @"ENTITY:4611686018427390017" ('GenericEntity','Assets/Items/Equipment/Accessories/Pouch_ALICE_30rnd_STANAG/Pouch_ALICE_30rnd_STANAG.xob') at <1448.189819 31.115538 1141.311768> @"{0B0D67BC8F43A052}Prefabs/Items/Equipment/Accessories/Pouch_ALICE_30rnd_STANAG/Pouch_ALICE_30rnd_STANAG_base.et" while spawning initial items inside the storage.
13:10:06.719    INVENTORY (E): Couldn't insert item @"ENTITY:4611686018427390048" ('GenericEntity','Assets/Weapons/Grenades/M67/Grenade_M67.xob') at <0.000000 0.000000 0.000000> @"{E8F00BF730225B00}Prefabs/Weapons/Grenades/Grenade_M67.et" into storage @"ENTITY:4611686018427390017" ('GenericEntity','Assets/Items/Equipment/Accessories/Pouch_ALICE_30rnd_STANAG/Pouch_ALICE_30rnd_STANAG.xob') at <1448.189819 31.115538 1141.311768> @"{0B0D67BC8F43A052}Prefabs/Items/Equipment/Accessories/Pouch_ALICE_30rnd_STANAG/Pouch_ALICE_30rnd_STANAG_base.et" while spawning initial items inside the storage.
13:10:06.719    INVENTORY (E): Couldn't insert item @"ENTITY:4611686018427390049" ('GenericEntity','Assets/Weapons/Grenades/M67/Grenade_M67.xob') at <0.000000 0.000000 0.000000> @"{E8F00BF730225B00}Prefabs/Weapons/Grenades/Grenade_M67.et" into storage @"ENTITY:4611686018427390017" ('GenericEntity','Assets/Items/Equipment/Accessories/Pouch_ALICE_30rnd_STANAG/Pouch_ALICE_30rnd_STANAG.xob') at <1448.189819 31.115538 1141.311768> @"{0B0D67BC8F43A052}Prefabs/Items/Equipment/Accessories/Pouch_ALICE_30rnd_STANAG/Pouch_ALICE_30rnd_STANAG_base.et" while spawning initial items inside the storage.
13:10:06.720    INVENTORY (E): Couldn't insert item @"ENTITY:4611686018427390050" ('GenericEntity','Assets/Weapons/Grenades/M67/Grenade_M67.xob') at <0.000000 0.000000 0.000000> @"{E8F00BF730225B00}Prefabs/Weapons/Grenades/Grenade_M67.et" into storage @"ENTITY:4611686018427390017" ('GenericEntity','Assets/Items/Equipment/Accessories/Pouch_ALICE_30rnd_STANAG/Pouch_ALICE_30rnd_STANAG.xob') at <1448.189819 31.115538 1141.311768> @"{0B0D67BC8F43A052}Prefabs/Items/Equipment/Accessories/Pouch_ALICE_30rnd_STANAG/Pouch_ALICE_30rnd_STANAG_base.et" while spawning initial items inside the storage.
13:10:20.784 WORLD        : UpdateEntities
13:10:20.784  RPL          : rpl::Pip::ProcessNetToGame
13:10:20.784   RESOURCES    : GetResourceObject @"{59EF8ECAE1DCD417}Prefabs/Editor/Modes/EditorModeEdit.et"
13:10:20.784    WORLD        : Entity prefab load @"{59EF8ECAE1DCD417}Prefabs/Editor/Modes/EditorModeEdit.et"
13:10:20.785     RESOURCES    : GetResourceObject @"{59EF8ECAE1DCD417}Prefabs/Editor/Modes/EditorModeEdit.et"
13:10:20.785      WORLD        : Entity prefab load @"{59EF8ECAE1DCD417}Prefabs/Editor/Modes/EditorModeEdit.et"
13:10:20.785       RESOURCES    : GetResourceObject @"{28ACD0C845BE4967}Configs/Editor/PlaceableEntities/Objects/Structures_Military.conf"
13:10:20.785        DEFAULT      : Config load @"{28ACD0C845BE4967}Configs/Editor/PlaceableEntities/Objects/Structures_Military.conf"
13:10:20.785         RESOURCES (E): Wrong GUID/name for resource @"{57708D2841D05A01}PrefabsEditable/Auto/Structures/Military/Training/E_TargetVehicleBase_01.et" in property "m_Prefabs"
13:10:26.771 WORLD        : UpdateEntities
13:10:26.771  RPL          : rpl::Pip::ProcessNetToGame
13:10:26.771   SCRIPT    (E): Virtual Machine Exception

Reason: NULL pointer to instance. Variable 'from'

Class:      'SCR_EditorSettingsEntity'
Entity id:0

Function: 'GetSkipStreamingRules'
Stack trace:
scripts/Game/Editor/Entities/SCR_EditorSettingsEntity.c:134 Function GetSkipStreamingRules
scripts/Game/Editor/Components/Editor/SCR_DynamicSimulationEditorComponent.c:56 Function EnableStreamingForEntity
scripts/Game/Editor/Components/Editor/SCR_DynamicSimulationEditorComponent.c:42 Function EnableStreaming
scripts/Game/Editor/Components/Editor/SCR_DynamicSimulationEditorComponent.c:90 Function EOnEditorActivateServer
scripts/Game/Editor/Entities/SCR_EditorModeEntity.c:153 Function ActivateModeServer
scripts/Game/Editor/Entities/SCR_EditorManagerEntity.c:177 Function ToggleServer
14:01:18.891 RPL       (E): RpcError: Calling a RPC from an unregistered item! itemType='script::Game::SCR_BudgetEditorComponent', rpc='OnEntityCoreBudgetUpdatedOwner'
18:30:25.413 BACKEND   (E): DS Room Heartbeat fail Timeout=300 sec
18:30:25.414 BACKEND   (E): [RestApi] ID:[1767] TYPE:[EBREQ_LOBBY_DSHeartbeatS2S] Error Code:503 - Service Unavailable, apiCode="", message=""
16:30:37.096 BACKEND   (E): Curl error=Timeout was reached
16:30:37.113 BACKEND   (E): Http Error (TIMEOUT)
16:30:37.127 BACKEND   (E): DS Room Heartbeat fail Timeout=300 sec
16:30:37.127 BACKEND   (E): [RestApi] ID:[3077] TYPE:[EBREQ_LOBBY_DSHeartbeatS2S] Timeout
17:36:03.841 RPL       (E): RpcError: Calling a RPC from an unregistered item! itemType='script::Game::SCR_BudgetEditorComponent', rpc='OnEntityCoreBudgetUpdatedOwner'
17:36:49.936 ENTITY       : SpawnEntityPrefab @"{84029128FA6F6BB9}Prefabs/Characters/Factions/BLUFOR/US_Army/Character_US_GL.et"
17:36:49.936  WORLD        : InitEntities 'world'
17:36:49.936   ENTITY       : Init entity @"ENTITY:4611686018427390129" ('SCR_ChimeraCharacter','Assets/Characters/Basebody/Basebody_Male_01.xob') at <1448.145020 29.986000 1141.203979> @"{84029128FA6F6BB9}Prefabs/Characters/Factions/BLUFOR/US_Army/Character_US_GL.et"
17:36:49.936    INVENTORY (E): Couldn't insert item @"ENTITY:4611686018427390178" ('GenericEntity','Assets/Weapons/Magazines/STANAG/Magazine_30rnd_STANAG.xob') at <0.000000 0.000000 0.000000> @"{D8F2CA92583B23D3}Prefabs/Weapons/Magazines/Magazine_556x45_STANAG_30rnd_Last_5Tracer.et" into storage @"ENTITY:4611686018427390149" ('GenericEntity','Assets/Items/Equipment/Accessories/Pouch_ALICE_30rnd_STANAG/Pouch_ALICE_30rnd_STANAG.xob') at <1448.189819 31.115538 1141.311768> @"{0B0D67BC8F43A052}Prefabs/Items/Equipment/Accessories/Pouch_ALICE_30rnd_STANAG/Pouch_ALICE_30rnd_STANAG_base.et" while spawning initial items inside the storage.
17:36:49.937    INVENTORY (E): Couldn't insert item @"ENTITY:4611686018427390179" ('GenericEntity','Assets/Weapons/Magazines/STANAG/Magazine_30rnd_STANAG.xob') at <0.000000 0.000000 0.000000> @"{D8F2CA92583B23D3}Prefabs/Weapons/Magazines/Magazine_556x45_STANAG_30rnd_Last_5Tracer.et" into storage @"ENTITY:4611686018427390149" ('GenericEntity','Assets/Items/Equipment/Accessories/Pouch_ALICE_30rnd_STANAG/Pouch_ALICE_30rnd_STANAG.xob') at <1448.189819 31.115538 1141.311768> @"{0B0D67BC8F43A052}Prefabs/Items/Equipment/Accessories/Pouch_ALICE_30rnd_STANAG/Pouch_ALICE_30rnd_STANAG_base.et" while spawning initial items inside the storage.
17:36:49.937    INVENTORY (E): Couldn't insert item @"ENTITY:4611686018427390180" ('GenericEntity','Assets/Weapons/Grenades/M67/Grenade_M67.xob') at <0.000000 0.000000 0.000000> @"{E8F00BF730225B00}Prefabs/Weapons/Grenades/Grenade_M67.et" into storage @"ENTITY:4611686018427390149" ('GenericEntity','Assets/Items/Equipment/Accessories/Pouch_ALICE_30rnd_STANAG/Pouch_ALICE_30rnd_STANAG.xob') at <1448.189819 31.115538 1141.311768> @"{0B0D67BC8F43A052}Prefabs/Items/Equipment/Accessories/Pouch_ALICE_30rnd_STANAG/Pouch_ALICE_30rnd_STANAG_base.et" while spawning initial items inside the storage.
17:36:49.937    INVENTORY (E): Couldn't insert item @"ENTITY:4611686018427390181" ('GenericEntity','Assets/Weapons/Grenades/M67/Grenade_M67.xob') at <0.000000 0.000000 0.000000> @"{E8F00BF730225B00}Prefabs/Weapons/Grenades/Grenade_M67.et" into storage @"ENTITY:4611686018427390149" ('GenericEntity','Assets/Items/Equipment/Accessories/Pouch_ALICE_30rnd_STANAG/Pouch_ALICE_30rnd_STANAG.xob') at <1448.189819 31.115538 1141.311768> @"{0B0D67BC8F43A052}Prefabs/Items/Equipment/Accessories/Pouch_ALICE_30rnd_STANAG/Pouch_ALICE_30rnd_STANAG_base.et" while spawning initial items inside the storage.
17:36:49.938    INVENTORY (E): Couldn't insert item @"ENTITY:4611686018427390182" ('GenericEntity','Assets/Weapons/Grenades/M67/Grenade_M67.xob') at <0.000000 0.000000 0.000000> @"{E8F00BF730225B00}Prefabs/Weapons/Grenades/Grenade_M67.et" into storage @"ENTITY:4611686018427390149" ('GenericEntity','Assets/Items/Equipment/Accessories/Pouch_ALICE_30rnd_STANAG/Pouch_ALICE_30rnd_STANAG.xob') at <1448.189819 31.115538 1141.311768> @"{0B0D67BC8F43A052}Prefabs/Items/Equipment/Accessories/Pouch_ALICE_30rnd_STANAG/Pouch_ALICE_30rnd_STANAG_base.et" while spawning initial items inside the storage.
17:39:28.461 RPL       (E): RpcError: Calling a RPC from an unregistered item! itemType='script::Game::SCR_BudgetEditorComponent', rpc='OnEntityCoreBudgetUpdatedOwner'
