---------------------------------------------
Log /home/profile/logs/logs_2024-09-08_09-01-31/console.log started at 2024-09-08 09:01:31 (2024-09-08 09:01:31 UTC)

09:01:31.402 ENGINE       : FileSystem: Adding relative directory '/home/profile/logs/logs_2024-09-08_09-01-31' to filesystem under name logs
09:01:31.402 ENGINE       : FileSystem: Adding relative directory '/home/profile/profile' to filesystem under name profile
09:01:31.404 ENGINE       : Initializing engine.
09:01:31.404 ENGINE       : CLI Params: -config /reforger/Configs/coe2_mogadishu.json -backendlog -nothrow -maxFPS 60 -profile /home/profile -addonDownloadDir /reforger/workshop -addonsDir /reforger/workshop -autoreload 10 -loadSessionSave 
09:01:31.407 ENGINE       : Addon dirs:
09:01:31.407  ENGINE       : dir: '/reforger/workshop'
09:01:31.407  ENGINE       : dir: './addons'
09:01:31.407  ENGINE       : dir: '/home/profile/addons'
09:01:31.407 ENGINE       : Available addons:
09:01:31.407  ENGINE       : gproj: './addons/data/ArmaReforger.gproj' guid: '58D0FB3206B6F859' (packed)
09:01:31.407  ENGINE       : gproj: './addons/core/core.gproj' guid: '5614BBCCBB55ED1C' (packed)
09:01:31.599 ENGINE       : FileSystem: Adding package './addons/data/' (pak count: 4) to filesystem under name ArmaReforger
09:01:31.601 ENGINE       : FileSystem: Adding package './addons/core/' (pak count: 1) to filesystem under name core
09:01:31.601 RESOURCES    : ResourceDB: loading cache (id=0 name=ArmaReforger path=./addons/data/resourceDatabase.rdb)
09:01:32.061 RESOURCES    : ResourceDB: loading cache (id=1 name=core path=./addons/core/resourceDatabase.rdb)
09:01:32.065 RESOURCES    : ResourceDB: loading cache (id=2 name=profile path=/home/profile/profile/resourceDatabase.rdb)
09:01:32.065 RESOURCES    : ResourceDB: loading cache (id=3 name=logs path=/home/profile/logs/logs_2024-09-08_09-01-31/resourceDatabase.rdb)
09:01:32.319 ENGINE       : GameProject load
09:01:32.319  ENGINE       : Loaded addons:
09:01:32.319   ENGINE       : gproj: './addons/core/core.gproj' guid: '5614BBCCBB55ED1C'
09:01:32.319   ENGINE       : gproj: './addons/data/ArmaReforger.gproj' guid: '58D0FB3206B6F859'
09:01:32.321 ENGINE       : GameProject load
09:01:32.322  INIT         : GameProject load project data @"./addons/data/ArmaReforger.gproj"
09:01:32.322   RESOURCES (E): Wrong GUID/name for resource @"{C014582791ECBF24}Language/localization.st" in property "StringTableSource"
09:01:32.322 ENGINE       : Loading custom engine user config '$profile:.save/settings/ReforgerEngineSettings.conf'
09:01:32.322 INIT         : GameProject engine user settings load @"$profile:.save/settings/ReforgerEngineSettings.conf"
09:01:32.322  ENGINE       : Engine user settings config loaded
09:01:32.324 RENDER       : Basic screen setup:
09:01:32.325 RENDER       :   Back buffer width x height: 0x0
09:01:32.325 RENDER       :   Back buffer format	       : TEXFMT_UNKNOWN (0)
09:01:32.325 RENDER       :   MSAA                      : none
09:01:32.325 RENDER       : GPU_DUMMY (0xFFFF) (Enfusion dummy render) with 1 GPU detected, VRAM 128MB (fast 128MB), shared 128MB, driver version Unknown version, stereo not available
09:01:32.325 RENDER       : Detected output devices:
09:01:32.325 RENDER       :  * 1 device/s connected to Dummy:
09:01:32.325 RENDER       :    Dummy output (Dummy device for our dummy render.), 1920x1080 (offset 0x0), 60Hz
09:01:32.325 RENDER       :   Concurrent frames limit 2
09:01:32.325 ENGINE       : Job system settings: coreCount=4, shortJobContextCount=4, shortJobThreadCount=3, longJobThreadCount=1
09:01:32.500 AUDIO        : Audio device created
09:01:32.507 ENGINE       : Initializing inputs.
09:01:32.515 NETWORK      : Initializing networking.
09:01:32.516 SCRIPT       : SCRIPT       : Initializing scripts
09:01:32.516  SCRIPT       : SCRIPT       : ScriptProjectManager init
09:01:32.516  PROFILING    : ScriptProjectManager init took: 0.039000 ms
09:01:32.563 PROFILING    : Initializing scripts took: 47.332000 ms
09:01:32.564 ENGINE       : Enfusion engine successfully created.
09:01:32.668 GUI          : Using default language (en_us)
09:01:32.668 GUI          : Loading 'en_us' localization file.
09:01:32.668 INIT         : INIT         : Loading StringTable
09:01:32.711 PROFILING    : Loading StringTable took: 42.607000 ms
09:01:32.711 SCRIPT       : SCRIPT       : Compiling GameLib scripts
09:01:32.795  SCRIPT       : Module: GameLib; loaded 282x files; 509x classes; used 468/2097 kB (22%) of static memory; defines: "PLATFORM_LINUX,ENF_ENABLE_VHC_OVERRIDE,ENF_ENABLE_RPLCOMPONENT_IN_GAMECODE"; CRC32: 46b6820e
09:01:32.802 PROFILING    : Compiling GameLib scripts took: 90.822000 ms
09:01:32.802 SCRIPT       : SCRIPT       : Compiling Game scripts
09:01:36.133  SCRIPT       : Module: Game; loaded 4191x files; 8560x classes; used 18399/41943 kB (43%) of static memory; defines: "PLATFORM_LINUX,ENF_ENABLE_VHC_OVERRIDE,ENF_ENABLE_RPLCOMPONENT_IN_GAMECODE,ENABLE_BASE_DESTRUCTION,DEBUG,RESPAWN_TIMER_COMPONENT_DEBUG,DEBUG_NEARBY_CONTEXT_DISPLAY,DEBUG_CONFIGURABLE_DIALOGS,DISABLE_WEAPON_SWITCHING,SCRIPTED_AIM_MODIFIER_DEBUG"; CRC32: 63dd5095
09:01:38.820 PROFILING    : Compiling Game scripts took: 6017.391000 ms
09:01:38.824 INIT         : Creating game instance(ArmaReforgerScripted), version 1.2.0.124 built 2024-08-16 15:22:11 UTC.
09:01:38.873 BACKEND      : Loading dedicated server config.
09:01:38.873  BACKEND      : Server config loaded.
09:01:38.873  BACKEND      : JSON Schema Validation:
09:01:38.873   BACKEND      : JSON is Valid
09:01:38.873 BACKEND      : Loading dedicated server config.
09:01:38.873  RESOURCES    : GetResourceObject @"{9166343CE3B6C085}Missions/COE2_Mogadishu.conf"
09:01:38.873   RESOURCES (E): Failed to open
09:01:38.873  RESOURCES (E): MissionHeader::ReadMissionHeader cannot load the resource 'Missions/COE2_Mogadishu.conf'!
09:01:38.890 ENGINE       : Game successfully created.
09:01:38.923 PLATFORM     : Save data from container 'settings' have been loaded
09:01:39.022 PLATFORM     : Save data from container 'sessions' have been loaded
09:01:39.023 PLATFORM     : GameProject user settings load from profile @"ReforgerGameSettings.conf"
09:01:39.023  ENGINE       : Game user settings config loaded
09:01:39.023 PLATFORM     : InputManager user settings load from profile @"InputUserSettings.conf"
09:01:39.023  DEFAULT   (W): Loading input settings from legacy file, which will be soon unsupported
09:01:39.023 NETWORK      : Starting dedicated server using command line args.
09:01:41.211 BACKEND      : Addon Download started 609E8CAD8A403EA6 - Map Marker Menu Fix
09:01:41.212 BACKEND      : Downloading 609E8CAD8A403EA6 version 1.0.2
09:01:41.212 BACKEND      : Addon Download started 60B524F7A5AE96A8 - Arma Terrain Core
09:01:41.212 BACKEND      : Downloading 60B524F7A5AE96A8 version 1.0.4
09:01:41.213 BACKEND      : Addon Download started 61C80A73A70724EE - COE2 - Mogadishu
09:01:41.213 BACKEND      : Downloading 61C80A73A70724EE version 2.0.0
09:01:41.213 BACKEND      : Addon Download started 60926835F4A7B0CA - COE2
09:01:41.213 BACKEND      : Downloading 60926835F4A7B0CA version 2.0.11
09:01:41.213 BACKEND      : Addon Download started 60C4CE4888FF4621 - ACE Core
09:01:41.214 BACKEND      : Downloading 60C4CE4888FF4621 version 1.1.2
09:01:41.214 BACKEND      : Addon Download started 5ED61DC0AFE17E8E - Kex Scenario Core
09:01:41.214 BACKEND      : Downloading 5ED61DC0AFE17E8E version 0.4.1
09:01:41.214 BACKEND      : Addon Download started 5F1D02080409E128 - Mogadishu-Somalia
09:01:41.214 BACKEND      : Downloading 5F1D02080409E128 version 1.0.9
09:01:49.183 BACKEND      : Download
09:01:49.183  BACKEND      : Downloading 4 addons:
09:01:49.183  BACKEND      : Mogadishu-Somalia: >____________________ 0% 0/235 MB
09:01:49.183  BACKEND      : Arma Terrain Core: ==>__________________ 2% 36/1770 MB
09:01:49.183  BACKEND      : Kex Scenario Core: ====================> 99% 6/6 MB
09:01:49.183  BACKEND      : COE2: ==================>__ 89% 54/60 MB
09:01:49.183  BACKEND      : Download speed 10128.70 KB/s
09:01:59.228 BACKEND      : Download
09:01:59.229  BACKEND      : Downloading 2 addons:
09:01:59.229  BACKEND      : Mogadishu-Somalia: ====>________________ 12% 29/235 MB
09:01:59.229  BACKEND      : Arma Terrain Core: ====>________________ 13% 231/1770 MB
09:01:59.229  BACKEND      : Download speed 9845.03 KB/s
09:02:09.286 BACKEND      : Download
09:02:09.286  BACKEND      : Downloading 2 addons:
09:02:09.286  BACKEND      : Mogadishu-Somalia: ====>________________ 13% 30/235 MB
09:02:09.286  BACKEND      : Arma Terrain Core: ======>______________ 27% 486/1770 MB
09:02:09.286  BACKEND      : Download speed 13010.40 KB/s
09:02:19.333 BACKEND      : Download
09:02:19.333  BACKEND      : Downloading 2 addons:
09:02:19.333  BACKEND      : Mogadishu-Somalia: ====>________________ 15% 36/235 MB
09:02:19.333  BACKEND      : Arma Terrain Core: ========>____________ 39% 702/1770 MB
09:02:19.333  BACKEND      : Download speed 12441.78 KB/s
09:02:29.386 BACKEND      : Download
09:02:29.386  BACKEND      : Downloading 2 addons:
09:02:29.386  BACKEND      : Mogadishu-Somalia: ====>________________ 16% 38/235 MB
09:02:29.386  BACKEND      : Arma Terrain Core: ============>________ 54% 969/1770 MB
09:02:29.386  BACKEND      : Download speed 15134.71 KB/s
09:02:39.429 BACKEND      : Download
09:02:39.429  BACKEND      : Downloading 2 addons:
09:02:39.429  BACKEND      : Mogadishu-Somalia: ====>________________ 16% 38/235 MB
09:02:39.429  BACKEND      : Arma Terrain Core: ==============>______ 68% 1219/1770 MB
09:02:39.429  BACKEND      : Download speed 15212.82 KB/s
09:02:49.478 BACKEND      : Download
09:02:49.478  BACKEND      : Downloading 2 addons:
09:02:49.478  BACKEND      : Mogadishu-Somalia: ====>________________ 18% 43/235 MB
09:02:49.478  BACKEND      : Arma Terrain Core: ================>____ 80% 1425/1770 MB
09:02:49.478  BACKEND      : Download speed 6023.02 KB/s
09:02:59.522 BACKEND      : Download
09:02:59.522  BACKEND      : Downloading 2 addons:
09:02:59.522  BACKEND      : Mogadishu-Somalia: ====>________________ 18% 43/235 MB
09:02:59.522  BACKEND      : Arma Terrain Core: ====================> 95% 1698/1770 MB
09:02:59.522  BACKEND      : Download speed 14777.83 KB/s
09:03:09.559 BACKEND      : Download
09:03:09.559  BACKEND      : Downloading 2 addons:
09:03:09.559  BACKEND      : Mogadishu-Somalia: ======>______________ 21% 51/235 MB
09:03:09.559  BACKEND      : Arma Terrain Core: ====================> 100% 1770/1770 MB
09:03:09.559  BACKEND      : Download speed 0.00 KB/s
09:03:19.596 BACKEND      : Download
09:03:19.596  BACKEND      : Downloading 2 addons:
09:03:19.596  BACKEND      : Mogadishu-Somalia: ======>______________ 21% 51/235 MB
09:03:19.596  BACKEND      : Arma Terrain Core: ====================> 100% 1770/1770 MB
09:03:19.596  BACKEND      : Download speed 0.00 KB/s
09:03:29.646 BACKEND      : Download
09:03:29.646  BACKEND      : Downloading 1 addons:
09:03:29.646  BACKEND      : Mogadishu-Somalia: ========>____________ 37% 88/235 MB
09:03:29.646  BACKEND      : Download speed 1156.64 KB/s
09:03:39.694 BACKEND      : Download
09:03:39.694  BACKEND      : Downloading 1 addons:
09:03:39.694  BACKEND      : Mogadishu-Somalia: ==========>__________ 50% 119/235 MB
09:03:39.694  BACKEND      : Download speed 2153.89 KB/s
09:03:49.747 BACKEND      : Download
09:03:49.747  BACKEND      : Downloading 1 addons:
09:03:49.747  BACKEND      : Mogadishu-Somalia: ================>____ 75% 177/235 MB
09:03:49.747  BACKEND      : Download speed 3074.22 KB/s
09:03:59.786 BACKEND      : Download
09:03:59.786  BACKEND      : Downloading 1 addons:
09:03:59.786  BACKEND      : Mogadishu-Somalia: ================>____ 76% 179/235 MB
09:03:59.786  BACKEND      : Download speed 0.00 KB/s
09:04:04.066 BACKEND   (E): Curl error=Timeout was reached
09:04:04.161 BACKEND   (E): Fragmentizer: Download error (fragment 3103/3657)
09:04:04.161 BACKEND   (E): Fragmentizer: Retrying download from fragment 3103/3657
09:04:09.833 BACKEND      : Download
09:04:09.833  BACKEND      : Downloading 1 addons:
09:04:09.833  BACKEND      : Mogadishu-Somalia: ====================> 93% 221/235 MB
09:04:09.833  BACKEND      : Download speed 2838.51 KB/s
09:04:13.313 BACKEND      : Required addons are ready to use.
09:04:13.623 ENGINE       : Game destroyed.
09:04:13.962 ENGINE       : Addon dirs:
09:04:13.962  ENGINE       : dir: '/reforger/workshop'
09:04:13.962  ENGINE       : dir: './addons'
09:04:13.962  ENGINE       : dir: '/home/profile/addons'
09:04:13.962  ENGINE       : dir: '/reforger/workshop/addons/'
09:04:13.962 ENGINE       : Available addons:
09:04:13.962  ENGINE       : gproj: './addons/data/ArmaReforger.gproj' guid: '58D0FB3206B6F859' (packed)
09:04:13.962  ENGINE       : gproj: './addons/core/core.gproj' guid: '5614BBCCBB55ED1C' (packed)
09:04:13.962  ENGINE       : gproj: '/reforger/workshop/addons/ACECore_60C4CE4888FF4621/addon.gproj' guid: '60C4CE4888FF4621' (packed)
09:04:13.962  ENGINE       : gproj: '/reforger/workshop/addons/KexScenarioCore_5ED61DC0AFE17E8E/addon.gproj' guid: '5ED61DC0AFE17E8E' (packed)
09:04:13.962  ENGINE       : gproj: '/reforger/workshop/addons/BritishForces_5AE50EC5B8D6F4AE/addon.gproj' guid: '5AE50EC5B8D6F4AE' (packed)
09:04:13.962  ENGINE       : gproj: '/reforger/workshop/addons/KexEscapistsAdditions_61CD68B8FAE0164C/addon.gproj' guid: '61CD68B8FAE0164C' (packed)
09:04:13.962  ENGINE       : gproj: '/reforger/workshop/addons/BadParachute_6198EC294DEC63C0/addon.gproj' guid: '6198EC294DEC63C0' (packed)
09:04:13.962  ENGINE       : gproj: '/reforger/workshop/addons/COE2-Mogadishu_61C80A73A70724EE/addon.gproj' guid: '61C80A73A70724EE' (packed)
09:04:13.962  ENGINE       : gproj: '/reforger/workshop/addons/Escapists-BritishForces_61C8E7B6BAA311F2/addon.gproj' guid: '61C8E7B6BAA311F2' (packed)
09:04:13.962  ENGINE       : gproj: '/reforger/workshop/addons/DisableGameMasterBudgets_5F2944B7474F043F/addon.gproj' guid: '5F2944B7474F043F' (packed)
09:04:13.962  ENGINE       : gproj: '/reforger/workshop/addons/GameMasterFX_5994AD5A9F33BE57/addon.gproj' guid: '5994AD5A9F33BE57' (packed)
09:04:13.962  ENGINE       : gproj: '/reforger/workshop/addons/MapMarkerMenuFix_609E8CAD8A403EA6/addon.gproj' guid: '609E8CAD8A403EA6' (packed)
09:04:13.962  ENGINE       : gproj: '/reforger/workshop/addons/Mogadishu-Somalia_5F1D02080409E128/addon.gproj' guid: '5F1D02080409E128' (packed)
09:04:13.962  ENGINE       : gproj: '/reforger/workshop/addons/ServerAdminTools_5AAAC70D754245DD/addon.gproj' guid: '5AAAC70D754245DD' (packed)
09:04:13.962  ENGINE       : gproj: '/reforger/workshop/addons/Escapists_5F16D7E4A1CBE075/addon.gproj' guid: '5F16D7E4A1CBE075' (packed)
09:04:13.962  ENGINE       : gproj: '/reforger/workshop/addons/RALLYARMA_60E734A26A19663A/addon.gproj' guid: '60E734A26A19663A' (packed)
09:04:13.962  ENGINE       : gproj: '/reforger/workshop/addons/COE2_60926835F4A7B0CA/addon.gproj' guid: '60926835F4A7B0CA' (packed)
09:04:13.962  ENGINE       : gproj: '/reforger/workshop/addons/Blunderbuss_5DBAB91070DB7992/addon.gproj' guid: '5DBAB91070DB7992' (packed)
09:04:13.962  ENGINE       : gproj: '/reforger/workshop/addons/ArmaTerrainCore_60B524F7A5AE96A8/addon.gproj' guid: '60B524F7A5AE96A8' (packed)
09:04:13.962  ENGINE       : gproj: '/reforger/workshop/addons/GMPersistentLoadouts_5C73156675E11A0F/addon.gproj' guid: '5C73156675E11A0F' (packed)
09:04:13.962  ENGINE       : gproj: '/reforger/workshop/addons/BaconLoadoutEditor_606B100247F5C709/addon.gproj' guid: '606B100247F5C709' (packed)
09:04:13.962  ENGINE       : gproj: '/reforger/workshop/addons/RHS-StatusQuoDev_5CF4A61BE1D960C6/addon.gproj' guid: '5CF4A61BE1D960C6' (packed)
09:04:13.965 ENGINE       : FileSystem: Adding package '/reforger/workshop/addons/GMPersistentLoadouts_5C73156675E11A0F/' (pak count: 1) to filesystem under name GMPersistentLoadouts
09:04:13.967 ENGINE       : FileSystem: Adding package '/reforger/workshop/addons/GameMasterFX_5994AD5A9F33BE57/' (pak count: 1) to filesystem under name GameMasterFX
09:04:13.969 ENGINE       : FileSystem: Adding package '/reforger/workshop/addons/BaconLoadoutEditor_606B100247F5C709/' (pak count: 1) to filesystem under name BaconLoadoutEditor
09:04:13.970 ENGINE       : FileSystem: Adding package '/reforger/workshop/addons/ServerAdminTools_5AAAC70D754245DD/' (pak count: 1) to filesystem under name ServerAdminTools
09:04:13.972 ENGINE       : FileSystem: Adding package '/reforger/workshop/addons/DisableGameMasterBudgets_5F2944B7474F043F/' (pak count: 1) to filesystem under name DisableGameMasterBudgets
09:04:13.972 ENGINE       : FileSystem: Adding package '/reforger/workshop/addons/COE2-Mogadishu_61C80A73A70724EE/' (pak count: 1) to filesystem under name COE2_Mogadishu
09:04:13.973 ENGINE       : FileSystem: Adding package '/reforger/workshop/addons/COE2_60926835F4A7B0CA/' (pak count: 1) to filesystem under name COE2
09:04:13.974 ENGINE       : FileSystem: Adding package '/reforger/workshop/addons/KexScenarioCore_5ED61DC0AFE17E8E/' (pak count: 1) to filesystem under name KexScenarioCore
09:04:13.974 ENGINE       : FileSystem: Adding package '/reforger/workshop/addons/ACECore_60C4CE4888FF4621/' (pak count: 1) to filesystem under name ACE_Core
09:04:13.979 ENGINE       : FileSystem: Adding package '/reforger/workshop/addons/Mogadishu-Somalia_5F1D02080409E128/' (pak count: 1) to filesystem under name MOGADISHUSOMALIA
09:04:13.981 ENGINE       : FileSystem: Adding package '/reforger/workshop/addons/ArmaTerrainCore_60B524F7A5AE96A8/' (pak count: 1) to filesystem under name Arma Terrain Core
09:04:13.981 ENGINE       : FileSystem: Adding package '/reforger/workshop/addons/MapMarkerMenuFix_609E8CAD8A403EA6/' (pak count: 1) to filesystem under name MMMF
09:04:14.122 ENGINE       : FileSystem: Adding package './addons/data/' (pak count: 4) to filesystem under name ArmaReforger
09:04:14.124 ENGINE       : FileSystem: Adding package './addons/core/' (pak count: 1) to filesystem under name core
09:04:14.124 RESOURCES    : ResourceDB: loading cache (id=0 name=GMPersistentLoadouts path=/reforger/workshop/addons/GMPersistentLoadouts_5C73156675E11A0F/resourceDatabase.rdb)
09:04:14.124 RESOURCES    : ResourceDB: loading cache (id=1 name=GameMasterFX path=/reforger/workshop/addons/GameMasterFX_5994AD5A9F33BE57/resourceDatabase.rdb)
09:04:14.126 RESOURCES    : ResourceDB: loading cache (id=2 name=BaconLoadoutEditor path=/reforger/workshop/addons/BaconLoadoutEditor_606B100247F5C709/resourceDatabase.rdb)
09:04:14.127 RESOURCES    : ResourceDB: loading cache (id=3 name=ServerAdminTools path=/reforger/workshop/addons/ServerAdminTools_5AAAC70D754245DD/resourceDatabase.rdb)
09:04:14.127 RESOURCES    : ResourceDB: loading cache (id=4 name=DisableGameMasterBudgets path=/reforger/workshop/addons/DisableGameMasterBudgets_5F2944B7474F043F/resourceDatabase.rdb)
09:04:14.128 RESOURCES    : ResourceDB: loading cache (id=5 name=COE2_Mogadishu path=/reforger/workshop/addons/COE2-Mogadishu_61C80A73A70724EE/resourceDatabase.rdb)
09:04:14.128 RESOURCES    : ResourceDB: loading cache (id=6 name=COE2 path=/reforger/workshop/addons/COE2_60926835F4A7B0CA/resourceDatabase.rdb)
09:04:14.129 RESOURCES    : ResourceDB: loading cache (id=7 name=KexScenarioCore path=/reforger/workshop/addons/KexScenarioCore_5ED61DC0AFE17E8E/resourceDatabase.rdb)
09:04:14.130 RESOURCES    : ResourceDB: loading cache (id=8 name=ACE_Core path=/reforger/workshop/addons/ACECore_60C4CE4888FF4621/resourceDatabase.rdb)
09:04:14.130 RESOURCES    : ResourceDB: loading cache (id=9 name=MOGADISHUSOMALIA path=/reforger/workshop/addons/Mogadishu-Somalia_5F1D02080409E128/resourceDatabase.rdb)
09:04:14.130 RESOURCES    : ResourceDB: loading cache (id=10 name=Arma Terrain Core path=/reforger/workshop/addons/ArmaTerrainCore_60B524F7A5AE96A8/resourceDatabase.rdb)
09:04:14.135 RESOURCES    : ResourceDB: loading cache (id=11 name=MMMF path=/reforger/workshop/addons/MapMarkerMenuFix_609E8CAD8A403EA6/resourceDatabase.rdb)
09:04:14.135 RESOURCES    : ResourceDB: loading cache (id=12 name=ArmaReforger path=./addons/data/resourceDatabase.rdb)
09:04:14.486 RESOURCES    : ResourceDB: loading cache (id=13 name=core path=./addons/core/resourceDatabase.rdb)
09:04:14.529 RESOURCES    : ResourceDB: loading cache (id=14 name=profile path=/home/profile/profile/resourceDatabase.rdb)
09:04:14.529 RESOURCES    : ResourceDB: loading cache (id=15 name=logs path=/home/profile/logs/logs_2024-09-08_09-01-31/resourceDatabase.rdb)
09:04:14.827 ENGINE       : GameProject load
09:04:14.827  ENGINE       : Loaded addons:
09:04:14.827   ENGINE       : gproj: './addons/core/core.gproj' guid: '5614BBCCBB55ED1C'
09:04:14.827   ENGINE       : gproj: './addons/data/ArmaReforger.gproj' guid: '58D0FB3206B6F859'
09:04:14.827   ENGINE       : gproj: '/reforger/workshop/addons/MapMarkerMenuFix_609E8CAD8A403EA6/addon.gproj' guid: '609E8CAD8A403EA6'
09:04:14.827   ENGINE       : gproj: '/reforger/workshop/addons/ArmaTerrainCore_60B524F7A5AE96A8/addon.gproj' guid: '60B524F7A5AE96A8'
09:04:14.827   ENGINE       : gproj: '/reforger/workshop/addons/Mogadishu-Somalia_5F1D02080409E128/addon.gproj' guid: '5F1D02080409E128'
09:04:14.827   ENGINE       : gproj: '/reforger/workshop/addons/ACECore_60C4CE4888FF4621/addon.gproj' guid: '60C4CE4888FF4621'
09:04:14.827   ENGINE       : gproj: '/reforger/workshop/addons/KexScenarioCore_5ED61DC0AFE17E8E/addon.gproj' guid: '5ED61DC0AFE17E8E'
09:04:14.827   ENGINE       : gproj: '/reforger/workshop/addons/COE2_60926835F4A7B0CA/addon.gproj' guid: '60926835F4A7B0CA'
09:04:14.827   ENGINE       : gproj: '/reforger/workshop/addons/COE2-Mogadishu_61C80A73A70724EE/addon.gproj' guid: '61C80A73A70724EE'
09:04:14.827   ENGINE       : gproj: '/reforger/workshop/addons/DisableGameMasterBudgets_5F2944B7474F043F/addon.gproj' guid: '5F2944B7474F043F'
09:04:14.827   ENGINE       : gproj: '/reforger/workshop/addons/ServerAdminTools_5AAAC70D754245DD/addon.gproj' guid: '5AAAC70D754245DD'
09:04:14.827   ENGINE       : gproj: '/reforger/workshop/addons/BaconLoadoutEditor_606B100247F5C709/addon.gproj' guid: '606B100247F5C709'
09:04:14.827   ENGINE       : gproj: '/reforger/workshop/addons/GameMasterFX_5994AD5A9F33BE57/addon.gproj' guid: '5994AD5A9F33BE57'
09:04:14.827   ENGINE       : gproj: '/reforger/workshop/addons/GMPersistentLoadouts_5C73156675E11A0F/addon.gproj' guid: '5C73156675E11A0F'
09:04:14.829 ENGINE       : GameProject load
09:04:14.829  INIT         : GameProject load project data @"./addons/data/ArmaReforger.gproj"
09:04:14.829   RESOURCES (E): Wrong GUID/name for resource @"{C014582791ECBF24}Language/localization.st" in property "StringTableSource"
09:04:14.830  INIT         : GameProject load project data @"/reforger/workshop/addons/ACECore_60C4CE4888FF4621/addon.gproj"
09:04:14.830   RESOURCES (E): Wrong GUID/name for resource @"{DE0B68C7B4B0E89C}Language/ACE_localization.st" in property "StringTableSource"
09:04:14.830  INIT         : GameProject load project data @"/reforger/workshop/addons/KexScenarioCore_5ED61DC0AFE17E8E/addon.gproj"
09:04:14.830   RESOURCES (E): Wrong GUID/name for resource @"{C8FF460ACD54C25F}Language/KSC_localization.st" in property "StringTableSource"
09:04:14.831  INIT         : GameProject load project data @"/reforger/workshop/addons/COE2_60926835F4A7B0CA/addon.gproj"
09:04:14.831   RESOURCES (E): Wrong GUID/name for resource @"{C8FF460ACD54C25F}Language/KSC_localization.st" in property "StringTableSource"
09:04:14.831   RESOURCES (E): Wrong GUID/name for resource @"{B03E06F7A63745FA}Language/COE_localization.st" in property "StringTableSource"
09:04:14.833 GUI          : Using default language (en_us)
09:04:14.833 GUI          : Loading 'en_us' localization file.
09:04:14.833 INIT         : INIT         : Loading StringTable
09:04:14.871 PROFILING    : Loading StringTable took: 37.902000 ms
09:04:14.871 SCRIPT       : SCRIPT       : Compiling GameLib scripts
09:04:14.944  SCRIPT       : Module: GameLib; loaded 282x files; 509x classes; used 462/2097 kB (22%) of static memory; defines: "PLATFORM_LINUX,ENF_ENABLE_VHC_OVERRIDE,ENF_ENABLE_RPLCOMPONENT_IN_GAMECODE"; CRC32: 46b6820e
09:04:14.954 PROFILING    : Compiling GameLib scripts took: 82.799000 ms
09:04:14.954 SCRIPT       : SCRIPT       : Compiling Game scripts
09:04:18.274  SCRIPT       : Module: Game; loaded 4442x files; 9069x classes; used 19120/41943 kB (45%) of static memory; defines: "PLATFORM_LINUX,ENF_ENABLE_VHC_OVERRIDE,ENF_ENABLE_RPLCOMPONENT_IN_GAMECODE,ENABLE_BASE_DESTRUCTION,DEBUG,RESPAWN_TIMER_COMPONENT_DEBUG,DEBUG_NEARBY_CONTEXT_DISPLAY,DEBUG_CONFIGURABLE_DIALOGS,DISABLE_WEAPON_SWITCHING,SCRIPTED_AIM_MODIFIER_DEBUG"; CRC32: 876fefeb
09:04:21.297 PROFILING    : Compiling Game scripts took: 6342.834000 ms
09:04:21.301 INIT         : Creating game instance(ArmaReforgerScripted), version 1.2.0.124 built 2024-08-16 15:22:11 UTC.
09:04:21.332 BACKEND      : Loading dedicated server config.
09:04:21.332  BACKEND      : Server config loaded.
09:04:21.333  BACKEND      : JSON Schema Validation:
09:04:21.333   BACKEND      : JSON is Valid
09:04:21.348 SCRIPT    (E): Virtual Machine Exception

Reason: NULL pointer to instance. Variable 'm_iOrder'

Class:      'SCR_EditorManagerCore'
Function: 'SCR_EditorManagerCore'
Stack trace:
scripts/Game/Editor/Core/SCR_EditorManagerCore.c:561 Function SCR_EditorManagerCore
scripts/Game/Editor/Core/SCR_EditorManagerCore.c:561 Function CreateCoresManager
scripts/Game/Editor/Core/SCR_EditorManagerCore.c:561 Function OnAfterInit
09:04:21.358 ENGINE       : Game successfully created.
09:04:21.461 PLATFORM     : Save data from container 'settings' have been loaded
09:04:21.560 PLATFORM     : Save data from container 'sessions' have been loaded
09:04:21.560 PLATFORM     : GameProject user settings load from profile @"ReforgerGameSettings.conf"
09:04:21.560  ENGINE       : Game user settings config loaded
09:04:21.561 PLATFORM     : InputManager user settings load from profile @"InputUserSettings.conf"
09:04:21.561  DEFAULT   (W): Loading input settings from legacy file, which will be soon unsupported
09:04:21.561 WORLD        : WORLD        : Entities load @"{C9B4FB20E8975FB0}worlds/COE/Mogadishu/COE2_Mogadishu.ent"
09:04:22.241 WORLD        : Entities load @"{C9B4FB20E8975FB0}worlds/COE/Mogadishu/COE2_Mogadishu.ent"
09:04:22.241  WORLD        : Subscene load @"{BCD52EA0F63F6EB3}worlds/mogadishu/mogadishu.ent"
09:04:22.241   WORLD        : Entity layer load @"worlds/mogadishu/mogadishu_Layers/map.layer"
09:04:22.241    RESOURCES    : GetResourceObject @"{018BAAA1D20DB93E}Prefabs/Structures/PrefabComposition/fv_2.et"
09:04:22.241     WORLD        : Entity prefab load @"{018BAAA1D20DB93E}Prefabs/Structures/PrefabComposition/fv_2.et"
09:04:22.242      RESOURCES (E): Wrong GUID/name for resource @"{9075725CFA4F78AB}Prefabs/Structures/Bulding/favela_04.et" in property "inherited-name"
09:04:22.242      RESOURCES    : GetResourceObject @"{9075725CFA4F78AB}Prefabs/Structures/Bulding/favela_04.et"
09:04:22.242       RESOURCES (E): Failed to open
09:04:22.242      RESOURCES (E): Wrong GUID/name for resource @"{48DD1B9D83C666F7}Prefabs/Structures/Bulding/favela_02.et" in property "inherited-name"
09:04:22.242      RESOURCES    : GetResourceObject @"{48DD1B9D83C666F7}Prefabs/Structures/Bulding/favela_02.et"
09:04:22.242       RESOURCES (E): Failed to open
09:04:22.487    RESOURCES    : GetResourceObject @"{E417E658DEE82E55}Prefabs/Structures/PrefabComposition/fv_3.et"
09:04:22.487     WORLD        : Entity prefab load @"{E417E658DEE82E55}Prefabs/Structures/PrefabComposition/fv_3.et"
09:04:22.487      RESOURCES (E): Wrong GUID/name for resource @"{AD4157648F23F19C}Prefabs/Structures/Bulding/favela_03.et" in property "inherited-name"
09:04:22.487      RESOURCES    : GetResourceObject @"{AD4157648F23F19C}Prefabs/Structures/Bulding/favela_03.et"
09:04:22.487       RESOURCES (E): Failed to open
09:04:22.487      RESOURCES (E): Wrong GUID/name for resource @"{48DD1B9D83C666F7}Prefabs/Structures/Bulding/favela_02.et" in property "inherited-name"
09:04:22.487      RESOURCES    : GetResourceObject @"{48DD1B9D83C666F7}Prefabs/Structures/Bulding/favela_02.et"
09:04:22.487       RESOURCES (E): Failed to open
09:04:22.537  WORLD        : Entity layer load @"worlds/COE/Mogadishu/COE2_Mogadishu_Layers/L2_game_mode.layer"
09:04:22.537   RESOURCES    : GetResourceObject @"{9EDD3A569D1FE096}Prefabs/MP/Modes/COE_GameMode.et"
09:04:22.537    WORLD        : Entity prefab load @"{9EDD3A569D1FE096}Prefabs/MP/Modes/COE_GameMode.et"
09:04:22.537     RESOURCES (E): Wrong GUID/name for resource @"{C9D485F6F055C410}UI/Textures/MissionLoadingScreens/COE_Arland_Preview.edds" in property "m_sContentImage"
09:04:22.540 PROFILING    : Entities load took: 978.642000 ms
09:04:22.540 WORLD        : WORLD        : Game::LoadEntities
09:04:22.553  NETWORK      : Enabled lag compensation, 29 frames with 100 FPS and 280 ms rewind limits.
09:04:22.553  WORLD        : WORLD        : Preload
09:04:23.813  PROFILING    : Preload took: 1259.385000 ms
09:04:23.813  WORLD        : WORLD        : Wait for preloading data
09:04:25.193 RESOURCES (E): Wrong GUID/name for resource @"{2BEC39ECDA81BED0}houseb_tenement_metal_doplnky.gamemat" in property "UTM_FireGeometry"
09:04:25.194 RESOURCES    : GetResourceObject @"{2BEC39ECDA81BED0}houseb_tenement_metal_doplnky.gamemat"
09:04:25.194  RESOURCES (E): Failed to open
09:04:26.970  PROFILING    : Wait for preloading data took: 3156.934000 ms
09:04:26.970  WORLD        : WORLD        : CreateEntities
09:04:26.970   WORLD        : WORLD        : CreateEntities
09:04:26.970    WORLD        : WORLD        : NotifyBeforeEntitiesCreated
09:04:26.975     RESOURCES    : Loaded mission headers from 22 addon(s)!
09:04:26.975    PROFILING    : NotifyBeforeEntitiesCreated took: 5.679000 ms
09:04:27.019 WORLD        : Game::LoadEntities
09:04:27.019  WORLD        : CreateEntities
09:04:27.019   WORLD        : CreateEntities
09:04:27.019    ENTITY       : Create entity @"ENTITY:1" ('world', GenericWorldEntity) at <0.000000 0.000000 0.000000>
09:04:27.019     RESOURCES (E):   Failed to decompress memory image data. Data is not DXT.
09:04:27.019     WORLD     (E): Shore map CPU data creation failed - decompression of DF near atlas texture failed.
09:04:27.019     WORLD     (E): Loading of shore map failed - creation of CPU data failed
09:04:27.019     WORLD     (E): Loading of shore map failed - post load checks failed
09:04:27.020    ENTITY       : Create entity @"ENTITY:2" ('mogadishu', GenericTerrainEntity) at <0.000000 0.000000 0.000000>
09:04:27.020     PROFILING    : PROFILING    : Terrain load
09:04:27.826     PROFILING    : Terrain load took: 805.066000 ms
09:04:28.074    ENTITY       : Create entity @"ENTITY:6" ('GodRays', GenericWorldPPEffect) at <1470.784058 2.000000 1580.118042>
09:04:28.074     MATERIAL     : Material load @"{90C363AB5243A434}Common/Postprocess/Sun_GodRays.emat"
09:04:28.074      MATERIAL     : Material load @"{90C363AB5243A434}Common/Postprocess/Sun_GodRays.emat"
09:04:28.074       MATERIAL  (E): Unknown keyword/data 'HorizonDisableY' at offset 46(0x2e)
09:04:28.290    ENTITY       : Create entity @"ENTITY:18" ('PreloadManager2', BasePreloadManager) at <2304.312012 17.247000 2759.235107> @"{104F8505FD1871EF}Prefabs/World/Game/PreloadManager.et"
09:04:28.291     ENTITY       : SpawnEntityPrefab @"{6058AB54781A0C52}Prefabs/Characters/Factions/BLUFOR/US_Army/Character_US_AMG.et"
09:04:28.291      WORLD        : InitEntities 'PreloadWorld'
09:04:28.291       ENTITY       : Init entity @"ENTITY:1" ('SCR_ChimeraCharacter','Assets/Characters/Basebody/Basebody_Male_01.xob') at <0.000000 0.000000 0.000000> @"{6058AB54781A0C52}Prefabs/Characters/Factions/BLUFOR/US_Army/Character_US_AMG.et"
09:04:28.291        INVENTORY (E): Couldn't insert item @"ENTITY:55" ('GenericEntity','Assets/Weapons/Magazines/STANAG/Magazine_30rnd_STANAG.xob') at <0.000000 0.000000 0.000000> @"{D8F2CA92583B23D3}Prefabs/Weapons/Magazines/Magazine_556x45_STANAG_30rnd_Last_5Tracer.et" into storage @"ENTITY:22" ('GenericEntity','Assets/Items/Equipment/Accessories/Pouch_ALICE_30rnd_STANAG/Pouch_ALICE_30rnd_STANAG.xob') at <-0.144399 1.162750 0.105744> @"{E3154E0EAC48D67B}Prefabs/Items/Equipment/Accessories/Pouch_ALICE_30rnd_STANAG/Pouch_ALICE_30rnd_STANAG.et" while spawning initial items inside the storage.
09:04:28.291        NETWORK   (W): Replication: RplComponent on entity @"ENTITY:55" ('GenericEntity','Assets/Weapons/Magazines/STANAG/Magazine_30rnd_STANAG.xob') at <0.000000 0.000000 0.000000> @"{D8F2CA92583B23D3}Prefabs/Weapons/Magazines/Magazine_556x45_STANAG_30rnd_Last_5Tracer.et" destroyed during loading of the world. This might cause issues with startup sync!
09:04:28.291        INVENTORY (E): Couldn't insert item @"ENTITY:56" ('GenericEntity','Assets/Weapons/Magazines/STANAG/Magazine_30rnd_STANAG.xob') at <0.000000 0.000000 0.000000> @"{D8F2CA92583B23D3}Prefabs/Weapons/Magazines/Magazine_556x45_STANAG_30rnd_Last_5Tracer.et" into storage @"ENTITY:22" ('GenericEntity','Assets/Items/Equipment/Accessories/Pouch_ALICE_30rnd_STANAG/Pouch_ALICE_30rnd_STANAG.xob') at <-0.144399 1.162750 0.105744> @"{E3154E0EAC48D67B}Prefabs/Items/Equipment/Accessories/Pouch_ALICE_30rnd_STANAG/Pouch_ALICE_30rnd_STANAG.et" while spawning initial items inside the storage.
09:04:28.291        NETWORK   (W): Replication: RplComponent on entity @"ENTITY:56" ('GenericEntity','Assets/Weapons/Magazines/STANAG/Magazine_30rnd_STANAG.xob') at <0.000000 0.000000 0.000000> @"{D8F2CA92583B23D3}Prefabs/Weapons/Magazines/Magazine_556x45_STANAG_30rnd_Last_5Tracer.et" destroyed during loading of the world. This might cause issues with startup sync!
09:04:28.291        INVENTORY (E): Couldn't insert item @"ENTITY:57" ('GenericEntity','Assets/Weapons/Magazines/STANAG/Magazine_30rnd_STANAG.xob') at <0.000000 0.000000 0.000000> @"{D8F2CA92583B23D3}Prefabs/Weapons/Magazines/Magazine_556x45_STANAG_30rnd_Last_5Tracer.et" into storage @"ENTITY:22" ('GenericEntity','Assets/Items/Equipment/Accessories/Pouch_ALICE_30rnd_STANAG/Pouch_ALICE_30rnd_STANAG.xob') at <-0.144399 1.162750 0.105744> @"{E3154E0EAC48D67B}Prefabs/Items/Equipment/Accessories/Pouch_ALICE_30rnd_STANAG/Pouch_ALICE_30rnd_STANAG.et" while spawning initial items inside the storage.
09:04:28.291        NETWORK   (W): Replication: RplComponent on entity @"ENTITY:57" ('GenericEntity','Assets/Weapons/Magazines/STANAG/Magazine_30rnd_STANAG.xob') at <0.000000 0.000000 0.000000> @"{D8F2CA92583B23D3}Prefabs/Weapons/Magazines/Magazine_556x45_STANAG_30rnd_Last_5Tracer.et" destroyed during loading of the world. This might cause issues with startup sync!
09:04:28.343     ENTITY       : SpawnEntityPrefab @"{5B1996C05B1E51A4}Prefabs/Characters/Factions/BLUFOR/US_Army/Character_US_AR.et"
09:04:28.343      WORLD        : InitEntities 'PreloadWorld'
09:04:28.343       ENTITY       : Init entity @"ENTITY:61" ('SCR_ChimeraCharacter','Assets/Characters/Basebody/Basebody_Male_01.xob') at <0.000000 0.000000 0.000000> @"{5B1996C05B1E51A4}Prefabs/Characters/Factions/BLUFOR/US_Army/Character_US_AR.et"
09:04:28.343        INVENTORY (E): Couldn't insert item @"ENTITY:103" ('GenericEntity','Assets/Weapons/Magazines/M249/Magazine_200rnd_M249_item.xob') at <0.000000 0.000000 0.000000> @"{06D722FC2666EB83}Prefabs/Weapons/Magazines/Box_556x45_M249_200rnd_4Ball_1Tracer.et" into storage @"ENTITY:78" ('GenericEntity','Assets/Items/Equipment/Accessories/Pouch_ALICE_200rnd_M249/Pouch_ALICE_200rnd_M249.xob') at <-0.160200 1.020957 0.135574> @"{4F018E3CF74D8636}Prefabs/Items/Equipment/Accessories/Pouch_ALICE_200rnd_M249/Pouch_ALICE_200rnd_M249.et" while spawning initial items inside the storage.
09:04:28.343        NETWORK   (W): Replication: RplComponent on entity @"ENTITY:103" ('GenericEntity','Assets/Weapons/Magazines/M249/Magazine_200rnd_M249_item.xob') at <0.000000 0.000000 0.000000> @"{06D722FC2666EB83}Prefabs/Weapons/Magazines/Box_556x45_M249_200rnd_4Ball_1Tracer.et" destroyed during loading of the world. This might cause issues with startup sync!
09:04:28.372     ENTITY       : SpawnEntityPrefab @"{84029128FA6F6BB9}Prefabs/Characters/Factions/BLUFOR/US_Army/Character_US_GL.et"
09:04:28.372      WORLD        : InitEntities 'PreloadWorld'
09:04:28.372       ENTITY       : Init entity @"ENTITY:105" ('SCR_ChimeraCharacter','Assets/Characters/Basebody/Basebody_Male_01.xob') at <0.000000 0.000000 0.000000> @"{84029128FA6F6BB9}Prefabs/Characters/Factions/BLUFOR/US_Army/Character_US_GL.et"
09:04:28.372        INVENTORY (E): Couldn't insert item @"ENTITY:153" ('GenericEntity','Assets/Weapons/Magazines/STANAG/Magazine_30rnd_STANAG.xob') at <0.000000 0.000000 0.000000> @"{D8F2CA92583B23D3}Prefabs/Weapons/Magazines/Magazine_556x45_STANAG_30rnd_Last_5Tracer.et" into storage @"ENTITY:124" ('GenericEntity','Assets/Items/Equipment/Accessories/Pouch_ALICE_30rnd_STANAG/Pouch_ALICE_30rnd_STANAG.xob') at <-0.104999 1.129537 0.050875> @"{0B0D67BC8F43A052}Prefabs/Items/Equipment/Accessories/Pouch_ALICE_30rnd_STANAG/Pouch_ALICE_30rnd_STANAG_base.et" while spawning initial items inside the storage.
09:04:28.372        NETWORK   (W): Replication: RplComponent on entity @"ENTITY:153" ('GenericEntity','Assets/Weapons/Magazines/STANAG/Magazine_30rnd_STANAG.xob') at <0.000000 0.000000 0.000000> @"{D8F2CA92583B23D3}Prefabs/Weapons/Magazines/Magazine_556x45_STANAG_30rnd_Last_5Tracer.et" destroyed during loading of the world. This might cause issues with startup sync!
09:04:28.373        INVENTORY (E): Couldn't insert item @"ENTITY:154" ('GenericEntity','Assets/Weapons/Magazines/STANAG/Magazine_30rnd_STANAG.xob') at <0.000000 0.000000 0.000000> @"{D8F2CA92583B23D3}Prefabs/Weapons/Magazines/Magazine_556x45_STANAG_30rnd_Last_5Tracer.et" into storage @"ENTITY:124" ('GenericEntity','Assets/Items/Equipment/Accessories/Pouch_ALICE_30rnd_STANAG/Pouch_ALICE_30rnd_STANAG.xob') at <-0.104999 1.129537 0.050875> @"{0B0D67BC8F43A052}Prefabs/Items/Equipment/Accessories/Pouch_ALICE_30rnd_STANAG/Pouch_ALICE_30rnd_STANAG_base.et" while spawning initial items inside the storage.
09:04:28.373        NETWORK   (W): Replication: RplComponent on entity @"ENTITY:154" ('GenericEntity','Assets/Weapons/Magazines/STANAG/Magazine_30rnd_STANAG.xob') at <0.000000 0.000000 0.000000> @"{D8F2CA92583B23D3}Prefabs/Weapons/Magazines/Magazine_556x45_STANAG_30rnd_Last_5Tracer.et" destroyed during loading of the world. This might cause issues with startup sync!
09:04:28.373        INVENTORY (E): Couldn't insert item @"ENTITY:155" ('GenericEntity','Assets/Weapons/Grenades/M67/Grenade_M67.xob') at <0.000000 0.000000 0.000000> @"{E8F00BF730225B00}Prefabs/Weapons/Grenades/Grenade_M67.et" into storage @"ENTITY:124" ('GenericEntity','Assets/Items/Equipment/Accessories/Pouch_ALICE_30rnd_STANAG/Pouch_ALICE_30rnd_STANAG.xob') at <-0.104999 1.129537 0.050875> @"{0B0D67BC8F43A052}Prefabs/Items/Equipment/Accessories/Pouch_ALICE_30rnd_STANAG/Pouch_ALICE_30rnd_STANAG_base.et" while spawning initial items inside the storage.
09:04:28.373        NETWORK   (W): Replication: RplComponent on entity @"ENTITY:155" ('GenericEntity','Assets/Weapons/Grenades/M67/Grenade_M67.xob') at <0.000000 0.000000 0.000000> @"{E8F00BF730225B00}Prefabs/Weapons/Grenades/Grenade_M67.et" destroyed during loading of the world. This might cause issues with startup sync!
09:04:28.373        INVENTORY (E): Couldn't insert item @"ENTITY:156" ('GenericEntity','Assets/Weapons/Grenades/M67/Grenade_M67.xob') at <0.000000 0.000000 0.000000> @"{E8F00BF730225B00}Prefabs/Weapons/Grenades/Grenade_M67.et" into storage @"ENTITY:124" ('GenericEntity','Assets/Items/Equipment/Accessories/Pouch_ALICE_30rnd_STANAG/Pouch_ALICE_30rnd_STANAG.xob') at <-0.104999 1.129537 0.050875> @"{0B0D67BC8F43A052}Prefabs/Items/Equipment/Accessories/Pouch_ALICE_30rnd_STANAG/Pouch_ALICE_30rnd_STANAG_base.et" while spawning initial items inside the storage.
09:04:28.373        NETWORK   (W): Replication: RplComponent on entity @"ENTITY:156" ('GenericEntity','Assets/Weapons/Grenades/M67/Grenade_M67.xob') at <0.000000 0.000000 0.000000> @"{E8F00BF730225B00}Prefabs/Weapons/Grenades/Grenade_M67.et" destroyed during loading of the world. This might cause issues with startup sync!
09:04:28.374        INVENTORY (E): Couldn't insert item @"ENTITY:157" ('GenericEntity','Assets/Weapons/Grenades/M67/Grenade_M67.xob') at <0.000000 0.000000 0.000000> @"{E8F00BF730225B00}Prefabs/Weapons/Grenades/Grenade_M67.et" into storage @"ENTITY:124" ('GenericEntity','Assets/Items/Equipment/Accessories/Pouch_ALICE_30rnd_STANAG/Pouch_ALICE_30rnd_STANAG.xob') at <-0.104999 1.129537 0.050875> @"{0B0D67BC8F43A052}Prefabs/Items/Equipment/Accessories/Pouch_ALICE_30rnd_STANAG/Pouch_ALICE_30rnd_STANAG_base.et" while spawning initial items inside the storage.
09:04:28.374        NETWORK   (W): Replication: RplComponent on entity @"ENTITY:157" ('GenericEntity','Assets/Weapons/Grenades/M67/Grenade_M67.xob') at <0.000000 0.000000 0.000000> @"{E8F00BF730225B00}Prefabs/Weapons/Grenades/Grenade_M67.et" destroyed during loading of the world. This might cause issues with startup sync!
09:04:28.407     ENTITY       : SpawnEntityPrefab @"{27BF1FF235DD6036}Prefabs/Characters/Factions/BLUFOR/US_Army/Character_US_LAT.et"
09:04:28.407      WORLD        : InitEntities 'PreloadWorld'
09:04:28.407       ENTITY       : Init entity @"ENTITY:178" ('SCR_ChimeraCharacter','Assets/Characters/Basebody/Basebody_Male_01.xob') at <0.000000 0.000000 0.000000> @"{27BF1FF235DD6036}Prefabs/Characters/Factions/BLUFOR/US_Army/Character_US_LAT.et"
09:04:28.407        INVENTORY (E): Couldn't insert item @"ENTITY:228" ('GenericEntity','Assets/Weapons/Magazines/STANAG/Magazine_30rnd_STANAG.xob') at <0.000000 0.000000 0.000000> @"{D8F2CA92583B23D3}Prefabs/Weapons/Magazines/Magazine_556x45_STANAG_30rnd_Last_5Tracer.et" into storage @"ENTITY:199" ('GenericEntity','Assets/Items/Equipment/Accessories/Pouch_ALICE_30rnd_STANAG/Pouch_ALICE_30rnd_STANAG.xob') at <-0.144399 1.162750 0.105744> @"{E3154E0EAC48D67B}Prefabs/Items/Equipment/Accessories/Pouch_ALICE_30rnd_STANAG/Pouch_ALICE_30rnd_STANAG.et" while spawning initial items inside the storage.
09:04:28.408        NETWORK   (W): Replication: RplComponent on entity @"ENTITY:228" ('GenericEntity','Assets/Weapons/Magazines/STANAG/Magazine_30rnd_STANAG.xob') at <0.000000 0.000000 0.000000> @"{D8F2CA92583B23D3}Prefabs/Weapons/Magazines/Magazine_556x45_STANAG_30rnd_Last_5Tracer.et" destroyed during loading of the world. This might cause issues with startup sync!
09:04:28.408        INVENTORY (E): Couldn't insert item @"ENTITY:229" ('GenericEntity','Assets/Weapons/Magazines/STANAG/Magazine_30rnd_STANAG.xob') at <0.000000 0.000000 0.000000> @"{D8F2CA92583B23D3}Prefabs/Weapons/Magazines/Magazine_556x45_STANAG_30rnd_Last_5Tracer.et" into storage @"ENTITY:199" ('GenericEntity','Assets/Items/Equipment/Accessories/Pouch_ALICE_30rnd_STANAG/Pouch_ALICE_30rnd_STANAG.xob') at <-0.144399 1.162750 0.105744> @"{E3154E0EAC48D67B}Prefabs/Items/Equipment/Accessories/Pouch_ALICE_30rnd_STANAG/Pouch_ALICE_30rnd_STANAG.et" while spawning initial items inside the storage.
09:04:28.408        NETWORK   (W): Replication: RplComponent on entity @"ENTITY:229" ('GenericEntity','Assets/Weapons/Magazines/STANAG/Magazine_30rnd_STANAG.xob') at <0.000000 0.000000 0.000000> @"{D8F2CA92583B23D3}Prefabs/Weapons/Magazines/Magazine_556x45_STANAG_30rnd_Last_5Tracer.et" destroyed during loading of the world. This might cause issues with startup sync!
09:04:28.408        INVENTORY (E): Couldn't insert item @"ENTITY:230" ('GenericEntity','Assets/Weapons/Magazines/STANAG/Magazine_30rnd_STANAG.xob') at <0.000000 0.000000 0.000000> @"{D8F2CA92583B23D3}Prefabs/Weapons/Magazines/Magazine_556x45_STANAG_30rnd_Last_5Tracer.et" into storage @"ENTITY:199" ('GenericEntity','Assets/Items/Equipment/Accessories/Pouch_ALICE_30rnd_STANAG/Pouch_ALICE_30rnd_STANAG.xob') at <-0.144399 1.162750 0.105744> @"{E3154E0EAC48D67B}Prefabs/Items/Equipment/Accessories/Pouch_ALICE_30rnd_STANAG/Pouch_ALICE_30rnd_STANAG.et" while spawning initial items inside the storage.
09:04:28.408        NETWORK   (W): Replication: RplComponent on entity @"ENTITY:230" ('GenericEntity','Assets/Weapons/Magazines/STANAG/Magazine_30rnd_STANAG.xob') at <0.000000 0.000000 0.000000> @"{D8F2CA92583B23D3}Prefabs/Weapons/Magazines/Magazine_556x45_STANAG_30rnd_Last_5Tracer.et" destroyed during loading of the world. This might cause issues with startup sync!
09:04:28.449     ENTITY       : SpawnEntityPrefab @"{C9E4FEAF5AAC8D8C}Prefabs/Characters/Factions/BLUFOR/US_Army/Character_US_Medic.et"
09:04:28.449      WORLD        : InitEntities 'PreloadWorld'
09:04:28.449       ENTITY       : Init entity @"ENTITY:234" ('SCR_ChimeraCharacter','Assets/Characters/Basebody/Basebody_Male_01.xob') at <0.000000 0.000000 0.000000> @"{C9E4FEAF5AAC8D8C}Prefabs/Characters/Factions/BLUFOR/US_Army/Character_US_Medic.et"
09:04:28.449        INVENTORY (E): Couldn't insert item @"ENTITY:307" ('GenericEntity','Assets/Weapons/Magazines/STANAG/Magazine_30rnd_STANAG.xob') at <0.000000 0.000000 0.000000> @"{D8F2CA92583B23D3}Prefabs/Weapons/Magazines/Magazine_556x45_STANAG_30rnd_Last_5Tracer.et" into storage @"ENTITY:255" ('GenericEntity','Assets/Items/Equipment/Accessories/Pouch_ALICE_30rnd_STANAG/Pouch_ALICE_30rnd_STANAG.xob') at <-0.144399 1.162750 0.105744> @"{E3154E0EAC48D67B}Prefabs/Items/Equipment/Accessories/Pouch_ALICE_30rnd_STANAG/Pouch_ALICE_30rnd_STANAG.et" while spawning initial items inside the storage.
09:04:28.449        NETWORK   (W): Replication: RplComponent on entity @"ENTITY:307" ('GenericEntity','Assets/Weapons/Magazines/STANAG/Magazine_30rnd_STANAG.xob') at <0.000000 0.000000 0.000000> @"{D8F2CA92583B23D3}Prefabs/Weapons/Magazines/Magazine_556x45_STANAG_30rnd_Last_5Tracer.et" destroyed during loading of the world. This might cause issues with startup sync!
09:04:28.449        INVENTORY (E): Couldn't insert item @"ENTITY:308" ('GenericEntity','Assets/Weapons/Magazines/STANAG/Magazine_30rnd_STANAG.xob') at <0.000000 0.000000 0.000000> @"{D8F2CA92583B23D3}Prefabs/Weapons/Magazines/Magazine_556x45_STANAG_30rnd_Last_5Tracer.et" into storage @"ENTITY:255" ('GenericEntity','Assets/Items/Equipment/Accessories/Pouch_ALICE_30rnd_STANAG/Pouch_ALICE_30rnd_STANAG.xob') at <-0.144399 1.162750 0.105744> @"{E3154E0EAC48D67B}Prefabs/Items/Equipment/Accessories/Pouch_ALICE_30rnd_STANAG/Pouch_ALICE_30rnd_STANAG.et" while spawning initial items inside the storage.
09:04:28.449        NETWORK   (W): Replication: RplComponent on entity @"ENTITY:308" ('GenericEntity','Assets/Weapons/Magazines/STANAG/Magazine_30rnd_STANAG.xob') at <0.000000 0.000000 0.000000> @"{D8F2CA92583B23D3}Prefabs/Weapons/Magazines/Magazine_556x45_STANAG_30rnd_Last_5Tracer.et" destroyed during loading of the world. This might cause issues with startup sync!
09:04:28.523     ENTITY       : SpawnEntityPrefab @"{26A9756790131354}Prefabs/Characters/Factions/BLUFOR/US_Army/Character_US_Rifleman.et"
09:04:28.523      WORLD        : InitEntities 'PreloadWorld'
09:04:28.523       ENTITY       : Init entity @"ENTITY:357" ('SCR_ChimeraCharacter','Assets/Characters/Basebody/Basebody_Male_01.xob') at <0.000000 0.000000 0.000000> @"{26A9756790131354}Prefabs/Characters/Factions/BLUFOR/US_Army/Character_US_Rifleman.et"
09:04:28.523        INVENTORY (E): Couldn't insert item @"ENTITY:405" ('GenericEntity','Assets/Weapons/Magazines/STANAG/Magazine_30rnd_STANAG.xob') at <0.000000 0.000000 0.000000> @"{D8F2CA92583B23D3}Prefabs/Weapons/Magazines/Magazine_556x45_STANAG_30rnd_Last_5Tracer.et" into storage @"ENTITY:376" ('GenericEntity','Assets/Items/Equipment/Accessories/Pouch_ALICE_30rnd_STANAG/Pouch_ALICE_30rnd_STANAG.xob') at <-0.144399 1.162750 0.105744> @"{E3154E0EAC48D67B}Prefabs/Items/Equipment/Accessories/Pouch_ALICE_30rnd_STANAG/Pouch_ALICE_30rnd_STANAG.et" while spawning initial items inside the storage.
09:04:28.523        NETWORK   (W): Replication: RplComponent on entity @"ENTITY:405" ('GenericEntity','Assets/Weapons/Magazines/STANAG/Magazine_30rnd_STANAG.xob') at <0.000000 0.000000 0.000000> @"{D8F2CA92583B23D3}Prefabs/Weapons/Magazines/Magazine_556x45_STANAG_30rnd_Last_5Tracer.et" destroyed during loading of the world. This might cause issues with startup sync!
09:04:28.524        INVENTORY (E): Couldn't insert item @"ENTITY:406" ('GenericEntity','Assets/Weapons/Magazines/STANAG/Magazine_30rnd_STANAG.xob') at <0.000000 0.000000 0.000000> @"{D8F2CA92583B23D3}Prefabs/Weapons/Magazines/Magazine_556x45_STANAG_30rnd_Last_5Tracer.et" into storage @"ENTITY:376" ('GenericEntity','Assets/Items/Equipment/Accessories/Pouch_ALICE_30rnd_STANAG/Pouch_ALICE_30rnd_STANAG.xob') at <-0.144399 1.162750 0.105744> @"{E3154E0EAC48D67B}Prefabs/Items/Equipment/Accessories/Pouch_ALICE_30rnd_STANAG/Pouch_ALICE_30rnd_STANAG.et" while spawning initial items inside the storage.
09:04:28.524        NETWORK   (W): Replication: RplComponent on entity @"ENTITY:406" ('GenericEntity','Assets/Weapons/Magazines/STANAG/Magazine_30rnd_STANAG.xob') at <0.000000 0.000000 0.000000> @"{D8F2CA92583B23D3}Prefabs/Weapons/Magazines/Magazine_556x45_STANAG_30rnd_Last_5Tracer.et" destroyed during loading of the world. This might cause issues with startup sync!
09:04:28.524        INVENTORY (E): Couldn't insert item @"ENTITY:407" ('GenericEntity','Assets/Weapons/Magazines/STANAG/Magazine_30rnd_STANAG.xob') at <0.000000 0.000000 0.000000> @"{D8F2CA92583B23D3}Prefabs/Weapons/Magazines/Magazine_556x45_STANAG_30rnd_Last_5Tracer.et" into storage @"ENTITY:376" ('GenericEntity','Assets/Items/Equipment/Accessories/Pouch_ALICE_30rnd_STANAG/Pouch_ALICE_30rnd_STANAG.xob') at <-0.144399 1.162750 0.105744> @"{E3154E0EAC48D67B}Prefabs/Items/Equipment/Accessories/Pouch_ALICE_30rnd_STANAG/Pouch_ALICE_30rnd_STANAG.et" while spawning initial items inside the storage.
09:04:28.524        NETWORK   (W): Replication: RplComponent on entity @"ENTITY:407" ('GenericEntity','Assets/Weapons/Magazines/STANAG/Magazine_30rnd_STANAG.xob') at <0.000000 0.000000 0.000000> @"{D8F2CA92583B23D3}Prefabs/Weapons/Magazines/Magazine_556x45_STANAG_30rnd_Last_5Tracer.et" destroyed during loading of the world. This might cause issues with startup sync!
09:04:28.545     ENTITY       : SpawnEntityPrefab @"{1CA3D30464EE4674}Prefabs/Characters/Factions/BLUFOR/US_Army/Character_US_Spotter.et"
09:04:28.545      WORLD        : InitEntities 'PreloadWorld'
09:04:28.545       ENTITY       : Init entity @"ENTITY:411" ('SCR_ChimeraCharacter','Assets/Characters/Basebody/Basebody_Male_01.xob') at <0.000000 0.000000 0.000000> @"{1CA3D30464EE4674}Prefabs/Characters/Factions/BLUFOR/US_Army/Character_US_Spotter.et"
09:04:28.545        INVENTORY (E): Couldn't insert item @"ENTITY:461" ('GenericEntity','Assets/Weapons/Magazines/STANAG/Magazine_30rnd_STANAG.xob') at <0.000000 0.000000 0.000000> @"{D8F2CA92583B23D3}Prefabs/Weapons/Magazines/Magazine_556x45_STANAG_30rnd_Last_5Tracer.et" into storage @"ENTITY:432" ('GenericEntity','Assets/Items/Equipment/Accessories/Pouch_ALICE_30rnd_STANAG/Pouch_ALICE_30rnd_STANAG.xob') at <-0.104999 1.129537 0.050875> @"{0B0D67BC8F43A052}Prefabs/Items/Equipment/Accessories/Pouch_ALICE_30rnd_STANAG/Pouch_ALICE_30rnd_STANAG_base.et" while spawning initial items inside the storage.
09:04:28.545        NETWORK   (W): Replication: RplComponent on entity @"ENTITY:461" ('GenericEntity','Assets/Weapons/Magazines/STANAG/Magazine_30rnd_STANAG.xob') at <0.000000 0.000000 0.000000> @"{D8F2CA92583B23D3}Prefabs/Weapons/Magazines/Magazine_556x45_STANAG_30rnd_Last_5Tracer.et" destroyed during loading of the world. This might cause issues with startup sync!
09:04:28.546        INVENTORY (E): Couldn't insert item @"ENTITY:462" ('GenericEntity','Assets/Weapons/Magazines/STANAG/Magazine_30rnd_STANAG.xob') at <0.000000 0.000000 0.000000> @"{D8F2CA92583B23D3}Prefabs/Weapons/Magazines/Magazine_556x45_STANAG_30rnd_Last_5Tracer.et" into storage @"ENTITY:432" ('GenericEntity','Assets/Items/Equipment/Accessories/Pouch_ALICE_30rnd_STANAG/Pouch_ALICE_30rnd_STANAG.xob') at <-0.104999 1.129537 0.050875> @"{0B0D67BC8F43A052}Prefabs/Items/Equipment/Accessories/Pouch_ALICE_30rnd_STANAG/Pouch_ALICE_30rnd_STANAG_base.et" while spawning initial items inside the storage.
09:04:28.546        NETWORK   (W): Replication: RplComponent on entity @"ENTITY:462" ('GenericEntity','Assets/Weapons/Magazines/STANAG/Magazine_30rnd_STANAG.xob') at <0.000000 0.000000 0.000000> @"{D8F2CA92583B23D3}Prefabs/Weapons/Magazines/Magazine_556x45_STANAG_30rnd_Last_5Tracer.et" destroyed during loading of the world. This might cause issues with startup sync!
09:04:28.546        INVENTORY (E): Couldn't insert item @"ENTITY:463" ('GenericEntity','Assets/Weapons/Grenades/M67/Grenade_M67.xob') at <0.000000 0.000000 0.000000> @"{E8F00BF730225B00}Prefabs/Weapons/Grenades/Grenade_M67.et" into storage @"ENTITY:432" ('GenericEntity','Assets/Items/Equipment/Accessories/Pouch_ALICE_30rnd_STANAG/Pouch_ALICE_30rnd_STANAG.xob') at <-0.104999 1.129537 0.050875> @"{0B0D67BC8F43A052}Prefabs/Items/Equipment/Accessories/Pouch_ALICE_30rnd_STANAG/Pouch_ALICE_30rnd_STANAG_base.et" while spawning initial items inside the storage.
09:04:28.546        NETWORK   (W): Replication: RplComponent on entity @"ENTITY:463" ('GenericEntity','Assets/Weapons/Grenades/M67/Grenade_M67.xob') at <0.000000 0.000000 0.000000> @"{E8F00BF730225B00}Prefabs/Weapons/Grenades/Grenade_M67.et" destroyed during loading of the world. This might cause issues with startup sync!
09:04:28.546        INVENTORY (E): Couldn't insert item @"ENTITY:464" ('GenericEntity','Assets/Weapons/Grenades/M67/Grenade_M67.xob') at <0.000000 0.000000 0.000000> @"{E8F00BF730225B00}Prefabs/Weapons/Grenades/Grenade_M67.et" into storage @"ENTITY:432" ('GenericEntity','Assets/Items/Equipment/Accessories/Pouch_ALICE_30rnd_STANAG/Pouch_ALICE_30rnd_STANAG.xob') at <-0.104999 1.129537 0.050875> @"{0B0D67BC8F43A052}Prefabs/Items/Equipment/Accessories/Pouch_ALICE_30rnd_STANAG/Pouch_ALICE_30rnd_STANAG_base.et" while spawning initial items inside the storage.
09:04:28.546        NETWORK   (W): Replication: RplComponent on entity @"ENTITY:464" ('GenericEntity','Assets/Weapons/Grenades/M67/Grenade_M67.xob') at <0.000000 0.000000 0.000000> @"{E8F00BF730225B00}Prefabs/Weapons/Grenades/Grenade_M67.et" destroyed during loading of the world. This might cause issues with startup sync!
09:04:28.547        INVENTORY (E): Couldn't insert item @"ENTITY:465" ('GenericEntity','Assets/Weapons/Grenades/M67/Grenade_M67.xob') at <0.000000 0.000000 0.000000> @"{E8F00BF730225B00}Prefabs/Weapons/Grenades/Grenade_M67.et" into storage @"ENTITY:432" ('GenericEntity','Assets/Items/Equipment/Accessories/Pouch_ALICE_30rnd_STANAG/Pouch_ALICE_30rnd_STANAG.xob') at <-0.104999 1.129537 0.050875> @"{0B0D67BC8F43A052}Prefabs/Items/Equipment/Accessories/Pouch_ALICE_30rnd_STANAG/Pouch_ALICE_30rnd_STANAG_base.et" while spawning initial items inside the storage.
09:04:28.547        NETWORK   (W): Replication: RplComponent on entity @"ENTITY:465" ('GenericEntity','Assets/Weapons/Grenades/M67/Grenade_M67.xob') at <0.000000 0.000000 0.000000> @"{E8F00BF730225B00}Prefabs/Weapons/Grenades/Grenade_M67.et" destroyed during loading of the world. This might cause issues with startup sync!
09:04:28.688     ENTITY       : SpawnEntityPrefab @"{23ADBBC31B6A3DC6}Prefabs/Characters/Factions/OPFOR/USSR_Army/Character_USSR_AR.et"
09:04:28.688      WORLD        : InitEntities 'PreloadWorld'
09:04:28.688       ENTITY       : Init entity @"ENTITY:533" ('SCR_ChimeraCharacter','Assets/Characters/Basebody/Basebody_Male_01.xob') at <0.000000 0.000000 0.000000> @"{23ADBBC31B6A3DC6}Prefabs/Characters/Factions/OPFOR/USSR_Army/Character_USSR_AR.et"
09:04:28.688        INVENTORY (E): Couldn't insert item @"ENTITY:573" ('GenericEntity','Assets/Weapons/Magazines/RPK74/Magazine_45rnd_RPK74.xob') at <0.000000 0.000000 0.000000> @"{D78C667F59829717}Prefabs/Weapons/Magazines/Magazine_545x39_RPK_45rnd_4Ball_1Tracer.et" into storage @"ENTITY:550" ('GenericEntity','Assets/Items/Equipment/Accessories/Pouch_Soviet_45rnd_RPK74/Pouch_Soviet_45rnd_RPK74.xob') at <-0.128100 1.112072 0.103191> @"{B6EEF03975F21E4E}Prefabs/Items/Equipment/Accessories/Pouch_Soviet_45rnd_RPK74/Pouch_Soviet_45rnd_RPK74.et" while spawning initial items inside the storage.
09:04:28.688        NETWORK   (W): Replication: RplComponent on entity @"ENTITY:573" ('GenericEntity','Assets/Weapons/Magazines/RPK74/Magazine_45rnd_RPK74.xob') at <0.000000 0.000000 0.000000> @"{D78C667F59829717}Prefabs/Weapons/Magazines/Magazine_545x39_RPK_45rnd_4Ball_1Tracer.et" destroyed during loading of the world. This might cause issues with startup sync!
09:04:28.689        INVENTORY (E): Couldn't insert item @"ENTITY:574" ('GenericEntity','Assets/Weapons/Magazines/RPK74/Magazine_45rnd_RPK74.xob') at <0.000000 0.000000 0.000000> @"{D78C667F59829717}Prefabs/Weapons/Magazines/Magazine_545x39_RPK_45rnd_4Ball_1Tracer.et" into storage @"ENTITY:550" ('GenericEntity','Assets/Items/Equipment/Accessories/Pouch_Soviet_45rnd_RPK74/Pouch_Soviet_45rnd_RPK74.xob') at <-0.128100 1.112072 0.103191> @"{B6EEF03975F21E4E}Prefabs/Items/Equipment/Accessories/Pouch_Soviet_45rnd_RPK74/Pouch_Soviet_45rnd_RPK74.et" while spawning initial items inside the storage.
09:04:28.689        NETWORK   (W): Replication: RplComponent on entity @"ENTITY:574" ('GenericEntity','Assets/Weapons/Magazines/RPK74/Magazine_45rnd_RPK74.xob') at <0.000000 0.000000 0.000000> @"{D78C667F59829717}Prefabs/Weapons/Magazines/Magazine_545x39_RPK_45rnd_4Ball_1Tracer.et" destroyed during loading of the world. This might cause issues with startup sync!
09:04:28.689        INVENTORY (E): Couldn't insert item @"ENTITY:575" ('GenericEntity','Assets/Weapons/Magazines/RPK74/Magazine_45rnd_RPK74.xob') at <0.000000 0.000000 0.000000> @"{D78C667F59829717}Prefabs/Weapons/Magazines/Magazine_545x39_RPK_45rnd_4Ball_1Tracer.et" into storage @"ENTITY:550" ('GenericEntity','Assets/Items/Equipment/Accessories/Pouch_Soviet_45rnd_RPK74/Pouch_Soviet_45rnd_RPK74.xob') at <-0.128100 1.112072 0.103191> @"{B6EEF03975F21E4E}Prefabs/Items/Equipment/Accessories/Pouch_Soviet_45rnd_RPK74/Pouch_Soviet_45rnd_RPK74.et" while spawning initial items inside the storage.
09:04:28.689        NETWORK   (W): Replication: RplComponent on entity @"ENTITY:575" ('GenericEntity','Assets/Weapons/Magazines/RPK74/Magazine_45rnd_RPK74.xob') at <0.000000 0.000000 0.000000> @"{D78C667F59829717}Prefabs/Weapons/Magazines/Magazine_545x39_RPK_45rnd_4Ball_1Tracer.et" destroyed during loading of the world. This might cause issues with startup sync!
09:04:28.689        INVENTORY (E): Couldn't insert item @"ENTITY:576" ('GenericEntity','Assets/Weapons/Magazines/RPK74/Magazine_45rnd_RPK74.xob') at <0.000000 0.000000 0.000000> @"{D78C667F59829717}Prefabs/Weapons/Magazines/Magazine_545x39_RPK_45rnd_4Ball_1Tracer.et" into storage @"ENTITY:550" ('GenericEntity','Assets/Items/Equipment/Accessories/Pouch_Soviet_45rnd_RPK74/Pouch_Soviet_45rnd_RPK74.xob') at <-0.128100 1.112072 0.103191> @"{B6EEF03975F21E4E}Prefabs/Items/Equipment/Accessories/Pouch_Soviet_45rnd_RPK74/Pouch_Soviet_45rnd_RPK74.et" while spawning initial items inside the storage.
09:04:28.689        NETWORK   (W): Replication: RplComponent on entity @"ENTITY:576" ('GenericEntity','Assets/Weapons/Magazines/RPK74/Magazine_45rnd_RPK74.xob') at <0.000000 0.000000 0.000000> @"{D78C667F59829717}Prefabs/Weapons/Magazines/Magazine_545x39_RPK_45rnd_4Ball_1Tracer.et" destroyed during loading of the world. This might cause issues with startup sync!
09:04:28.978    ENTITY       : Create entity @"ENTITY:433" ('RoadEntity') at <1988.390015 6.912000 2329.198975>
09:04:28.978     MATERIAL     : Material load @"{BD1378495CC03FD7}Assets/ME_Road/Road_Dirt_Asphalt_E.emat"
09:04:28.978      MATERIAL     : Material load @"{BD1378495CC03FD7}Assets/ME_Road/Road_Dirt_Asphalt_E.emat"
09:04:28.978       RESOURCES (W): The material Assets/ME_Road/Road_Dirt_Asphalt_E.emat has a piece version no. 2 set as default end but its ending material (Assets/ME_Road/Road_Dirt_Asphalt_E_02_End.emat) has only 1 versions.
09:04:28.978      RESOURCES (W): The material Assets/ME_Road/Road_Dirt_Asphalt_E.emat has a piece version no. 2 set as default end but its ending material (Assets/ME_Road/Road_Dirt_Asphalt_E_02_End.emat) has only 1 versions.
09:04:28.979     MATERIAL     : Material load @"{BD1378495CC03FD7}Assets/ME_Road/Road_Dirt_Asphalt_E.emat"
09:04:28.979      MATERIAL     : Material load @"{BD1378495CC03FD7}Assets/ME_Road/Road_Dirt_Asphalt_E.emat"
09:04:28.979       RESOURCES (W): The material Assets/ME_Road/Road_Dirt_Asphalt_E.emat has a piece version no. 2 set as default end but its ending material (Assets/ME_Road/Road_Dirt_Asphalt_E_02_End.emat) has only 1 versions.
09:04:28.979      RESOURCES (W): The material Assets/ME_Road/Road_Dirt_Asphalt_E.emat has a piece version no. 2 set as default end but its ending material (Assets/ME_Road/Road_Dirt_Asphalt_E_02_End.emat) has only 1 versions.
09:04:33.792    ENTITY       : Create entity @"ENTITY:227073" ('GameEntity') at <193.748932 1.498000 990.872070>
09:04:33.792     RESOURCES (E): Can't remap 'Assets/Lamp/Lamp_Street2_EP1_single.xob' material from 'LampStreetE_02_Glass' to 'Assets/Structures/Infrastructure/Lamps/LampStreetE_02/Data/LampStreetE_02_Glass.emat'. Source material do not exist
09:04:33.792    ENTITY       : Create entity @"ENTITY:227075" ('GameEntity') at <193.755173 1.562000 991.050903>
09:04:33.792     RESOURCES (E): Can't remap 'Assets/Lamp/Lamp_Street2_EP1_single.xob' material from 'LampStreetE_02_Glass' to 'Assets/Structures/Infrastructure/Lamps/LampStreetE_02/Data/LampStreetE_02_Glass.emat'. Source material do not exist
09:04:34.776    ENTITY       : Create entity @"ENTITY:258523" ('GameEntity') at <112.198364 0.003000 939.230774>
09:04:34.776     RESOURCES (E): Can't remap 'Assets/Lamp/Lamp_Small_EP1_Single.xob' material from 'LampStreetE_02_Glass' to 'Assets/Structures/Infrastructure/Lamps/LampStreetE_02/Data/LampStreetE_02_Glass.emat'. Source material do not exist
09:04:35.317    ENTITY       : Create entity @"ENTITY:274018" ('SCR_DestructibleBuildingEntity') at <2751.998047 4.752723 2742.233887>
09:04:35.317     ENTITY    (E): SCR_DestructibleBuildingEntity component RigidBody cannot be combined with component RigidBody
09:04:36.557    ENTITY       : Create entity @"ENTITY:2305843009213693957" ('FactionManager', COE_FactionManager) at <2702.032959 10.000000 3110.474121> @"{F9A08100A9E20FB5}Prefabs/Managers/COE_FactionManager.et"
09:04:36.557     RESOURCES    : GetResourceObject @"{DDDD9B51F1234DF3}Prefabs/Vehicles/Helicopters/UH1H/UH1H_armed.et"
09:04:36.557      WORLD        : Entity prefab load @"{DDDD9B51F1234DF3}Prefabs/Vehicles/Helicopters/UH1H/UH1H_armed.et"
09:04:36.557       RESOURCES    : GetResourceObject @"{70BAEEFC2D3FEE64}Prefabs/Vehicles/Helicopters/UH1H/UH1H.et"
09:04:36.557        WORLD        : Entity prefab load @"{70BAEEFC2D3FEE64}Prefabs/Vehicles/Helicopters/UH1H/UH1H.et"
09:04:36.557         RESOURCES    : GetResourceObject @"{D03C0F6044DB5208}Prefabs/Vehicles/Helicopters/UH1H/UH1H_base.et"
09:04:36.557          WORLD        : Entity prefab load @"{D03C0F6044DB5208}Prefabs/Vehicles/Helicopters/UH1H/UH1H_base.et"
09:04:36.557           WORLD     (E): Unknown keyword/data 'm_bShowEffectInWB' at offset 16561(0x40b1)
09:04:36.775     RESOURCES    : GetResourceObject @"{C6B534F64C60C583}PrefabsEditable/Auto/Compositions/Slotted/SlotFlatLarge/E_Helipad_L_US_01.et"
09:04:36.775      WORLD        : Entity prefab load @"{C6B534F64C60C583}PrefabsEditable/Auto/Compositions/Slotted/SlotFlatLarge/E_Helipad_L_US_01.et"
09:04:36.776       RESOURCES    : GetResourceObject @"{A13F6A7F82DF031B}Prefabs/Compositions/Slotted/SlotFlatLarge/Helipad_L_US_01.et"
09:04:36.776        WORLD        : Entity prefab load @"{A13F6A7F82DF031B}Prefabs/Compositions/Slotted/SlotFlatLarge/Helipad_L_US_01.et"
09:04:36.776         RESOURCES    : GetResourceObject @"{472BE7BF1240C1CE}Prefabs/Compositions/Misc/SubCompositions/Utility/Helipad_Lights_US_01.et"
09:04:36.776          WORLD        : Entity prefab load @"{472BE7BF1240C1CE}Prefabs/Compositions/Misc/SubCompositions/Utility/Helipad_Lights_US_01.et"
09:04:36.776           WORLD     (E): Unknown keyword/data 'm_bShowDebugShape' at offset 2491(0x9bb)
09:04:37.012     RESOURCES    : GetResourceObject @"{7BD282AF716ED639}Prefabs/Vehicles/Helicopters/Mi8MT/Mi8MT_armed.et"
09:04:37.012      WORLD        : Entity prefab load @"{7BD282AF716ED639}Prefabs/Vehicles/Helicopters/Mi8MT/Mi8MT_armed.et"
09:04:37.012       RESOURCES    : GetResourceObject @"{20C37D5090E4E0E6}Prefabs/Vehicles/Helicopters/Mi8MT/Mi8MT_armed_base.et"
09:04:37.012        WORLD        : Entity prefab load @"{20C37D5090E4E0E6}Prefabs/Vehicles/Helicopters/Mi8MT/Mi8MT_armed_base.et"
09:04:37.012         RESOURCES    : GetResourceObject @"{AFF6067A5CE8A853}Prefabs/Vehicles/Helicopters/Mi8MT/Mi8MT_base.et"
09:04:37.012          WORLD        : Entity prefab load @"{AFF6067A5CE8A853}Prefabs/Vehicles/Helicopters/Mi8MT/Mi8MT_base.et"
09:04:37.012           RESOURCES    : GetResourceObject @"{AFF6067A5CE8A852}Prefabs/Vehicles/Helicopters/Mi8MT/Mi8_base.et"
09:04:37.012            WORLD        : Entity prefab load @"{AFF6067A5CE8A852}Prefabs/Vehicles/Helicopters/Mi8MT/Mi8_base.et"
09:04:37.012             WORLD     (E): Unknown keyword/data 'm_bShowEffectInWB' at offset 19148(0x4acc)
09:04:37.383    WORLD        : WORLD        : NotifyBeforeEntitiesInitialized
09:04:37.383    PROFILING    : NotifyBeforeEntitiesInitialized took: 0.070000 ms
09:04:37.383    WORLD        : InitEntities 'world'
09:04:37.383     ENTITY       : Init entity @"ENTITY:3" ('SCR_MapEntity1', SCR_MapEntity) at <2820.711914 3.140000 2475.224121> @"{E1B88C66BF6CA1F9}Prefabs/World/Game/MapEntity_Everon.et"
09:04:37.384      SCRIPT    (W): SCR_MapEntity: Cannot get the size from terrain. Using default.
09:04:38.225    WORLD        : InitEntities 'world'
09:04:38.225     ENTITY       : Init entity @"ENTITY:2305843009213693969" ('GameMode', COE_GameMode) at <2713.678955 10.000000 3103.104980> @"{9EDD3A569D1FE096}Prefabs/MP/Modes/COE_GameMode.et"
09:04:38.225      SCRIPT       : ServerAdminTools.LoadConfig | Trying to load configuration file $profile:ServerAdminTools_Config.json
09:04:38.226      SCRIPT       : ServerAdminTools | Loaded 0 repeated chat messages from config.
09:04:38.226      SCRIPT       : ServerAdminTools | Loaded 0 scheduled chat messages from config.
09:04:38.226     ENTITY       : Init entity @"ENTITY:2305843009213693969" ('GameMode', COE_GameMode) at <2713.678955 10.000000 3103.104980> @"{9EDD3A569D1FE096}Prefabs/MP/Modes/COE_GameMode.et"
09:04:38.226      SCRIPT    (W): ServerAdminTools_GameModeComponent.CreateEventHandlers | Events API URL or Token not specified. Events will be logged but not submitted anywhere.
09:04:38.227      SCRIPT       : ServerAdminTools_GameModeComponent.CreateEventHandlers | Events API: Initializing event serveradmintools_player_killed
09:04:38.227      SCRIPT       : ServerAdminTools_GameModeComponent.CreateEventHandlers | Events API: Initializing event serveradmintools_player_joined
09:04:38.227      SCRIPT       : ServerAdminTools_GameModeComponent.CreateEventHandlers | Events API: Initializing event serveradmintools_conflict_base_captured
09:04:38.227      SCRIPT       : ServerAdminTools_GameModeComponent.CreateEventHandlers | Events API: Initializing event serveradmintools_admin_action
09:04:38.227      SCRIPT       : ServerAdminTools_GameModeComponent.CreateEventHandlers | Events API: Initializing event serveradmintools_vote_started
09:04:38.227      SCRIPT       : ServerAdminTools_GameModeComponent.CreateEventHandlers | Events API: Initializing event serveradmintools_vote_ended
09:04:38.227      SCRIPT       : ServerAdminTools_GameModeComponent.CreateEventHandlers | Events API: Initializing event serveradmintools_server_fps_low
09:04:38.227      SCRIPT       : ServerAdminTools_GameModeComponent.CreateEventHandlers | Events API: Initializing event serveradmintools_game_ended
09:04:38.227      SCRIPT       : ServerAdminTools_GameModeComponent.CreateEventHandlers | Events API: Initializing event serveradmintools_game_started
09:04:38.227      SCRIPT       : ServerAdminTools_GamemodeComponent.EOnInit | Ready!
09:04:38.230    WORLD        : WORLD        : NotifyEntitiesInitialized
09:04:38.230     TERRAIN      : TERRAIN      : Initializing road networks...
09:04:38.231     PROFILING    : Initializing road networks... took: 1.607000 ms
09:04:38.262     INIT         : INIT         : SoundWorldInit
09:04:38.291     PROFILING    : SoundWorldInit took: 28.852000 ms
09:04:38.291    PROFILING    : NotifyEntitiesInitialized took: 61.701000 ms
09:04:38.292   PROFILING    : CreateEntities took: 11321.722000 ms
09:04:38.292  PROFILING    : CreateEntities took: 11321.776000 ms
09:04:38.292  WORLD        : WORLD        : EOnActivate
09:04:38.319  PROFILING    : EOnActivate took: 27.791000 ms
09:04:38.319 PROFILING    : Game::LoadEntities took: 15779.622000 ms
09:04:38.376 NETWORK      : RPL listen address not specified. Using default fallback.
09:04:38.466 NETWORK      : Starting RPL server, listening on address 0.0.0.0:2001, fastValidation=true
09:04:38.566 DEFAULT      : BattlEye Server: Loading BattlEye library from path '/reforger/battleye/BEServer_x64.so'.
09:04:38.568 DEFAULT      : BattlEye Server: 'Initialized (v1.220, Arma Reforger 1.2.0.124)'
09:04:38.568 DEFAULT      : BattlEye Server: Initialized.
09:04:38.568 DEFAULT      : BattlEye Server: 'Config entry: GameID armar'
09:04:38.568 DEFAULT      : BattlEye Server: 'Config entry: MasterPort 2001'
09:04:40.059 BACKEND      : Server registered with address: 94.131.113.19:2001
09:04:40.059 BACKEND      : Direct Join Code: 0374616079
09:04:40.059 BACKEND      : Ping Site: frankfurt
09:04:40.509 DEFAULT      : Entered online game state.
09:04:40.977 SCRIPT    (E): 'SCR_BaseSupportStationComponent' 'EOnInit': 'SCR_DestructibleBuildingEntity<0x00007F4B1D0AA118> @"ENTITY:233017" ('SCR_DestructibleBuildingEntity','Assets/Structures/Comme' Support Station is set to use supplies  but it has no SCR_ResourceComponent
09:04:40.978 SCRIPT    (E): 'SCR_BaseSupportStationComponent' 'EOnInit': 'SCR_DestructibleBuildingEntity<0x00007F4B1D0AA250> @"ENTITY:233022" ('SCR_DestructibleBuildingEntity','Assets/Structures/Comme' Support Station is set to use supplies  but it has no SCR_ResourceComponent
09:04:40.978 SCRIPT    (E): 'SCR_BaseSupportStationComponent' 'EOnInit': 'SCR_DestructibleBuildingEntity<0x00007F4B1D0AA388> @"ENTITY:233027" ('SCR_DestructibleBuildingEntity','Assets/Structures/Comme' Support Station is set to use supplies  but it has no SCR_ResourceComponent
09:04:40.978 SCRIPT    (E): 'SCR_BaseSupportStationComponent' 'EOnInit': 'SCR_DestructibleBuildingEntity<0x00007F4B1D0AA4C0> @"ENTITY:233032" ('SCR_DestructibleBuildingEntity','Assets/Structures/Comme' Support Station is set to use supplies  but it has no SCR_ResourceComponent
09:04:40.979 SCRIPT    (E): 'SCR_BaseSupportStationComponent' 'EOnInit': 'SCR_DestructibleBuildingEntity<0x00007F4B1D0AA5F8> @"ENTITY:233037" ('SCR_DestructibleBuildingEntity','Assets/Structures/Comme' Support Station is set to use supplies  but it has no SCR_ResourceComponent
09:04:40.979 SCRIPT    (E): 'SCR_BaseSupportStationComponent' 'EOnInit': 'SCR_DestructibleBuildingEntity<0x00007F4B1D0AA730> @"ENTITY:233042" ('SCR_DestructibleBuildingEntity','Assets/Structures/Comme' Support Station is set to use supplies  but it has no SCR_ResourceComponent
09:04:40.979 SCRIPT    (E): 'SCR_BaseSupportStationComponent' 'EOnInit': 'SCR_DestructibleBuildingEntity<0x00007F4B1D0AA868> @"ENTITY:233047" ('SCR_DestructibleBuildingEntity','Assets/Structures/Comme' Support Station is set to use supplies  but it has no SCR_ResourceComponent
09:04:40.979 SCRIPT    (E): 'SCR_BaseSupportStationComponent' 'EOnInit': 'SCR_DestructibleBuildingEntity<0x00007F4B1D0AA9A0> @"ENTITY:233052" ('SCR_DestructibleBuildingEntity','Assets/Structures/Comme' Support Station is set to use supplies  but it has no SCR_ResourceComponent
09:04:40.980 SCRIPT    (E): 'SCR_BaseSupportStationComponent' 'EOnInit': 'SCR_DestructibleBuildingEntity<0x00007F4B1D0AAAD8> @"ENTITY:233057" ('SCR_DestructibleBuildingEntity','Assets/Structures/Comme' Support Station is set to use supplies  but it has no SCR_ResourceComponent
09:04:40.980 SCRIPT    (E): 'SCR_BaseSupportStationComponent' 'EOnInit': 'SCR_DestructibleBuildingEntity<0x00007F4B1D0AAC10> @"ENTITY:233062" ('SCR_DestructibleBuildingEntity','Assets/Structures/Comme' Support Station is set to use supplies  but it has no SCR_ResourceComponent
09:04:40.980 SCRIPT    (E): 'SCR_BaseSupportStationComponent' 'EOnInit': 'SCR_DestructibleBuildingEntity<0x00007F4B1D0AAD48> @"ENTITY:233067" ('SCR_DestructibleBuildingEntity','Assets/Structures/Comme' Support Station is set to use supplies  but it has no SCR_ResourceComponent
09:04:40.980 SCRIPT    (E): 'SCR_BaseSupportStationComponent' 'EOnInit': 'SCR_DestructibleBuildingEntity<0x00007F4B1D0AAE80> @"ENTITY:233072" ('SCR_DestructibleBuildingEntity','Assets/Structures/Comme' Support Station is set to use supplies  but it has no SCR_ResourceComponent
09:04:40.981 SCRIPT    (E): 'SCR_BaseSupportStationComponent' 'EOnInit': 'SCR_DestructibleBuildingEntity<0x00007F4B1D0AAFB8> @"ENTITY:233077" ('SCR_DestructibleBuildingEntity','Assets/Structures/Comme' Support Station is set to use supplies  but it has no SCR_ResourceComponent
09:04:40.981 SCRIPT    (E): 'SCR_BaseSupportStationComponent' 'EOnInit': 'SCR_DestructibleBuildingEntity<0x00007F4B1D0AB0F0> @"ENTITY:233082" ('SCR_DestructibleBuildingEntity','Assets/Structures/Comme' Support Station is set to use supplies  but it has no SCR_ResourceComponent
09:04:40.981 SCRIPT    (E): 'SCR_BaseSupportStationComponent' 'EOnInit': 'SCR_DestructibleBuildingEntity<0x00007F4B1D0AB228> @"ENTITY:233087" ('SCR_DestructibleBuildingEntity','Assets/Structures/Comme' Support Station is set to use supplies  but it has no SCR_ResourceComponent
09:04:40.982 SCRIPT    (E): 'SCR_BaseSupportStationComponent' 'EOnInit': 'SCR_DestructibleBuildingEntity<0x00007F4B1D0AB360> @"ENTITY:233092" ('SCR_DestructibleBuildingEntity','Assets/Structures/Comme' Support Station is set to use supplies  but it has no SCR_ResourceComponent
09:04:41.003 WORLD        : Frame start
09:04:41.003  NETWORK      : Projectiles will simulate using: EOnFrame
09:04:41.014 WORLD        : UpdateEntities
09:04:41.014  WORLD        : Frame
09:04:41.014   SCRIPT       : SCR_BaseGameMode::OnGameStateChanged = GAME
09:04:41.014   SCRIPT       : ServerAdminTools | Event serveradmintools_game_started | no data
09:04:42.151 SCRIPT       : ScenarioFramework: Available tasks are empty, no new tasks will be generated.
11:48:42.045 RPL          : ServerImpl event: authenticating (identity=0x00000000, address=46.8.28.102:58016)
11:48:42.593 RPL          : ServerImpl event: connected (identity=0x00000000)
11:48:42.606 WORLD        : UpdateEntities
11:48:42.606  DEFAULT      : BattlEye Server: Adding player identity=0x00000000, name='Reidond'
11:48:42.606  DEFAULT      : BattlEye Server: 'Player #0 Reidond (46.8.28.102:58016) connected'
11:48:42.606  DEFAULT      : BattlEye Server: Setting GUID for player identity=0x00000000, GUID=76561198117480403
11:48:42.607  DEFAULT      : BattlEye Server: 'Player #0 Reidond - BE GUID: 0ff29685078407615ef8faeadc59b566'
11:48:42.812 DEFAULT      : BattlEye Server: 'Connected to BE Master'
11:48:54.453 NETWORK      : Player connected: connectionID=0
11:48:54.454 NETWORK      : ### Connecting player: connectionID=0, Name=
11:48:54.605 WORLD        : UpdateEntities
11:48:54.605  RPL          : rpl::Pip::ProcessNetToGame
11:48:54.605   NETWORK      : ### Creating player: PlayerId=1, Name=Reidond
11:48:54.713 WORLD        : UpdateEntities
11:48:54.713  RPL          : rpl::Pip::ProcessNetToGame
11:48:54.713   NETWORK      : ### Updating player: PlayerId=1, Name=Reidond, IdentityId=25c9bb9d-fdd7-4be9-898e-cac20a551dd2
11:48:54.714 WORLD        : UpdateEntities
11:48:54.714  RPL          : rpl::Pip::ProcessNetToGame
11:48:54.714   SCRIPT    (W): Ban Settings could not be loaded from BE Storage: Relying on default config
11:48:54.714   SCRIPT       : ServerAdminTools_GameModeComponent.UpdatePlayerHistory | Player joined, id: 1, RplIdentity (hex): 0, name: Reidond, identityId: 25c9bb9d-fdd7-4be9-898e-cac20a551dd2
11:48:54.714   SCRIPT       : ServerAdminTools | Event serveradmintools_player_joined | player: Reidond, identity: 25c9bb9d-fdd7-4be9-898e-cac20a551dd2
11:48:54.714   NETWORK      : Players connecting: 0
11:48:54.715   NETWORK      : Players connected: 1 / 1
11:48:59.715 RESOURCES    : GetResourceObject @"{59EF8ECAE1DCD417}Prefabs/Editor/Modes/EditorModeEdit.et"
11:48:59.715  WORLD        : Entity prefab load @"{59EF8ECAE1DCD417}Prefabs/Editor/Modes/EditorModeEdit.et"
11:48:59.715   RESOURCES    : GetResourceObject @"{59EF8ECAE1DCD417}Prefabs/Editor/Modes/EditorModeEdit.et"
11:48:59.715    WORLD        : Entity prefab load @"{59EF8ECAE1DCD417}Prefabs/Editor/Modes/EditorModeEdit.et"
11:48:59.715     RESOURCES    : GetResourceObject @"{28ACD0C845BE4967}Configs/Editor/PlaceableEntities/Objects/Structures_Military.conf"
11:48:59.715      DEFAULT      : Config load @"{28ACD0C845BE4967}Configs/Editor/PlaceableEntities/Objects/Structures_Military.conf"
11:48:59.715       RESOURCES (E): Wrong GUID/name for resource @"{57708D2841D05A01}PrefabsEditable/Auto/Structures/Military/Training/E_TargetVehicleBase_01.et" in property "m_Prefabs"
11:49:05.438 WORLD        : UpdateEntities
11:49:05.438  RPL          : rpl::Pip::ProcessNetToGame
11:49:05.438   SCRIPT    (E): Virtual Machine Exception

Reason: NULL pointer to instance. Variable 'from'

Class:      'SCR_EditorSettingsEntity'
Entity id:0

Function: 'GetSkipStreamingRules'
Stack trace:
scripts/Game/Editor/Entities/SCR_EditorSettingsEntity.c:134 Function GetSkipStreamingRules
scripts/Game/Editor/Components/Editor/SCR_DynamicSimulationEditorComponent.c:56 Function EnableStreamingForEntity
scripts/Game/Editor/Components/Editor/SCR_DynamicSimulationEditorComponent.c:42 Function EnableStreaming
scripts/Game/Editor/Components/Editor/SCR_DynamicSimulationEditorComponent.c:90 Function EOnEditorActivateServer
scripts/Game/Editor/Entities/SCR_EditorModeEntity.c:153 Function ActivateModeServer
scripts/Game/Editor/Entities/SCR_EditorManagerEntity.c:177 Function ToggleServer
11:51:13.245 RPL          : ServerImpl event: disconnected (identity=0x00000000), group=1, reason=9
11:51:13.250 WORLD        : UpdateEntities
11:51:13.250  DEFAULT      : BattlEye Server: Disconnect player identity=0x00000000
11:51:13.250  DEFAULT      : BattlEye Server: 'Player #0 Reidond disconnected'
11:51:13.274 NETWORK      : Player disconnected: connectionID=0
11:51:13.277 NETWORK      : Total number of players: 0
