---------------------------------------------
Log /home/profile/logs/logs_2024-09-05_14-21-45/error.log started at 2024-09-05 14:21:46 (2024-09-05 14:21:46 UTC)

14:21:46.109 ENGINE       : GameProject load
14:21:46.109  INIT         : GameProject load project data @"./addons/data/ArmaReforger.gproj"
14:21:46.109   RESOURCES (E): Wrong GUID/name for resource @"{C014582791ECBF24}Language/localization.st" in property "StringTableSource"
14:21:52.052 BACKEND      : Loading dedicated server config.
14:21:52.052  RESOURCES    : GetResourceObject @"{B76E6CFDF056031F}Missions/Escapists_Arland.conf"
14:21:52.052   RESOURCES (E): Failed to open
14:21:52.052  RESOURCES (E): MissionHeader::ReadMissionHeader cannot load the resource 'Missions/Escapists_Arland.conf'!
14:21:52.188 PLATFORM     : InputManager user settings load from profile @"InputUserSettings.conf"
14:21:52.188  DEFAULT   (W): Loading input settings from legacy file, which will be soon unsupported
14:21:55.874 ENGINE       : GameProject load
14:21:55.874  INIT         : GameProject load project data @"./addons/data/ArmaReforger.gproj"
14:21:55.874   RESOURCES (E): Wrong GUID/name for resource @"{C014582791ECBF24}Language/localization.st" in property "StringTableSource"
14:21:55.875  INIT         : GameProject load project data @"/reforger/workshop/addons/Escapists_5F16D7E4A1CBE075/addon.gproj"
14:21:55.875   RESOURCES (E): Wrong GUID/name for resource @"{E4B228D6F0DE455F}Language/Escapists_localization.st" in property "StringTableSource"
14:21:55.876  INIT         : GameProject load project data @"/reforger/workshop/addons/BritishForces_5AE50EC5B8D6F4AE/addon.gproj"
14:21:55.876   RESOURCES (E): Wrong GUID/name for resource @"{1F2A803202EFA6A8}Language/BritishForces_localization.st" in property "StringTableSource"
14:22:02.726 PLATFORM     : InputManager user settings load from profile @"InputUserSettings.conf"
14:22:02.726  DEFAULT   (W): Loading input settings from legacy file, which will be soon unsupported
14:22:03.363 WORLD        : Entities load @"{BD8F022812801D57}worlds/MP/Escapists_Arland.ent"
14:22:03.363  WORLD        : Entity layer load @"worlds/MP/Escapists_Arland_Layers/Main.layer"
14:22:03.363   RESOURCES    : GetResourceObject @"{E3D888FF32E53DE2}Prefabs/MP/Managers/Factions/ESCT_FactionManager.et"
14:22:03.363    WORLD        : Entity prefab load @"{E3D888FF32E53DE2}Prefabs/MP/Managers/Factions/ESCT_FactionManager.et"
14:22:03.363     RESOURCES    : GetResourceObject @"{8FBCF0AD64F195C8}Configs/Factions/NATO_Escapists.conf"
14:22:03.363      DEFAULT      : Config load @"{8FBCF0AD64F195C8}Configs/Factions/NATO_Escapists.conf"
14:22:03.363       RESOURCES    : GetResourceObject @"{2068252A308FB770}Configs/EntityCatalog/UK/UK_Characters.conf"
14:22:03.363        DEFAULT      : Config load @"{2068252A308FB770}Configs/EntityCatalog/UK/UK_Characters.conf"
14:22:03.363         RESOURCES    : GetResourceObject @"{2068252A308FB770}Configs/EntityCatalog/UK/UK_Characters.conf"
14:22:03.363          DEFAULT      : Config load @"{2068252A308FB770}Configs/EntityCatalog/UK/UK_Characters.conf"
14:22:03.363           RESOURCES (E): Wrong GUID/name for resource @"{616559001E501C18}Prefabs/Characters/Factions/BLUFOR/UK_Army/Character_UK_Rifleman_LAT.et" in property "m_sEntityPrefab"
14:22:06.199 WORLD        : Game::LoadEntities
14:22:06.199  WORLD        : CreateEntities
14:22:06.199   WORLD        : CreateEntities
14:22:06.199    ENTITY       : Create entity @"ENTITY:1" ('world', GenericWorldEntity) at <0.000000 0.000000 0.000000> @"{08A95D735ECC517F}Prefabs/World/DefaultWorld/GenericWorld_Default.et"
14:22:06.199     RESOURCES (E):   Failed to decompress memory image data. Data is not DXT.
14:22:06.199     WORLD     (E): Shore map CPU data creation failed - decompression of DF near atlas texture failed.
14:22:06.199     WORLD     (E): Loading of shore map failed - creation of CPU data failed
14:22:06.199     WORLD     (E): Loading of shore map failed - post load checks failed
14:22:06.511    ENTITY       : Create entity @"ENTITY:8" ('GenericWorldPPEffect') at <0.000000 0.000000 0.000000> @"GodRays"
14:22:06.511     MATERIAL     : Material load @"{90C363AB5243A434}Common/Postprocess/Sun_GodRays.emat"
14:22:06.511      MATERIAL     : Material load @"{90C363AB5243A434}Common/Postprocess/Sun_GodRays.emat"
14:22:06.511       MATERIAL  (E): Unknown keyword/data 'HorizonDisableY' at offset 46(0x2e)
14:22:07.188    ENTITY       : Create entity @"ENTITY:14694" ('PreloadManager1', BasePreloadManager) at <0.005000 0.000000 0.047000> @"{104F8505FD1871EF}Prefabs/World/Game/PreloadManager.et"
14:22:07.189     ENTITY       : SpawnEntityPrefab @"{6058AB54781A0C52}Prefabs/Characters/Factions/BLUFOR/US_Army/Character_US_AMG.et"
14:22:07.189      WORLD        : InitEntities 'PreloadWorld'
14:22:07.189       ENTITY       : Init entity @"ENTITY:1" ('SCR_ChimeraCharacter','Assets/Characters/Basebody/Basebody_Male_01.xob') at <0.000000 0.000000 0.000000> @"{6058AB54781A0C52}Prefabs/Characters/Factions/BLUFOR/US_Army/Character_US_AMG.et"
14:22:07.189        INVENTORY (E): Couldn't insert item @"ENTITY:55" ('GenericEntity','Assets/Weapons/Magazines/STANAG/Magazine_30rnd_STANAG.xob') at <0.000000 0.000000 0.000000> @"{D8F2CA92583B23D3}Prefabs/Weapons/Magazines/Magazine_556x45_STANAG_30rnd_Last_5Tracer.et" into storage @"ENTITY:22" ('GenericEntity','Assets/Items/Equipment/Accessories/Pouch_ALICE_30rnd_STANAG/Pouch_ALICE_30rnd_STANAG.xob') at <-0.144399 1.162750 0.105744> @"{E3154E0EAC48D67B}Prefabs/Items/Equipment/Accessories/Pouch_ALICE_30rnd_STANAG/Pouch_ALICE_30rnd_STANAG.et" while spawning initial items inside the storage.
14:22:07.189        NETWORK   (W): Replication: RplComponent on entity @"ENTITY:55" ('GenericEntity','Assets/Weapons/Magazines/STANAG/Magazine_30rnd_STANAG.xob') at <0.000000 0.000000 0.000000> @"{D8F2CA92583B23D3}Prefabs/Weapons/Magazines/Magazine_556x45_STANAG_30rnd_Last_5Tracer.et" destroyed during loading of the world. This might cause issues with startup sync!
14:22:07.189        INVENTORY (E): Couldn't insert item @"ENTITY:56" ('GenericEntity','Assets/Weapons/Magazines/STANAG/Magazine_30rnd_STANAG.xob') at <0.000000 0.000000 0.000000> @"{D8F2CA92583B23D3}Prefabs/Weapons/Magazines/Magazine_556x45_STANAG_30rnd_Last_5Tracer.et" into storage @"ENTITY:22" ('GenericEntity','Assets/Items/Equipment/Accessories/Pouch_ALICE_30rnd_STANAG/Pouch_ALICE_30rnd_STANAG.xob') at <-0.144399 1.162750 0.105744> @"{E3154E0EAC48D67B}Prefabs/Items/Equipment/Accessories/Pouch_ALICE_30rnd_STANAG/Pouch_ALICE_30rnd_STANAG.et" while spawning initial items inside the storage.
14:22:07.189        NETWORK   (W): Replication: RplComponent on entity @"ENTITY:56" ('GenericEntity','Assets/Weapons/Magazines/STANAG/Magazine_30rnd_STANAG.xob') at <0.000000 0.000000 0.000000> @"{D8F2CA92583B23D3}Prefabs/Weapons/Magazines/Magazine_556x45_STANAG_30rnd_Last_5Tracer.et" destroyed during loading of the world. This might cause issues with startup sync!
14:22:07.189        INVENTORY (E): Couldn't insert item @"ENTITY:57" ('GenericEntity','Assets/Weapons/Magazines/STANAG/Magazine_30rnd_STANAG.xob') at <0.000000 0.000000 0.000000> @"{D8F2CA92583B23D3}Prefabs/Weapons/Magazines/Magazine_556x45_STANAG_30rnd_Last_5Tracer.et" into storage @"ENTITY:22" ('GenericEntity','Assets/Items/Equipment/Accessories/Pouch_ALICE_30rnd_STANAG/Pouch_ALICE_30rnd_STANAG.xob') at <-0.144399 1.162750 0.105744> @"{E3154E0EAC48D67B}Prefabs/Items/Equipment/Accessories/Pouch_ALICE_30rnd_STANAG/Pouch_ALICE_30rnd_STANAG.et" while spawning initial items inside the storage.
14:22:07.189        NETWORK   (W): Replication: RplComponent on entity @"ENTITY:57" ('GenericEntity','Assets/Weapons/Magazines/STANAG/Magazine_30rnd_STANAG.xob') at <0.000000 0.000000 0.000000> @"{D8F2CA92583B23D3}Prefabs/Weapons/Magazines/Magazine_556x45_STANAG_30rnd_Last_5Tracer.et" destroyed during loading of the world. This might cause issues with startup sync!
14:22:07.252     ENTITY       : SpawnEntityPrefab @"{5B1996C05B1E51A4}Prefabs/Characters/Factions/BLUFOR/US_Army/Character_US_AR.et"
14:22:07.252      WORLD        : InitEntities 'PreloadWorld'
14:22:07.252       ENTITY       : Init entity @"ENTITY:61" ('SCR_ChimeraCharacter','Assets/Characters/Basebody/Basebody_Male_01.xob') at <0.000000 0.000000 0.000000> @"{5B1996C05B1E51A4}Prefabs/Characters/Factions/BLUFOR/US_Army/Character_US_AR.et"
14:22:07.252        INVENTORY (E): Couldn't insert item @"ENTITY:103" ('GenericEntity','Assets/Weapons/Magazines/M249/Magazine_200rnd_M249_item.xob') at <0.000000 0.000000 0.000000> @"{06D722FC2666EB83}Prefabs/Weapons/Magazines/Box_556x45_M249_200rnd_4Ball_1Tracer.et" into storage @"ENTITY:78" ('GenericEntity','Assets/Items/Equipment/Accessories/Pouch_ALICE_200rnd_M249/Pouch_ALICE_200rnd_M249.xob') at <-0.160200 1.020957 0.135574> @"{4F018E3CF74D8636}Prefabs/Items/Equipment/Accessories/Pouch_ALICE_200rnd_M249/Pouch_ALICE_200rnd_M249.et" while spawning initial items inside the storage.
14:22:07.252        NETWORK   (W): Replication: RplComponent on entity @"ENTITY:103" ('GenericEntity','Assets/Weapons/Magazines/M249/Magazine_200rnd_M249_item.xob') at <0.000000 0.000000 0.000000> @"{06D722FC2666EB83}Prefabs/Weapons/Magazines/Box_556x45_M249_200rnd_4Ball_1Tracer.et" destroyed during loading of the world. This might cause issues with startup sync!
14:22:07.292     ENTITY       : SpawnEntityPrefab @"{84029128FA6F6BB9}Prefabs/Characters/Factions/BLUFOR/US_Army/Character_US_GL.et"
14:22:07.292      WORLD        : InitEntities 'PreloadWorld'
14:22:07.292       ENTITY       : Init entity @"ENTITY:105" ('SCR_ChimeraCharacter','Assets/Characters/Basebody/Basebody_Male_01.xob') at <0.000000 0.000000 0.000000> @"{84029128FA6F6BB9}Prefabs/Characters/Factions/BLUFOR/US_Army/Character_US_GL.et"
14:22:07.292        INVENTORY (E): Couldn't insert item @"ENTITY:153" ('GenericEntity','Assets/Weapons/Magazines/STANAG/Magazine_30rnd_STANAG.xob') at <0.000000 0.000000 0.000000> @"{D8F2CA92583B23D3}Prefabs/Weapons/Magazines/Magazine_556x45_STANAG_30rnd_Last_5Tracer.et" into storage @"ENTITY:124" ('GenericEntity','Assets/Items/Equipment/Accessories/Pouch_ALICE_30rnd_STANAG/Pouch_ALICE_30rnd_STANAG.xob') at <-0.104999 1.129537 0.050875> @"{0B0D67BC8F43A052}Prefabs/Items/Equipment/Accessories/Pouch_ALICE_30rnd_STANAG/Pouch_ALICE_30rnd_STANAG_base.et" while spawning initial items inside the storage.
14:22:07.292        NETWORK   (W): Replication: RplComponent on entity @"ENTITY:153" ('GenericEntity','Assets/Weapons/Magazines/STANAG/Magazine_30rnd_STANAG.xob') at <0.000000 0.000000 0.000000> @"{D8F2CA92583B23D3}Prefabs/Weapons/Magazines/Magazine_556x45_STANAG_30rnd_Last_5Tracer.et" destroyed during loading of the world. This might cause issues with startup sync!
14:22:07.292        INVENTORY (E): Couldn't insert item @"ENTITY:154" ('GenericEntity','Assets/Weapons/Magazines/STANAG/Magazine_30rnd_STANAG.xob') at <0.000000 0.000000 0.000000> @"{D8F2CA92583B23D3}Prefabs/Weapons/Magazines/Magazine_556x45_STANAG_30rnd_Last_5Tracer.et" into storage @"ENTITY:124" ('GenericEntity','Assets/Items/Equipment/Accessories/Pouch_ALICE_30rnd_STANAG/Pouch_ALICE_30rnd_STANAG.xob') at <-0.104999 1.129537 0.050875> @"{0B0D67BC8F43A052}Prefabs/Items/Equipment/Accessories/Pouch_ALICE_30rnd_STANAG/Pouch_ALICE_30rnd_STANAG_base.et" while spawning initial items inside the storage.
14:22:07.292        NETWORK   (W): Replication: RplComponent on entity @"ENTITY:154" ('GenericEntity','Assets/Weapons/Magazines/STANAG/Magazine_30rnd_STANAG.xob') at <0.000000 0.000000 0.000000> @"{D8F2CA92583B23D3}Prefabs/Weapons/Magazines/Magazine_556x45_STANAG_30rnd_Last_5Tracer.et" destroyed during loading of the world. This might cause issues with startup sync!
14:22:07.293        INVENTORY (E): Couldn't insert item @"ENTITY:155" ('GenericEntity','Assets/Weapons/Grenades/M67/Grenade_M67.xob') at <0.000000 0.000000 0.000000> @"{E8F00BF730225B00}Prefabs/Weapons/Grenades/Grenade_M67.et" into storage @"ENTITY:124" ('GenericEntity','Assets/Items/Equipment/Accessories/Pouch_ALICE_30rnd_STANAG/Pouch_ALICE_30rnd_STANAG.xob') at <-0.104999 1.129537 0.050875> @"{0B0D67BC8F43A052}Prefabs/Items/Equipment/Accessories/Pouch_ALICE_30rnd_STANAG/Pouch_ALICE_30rnd_STANAG_base.et" while spawning initial items inside the storage.
14:22:07.293        NETWORK   (W): Replication: RplComponent on entity @"ENTITY:155" ('GenericEntity','Assets/Weapons/Grenades/M67/Grenade_M67.xob') at <0.000000 0.000000 0.000000> @"{E8F00BF730225B00}Prefabs/Weapons/Grenades/Grenade_M67.et" destroyed during loading of the world. This might cause issues with startup sync!
14:22:07.293        INVENTORY (E): Couldn't insert item @"ENTITY:156" ('GenericEntity','Assets/Weapons/Grenades/M67/Grenade_M67.xob') at <0.000000 0.000000 0.000000> @"{E8F00BF730225B00}Prefabs/Weapons/Grenades/Grenade_M67.et" into storage @"ENTITY:124" ('GenericEntity','Assets/Items/Equipment/Accessories/Pouch_ALICE_30rnd_STANAG/Pouch_ALICE_30rnd_STANAG.xob') at <-0.104999 1.129537 0.050875> @"{0B0D67BC8F43A052}Prefabs/Items/Equipment/Accessories/Pouch_ALICE_30rnd_STANAG/Pouch_ALICE_30rnd_STANAG_base.et" while spawning initial items inside the storage.
14:22:07.293        NETWORK   (W): Replication: RplComponent on entity @"ENTITY:156" ('GenericEntity','Assets/Weapons/Grenades/M67/Grenade_M67.xob') at <0.000000 0.000000 0.000000> @"{E8F00BF730225B00}Prefabs/Weapons/Grenades/Grenade_M67.et" destroyed during loading of the world. This might cause issues with startup sync!
14:22:07.293        INVENTORY (E): Couldn't insert item @"ENTITY:157" ('GenericEntity','Assets/Weapons/Grenades/M67/Grenade_M67.xob') at <0.000000 0.000000 0.000000> @"{E8F00BF730225B00}Prefabs/Weapons/Grenades/Grenade_M67.et" into storage @"ENTITY:124" ('GenericEntity','Assets/Items/Equipment/Accessories/Pouch_ALICE_30rnd_STANAG/Pouch_ALICE_30rnd_STANAG.xob') at <-0.104999 1.129537 0.050875> @"{0B0D67BC8F43A052}Prefabs/Items/Equipment/Accessories/Pouch_ALICE_30rnd_STANAG/Pouch_ALICE_30rnd_STANAG_base.et" while spawning initial items inside the storage.
14:22:07.293        NETWORK   (W): Replication: RplComponent on entity @"ENTITY:157" ('GenericEntity','Assets/Weapons/Grenades/M67/Grenade_M67.xob') at <0.000000 0.000000 0.000000> @"{E8F00BF730225B00}Prefabs/Weapons/Grenades/Grenade_M67.et" destroyed during loading of the world. This might cause issues with startup sync!
14:22:07.327     ENTITY       : SpawnEntityPrefab @"{27BF1FF235DD6036}Prefabs/Characters/Factions/BLUFOR/US_Army/Character_US_LAT.et"
14:22:07.327      WORLD        : InitEntities 'PreloadWorld'
14:22:07.327       ENTITY       : Init entity @"ENTITY:178" ('SCR_ChimeraCharacter','Assets/Characters/Basebody/Basebody_Male_01.xob') at <0.000000 0.000000 0.000000> @"{27BF1FF235DD6036}Prefabs/Characters/Factions/BLUFOR/US_Army/Character_US_LAT.et"
14:22:07.327        INVENTORY (E): Couldn't insert item @"ENTITY:228" ('GenericEntity','Assets/Weapons/Magazines/STANAG/Magazine_30rnd_STANAG.xob') at <0.000000 0.000000 0.000000> @"{D8F2CA92583B23D3}Prefabs/Weapons/Magazines/Magazine_556x45_STANAG_30rnd_Last_5Tracer.et" into storage @"ENTITY:199" ('GenericEntity','Assets/Items/Equipment/Accessories/Pouch_ALICE_30rnd_STANAG/Pouch_ALICE_30rnd_STANAG.xob') at <-0.144399 1.162750 0.105744> @"{E3154E0EAC48D67B}Prefabs/Items/Equipment/Accessories/Pouch_ALICE_30rnd_STANAG/Pouch_ALICE_30rnd_STANAG.et" while spawning initial items inside the storage.
14:22:07.327        NETWORK   (W): Replication: RplComponent on entity @"ENTITY:228" ('GenericEntity','Assets/Weapons/Magazines/STANAG/Magazine_30rnd_STANAG.xob') at <0.000000 0.000000 0.000000> @"{D8F2CA92583B23D3}Prefabs/Weapons/Magazines/Magazine_556x45_STANAG_30rnd_Last_5Tracer.et" destroyed during loading of the world. This might cause issues with startup sync!
14:22:07.328        INVENTORY (E): Couldn't insert item @"ENTITY:229" ('GenericEntity','Assets/Weapons/Magazines/STANAG/Magazine_30rnd_STANAG.xob') at <0.000000 0.000000 0.000000> @"{D8F2CA92583B23D3}Prefabs/Weapons/Magazines/Magazine_556x45_STANAG_30rnd_Last_5Tracer.et" into storage @"ENTITY:199" ('GenericEntity','Assets/Items/Equipment/Accessories/Pouch_ALICE_30rnd_STANAG/Pouch_ALICE_30rnd_STANAG.xob') at <-0.144399 1.162750 0.105744> @"{E3154E0EAC48D67B}Prefabs/Items/Equipment/Accessories/Pouch_ALICE_30rnd_STANAG/Pouch_ALICE_30rnd_STANAG.et" while spawning initial items inside the storage.
14:22:07.328        NETWORK   (W): Replication: RplComponent on entity @"ENTITY:229" ('GenericEntity','Assets/Weapons/Magazines/STANAG/Magazine_30rnd_STANAG.xob') at <0.000000 0.000000 0.000000> @"{D8F2CA92583B23D3}Prefabs/Weapons/Magazines/Magazine_556x45_STANAG_30rnd_Last_5Tracer.et" destroyed during loading of the world. This might cause issues with startup sync!
14:22:07.328        INVENTORY (E): Couldn't insert item @"ENTITY:230" ('GenericEntity','Assets/Weapons/Magazines/STANAG/Magazine_30rnd_STANAG.xob') at <0.000000 0.000000 0.000000> @"{D8F2CA92583B23D3}Prefabs/Weapons/Magazines/Magazine_556x45_STANAG_30rnd_Last_5Tracer.et" into storage @"ENTITY:199" ('GenericEntity','Assets/Items/Equipment/Accessories/Pouch_ALICE_30rnd_STANAG/Pouch_ALICE_30rnd_STANAG.xob') at <-0.144399 1.162750 0.105744> @"{E3154E0EAC48D67B}Prefabs/Items/Equipment/Accessories/Pouch_ALICE_30rnd_STANAG/Pouch_ALICE_30rnd_STANAG.et" while spawning initial items inside the storage.
14:22:07.328        NETWORK   (W): Replication: RplComponent on entity @"ENTITY:230" ('GenericEntity','Assets/Weapons/Magazines/STANAG/Magazine_30rnd_STANAG.xob') at <0.000000 0.000000 0.000000> @"{D8F2CA92583B23D3}Prefabs/Weapons/Magazines/Magazine_556x45_STANAG_30rnd_Last_5Tracer.et" destroyed during loading of the world. This might cause issues with startup sync!
14:22:07.385     ENTITY       : SpawnEntityPrefab @"{C9E4FEAF5AAC8D8C}Prefabs/Characters/Factions/BLUFOR/US_Army/Character_US_Medic.et"
14:22:07.385      WORLD        : InitEntities 'PreloadWorld'
14:22:07.385       ENTITY       : Init entity @"ENTITY:234" ('SCR_ChimeraCharacter','Assets/Characters/Basebody/Basebody_Male_01.xob') at <0.000000 0.000000 0.000000> @"{C9E4FEAF5AAC8D8C}Prefabs/Characters/Factions/BLUFOR/US_Army/Character_US_Medic.et"
14:22:07.385        INVENTORY (E): Couldn't insert item @"ENTITY:309" ('GenericEntity','Assets/Weapons/Magazines/STANAG/Magazine_30rnd_STANAG.xob') at <0.000000 0.000000 0.000000> @"{D8F2CA92583B23D3}Prefabs/Weapons/Magazines/Magazine_556x45_STANAG_30rnd_Last_5Tracer.et" into storage @"ENTITY:255" ('GenericEntity','Assets/Items/Equipment/Accessories/Pouch_ALICE_30rnd_STANAG/Pouch_ALICE_30rnd_STANAG.xob') at <-0.144399 1.162750 0.105744> @"{E3154E0EAC48D67B}Prefabs/Items/Equipment/Accessories/Pouch_ALICE_30rnd_STANAG/Pouch_ALICE_30rnd_STANAG.et" while spawning initial items inside the storage.
14:22:07.385        NETWORK   (W): Replication: RplComponent on entity @"ENTITY:309" ('GenericEntity','Assets/Weapons/Magazines/STANAG/Magazine_30rnd_STANAG.xob') at <0.000000 0.000000 0.000000> @"{D8F2CA92583B23D3}Prefabs/Weapons/Magazines/Magazine_556x45_STANAG_30rnd_Last_5Tracer.et" destroyed during loading of the world. This might cause issues with startup sync!
14:22:07.385        INVENTORY (E): Couldn't insert item @"ENTITY:310" ('GenericEntity','Assets/Weapons/Magazines/STANAG/Magazine_30rnd_STANAG.xob') at <0.000000 0.000000 0.000000> @"{D8F2CA92583B23D3}Prefabs/Weapons/Magazines/Magazine_556x45_STANAG_30rnd_Last_5Tracer.et" into storage @"ENTITY:255" ('GenericEntity','Assets/Items/Equipment/Accessories/Pouch_ALICE_30rnd_STANAG/Pouch_ALICE_30rnd_STANAG.xob') at <-0.144399 1.162750 0.105744> @"{E3154E0EAC48D67B}Prefabs/Items/Equipment/Accessories/Pouch_ALICE_30rnd_STANAG/Pouch_ALICE_30rnd_STANAG.et" while spawning initial items inside the storage.
14:22:07.385        NETWORK   (W): Replication: RplComponent on entity @"ENTITY:310" ('GenericEntity','Assets/Weapons/Magazines/STANAG/Magazine_30rnd_STANAG.xob') at <0.000000 0.000000 0.000000> @"{D8F2CA92583B23D3}Prefabs/Weapons/Magazines/Magazine_556x45_STANAG_30rnd_Last_5Tracer.et" destroyed during loading of the world. This might cause issues with startup sync!
14:22:07.445     ENTITY       : SpawnEntityPrefab @"{1623EA3AEFACA0E4}Prefabs/Characters/Factions/BLUFOR/US_Army/Character_US_MG.et"
14:22:07.445      WORLD        : InitEntities 'PreloadWorld'
14:22:07.445       ENTITY       : Init entity @"ENTITY:313" ('SCR_ChimeraCharacter','Assets/Characters/Basebody/Basebody_Male_01.xob') at <0.000000 0.000000 0.000000> @"{1623EA3AEFACA0E4}Prefabs/Characters/Factions/BLUFOR/US_Army/Character_US_MG.et"
14:22:07.445        INVENTORY (E): Couldn't insert item @"ENTITY:359" ('GenericEntity','Assets/Weapons/Magazines/M60/Magazine_100rnd_M60_item.xob') at <0.000000 0.000000 0.000000> @"{4D2C1E8F3A81F894}Prefabs/Weapons/Magazines/Box_762x51_M60_100rnd_4Ball_1Tracer.et" into storage @"ENTITY:332" ('GenericEntity','Assets/Items/Equipment/Accessories/Pouch_ALICE_200rnd_M249/Pouch_ALICE_200rnd_M249.xob') at <-0.158100 1.025912 0.132786> @"{4F018E3CF74D8636}Prefabs/Items/Equipment/Accessories/Pouch_ALICE_200rnd_M249/Pouch_ALICE_200rnd_M249.et" while spawning initial items inside the storage.
14:22:07.445        NETWORK   (W): Replication: RplComponent on entity @"ENTITY:359" ('GenericEntity','Assets/Weapons/Magazines/M60/Magazine_100rnd_M60_item.xob') at <0.000000 0.000000 0.000000> @"{4D2C1E8F3A81F894}Prefabs/Weapons/Magazines/Box_762x51_M60_100rnd_4Ball_1Tracer.et" destroyed during loading of the world. This might cause issues with startup sync!
14:22:07.469     ENTITY       : SpawnEntityPrefab @"{26A9756790131354}Prefabs/Characters/Factions/BLUFOR/US_Army/Character_US_Rifleman.et"
14:22:07.469      WORLD        : InitEntities 'PreloadWorld'
14:22:07.469       ENTITY       : Init entity @"ENTITY:360" ('SCR_ChimeraCharacter','Assets/Characters/Basebody/Basebody_Male_01.xob') at <0.000000 0.000000 0.000000> @"{26A9756790131354}Prefabs/Characters/Factions/BLUFOR/US_Army/Character_US_Rifleman.et"
14:22:07.469        INVENTORY (E): Couldn't insert item @"ENTITY:408" ('GenericEntity','Assets/Weapons/Magazines/STANAG/Magazine_30rnd_STANAG.xob') at <0.000000 0.000000 0.000000> @"{D8F2CA92583B23D3}Prefabs/Weapons/Magazines/Magazine_556x45_STANAG_30rnd_Last_5Tracer.et" into storage @"ENTITY:379" ('GenericEntity','Assets/Items/Equipment/Accessories/Pouch_ALICE_30rnd_STANAG/Pouch_ALICE_30rnd_STANAG.xob') at <-0.144399 1.162750 0.105744> @"{E3154E0EAC48D67B}Prefabs/Items/Equipment/Accessories/Pouch_ALICE_30rnd_STANAG/Pouch_ALICE_30rnd_STANAG.et" while spawning initial items inside the storage.
14:22:07.470        NETWORK   (W): Replication: RplComponent on entity @"ENTITY:408" ('GenericEntity','Assets/Weapons/Magazines/STANAG/Magazine_30rnd_STANAG.xob') at <0.000000 0.000000 0.000000> @"{D8F2CA92583B23D3}Prefabs/Weapons/Magazines/Magazine_556x45_STANAG_30rnd_Last_5Tracer.et" destroyed during loading of the world. This might cause issues with startup sync!
14:22:07.470        INVENTORY (E): Couldn't insert item @"ENTITY:409" ('GenericEntity','Assets/Weapons/Magazines/STANAG/Magazine_30rnd_STANAG.xob') at <0.000000 0.000000 0.000000> @"{D8F2CA92583B23D3}Prefabs/Weapons/Magazines/Magazine_556x45_STANAG_30rnd_Last_5Tracer.et" into storage @"ENTITY:379" ('GenericEntity','Assets/Items/Equipment/Accessories/Pouch_ALICE_30rnd_STANAG/Pouch_ALICE_30rnd_STANAG.xob') at <-0.144399 1.162750 0.105744> @"{E3154E0EAC48D67B}Prefabs/Items/Equipment/Accessories/Pouch_ALICE_30rnd_STANAG/Pouch_ALICE_30rnd_STANAG.et" while spawning initial items inside the storage.
14:22:07.470        NETWORK   (W): Replication: RplComponent on entity @"ENTITY:409" ('GenericEntity','Assets/Weapons/Magazines/STANAG/Magazine_30rnd_STANAG.xob') at <0.000000 0.000000 0.000000> @"{D8F2CA92583B23D3}Prefabs/Weapons/Magazines/Magazine_556x45_STANAG_30rnd_Last_5Tracer.et" destroyed during loading of the world. This might cause issues with startup sync!
14:22:07.470        INVENTORY (E): Couldn't insert item @"ENTITY:410" ('GenericEntity','Assets/Weapons/Magazines/STANAG/Magazine_30rnd_STANAG.xob') at <0.000000 0.000000 0.000000> @"{D8F2CA92583B23D3}Prefabs/Weapons/Magazines/Magazine_556x45_STANAG_30rnd_Last_5Tracer.et" into storage @"ENTITY:379" ('GenericEntity','Assets/Items/Equipment/Accessories/Pouch_ALICE_30rnd_STANAG/Pouch_ALICE_30rnd_STANAG.xob') at <-0.144399 1.162750 0.105744> @"{E3154E0EAC48D67B}Prefabs/Items/Equipment/Accessories/Pouch_ALICE_30rnd_STANAG/Pouch_ALICE_30rnd_STANAG.et" while spawning initial items inside the storage.
14:22:07.470        NETWORK   (W): Replication: RplComponent on entity @"ENTITY:410" ('GenericEntity','Assets/Weapons/Magazines/STANAG/Magazine_30rnd_STANAG.xob') at <0.000000 0.000000 0.000000> @"{D8F2CA92583B23D3}Prefabs/Weapons/Magazines/Magazine_556x45_STANAG_30rnd_Last_5Tracer.et" destroyed during loading of the world. This might cause issues with startup sync!
14:22:07.504     ENTITY       : SpawnEntityPrefab @"{1CA3D30464EE4674}Prefabs/Characters/Factions/BLUFOR/US_Army/Character_US_Spotter.et"
14:22:07.504      WORLD        : InitEntities 'PreloadWorld'
14:22:07.504       ENTITY       : Init entity @"ENTITY:414" ('SCR_ChimeraCharacter','Assets/Characters/Basebody/Basebody_Male_01.xob') at <0.000000 0.000000 0.000000> @"{1CA3D30464EE4674}Prefabs/Characters/Factions/BLUFOR/US_Army/Character_US_Spotter.et"
14:22:07.504        INVENTORY (E): Couldn't insert item @"ENTITY:464" ('GenericEntity','Assets/Weapons/Magazines/STANAG/Magazine_30rnd_STANAG.xob') at <0.000000 0.000000 0.000000> @"{D8F2CA92583B23D3}Prefabs/Weapons/Magazines/Magazine_556x45_STANAG_30rnd_Last_5Tracer.et" into storage @"ENTITY:435" ('GenericEntity','Assets/Items/Equipment/Accessories/Pouch_ALICE_30rnd_STANAG/Pouch_ALICE_30rnd_STANAG.xob') at <-0.104999 1.129537 0.050875> @"{0B0D67BC8F43A052}Prefabs/Items/Equipment/Accessories/Pouch_ALICE_30rnd_STANAG/Pouch_ALICE_30rnd_STANAG_base.et" while spawning initial items inside the storage.
14:22:07.504        NETWORK   (W): Replication: RplComponent on entity @"ENTITY:464" ('GenericEntity','Assets/Weapons/Magazines/STANAG/Magazine_30rnd_STANAG.xob') at <0.000000 0.000000 0.000000> @"{D8F2CA92583B23D3}Prefabs/Weapons/Magazines/Magazine_556x45_STANAG_30rnd_Last_5Tracer.et" destroyed during loading of the world. This might cause issues with startup sync!
14:22:07.504        INVENTORY (E): Couldn't insert item @"ENTITY:465" ('GenericEntity','Assets/Weapons/Magazines/STANAG/Magazine_30rnd_STANAG.xob') at <0.000000 0.000000 0.000000> @"{D8F2CA92583B23D3}Prefabs/Weapons/Magazines/Magazine_556x45_STANAG_30rnd_Last_5Tracer.et" into storage @"ENTITY:435" ('GenericEntity','Assets/Items/Equipment/Accessories/Pouch_ALICE_30rnd_STANAG/Pouch_ALICE_30rnd_STANAG.xob') at <-0.104999 1.129537 0.050875> @"{0B0D67BC8F43A052}Prefabs/Items/Equipment/Accessories/Pouch_ALICE_30rnd_STANAG/Pouch_ALICE_30rnd_STANAG_base.et" while spawning initial items inside the storage.
14:22:07.504        NETWORK   (W): Replication: RplComponent on entity @"ENTITY:465" ('GenericEntity','Assets/Weapons/Magazines/STANAG/Magazine_30rnd_STANAG.xob') at <0.000000 0.000000 0.000000> @"{D8F2CA92583B23D3}Prefabs/Weapons/Magazines/Magazine_556x45_STANAG_30rnd_Last_5Tracer.et" destroyed during loading of the world. This might cause issues with startup sync!
14:22:07.505        INVENTORY (E): Couldn't insert item @"ENTITY:466" ('GenericEntity','Assets/Weapons/Grenades/M67/Grenade_M67.xob') at <0.000000 0.000000 0.000000> @"{E8F00BF730225B00}Prefabs/Weapons/Grenades/Grenade_M67.et" into storage @"ENTITY:435" ('GenericEntity','Assets/Items/Equipment/Accessories/Pouch_ALICE_30rnd_STANAG/Pouch_ALICE_30rnd_STANAG.xob') at <-0.104999 1.129537 0.050875> @"{0B0D67BC8F43A052}Prefabs/Items/Equipment/Accessories/Pouch_ALICE_30rnd_STANAG/Pouch_ALICE_30rnd_STANAG_base.et" while spawning initial items inside the storage.
14:22:07.505        NETWORK   (W): Replication: RplComponent on entity @"ENTITY:466" ('GenericEntity','Assets/Weapons/Grenades/M67/Grenade_M67.xob') at <0.000000 0.000000 0.000000> @"{E8F00BF730225B00}Prefabs/Weapons/Grenades/Grenade_M67.et" destroyed during loading of the world. This might cause issues with startup sync!
14:22:07.505        INVENTORY (E): Couldn't insert item @"ENTITY:467" ('GenericEntity','Assets/Weapons/Grenades/M67/Grenade_M67.xob') at <0.000000 0.000000 0.000000> @"{E8F00BF730225B00}Prefabs/Weapons/Grenades/Grenade_M67.et" into storage @"ENTITY:435" ('GenericEntity','Assets/Items/Equipment/Accessories/Pouch_ALICE_30rnd_STANAG/Pouch_ALICE_30rnd_STANAG.xob') at <-0.104999 1.129537 0.050875> @"{0B0D67BC8F43A052}Prefabs/Items/Equipment/Accessories/Pouch_ALICE_30rnd_STANAG/Pouch_ALICE_30rnd_STANAG_base.et" while spawning initial items inside the storage.
14:22:07.505        NETWORK   (W): Replication: RplComponent on entity @"ENTITY:467" ('GenericEntity','Assets/Weapons/Grenades/M67/Grenade_M67.xob') at <0.000000 0.000000 0.000000> @"{E8F00BF730225B00}Prefabs/Weapons/Grenades/Grenade_M67.et" destroyed during loading of the world. This might cause issues with startup sync!
14:22:07.506        INVENTORY (E): Couldn't insert item @"ENTITY:468" ('GenericEntity','Assets/Weapons/Grenades/M67/Grenade_M67.xob') at <0.000000 0.000000 0.000000> @"{E8F00BF730225B00}Prefabs/Weapons/Grenades/Grenade_M67.et" into storage @"ENTITY:435" ('GenericEntity','Assets/Items/Equipment/Accessories/Pouch_ALICE_30rnd_STANAG/Pouch_ALICE_30rnd_STANAG.xob') at <-0.104999 1.129537 0.050875> @"{0B0D67BC8F43A052}Prefabs/Items/Equipment/Accessories/Pouch_ALICE_30rnd_STANAG/Pouch_ALICE_30rnd_STANAG_base.et" while spawning initial items inside the storage.
14:22:07.506        NETWORK   (W): Replication: RplComponent on entity @"ENTITY:468" ('GenericEntity','Assets/Weapons/Grenades/M67/Grenade_M67.xob') at <0.000000 0.000000 0.000000> @"{E8F00BF730225B00}Prefabs/Weapons/Grenades/Grenade_M67.et" destroyed during loading of the world. This might cause issues with startup sync!
14:22:07.629     ENTITY       : SpawnEntityPrefab @"{23ADBBC31B6A3DC6}Prefabs/Characters/Factions/OPFOR/USSR_Army/Character_USSR_AR.et"
14:22:07.629      WORLD        : InitEntities 'PreloadWorld'
14:22:07.629       ENTITY       : Init entity @"ENTITY:536" ('SCR_ChimeraCharacter','Assets/Characters/Basebody/Basebody_Male_01.xob') at <0.000000 0.000000 0.000000> @"{23ADBBC31B6A3DC6}Prefabs/Characters/Factions/OPFOR/USSR_Army/Character_USSR_AR.et"
14:22:07.629        INVENTORY (E): Couldn't insert item @"ENTITY:576" ('GenericEntity','Assets/Weapons/Magazines/RPK74/Magazine_45rnd_RPK74.xob') at <0.000000 0.000000 0.000000> @"{0365BD6D3D8270E9}Prefabs/Weapons/Magazines/Magazine_545x39_RPK_45rnd_APTracer.et" into storage @"ENTITY:553" ('GenericEntity','Assets/Items/Equipment/Accessories/Pouch_Soviet_45rnd_RPK74/Pouch_Soviet_45rnd_RPK74.xob') at <-0.128100 1.112072 0.103191> @"{B6EEF03975F21E4E}Prefabs/Items/Equipment/Accessories/Pouch_Soviet_45rnd_RPK74/Pouch_Soviet_45rnd_RPK74.et" while spawning initial items inside the storage.
14:22:07.629        NETWORK   (W): Replication: RplComponent on entity @"ENTITY:576" ('GenericEntity','Assets/Weapons/Magazines/RPK74/Magazine_45rnd_RPK74.xob') at <0.000000 0.000000 0.000000> @"{0365BD6D3D8270E9}Prefabs/Weapons/Magazines/Magazine_545x39_RPK_45rnd_APTracer.et" destroyed during loading of the world. This might cause issues with startup sync!
14:22:07.629        INVENTORY (E): Couldn't insert item @"ENTITY:577" ('GenericEntity','Assets/Weapons/Magazines/RPK74/Magazine_45rnd_RPK74.xob') at <0.000000 0.000000 0.000000> @"{D78C667F59829717}Prefabs/Weapons/Magazines/Magazine_545x39_RPK_45rnd_4Ball_1Tracer.et" into storage @"ENTITY:553" ('GenericEntity','Assets/Items/Equipment/Accessories/Pouch_Soviet_45rnd_RPK74/Pouch_Soviet_45rnd_RPK74.xob') at <-0.128100 1.112072 0.103191> @"{B6EEF03975F21E4E}Prefabs/Items/Equipment/Accessories/Pouch_Soviet_45rnd_RPK74/Pouch_Soviet_45rnd_RPK74.et" while spawning initial items inside the storage.
14:22:07.629        NETWORK   (W): Replication: RplComponent on entity @"ENTITY:577" ('GenericEntity','Assets/Weapons/Magazines/RPK74/Magazine_45rnd_RPK74.xob') at <0.000000 0.000000 0.000000> @"{D78C667F59829717}Prefabs/Weapons/Magazines/Magazine_545x39_RPK_45rnd_4Ball_1Tracer.et" destroyed during loading of the world. This might cause issues with startup sync!
14:22:07.629        INVENTORY (E): Couldn't insert item @"ENTITY:578" ('GenericEntity','Assets/Weapons/Magazines/RPK74/Magazine_45rnd_RPK74.xob') at <0.000000 0.000000 0.000000> @"{D78C667F59829717}Prefabs/Weapons/Magazines/Magazine_545x39_RPK_45rnd_4Ball_1Tracer.et" into storage @"ENTITY:553" ('GenericEntity','Assets/Items/Equipment/Accessories/Pouch_Soviet_45rnd_RPK74/Pouch_Soviet_45rnd_RPK74.xob') at <-0.128100 1.112072 0.103191> @"{B6EEF03975F21E4E}Prefabs/Items/Equipment/Accessories/Pouch_Soviet_45rnd_RPK74/Pouch_Soviet_45rnd_RPK74.et" while spawning initial items inside the storage.
14:22:07.629        NETWORK   (W): Replication: RplComponent on entity @"ENTITY:578" ('GenericEntity','Assets/Weapons/Magazines/RPK74/Magazine_45rnd_RPK74.xob') at <0.000000 0.000000 0.000000> @"{D78C667F59829717}Prefabs/Weapons/Magazines/Magazine_545x39_RPK_45rnd_4Ball_1Tracer.et" destroyed during loading of the world. This might cause issues with startup sync!
14:22:07.630        INVENTORY (E): Couldn't insert item @"ENTITY:579" ('GenericEntity','Assets/Weapons/Magazines/RPK74/Magazine_45rnd_RPK74.xob') at <0.000000 0.000000 0.000000> @"{D78C667F59829717}Prefabs/Weapons/Magazines/Magazine_545x39_RPK_45rnd_4Ball_1Tracer.et" into storage @"ENTITY:553" ('GenericEntity','Assets/Items/Equipment/Accessories/Pouch_Soviet_45rnd_RPK74/Pouch_Soviet_45rnd_RPK74.xob') at <-0.128100 1.112072 0.103191> @"{B6EEF03975F21E4E}Prefabs/Items/Equipment/Accessories/Pouch_Soviet_45rnd_RPK74/Pouch_Soviet_45rnd_RPK74.et" while spawning initial items inside the storage.
14:22:07.630        NETWORK   (W): Replication: RplComponent on entity @"ENTITY:579" ('GenericEntity','Assets/Weapons/Magazines/RPK74/Magazine_45rnd_RPK74.xob') at <0.000000 0.000000 0.000000> @"{D78C667F59829717}Prefabs/Weapons/Magazines/Magazine_545x39_RPK_45rnd_4Ball_1Tracer.et" destroyed during loading of the world. This might cause issues with startup sync!
14:22:07.831     ENTITY       : SpawnEntityPrefab @"{96C784C502AC37DA}Prefabs/Characters/Factions/OPFOR/USSR_Army/Character_USSR_MG.et"
14:22:07.831      WORLD        : InitEntities 'PreloadWorld'
14:22:07.831       ENTITY       : Init entity @"ENTITY:756" ('SCR_ChimeraCharacter','Assets/Characters/Basebody/Basebody_Male_01.xob') at <0.000000 0.000000 0.000000> @"{96C784C502AC37DA}Prefabs/Characters/Factions/OPFOR/USSR_Army/Character_USSR_MG.et"
14:22:07.831        INVENTORY (E): Couldn't insert item @"ENTITY:795" ('GenericEntity','Assets/Weapons/Magazines/PKM/Magazine_100rnd_PKM_item.xob') at <0.000000 0.000000 0.000000> @"{E5E9C5897CF47F44}Prefabs/Weapons/Magazines/Box_762x54_PK_100rnd_4Ball_1Tracer.et" into storage @"ENTITY:775" ('GenericEntity','Assets/Items/Equipment/Accessories/Pouch_Soviet_100rnd_PKM/Pouch_Soviet_100rnd_PKM.xob') at <-0.153100 0.991195 0.152003> @"{F03EAAE51C256CFA}Prefabs/Items/Equipment/Accessories/Pouch_Soviet_100rnd_PKM/Pouch_Soviet_100rnd_PKM.et" while spawning initial items inside the storage.
14:22:07.831        NETWORK   (W): Replication: RplComponent on entity @"ENTITY:795" ('GenericEntity','Assets/Weapons/Magazines/PKM/Magazine_100rnd_PKM_item.xob') at <0.000000 0.000000 0.000000> @"{E5E9C5897CF47F44}Prefabs/Weapons/Magazines/Box_762x54_PK_100rnd_4Ball_1Tracer.et" destroyed during loading of the world. This might cause issues with startup sync!
14:22:09.490    ENTITY       : Create entity @"ENTITY:59346" ('GenericEntity','Assets/Props/Military/Antennas/Antenna_R142_01/Antenna_R142_01.xob') at <1370.808838 43.980034 2350.310547>
14:22:09.490     DEFAULT   (W): World doesn't contain RadioManagerEntity to support any BaseRadioComponent.
14:22:09.589    ENTITY       : Create entity @"ENTITY:61269" ('GenericEntity','Assets/Props/Military/Antennas/Antenna_R161_01/Antenna_R161_01.xob') at <1361.318970 36.590000 2335.080078> @"{5B8922E61D8DF345}Prefabs/Props/Military/Antennas/Antenna_R161_01.et"
14:22:09.589     DEFAULT   (W): BaseRadioComponent does not have any transceiver. (Entity: @"ENTITY:61269" ('GenericEntity','Assets/Props/Military/Antennas/Antenna_R161_01/Antenna_R161_01.xob') at <1361.318970 36.590000 2335.080078> @"{5B8922E61D8DF345}Prefabs/Props/Military/Antennas/Antenna_R161_01.et"). Only printing this message once. There're possibly more nodes with this requirement.
14:22:13.574    ENTITY       : Create entity @"ENTITY:2305843009213694943" ('EscapistsFactionManager', ESCT_FactionManager) at <0.000000 0.000000 0.000000> @"{E3D888FF32E53DE2}Prefabs/MP/Managers/Factions/ESCT_FactionManager.et"
14:22:13.574     RESOURCES    : GetResourceObject @"{D2B6DA98F6A18C89}PrefabsEditable/Compositions/Locations/Hideouts/E_L_Hideout_FIA_03.et"
14:22:13.575      WORLD        : Entity prefab load @"{D2B6DA98F6A18C89}PrefabsEditable/Compositions/Locations/Hideouts/E_L_Hideout_FIA_03.et"
14:22:13.575       RESOURCES    : GetResourceObject @"{86E03364AB549230}Prefabs/Items/Equipment/Tents/TentSmallFIA_01_packed.et"
14:22:13.575        WORLD        : Entity prefab load @"{86E03364AB549230}Prefabs/Items/Equipment/Tents/TentSmallFIA_01_packed.et"
14:22:13.575         WORLD     (E): Unknown class 'SCR_ConditionalDeployableItemComponent' at offset 933(0x3a5)
14:22:13.575         WORLD     (E): Unknown class 'SCR_DeployableItemPickUpItemAction' at offset 1474(0x5c2)
14:22:13.575         WORLD     (E): Unknown class 'SCR_DeployItemBaseAction' at offset 1532(0x5fc)
14:22:13.575         WORLD     (E): Unknown class 'SCR_DismantleItemBaseAction' at offset 1710(0x6ae)
14:22:13.592     RESOURCES    : GetResourceObject @"{DDDD9B51F1234DF3}Prefabs/Vehicles/Helicopters/UH1H/UH1H_armed.et"
14:22:13.592      WORLD        : Entity prefab load @"{DDDD9B51F1234DF3}Prefabs/Vehicles/Helicopters/UH1H/UH1H_armed.et"
14:22:13.592       RESOURCES    : GetResourceObject @"{70BAEEFC2D3FEE64}Prefabs/Vehicles/Helicopters/UH1H/UH1H.et"
14:22:13.592        WORLD        : Entity prefab load @"{70BAEEFC2D3FEE64}Prefabs/Vehicles/Helicopters/UH1H/UH1H.et"
14:22:13.592         RESOURCES    : GetResourceObject @"{D03C0F6044DB5208}Prefabs/Vehicles/Helicopters/UH1H/UH1H_base.et"
14:22:13.592          WORLD        : Entity prefab load @"{D03C0F6044DB5208}Prefabs/Vehicles/Helicopters/UH1H/UH1H_base.et"
14:22:13.593           WORLD     (E): Unknown keyword/data 'm_bShowEffectInWB' at offset 16561(0x40b1)
14:22:13.698     RESOURCES    : GetResourceObject @"{C94DE64767618355}PrefabsEditable/Compositions/Locations/Helipads/E_L_Helipad_US_02.et"
14:22:13.698      WORLD        : Entity prefab load @"{C94DE64767618355}PrefabsEditable/Compositions/Locations/Helipads/E_L_Helipad_US_02.et"
14:22:13.698       RESOURCES    : GetResourceObject @"{E0A7FF912FB05FE6}PrefabsEditable/Compositions/Locations/Helipads/E_L_Helipad_US_01.et"
14:22:13.698        WORLD        : Entity prefab load @"{E0A7FF912FB05FE6}PrefabsEditable/Compositions/Locations/Helipads/E_L_Helipad_US_01.et"
14:22:13.698         RESOURCES    : GetResourceObject @"{472BE7BF1240C1CE}Prefabs/Compositions/Misc/SubCompositions/Utility/Helipad_Lights_US_01.et"
14:22:13.698          WORLD        : Entity prefab load @"{472BE7BF1240C1CE}Prefabs/Compositions/Misc/SubCompositions/Utility/Helipad_Lights_US_01.et"
14:22:13.698           WORLD     (E): Unknown keyword/data 'm_bShowDebugShape' at offset 2491(0x9bb)
14:22:13.767     RESOURCES    : GetResourceObject @"{18EBAF64C7092812}Prefabs/Characters/Uniforms/BF89_BDU_M70_Jacket_DPM_68.et"
14:22:13.767      WORLD        : Entity prefab load @"{18EBAF64C7092812}Prefabs/Characters/Uniforms/BF89_BDU_M70_Jacket_DPM_68.et"
14:22:13.767       RESOURCES (E): Wrong GUID/name for resource @"{461AF5DA6404BD78}Assets/Characters/Uniforms/Jacket_BDU_M81/Data/bf89_Jacket_BDU_M81_DPM_01.emat" in property "AssignedMaterial"
14:22:13.767     ENTITY       : SpawnEntityPrefab @"{18EBAF64C7092812}Prefabs/Characters/Uniforms/BF89_BDU_M70_Jacket_DPM_68.et"
14:22:13.767      ENTITY       : Create entity @"ENTITY:4" ('GenericEntity') at <0.000000 0.000000 0.000000>
14:22:13.767       RESOURCES (E): Can't remap 'Assets/Characters/Uniforms/Jacket_M70/Jacket_M70_01.xob' material from 'Jacket_BDU_M81' to 'Assets/Characters/Uniforms/Jacket_BDU_M81/Data/bf89_Jacket_BDU_M81_DPM_01.emat'. Source material do not exist
14:22:13.769     RESOURCES    : GetResourceObject @"{DB8E8BC0DD27FDD7}Prefabs/Characters/Uniforms/Smock_Combat_Rolled_68Pat_DPM_01_Worn.et"
14:22:13.769      WORLD        : Entity prefab load @"{DB8E8BC0DD27FDD7}Prefabs/Characters/Uniforms/Smock_Combat_Rolled_68Pat_DPM_01_Worn.et"
14:22:13.769       RESOURCES (E): Wrong GUID/name for resource @"{461AF5DA6404BD78}Assets/Characters/Uniforms/Jacket_BDU_M81/Data/bf89_Jacket_BDU_M81_DPM_01.emat" in property "AssignedMaterial"
14:22:13.769     ENTITY       : SpawnEntityPrefab @"{DB8E8BC0DD27FDD7}Prefabs/Characters/Uniforms/Smock_Combat_Rolled_68Pat_DPM_01_Worn.et"
14:22:13.769      ENTITY       : Create entity @"ENTITY:6" ('GenericEntity') at <0.000000 0.000000 0.000000>
14:22:13.769       RESOURCES (E): Can't remap 'Assets/Characters/Uniforms/Jacket_BDU_M81/Jacket_BDU_M81_rolledup.xob' material from 'Jacket_BDU_M81' to 'Assets/Characters/Uniforms/Jacket_BDU_M81/Data/bf89_Jacket_BDU_M81_DPM_01.emat'. Source material do not exist
14:22:13.780     RESOURCES    : GetResourceObject @"{9065E77698E63C1B}Prefabs/Items/Equipment/Binoculars/Binoculars_L12A1_Avimo.et"
14:22:13.780      WORLD        : Entity prefab load @"{9065E77698E63C1B}Prefabs/Items/Equipment/Binoculars/Binoculars_L12A1_Avimo.et"
14:22:13.780       RESOURCES    : GetResourceObject @"{E57CC16EFC0CD3D6}Prefabs/Items/Equipment/Binoculars/Binoculars_L12A1_Avimo_base.et"
14:22:13.780        WORLD        : Entity prefab load @"{E57CC16EFC0CD3D6}Prefabs/Items/Equipment/Binoculars/Binoculars_L12A1_Avimo_base.et"
14:22:13.780         WORLD     (E): Unknown keyword/data 'm_sLayoutResource' at offset 2176(0x880)
14:22:13.807     RESOURCES    : GetResourceObject @"{9C4986620BBCA867}Prefabs/Weapons/Rifles/L85/LSW_A1/Rifle_L85_LSW_A1_Attachments_SUSAT.et"
14:22:13.807      WORLD        : Entity prefab load @"{9C4986620BBCA867}Prefabs/Weapons/Rifles/L85/LSW_A1/Rifle_L85_LSW_A1_Attachments_SUSAT.et"
14:22:13.807       RESOURCES    : GetResourceObject @"{645F57AD6D6B351C}Prefabs/Weapons/Rifles/L85/LSW_A1/Rifle_L85_LSW_A1_base.et"
14:22:13.807        WORLD        : Entity prefab load @"{645F57AD6D6B351C}Prefabs/Weapons/Rifles/L85/LSW_A1/Rifle_L85_LSW_A1_base.et"
14:22:13.807         RESOURCES    : GetResourceObject @"{64E4E9A30D73B776}Prefabs/Weapons/Rifles/L85/Rifle_L85_LSW_base.et"
14:22:13.807          WORLD        : Entity prefab load @"{64E4E9A30D73B776}Prefabs/Weapons/Rifles/L85/Rifle_L85_LSW_base.et"
14:22:13.807           RESOURCES    : GetResourceObject @"{853BACE9E1B5DEFC}Prefabs/Weapons/Rifles/L85/Rifle_L85_base.et"
14:22:13.807            WORLD        : Entity prefab load @"{853BACE9E1B5DEFC}Prefabs/Weapons/Rifles/L85/Rifle_L85_base.et"
14:22:13.807             RESOURCES (E): Wrong GUID/name for resource @"{69BB7425771A8F48}UI/Textures/WeaponIcons/weapon_M16.edds" in property "Icon"
14:22:13.809     RESOURCES    : GetResourceObject @"{721B8B1D073A3BAC}Prefabs/Weapons/Rifles/AR15_604/Rifle_AR15_604_M203.et"
14:22:13.809      WORLD        : Entity prefab load @"{721B8B1D073A3BAC}Prefabs/Weapons/Rifles/AR15_604/Rifle_AR15_604_M203.et"
14:22:13.809       RESOURCES    : GetResourceObject @"{F880C7D11F542412}Prefabs/Weapons/Rifles/AR15_604/Rifle_AR15_604_base.et"
14:22:13.809        WORLD        : Entity prefab load @"{F880C7D11F542412}Prefabs/Weapons/Rifles/AR15_604/Rifle_AR15_604_base.et"
14:22:13.809         RESOURCES (E): Wrong GUID/name for resource @"{69BB7425771A8F48}UI/Textures/WeaponIcons/weapon_M16.edds" in property "Icon"
14:22:13.866     RESOURCES    : GetResourceObject @"{7BD282AF716ED639}Prefabs/Vehicles/Helicopters/Mi8MT/Mi8MT_armed.et"
14:22:13.866      WORLD        : Entity prefab load @"{7BD282AF716ED639}Prefabs/Vehicles/Helicopters/Mi8MT/Mi8MT_armed.et"
14:22:13.866       RESOURCES    : GetResourceObject @"{20C37D5090E4E0E6}Prefabs/Vehicles/Helicopters/Mi8MT/Mi8MT_armed_base.et"
14:22:13.866        WORLD        : Entity prefab load @"{20C37D5090E4E0E6}Prefabs/Vehicles/Helicopters/Mi8MT/Mi8MT_armed_base.et"
14:22:13.866         RESOURCES    : GetResourceObject @"{AFF6067A5CE8A853}Prefabs/Vehicles/Helicopters/Mi8MT/Mi8MT_base.et"
14:22:13.866          WORLD        : Entity prefab load @"{AFF6067A5CE8A853}Prefabs/Vehicles/Helicopters/Mi8MT/Mi8MT_base.et"
14:22:13.866           RESOURCES    : GetResourceObject @"{AFF6067A5CE8A852}Prefabs/Vehicles/Helicopters/Mi8MT/Mi8_base.et"
14:22:13.867            WORLD        : Entity prefab load @"{AFF6067A5CE8A852}Prefabs/Vehicles/Helicopters/Mi8MT/Mi8_base.et"
14:22:13.867             WORLD     (E): Unknown keyword/data 'm_bShowEffectInWB' at offset 19148(0x4acc)
14:22:15.272    WORLD        : InitEntities 'world'
14:22:15.272     ENTITY       : Init entity @"ENTITY:3" ('MapEntity1', SCR_MapEntity) at <2237.496094 53.673000 2875.002930> @"{66FBC1063149819B}Prefabs/World/Game/Arland/MapEntity_Arland.et"
14:22:15.272      SCRIPT    (W): SCR_MapEntity: Cannot get the size from terrain. Using default.
14:22:18.525 GUI       (W): Missing string ID = BritishForces-weapon-AR15604-name
14:22:18.530 GUI       (W): Missing string ID = BritishForces-weapon-AR15604-name
14:22:18.537 SCRIPT    (E): 'SCR_BaseSupportStationComponent' 'EOnInit': 'SCR_DestructibleBuildingEntity<0x00007FEFDCE835D0> @"ENTITY:59112" ('SCR_DestructibleBuildingEntity','Assets/Structures/Commer' Support Station is set to use supplies  but it has no SCR_ResourceComponent
14:22:18.538 SCRIPT    (E): 'SCR_BaseSupportStationComponent' 'EOnInit': 'SCR_DestructibleBuildingEntity<0x00007FEFDCE83708> @"ENTITY:59118" ('SCR_DestructibleBuildingEntity','Assets/Structures/Commer' Support Station is set to use supplies  but it has no SCR_ResourceComponent
14:22:18.538 SCRIPT    (E): 'SCR_BaseSupportStationComponent' 'EOnInit': 'SCR_DestructibleBuildingEntity<0x00007FEFDCE83840> @"ENTITY:59124" ('SCR_DestructibleBuildingEntity','Assets/Structures/Commer' Support Station is set to use supplies  but it has no SCR_ResourceComponent
14:22:18.539 SCRIPT    (E): 'SCR_BaseSupportStationComponent' 'EOnInit': 'SCR_DestructibleBuildingEntity<0x00007FEFDCE83978> @"ENTITY:59130" ('SCR_DestructibleBuildingEntity','Assets/Structures/Commer' Support Station is set to use supplies  but it has no SCR_ResourceComponent
14:22:18.539 SCRIPT    (E): 'SCR_BaseSupportStationComponent' 'EOnInit': 'SCR_DestructibleBuildingEntity<0x00007FEFE11AB228> @"ENTITY:109736" ('SCR_DestructibleBuildingEntity','Assets/Structures/Comme' Support Station is set to use supplies  but it has no SCR_ResourceComponent
14:22:18.540 SCRIPT    (E): 'SCR_BaseSupportStationComponent' 'EOnInit': 'SCR_DestructibleBuildingEntity<0x00007FEFE11AB360> @"ENTITY:109741" ('SCR_DestructibleBuildingEntity','Assets/Structures/Comme' Support Station is set to use supplies  but it has no SCR_ResourceComponent
