---------------------------------------------
Log /home/profile/logs/logs_2024-07-25_19-46-27/console.log started at 2024-07-25 19:46:27 (2024-07-25 19:46:27 UTC)

19:46:27.893 ENGINE       : FileSystem: Adding relative directory '/home/profile/logs/logs_2024-07-25_19-46-27' to filesystem under name logs
19:46:27.893 ENGINE       : FileSystem: Adding relative directory '/home/profile/profile' to filesystem under name profile
19:46:27.895 ENGINE       : Initializing engine.
19:46:27.895 ENGINE       : CLI Params: -config /reforger/Configs/redshore.json -backendlog -nothrow -maxFPS 60 -profile /home/profile -addonDownloadDir /reforger/workshop -addonsDir /reforger/workshop -autoreload 10 -loadSessionSave 
19:46:27.910 ENGINE       : Addon dirs:
19:46:27.910  ENGINE       : dir: '/reforger/workshop'
19:46:27.910  ENGINE       : dir: './addons'
19:46:27.910  ENGINE       : dir: '/home/profile/addons'
19:46:27.910 ENGINE       : Available addons:
19:46:27.910  ENGINE       : gproj: './addons/data/ArmaReforger.gproj' guid: '58D0FB3206B6F859' (packed)
19:46:27.910  ENGINE       : gproj: './addons/core/core.gproj' guid: '5614BBCCBB55ED1C' (packed)
19:46:27.987 ENGINE       : FileSystem: Adding package './addons/data/' (pak count: 4) to filesystem under name ArmaReforger
19:46:27.988 ENGINE       : FileSystem: Adding package './addons/core/' (pak count: 1) to filesystem under name core
19:46:27.988 RESOURCES    : ResourceDB: loading cache (id=0 name=ArmaReforger path=./addons/data/resourceDatabase.rdb)
19:46:28.216 RESOURCES    : ResourceDB: loading cache (id=1 name=core path=./addons/core/resourceDatabase.rdb)
19:46:28.222 RESOURCES    : ResourceDB: loading cache (id=2 name=profile path=/home/profile/profile/resourceDatabase.rdb)
19:46:28.222 RESOURCES    : ResourceDB: loading cache (id=3 name=logs path=/home/profile/logs/logs_2024-07-25_19-46-27/resourceDatabase.rdb)
19:46:28.388 ENGINE       : GameProject load
19:46:28.388  ENGINE       : Loaded addons:
19:46:28.388   ENGINE       : gproj: './addons/core/core.gproj' guid: '5614BBCCBB55ED1C'
19:46:28.388   ENGINE       : gproj: './addons/data/ArmaReforger.gproj' guid: '58D0FB3206B6F859'
19:46:28.389 ENGINE       : GameProject load
19:46:28.389  INIT         : GameProject load project data @"./addons/data/ArmaReforger.gproj"
19:46:28.389   RESOURCES (E): Wrong GUID/name for resource @"{C014582791ECBF24}Language/localization.st" in property "StringTableSource"
19:46:28.390 ENGINE       : Loading custom engine user config '$profile:.save/settings/ReforgerEngineSettings.conf'
19:46:28.390 INIT         : GameProject engine user settings load @"$profile:.save/settings/ReforgerEngineSettings.conf"
19:46:28.390  ENGINE       : Engine user settings config loaded
19:46:28.391 RENDER       : Basic screen setup:
19:46:28.391 RENDER       :   Back buffer width x height: 0x0
19:46:28.391 RENDER       :   Back buffer format	       : TEXFMT_UNKNOWN (0)
19:46:28.391 RENDER       :   MSAA                      : none
19:46:28.391 RENDER       : GPU_DUMMY (0xFFFF) (Enfusion dummy render) with 1 GPU detected, VRAM 128MB (fast 128MB), shared 128MB, driver version Unknown version, stereo not available
19:46:28.391 RENDER       : Detected output devices:
19:46:28.391 RENDER       :  * 1 device/s connected to Dummy:
19:46:28.391 RENDER       :    Dummy output (Dummy device for our dummy render.), 1920x1080 (offset 0x0), 60Hz
19:46:28.391 RENDER       :   Concurrent frames limit 2
19:46:28.391 ENGINE       : Job system settings: coreCount=4, shortJobContextCount=4, shortJobThreadCount=3, longJobThreadCount=1
19:46:28.636 AUDIO        : Audio device created
19:46:28.643 ENGINE       : Initializing inputs.
19:46:28.647 NETWORK      : Initializing networking.
19:46:28.647 SCRIPT       : SCRIPT       : Initializing scripts
19:46:28.647  SCRIPT       : SCRIPT       : ScriptProjectManager init
19:46:28.647  PROFILING    : ScriptProjectManager init took: 0.021000 ms
19:46:28.685 PROFILING    : Initializing scripts took: 38.049000 ms
19:46:28.685 ENGINE       : Enfusion engine successfully created.
19:46:28.688 GUI          : Using default language (en_us)
19:46:28.688 GUI          : Loading 'en_us' localization file.
19:46:28.688 INIT         : INIT         : Loading StringTable
19:46:28.712 PROFILING    : Loading StringTable took: 24.418000 ms
19:46:28.712 SCRIPT       : SCRIPT       : Compiling GameLib scripts
19:46:28.746  SCRIPT       : Module: GameLib; loaded 282x files; 509x classes; used 468/2097 kB (22%) of static memory; defines: "PLATFORM_LINUX,ENF_ENABLE_VHC_OVERRIDE,ENF_ENABLE_RPLCOMPONENT_IN_GAMECODE"; CRC32: 46b6820e
19:46:28.749 PROFILING    : Compiling GameLib scripts took: 36.822000 ms
19:46:28.749 SCRIPT       : SCRIPT       : Compiling Game scripts
19:46:30.292  SCRIPT       : Module: Game; loaded 4190x files; 8559x classes; used 18386/41943 kB (43%) of static memory; defines: "PLATFORM_LINUX,ENF_ENABLE_VHC_OVERRIDE,ENF_ENABLE_RPLCOMPONENT_IN_GAMECODE,ENABLE_BASE_DESTRUCTION,DEBUG,RESPAWN_TIMER_COMPONENT_DEBUG,DEBUG_NEARBY_CONTEXT_DISPLAY,DEBUG_CONFIGURABLE_DIALOGS,DISABLE_WEAPON_SWITCHING,SCRIPTED_AIM_MODIFIER_DEBUG"; CRC32: 9568150c
19:46:30.838 PROFILING    : Compiling Game scripts took: 2088.268000 ms
19:46:30.839 INIT         : Creating game instance(ArmaReforgerScripted), version 1.2.0.98 built 2024-07-20 1:04:06 UTC.
19:46:30.854 BACKEND      : Loading dedicated server config.
19:46:30.855  BACKEND      : Server config loaded.
19:46:30.855  BACKEND      : JSON Schema Validation:
19:46:30.855   BACKEND      : JSON is Valid
19:46:30.855 BACKEND      : Loading dedicated server config.
19:46:30.855  RESOURCES    : GetResourceObject @"{AAD43C10045857C1}Missions/RHS_Conflict.conf"
19:46:30.855   RESOURCES (E): Failed to open
19:46:30.855  RESOURCES (E): MissionHeader::ReadMissionHeader cannot load the resource 'Missions/RHS_Conflict.conf'!
19:46:30.863 ENGINE       : Game successfully created.
19:46:30.871 PLATFORM     : Save data from container 'settings' have been loaded
19:46:30.971 PLATFORM     : Save data from container 'sessions' have been loaded
19:46:30.971 PLATFORM     : GameProject user settings load from profile @"ReforgerGameSettings.conf"
19:46:30.972  ENGINE       : Game user settings config loaded
19:46:30.972 PLATFORM     : InputManager user settings load from profile @"InputUserSettings.conf"
19:46:30.972  DEFAULT   (W): Loading input settings from legacy file, which will be soon unsupported
19:46:30.972 NETWORK      : Starting dedicated server using command line args.
19:46:32.759 BACKEND      : Required addons are ready to use.
19:46:32.989 ENGINE       : Game destroyed.
19:46:33.175 ENGINE       : Addon dirs:
19:46:33.175  ENGINE       : dir: '/reforger/workshop'
19:46:33.175  ENGINE       : dir: './addons'
19:46:33.175  ENGINE       : dir: '/home/profile/addons'
19:46:33.175  ENGINE       : dir: '/reforger/workshop/addons/'
19:46:33.175 ENGINE       : Available addons:
19:46:33.175  ENGINE       : gproj: './addons/data/ArmaReforger.gproj' guid: '58D0FB3206B6F859' (packed)
19:46:33.175  ENGINE       : gproj: './addons/core/core.gproj' guid: '5614BBCCBB55ED1C' (packed)
19:46:33.175  ENGINE       : gproj: '/reforger/workshop/addons/RHS-StatusQuoDev_5CF4A61BE1D960C6/addon.gproj' guid: '5CF4A61BE1D960C6' (packed)
19:46:33.240 ENGINE       : FileSystem: Adding package '/reforger/workshop/addons/RHS-StatusQuoDev_5CF4A61BE1D960C6/' (pak count: 3) to filesystem under name RHSStatusQuoExperimental
19:46:33.351 ENGINE       : FileSystem: Adding package './addons/data/' (pak count: 4) to filesystem under name ArmaReforger
19:46:33.353 ENGINE       : FileSystem: Adding package './addons/core/' (pak count: 1) to filesystem under name core
19:46:33.353 RESOURCES    : ResourceDB: loading cache (id=0 name=RHSStatusQuoExperimental path=/reforger/workshop/addons/RHS-StatusQuoDev_5CF4A61BE1D960C6/resourceDatabase.rdb)
19:46:33.452 RESOURCES    : ResourceDB: loading cache (id=1 name=ArmaReforger path=./addons/data/resourceDatabase.rdb)
19:46:33.720 RESOURCES    : ResourceDB: loading cache (id=2 name=core path=./addons/core/resourceDatabase.rdb)
19:46:33.721 RESOURCES    : ResourceDB: loading cache (id=3 name=profile path=/home/profile/profile/resourceDatabase.rdb)
19:46:33.721 RESOURCES    : ResourceDB: loading cache (id=4 name=logs path=/home/profile/logs/logs_2024-07-25_19-46-27/resourceDatabase.rdb)
19:46:33.877 ENGINE       : GameProject load
19:46:33.877  ENGINE       : Loaded addons:
19:46:33.877   ENGINE       : gproj: './addons/core/core.gproj' guid: '5614BBCCBB55ED1C'
19:46:33.877   ENGINE       : gproj: './addons/data/ArmaReforger.gproj' guid: '58D0FB3206B6F859'
19:46:33.877   ENGINE       : gproj: '/reforger/workshop/addons/RHS-StatusQuoDev_5CF4A61BE1D960C6/addon.gproj' guid: '5CF4A61BE1D960C6'
19:46:33.878 ENGINE       : GameProject load
19:46:33.878  INIT         : GameProject load project data @"./addons/data/ArmaReforger.gproj"
19:46:33.878   RESOURCES (E): Wrong GUID/name for resource @"{C014582791ECBF24}Language/localization.st" in property "StringTableSource"
19:46:33.879  INIT         : GameProject load project data @"/reforger/workshop/addons/RHS-StatusQuoDev_5CF4A61BE1D960C6/addon.gproj"
19:46:33.879   RESOURCES (E): Wrong GUID/name for resource @"{0AFDD005CD669892}Language/rhs_localization.st" in property "StringTableSource"
19:46:33.879 GUI          : Using default language (en_us)
19:46:33.879 GUI          : Loading 'en_us' localization file.
19:46:33.879 INIT         : INIT         : Loading StringTable
19:46:33.903 PROFILING    : Loading StringTable took: 24.516000 ms
19:46:33.903 SCRIPT       : SCRIPT       : Compiling GameLib scripts
19:46:33.928  SCRIPT       : Module: GameLib; loaded 282x files; 509x classes; used 462/2097 kB (22%) of static memory; defines: "PLATFORM_LINUX,ENF_ENABLE_VHC_OVERRIDE,ENF_ENABLE_RPLCOMPONENT_IN_GAMECODE"; CRC32: 46b6820e
19:46:33.932 PROFILING    : Compiling GameLib scripts took: 28.229000 ms
19:46:33.932 SCRIPT       : SCRIPT       : Compiling Game scripts
19:46:35.601  SCRIPT       : Module: Game; loaded 4404x files; 9101x classes; used 19244/41943 kB (45%) of static memory; defines: "PLATFORM_LINUX,ENF_ENABLE_VHC_OVERRIDE,ENF_ENABLE_RPLCOMPONENT_IN_GAMECODE,ENABLE_BASE_DESTRUCTION,DEBUG,RESPAWN_TIMER_COMPONENT_DEBUG,DEBUG_NEARBY_CONTEXT_DISPLAY,DEBUG_CONFIGURABLE_DIALOGS,DISABLE_WEAPON_SWITCHING,SCRIPTED_AIM_MODIFIER_DEBUG"; CRC32: 71daec59
19:46:36.341 PROFILING    : Compiling Game scripts took: 2409.544000 ms
19:46:36.343 INIT         : Creating game instance(ArmaReforgerScripted), version 1.2.0.98 built 2024-07-20 1:04:06 UTC.
19:46:36.359 BACKEND      : Loading dedicated server config.
19:46:36.359  BACKEND      : Server config loaded.
19:46:36.359  BACKEND      : JSON Schema Validation:
19:46:36.359   BACKEND      : JSON is Valid
19:46:36.360 BACKEND      : Loading dedicated server config.
19:46:36.360  RESOURCES    : GetResourceObject @"{AAD43C10045857C1}Missions/RHS_Conflict.conf"
19:46:36.360   DEFAULT      : Config load @"{AAD43C10045857C1}Missions/RHS_Conflict.conf"
19:46:36.360    DEFAULT   (E): Unknown keyword/data 'm_iMaximumRespawnRadios' at offset 685(0x2ad)
19:46:36.370 ENGINE       : Game successfully created.
19:46:36.434 PLATFORM     : Save data from container 'settings' have been loaded
19:46:36.533 PLATFORM     : Save data from container 'sessions' have been loaded
19:46:36.533 PLATFORM     : GameProject user settings load from profile @"ReforgerGameSettings.conf"
19:46:36.533  ENGINE       : Game user settings config loaded
19:46:36.533 PLATFORM     : InputManager user settings load from profile @"InputUserSettings.conf"
19:46:36.533  DEFAULT   (W): Loading input settings from legacy file, which will be soon unsupported
19:46:36.554 WORLD        : WORLD        : Entities load @"{EEF09465C62534F7}Worlds/MP/Conflict/CTI_Campaign_Eden_RHS.ent"
19:46:37.567 WORLD        : Entities load @"{EEF09465C62534F7}Worlds/MP/Conflict/CTI_Campaign_Eden_RHS.ent"
19:46:37.567  WORLD        : Subscene load @"{3448EA6E8B6B10CE}Worlds/MP/Conflict/CTI_Campaign_Eden_base.ent"
19:46:37.567   WORLD        : Subscene load @"{853E92315D1D9EFE}worlds/Eden/Eden.ent"
19:46:37.567    RESOURCES    : GetResourceObject @"{C8FAB83670BCF7C3}Prefabs/Structures/Cultural/Calvaries/CalvaryLarge_01.et"
19:46:37.567     WORLD        : Entity prefab load @"{C8FAB83670BCF7C3}Prefabs/Structures/Cultural/Calvaries/CalvaryLarge_01.et"
19:46:37.567      RESOURCES (E): Wrong GUID/name for resource @"{45ECF6B1797D3CD9}system/wbdata/PreviewWindow/TransparentMat.emat" in property "AssignedMaterial"
19:46:37.834   WORLD        : Entity layer load @"Worlds/MP/Conflict/CTI_Campaign_Eden_base_Layers/AI.layer"
19:46:37.834    RESOURCES (E): Wrong GUID/name for resource @"{79CD7F0D5DB62D18}worlds/MP/Navmeshes/RoadNetworkStates/CTI_Campaign_Eden_RoadNetwork.rnw" in property "Road Network File"
19:46:37.878 PROFILING    : Entities load took: 1323.705000 ms
19:46:37.878 WORLD        : WORLD        : Game::LoadEntities
19:46:37.908  NETWORK      : Enabled lag compensation, 29 frames with 100 FPS and 280 ms rewind limits.
19:46:37.908  WORLD        : WORLD        : Preload
19:46:39.003 RESOURCES    : Particle effect load @"Particles/Weapon/Explosion_TM62M_AT_Mine_LOD1.ptc"
19:46:39.003  RESOURCES (E): Wrong GUID/name for resource @"{29FBEC1991810EEF}system/wbdata/ParticleEditor/defaultPrefab.et" in property "Prefab"
19:46:39.003 RESOURCES    : Particle effect load @"Particles/Weapon/Explosion_TM62M_AT_Mine.ptc"
19:46:39.003  RESOURCES (E): Wrong GUID/name for resource @"{29FBEC1991810EEF}system/wbdata/ParticleEditor/defaultPrefab.et" in property "Prefab"
19:46:39.003 RESOURCES    : Particle effect load @"Particles/Weapon/Explosion_TM62M_AT_Mine_LOD2.ptc"
19:46:39.003  RESOURCES (E): Wrong GUID/name for resource @"{29FBEC1991810EEF}system/wbdata/ParticleEditor/defaultPrefab.et" in property "Prefab"
19:46:39.062  PROFILING    : Preload took: 1154.100000 ms
19:46:39.062  WORLD        : WORLD        : Wait for preloading data
19:46:41.467  PROFILING    : Wait for preloading data took: 2404.973000 ms
19:46:41.468  WORLD        : WORLD        : CreateEntities
19:46:41.468   WORLD        : WORLD        : CreateEntities
19:46:41.468    WORLD        : WORLD        : NotifyBeforeEntitiesCreated
19:46:41.473 WORLD        : Game::LoadEntities
19:46:41.473  WORLD        : CreateEntities
19:46:41.473   WORLD        : CreateEntities
19:46:41.473    WORLD        : NotifyBeforeEntitiesCreated
19:46:41.473     RESOURCES    : GetResourceObject '$RHSStatusQuoExperimental:Missions/RHS_Conflict.conf'
19:46:41.473      DEFAULT      : Config load '$RHSStatusQuoExperimental:Missions/RHS_Conflict.conf'
19:46:41.473       DEFAULT   (E): Unknown keyword/data 'm_iMaximumRespawnRadios' at offset 685(0x2ad)
19:46:41.473     RESOURCES    : GetResourceObject '$RHSStatusQuoExperimental:Missions/RHS_ConflictWithoutAIs.conf'
19:46:41.473      DEFAULT      : Config load '$RHSStatusQuoExperimental:Missions/RHS_ConflictWithoutAIs.conf'
19:46:41.473       DEFAULT   (E): Unknown keyword/data 'm_iMaximumRespawnRadios' at offset 256(0x100)
19:46:41.473     RESOURCES    : GetResourceObject '$RHSStatusQuoExperimental:Missions/RHS_Conflict_Arland.conf'
19:46:41.473      DEFAULT      : Config load '$RHSStatusQuoExperimental:Missions/RHS_Conflict_Arland.conf'
19:46:41.473       DEFAULT   (E): Unknown keyword/data 'm_iMaximumRespawnRadios' at offset 766(0x2fe)
19:46:41.474     RESOURCES    : GetResourceObject '$RHSStatusQuoExperimental:Missions/RHS_Conflict_East.conf'
19:46:41.474      DEFAULT      : Config load '$RHSStatusQuoExperimental:Missions/RHS_Conflict_East.conf'
19:46:41.474       DEFAULT   (E): Unknown keyword/data 'm_iMaximumRespawnRadios' at offset 278(0x116)
19:46:41.474     RESOURCES    : GetResourceObject '$RHSStatusQuoExperimental:Missions/RHS_Conflict_West.conf'
19:46:41.474      DEFAULT      : Config load '$RHSStatusQuoExperimental:Missions/RHS_Conflict_West.conf'
19:46:41.474       DEFAULT   (E): Unknown keyword/data 'm_iMaximumRespawnRadios' at offset 276(0x114)
19:46:41.474     RESOURCES    : Loaded mission headers from 3 addon(s)!
19:46:41.475    PROFILING    : NotifyBeforeEntitiesCreated took: 7.095000 ms
19:46:41.731    ENTITY       : Create entity @"ENTITY:1" ('world', GenericWorldEntity) at <0.000000 0.000000 0.000000>
19:46:41.731     RESOURCES (E):   Failed to decompress memory image data. Data is not DXT.
19:46:41.731     WORLD     (E): Shore map CPU data creation failed - decompression of DF near atlas texture failed.
19:46:41.733     WORLD     (E): Loading of shore map failed - creation of CPU data failed
19:46:41.733     WORLD     (E): Loading of shore map failed - post load checks failed
19:46:41.736    ENTITY       : Create entity @"ENTITY:2" ('Eden', GenericTerrainEntity) at <0.000000 0.000000 0.000000>
19:46:41.736     PROFILING    : PROFILING    : Terrain load
19:46:45.055     PROFILING    : Terrain load took: 3319.587000 ms
19:46:45.058    ENTITY       : Create entity @"ENTITY:6" ('GodRays', GenericWorldPPEffect) at <0.000000 0.000000 0.000000>
19:46:45.058     MATERIAL     : Material load @"{90C363AB5243A434}Common/Postprocess/Sun_GodRays.emat"
19:46:45.058      MATERIAL     : Material load @"{90C363AB5243A434}Common/Postprocess/Sun_GodRays.emat"
19:46:45.058       MATERIAL  (E): Unknown keyword/data 'HorizonDisableY' at offset 46(0x2e)
19:46:45.546    ENTITY       : Create entity @"ENTITY:47511" ('PreloadManager1', BasePreloadManager) at <0.033000 0.000000 -0.021000> @"{104F8505FD1871EF}Prefabs/World/Game/PreloadManager.et"
19:46:45.546     ENTITY       : SpawnEntityPrefab @"{6058AB54781A0C52}Prefabs/Characters/Factions/BLUFOR/US_Army/Character_US_AMG.et"
19:46:45.546      ENTITY       : Create entity @"ENTITY:1" ('SCR_ChimeraCharacter','Assets/Characters/Basebody/Basebody_Male_01.xob') at <0.000000 0.000000 0.000000> @"{6058AB54781A0C52}Prefabs/Characters/Factions/BLUFOR/US_Army/Character_US_AMG.et"
19:46:45.546       ENTITY       : SpawnEntityPrefab @"{88BA5F3224A6C834}Prefabs/Characters/Thermal/CharacterBasebody_Thermal.et"
19:46:45.546        ENTITY       : Create entity @"ENTITY:9" ('GameEntity') at <0.000000 0.000000 0.000000>
19:46:45.546         RESOURCES (E): Can't remap 'Assets/Characters/Common/ThermalGuy/ThermalDude.xob' material from 'Basebody_01_Male_Arms' to 'Prefabs/Characters/Thermal/Thermal.emat'. Source material do not exist
19:46:45.546         RESOURCES (E): Can't remap 'Assets/Characters/Common/ThermalGuy/ThermalDude.xob' material from 'Basebody_01_Male_Arms_wound' to 'Prefabs/Characters/Thermal/Thermal.emat'. Source material do not exist
19:46:45.546         RESOURCES (E): Can't remap 'Assets/Characters/Common/ThermalGuy/ThermalDude.xob' material from 'Basebody_01_Male_Body' to 'Prefabs/Characters/Thermal/Thermal.emat'. Source material do not exist
19:46:45.546         RESOURCES (E): Can't remap 'Assets/Characters/Common/ThermalGuy/ThermalDude.xob' material from 'Basebody_01_Male_Body_wound' to 'Prefabs/Characters/Thermal/Thermal.emat'. Source material do not exist
19:46:45.617      WORLD        : InitEntities 'PreloadWorld'
19:46:45.617       ENTITY       : Init entity @"ENTITY:1" ('SCR_ChimeraCharacter','Assets/Characters/Basebody/Basebody_Male_01.xob') at <0.000000 0.000000 0.000000> @"{6058AB54781A0C52}Prefabs/Characters/Factions/BLUFOR/US_Army/Character_US_AMG.et"
19:46:45.617        INVENTORY (E): Couldn't insert item @"ENTITY:56" ('GenericEntity','Assets/Weapons/Magazines/STANAG/Magazine_30rnd_STANAG.xob') at <0.000000 0.000000 0.000000> @"{D8F2CA92583B23D3}Prefabs/Weapons/Magazines/Magazine_556x45_STANAG_30rnd_Last_5Tracer.et" into storage @"ENTITY:23" ('GenericEntity','Assets/Items/Equipment/Accessories/Pouch_ALICE_30rnd_STANAG/Pouch_ALICE_30rnd_STANAG.xob') at <-0.144399 1.162750 0.105744> @"{E3154E0EAC48D67B}Prefabs/Items/Equipment/Accessories/Pouch_ALICE_30rnd_STANAG/Pouch_ALICE_30rnd_STANAG.et" while spawning initial items inside the storage.
19:46:45.617        NETWORK   (W): Replication: RplComponent on entity @"ENTITY:56" ('GenericEntity','Assets/Weapons/Magazines/STANAG/Magazine_30rnd_STANAG.xob') at <0.000000 0.000000 0.000000> @"{D8F2CA92583B23D3}Prefabs/Weapons/Magazines/Magazine_556x45_STANAG_30rnd_Last_5Tracer.et" destroyed during loading of the world. This might cause issues with startup sync!
19:46:45.617        INVENTORY (E): Couldn't insert item @"ENTITY:57" ('GenericEntity','Assets/Weapons/Magazines/STANAG/Magazine_30rnd_STANAG.xob') at <0.000000 0.000000 0.000000> @"{D8F2CA92583B23D3}Prefabs/Weapons/Magazines/Magazine_556x45_STANAG_30rnd_Last_5Tracer.et" into storage @"ENTITY:23" ('GenericEntity','Assets/Items/Equipment/Accessories/Pouch_ALICE_30rnd_STANAG/Pouch_ALICE_30rnd_STANAG.xob') at <-0.144399 1.162750 0.105744> @"{E3154E0EAC48D67B}Prefabs/Items/Equipment/Accessories/Pouch_ALICE_30rnd_STANAG/Pouch_ALICE_30rnd_STANAG.et" while spawning initial items inside the storage.
19:46:45.617        NETWORK   (W): Replication: RplComponent on entity @"ENTITY:57" ('GenericEntity','Assets/Weapons/Magazines/STANAG/Magazine_30rnd_STANAG.xob') at <0.000000 0.000000 0.000000> @"{D8F2CA92583B23D3}Prefabs/Weapons/Magazines/Magazine_556x45_STANAG_30rnd_Last_5Tracer.et" destroyed during loading of the world. This might cause issues with startup sync!
19:46:45.617        INVENTORY (E): Couldn't insert item @"ENTITY:58" ('GenericEntity','Assets/Weapons/Magazines/STANAG/Magazine_30rnd_STANAG.xob') at <0.000000 0.000000 0.000000> @"{D8F2CA92583B23D3}Prefabs/Weapons/Magazines/Magazine_556x45_STANAG_30rnd_Last_5Tracer.et" into storage @"ENTITY:23" ('GenericEntity','Assets/Items/Equipment/Accessories/Pouch_ALICE_30rnd_STANAG/Pouch_ALICE_30rnd_STANAG.xob') at <-0.144399 1.162750 0.105744> @"{E3154E0EAC48D67B}Prefabs/Items/Equipment/Accessories/Pouch_ALICE_30rnd_STANAG/Pouch_ALICE_30rnd_STANAG.et" while spawning initial items inside the storage.
19:46:45.617        NETWORK   (W): Replication: RplComponent on entity @"ENTITY:58" ('GenericEntity','Assets/Weapons/Magazines/STANAG/Magazine_30rnd_STANAG.xob') at <0.000000 0.000000 0.000000> @"{D8F2CA92583B23D3}Prefabs/Weapons/Magazines/Magazine_556x45_STANAG_30rnd_Last_5Tracer.et" destroyed during loading of the world. This might cause issues with startup sync!
19:46:45.641     ENTITY       : SpawnEntityPrefab @"{5B1996C05B1E51A4}Prefabs/Characters/Factions/BLUFOR/US_Army/Character_US_AR.et"
19:46:45.641      WORLD        : InitEntities 'PreloadWorld'
19:46:45.641       ENTITY       : Init entity @"ENTITY:62" ('SCR_ChimeraCharacter','Assets/Characters/Basebody/Basebody_Male_01.xob') at <0.000000 0.000000 0.000000> @"{5B1996C05B1E51A4}Prefabs/Characters/Factions/BLUFOR/US_Army/Character_US_AR.et"
19:46:45.641        INVENTORY (E): Couldn't insert item @"ENTITY:105" ('GenericEntity','Assets/Weapons/Magazines/M249/Magazine_200rnd_M249_item.xob') at <0.000000 0.000000 0.000000> @"{06D722FC2666EB83}Prefabs/Weapons/Magazines/Box_556x45_M249_200rnd_4Ball_1Tracer.et" into storage @"ENTITY:80" ('GenericEntity','Assets/Items/Equipment/Accessories/Pouch_ALICE_200rnd_M249/Pouch_ALICE_200rnd_M249.xob') at <-0.160200 1.020957 0.135574> @"{4F018E3CF74D8636}Prefabs/Items/Equipment/Accessories/Pouch_ALICE_200rnd_M249/Pouch_ALICE_200rnd_M249.et" while spawning initial items inside the storage.
19:46:45.641        NETWORK   (W): Replication: RplComponent on entity @"ENTITY:105" ('GenericEntity','Assets/Weapons/Magazines/M249/Magazine_200rnd_M249_item.xob') at <0.000000 0.000000 0.000000> @"{06D722FC2666EB83}Prefabs/Weapons/Magazines/Box_556x45_M249_200rnd_4Ball_1Tracer.et" destroyed during loading of the world. This might cause issues with startup sync!
19:46:45.653     ENTITY       : SpawnEntityPrefab @"{84029128FA6F6BB9}Prefabs/Characters/Factions/BLUFOR/US_Army/Character_US_GL.et"
19:46:45.653      WORLD        : InitEntities 'PreloadWorld'
19:46:45.653       ENTITY       : Init entity @"ENTITY:107" ('SCR_ChimeraCharacter','Assets/Characters/Basebody/Basebody_Male_01.xob') at <0.000000 0.000000 0.000000> @"{84029128FA6F6BB9}Prefabs/Characters/Factions/BLUFOR/US_Army/Character_US_GL.et"
19:46:45.653        INVENTORY (E): Couldn't insert item @"ENTITY:156" ('GenericEntity','Assets/Weapons/Magazines/STANAG/Magazine_30rnd_STANAG.xob') at <0.000000 0.000000 0.000000> @"{D8F2CA92583B23D3}Prefabs/Weapons/Magazines/Magazine_556x45_STANAG_30rnd_Last_5Tracer.et" into storage @"ENTITY:127" ('GenericEntity','Assets/Items/Equipment/Accessories/Pouch_ALICE_30rnd_STANAG/Pouch_ALICE_30rnd_STANAG.xob') at <-0.104999 1.129537 0.050875> @"{0B0D67BC8F43A052}Prefabs/Items/Equipment/Accessories/Pouch_ALICE_30rnd_STANAG/Pouch_ALICE_30rnd_STANAG_base.et" while spawning initial items inside the storage.
19:46:45.653        NETWORK   (W): Replication: RplComponent on entity @"ENTITY:156" ('GenericEntity','Assets/Weapons/Magazines/STANAG/Magazine_30rnd_STANAG.xob') at <0.000000 0.000000 0.000000> @"{D8F2CA92583B23D3}Prefabs/Weapons/Magazines/Magazine_556x45_STANAG_30rnd_Last_5Tracer.et" destroyed during loading of the world. This might cause issues with startup sync!
19:46:45.653        INVENTORY (E): Couldn't insert item @"ENTITY:157" ('GenericEntity','Assets/Weapons/Magazines/STANAG/Magazine_30rnd_STANAG.xob') at <0.000000 0.000000 0.000000> @"{D8F2CA92583B23D3}Prefabs/Weapons/Magazines/Magazine_556x45_STANAG_30rnd_Last_5Tracer.et" into storage @"ENTITY:127" ('GenericEntity','Assets/Items/Equipment/Accessories/Pouch_ALICE_30rnd_STANAG/Pouch_ALICE_30rnd_STANAG.xob') at <-0.104999 1.129537 0.050875> @"{0B0D67BC8F43A052}Prefabs/Items/Equipment/Accessories/Pouch_ALICE_30rnd_STANAG/Pouch_ALICE_30rnd_STANAG_base.et" while spawning initial items inside the storage.
19:46:45.653        NETWORK   (W): Replication: RplComponent on entity @"ENTITY:157" ('GenericEntity','Assets/Weapons/Magazines/STANAG/Magazine_30rnd_STANAG.xob') at <0.000000 0.000000 0.000000> @"{D8F2CA92583B23D3}Prefabs/Weapons/Magazines/Magazine_556x45_STANAG_30rnd_Last_5Tracer.et" destroyed during loading of the world. This might cause issues with startup sync!
19:46:45.653        INVENTORY (E): Couldn't insert item @"ENTITY:158" ('GenericEntity','Assets/Weapons/Grenades/M67/Grenade_M67.xob') at <0.000000 0.000000 0.000000> @"{E8F00BF730225B00}Prefabs/Weapons/Grenades/Grenade_M67.et" into storage @"ENTITY:127" ('GenericEntity','Assets/Items/Equipment/Accessories/Pouch_ALICE_30rnd_STANAG/Pouch_ALICE_30rnd_STANAG.xob') at <-0.104999 1.129537 0.050875> @"{0B0D67BC8F43A052}Prefabs/Items/Equipment/Accessories/Pouch_ALICE_30rnd_STANAG/Pouch_ALICE_30rnd_STANAG_base.et" while spawning initial items inside the storage.
19:46:45.653        NETWORK   (W): Replication: RplComponent on entity @"ENTITY:158" ('GenericEntity','Assets/Weapons/Grenades/M67/Grenade_M67.xob') at <0.000000 0.000000 0.000000> @"{E8F00BF730225B00}Prefabs/Weapons/Grenades/Grenade_M67.et" destroyed during loading of the world. This might cause issues with startup sync!
19:46:45.653        INVENTORY (E): Couldn't insert item @"ENTITY:159" ('GenericEntity','Assets/Weapons/Grenades/M67/Grenade_M67.xob') at <0.000000 0.000000 0.000000> @"{E8F00BF730225B00}Prefabs/Weapons/Grenades/Grenade_M67.et" into storage @"ENTITY:127" ('GenericEntity','Assets/Items/Equipment/Accessories/Pouch_ALICE_30rnd_STANAG/Pouch_ALICE_30rnd_STANAG.xob') at <-0.104999 1.129537 0.050875> @"{0B0D67BC8F43A052}Prefabs/Items/Equipment/Accessories/Pouch_ALICE_30rnd_STANAG/Pouch_ALICE_30rnd_STANAG_base.et" while spawning initial items inside the storage.
19:46:45.653        NETWORK   (W): Replication: RplComponent on entity @"ENTITY:159" ('GenericEntity','Assets/Weapons/Grenades/M67/Grenade_M67.xob') at <0.000000 0.000000 0.000000> @"{E8F00BF730225B00}Prefabs/Weapons/Grenades/Grenade_M67.et" destroyed during loading of the world. This might cause issues with startup sync!
19:46:45.653        INVENTORY (E): Couldn't insert item @"ENTITY:160" ('GenericEntity','Assets/Weapons/Grenades/M67/Grenade_M67.xob') at <0.000000 0.000000 0.000000> @"{E8F00BF730225B00}Prefabs/Weapons/Grenades/Grenade_M67.et" into storage @"ENTITY:127" ('GenericEntity','Assets/Items/Equipment/Accessories/Pouch_ALICE_30rnd_STANAG/Pouch_ALICE_30rnd_STANAG.xob') at <-0.104999 1.129537 0.050875> @"{0B0D67BC8F43A052}Prefabs/Items/Equipment/Accessories/Pouch_ALICE_30rnd_STANAG/Pouch_ALICE_30rnd_STANAG_base.et" while spawning initial items inside the storage.
19:46:45.653        NETWORK   (W): Replication: RplComponent on entity @"ENTITY:160" ('GenericEntity','Assets/Weapons/Grenades/M67/Grenade_M67.xob') at <0.000000 0.000000 0.000000> @"{E8F00BF730225B00}Prefabs/Weapons/Grenades/Grenade_M67.et" destroyed during loading of the world. This might cause issues with startup sync!
19:46:45.667     ENTITY       : SpawnEntityPrefab @"{27BF1FF235DD6036}Prefabs/Characters/Factions/BLUFOR/US_Army/Character_US_LAT.et"
19:46:45.667      WORLD        : InitEntities 'PreloadWorld'
19:46:45.667       ENTITY       : Init entity @"ENTITY:181" ('SCR_ChimeraCharacter','Assets/Characters/Basebody/Basebody_Male_01.xob') at <0.000000 0.000000 0.000000> @"{27BF1FF235DD6036}Prefabs/Characters/Factions/BLUFOR/US_Army/Character_US_LAT.et"
19:46:45.667        INVENTORY (E): Couldn't insert item @"ENTITY:232" ('GenericEntity','Assets/Weapons/Magazines/STANAG/Magazine_30rnd_STANAG.xob') at <0.000000 0.000000 0.000000> @"{D8F2CA92583B23D3}Prefabs/Weapons/Magazines/Magazine_556x45_STANAG_30rnd_Last_5Tracer.et" into storage @"ENTITY:203" ('GenericEntity','Assets/Items/Equipment/Accessories/Pouch_ALICE_30rnd_STANAG/Pouch_ALICE_30rnd_STANAG.xob') at <-0.144399 1.162750 0.105744> @"{E3154E0EAC48D67B}Prefabs/Items/Equipment/Accessories/Pouch_ALICE_30rnd_STANAG/Pouch_ALICE_30rnd_STANAG.et" while spawning initial items inside the storage.
19:46:45.667        NETWORK   (W): Replication: RplComponent on entity @"ENTITY:232" ('GenericEntity','Assets/Weapons/Magazines/STANAG/Magazine_30rnd_STANAG.xob') at <0.000000 0.000000 0.000000> @"{D8F2CA92583B23D3}Prefabs/Weapons/Magazines/Magazine_556x45_STANAG_30rnd_Last_5Tracer.et" destroyed during loading of the world. This might cause issues with startup sync!
19:46:45.667        INVENTORY (E): Couldn't insert item @"ENTITY:233" ('GenericEntity','Assets/Weapons/Magazines/STANAG/Magazine_30rnd_STANAG.xob') at <0.000000 0.000000 0.000000> @"{D8F2CA92583B23D3}Prefabs/Weapons/Magazines/Magazine_556x45_STANAG_30rnd_Last_5Tracer.et" into storage @"ENTITY:203" ('GenericEntity','Assets/Items/Equipment/Accessories/Pouch_ALICE_30rnd_STANAG/Pouch_ALICE_30rnd_STANAG.xob') at <-0.144399 1.162750 0.105744> @"{E3154E0EAC48D67B}Prefabs/Items/Equipment/Accessories/Pouch_ALICE_30rnd_STANAG/Pouch_ALICE_30rnd_STANAG.et" while spawning initial items inside the storage.
19:46:45.667        NETWORK   (W): Replication: RplComponent on entity @"ENTITY:233" ('GenericEntity','Assets/Weapons/Magazines/STANAG/Magazine_30rnd_STANAG.xob') at <0.000000 0.000000 0.000000> @"{D8F2CA92583B23D3}Prefabs/Weapons/Magazines/Magazine_556x45_STANAG_30rnd_Last_5Tracer.et" destroyed during loading of the world. This might cause issues with startup sync!
19:46:45.667        INVENTORY (E): Couldn't insert item @"ENTITY:234" ('GenericEntity','Assets/Weapons/Magazines/STANAG/Magazine_30rnd_STANAG.xob') at <0.000000 0.000000 0.000000> @"{D8F2CA92583B23D3}Prefabs/Weapons/Magazines/Magazine_556x45_STANAG_30rnd_Last_5Tracer.et" into storage @"ENTITY:203" ('GenericEntity','Assets/Items/Equipment/Accessories/Pouch_ALICE_30rnd_STANAG/Pouch_ALICE_30rnd_STANAG.xob') at <-0.144399 1.162750 0.105744> @"{E3154E0EAC48D67B}Prefabs/Items/Equipment/Accessories/Pouch_ALICE_30rnd_STANAG/Pouch_ALICE_30rnd_STANAG.et" while spawning initial items inside the storage.
19:46:45.667        NETWORK   (W): Replication: RplComponent on entity @"ENTITY:234" ('GenericEntity','Assets/Weapons/Magazines/STANAG/Magazine_30rnd_STANAG.xob') at <0.000000 0.000000 0.000000> @"{D8F2CA92583B23D3}Prefabs/Weapons/Magazines/Magazine_556x45_STANAG_30rnd_Last_5Tracer.et" destroyed during loading of the world. This might cause issues with startup sync!
19:46:45.683     ENTITY       : SpawnEntityPrefab @"{C9E4FEAF5AAC8D8C}Prefabs/Characters/Factions/BLUFOR/US_Army/Character_US_Medic.et"
19:46:45.683      WORLD        : InitEntities 'PreloadWorld'
19:46:45.683       ENTITY       : Init entity @"ENTITY:238" ('SCR_ChimeraCharacter','Assets/Characters/Basebody/Basebody_Male_01.xob') at <0.000000 0.000000 0.000000> @"{C9E4FEAF5AAC8D8C}Prefabs/Characters/Factions/BLUFOR/US_Army/Character_US_Medic.et"
19:46:45.683        INVENTORY (E): Couldn't insert item @"ENTITY:312" ('GenericEntity','Assets/Weapons/Magazines/STANAG/Magazine_30rnd_STANAG.xob') at <0.000000 0.000000 0.000000> @"{D8F2CA92583B23D3}Prefabs/Weapons/Magazines/Magazine_556x45_STANAG_30rnd_Last_5Tracer.et" into storage @"ENTITY:260" ('GenericEntity','Assets/Items/Equipment/Accessories/Pouch_ALICE_30rnd_STANAG/Pouch_ALICE_30rnd_STANAG.xob') at <-0.144399 1.162750 0.105744> @"{E3154E0EAC48D67B}Prefabs/Items/Equipment/Accessories/Pouch_ALICE_30rnd_STANAG/Pouch_ALICE_30rnd_STANAG.et" while spawning initial items inside the storage.
19:46:45.683        NETWORK   (W): Replication: RplComponent on entity @"ENTITY:312" ('GenericEntity','Assets/Weapons/Magazines/STANAG/Magazine_30rnd_STANAG.xob') at <0.000000 0.000000 0.000000> @"{D8F2CA92583B23D3}Prefabs/Weapons/Magazines/Magazine_556x45_STANAG_30rnd_Last_5Tracer.et" destroyed during loading of the world. This might cause issues with startup sync!
19:46:45.683        INVENTORY (E): Couldn't insert item @"ENTITY:313" ('GenericEntity','Assets/Weapons/Magazines/STANAG/Magazine_30rnd_STANAG.xob') at <0.000000 0.000000 0.000000> @"{D8F2CA92583B23D3}Prefabs/Weapons/Magazines/Magazine_556x45_STANAG_30rnd_Last_5Tracer.et" into storage @"ENTITY:260" ('GenericEntity','Assets/Items/Equipment/Accessories/Pouch_ALICE_30rnd_STANAG/Pouch_ALICE_30rnd_STANAG.xob') at <-0.144399 1.162750 0.105744> @"{E3154E0EAC48D67B}Prefabs/Items/Equipment/Accessories/Pouch_ALICE_30rnd_STANAG/Pouch_ALICE_30rnd_STANAG.et" while spawning initial items inside the storage.
19:46:45.683        NETWORK   (W): Replication: RplComponent on entity @"ENTITY:313" ('GenericEntity','Assets/Weapons/Magazines/STANAG/Magazine_30rnd_STANAG.xob') at <0.000000 0.000000 0.000000> @"{D8F2CA92583B23D3}Prefabs/Weapons/Magazines/Magazine_556x45_STANAG_30rnd_Last_5Tracer.et" destroyed during loading of the world. This might cause issues with startup sync!
19:46:45.708     ENTITY       : SpawnEntityPrefab @"{26A9756790131354}Prefabs/Characters/Factions/BLUFOR/US_Army/Character_US_Rifleman.et"
19:46:45.708      WORLD        : InitEntities 'PreloadWorld'
19:46:45.708       ENTITY       : Init entity @"ENTITY:363" ('SCR_ChimeraCharacter','Assets/Characters/Basebody/Basebody_Male_01.xob') at <0.000000 0.000000 0.000000> @"{26A9756790131354}Prefabs/Characters/Factions/BLUFOR/US_Army/Character_US_Rifleman.et"
19:46:45.708        INVENTORY (E): Couldn't insert item @"ENTITY:412" ('GenericEntity','Assets/Weapons/Magazines/STANAG/Magazine_30rnd_STANAG.xob') at <0.000000 0.000000 0.000000> @"{D8F2CA92583B23D3}Prefabs/Weapons/Magazines/Magazine_556x45_STANAG_30rnd_Last_5Tracer.et" into storage @"ENTITY:383" ('GenericEntity','Assets/Items/Equipment/Accessories/Pouch_ALICE_30rnd_STANAG/Pouch_ALICE_30rnd_STANAG.xob') at <-0.144399 1.162750 0.105744> @"{E3154E0EAC48D67B}Prefabs/Items/Equipment/Accessories/Pouch_ALICE_30rnd_STANAG/Pouch_ALICE_30rnd_STANAG.et" while spawning initial items inside the storage.
19:46:45.708        NETWORK   (W): Replication: RplComponent on entity @"ENTITY:412" ('GenericEntity','Assets/Weapons/Magazines/STANAG/Magazine_30rnd_STANAG.xob') at <0.000000 0.000000 0.000000> @"{D8F2CA92583B23D3}Prefabs/Weapons/Magazines/Magazine_556x45_STANAG_30rnd_Last_5Tracer.et" destroyed during loading of the world. This might cause issues with startup sync!
19:46:45.708        INVENTORY (E): Couldn't insert item @"ENTITY:413" ('GenericEntity','Assets/Weapons/Magazines/STANAG/Magazine_30rnd_STANAG.xob') at <0.000000 0.000000 0.000000> @"{D8F2CA92583B23D3}Prefabs/Weapons/Magazines/Magazine_556x45_STANAG_30rnd_Last_5Tracer.et" into storage @"ENTITY:383" ('GenericEntity','Assets/Items/Equipment/Accessories/Pouch_ALICE_30rnd_STANAG/Pouch_ALICE_30rnd_STANAG.xob') at <-0.144399 1.162750 0.105744> @"{E3154E0EAC48D67B}Prefabs/Items/Equipment/Accessories/Pouch_ALICE_30rnd_STANAG/Pouch_ALICE_30rnd_STANAG.et" while spawning initial items inside the storage.
19:46:45.708        NETWORK   (W): Replication: RplComponent on entity @"ENTITY:413" ('GenericEntity','Assets/Weapons/Magazines/STANAG/Magazine_30rnd_STANAG.xob') at <0.000000 0.000000 0.000000> @"{D8F2CA92583B23D3}Prefabs/Weapons/Magazines/Magazine_556x45_STANAG_30rnd_Last_5Tracer.et" destroyed during loading of the world. This might cause issues with startup sync!
19:46:45.708        INVENTORY (E): Couldn't insert item @"ENTITY:414" ('GenericEntity','Assets/Weapons/Magazines/STANAG/Magazine_30rnd_STANAG.xob') at <0.000000 0.000000 0.000000> @"{D8F2CA92583B23D3}Prefabs/Weapons/Magazines/Magazine_556x45_STANAG_30rnd_Last_5Tracer.et" into storage @"ENTITY:383" ('GenericEntity','Assets/Items/Equipment/Accessories/Pouch_ALICE_30rnd_STANAG/Pouch_ALICE_30rnd_STANAG.xob') at <-0.144399 1.162750 0.105744> @"{E3154E0EAC48D67B}Prefabs/Items/Equipment/Accessories/Pouch_ALICE_30rnd_STANAG/Pouch_ALICE_30rnd_STANAG.et" while spawning initial items inside the storage.
19:46:45.708        NETWORK   (W): Replication: RplComponent on entity @"ENTITY:414" ('GenericEntity','Assets/Weapons/Magazines/STANAG/Magazine_30rnd_STANAG.xob') at <0.000000 0.000000 0.000000> @"{D8F2CA92583B23D3}Prefabs/Weapons/Magazines/Magazine_556x45_STANAG_30rnd_Last_5Tracer.et" destroyed during loading of the world. This might cause issues with startup sync!
19:46:45.717     ENTITY       : SpawnEntityPrefab @"{1CA3D30464EE4674}Prefabs/Characters/Factions/BLUFOR/US_Army/Character_US_Spotter.et"
19:46:45.717      WORLD        : InitEntities 'PreloadWorld'
19:46:45.717       ENTITY       : Init entity @"ENTITY:418" ('SCR_ChimeraCharacter','Assets/Characters/Basebody/Basebody_Male_01.xob') at <0.000000 0.000000 0.000000> @"{1CA3D30464EE4674}Prefabs/Characters/Factions/BLUFOR/US_Army/Character_US_Spotter.et"
19:46:45.717        INVENTORY (E): Couldn't insert item @"ENTITY:469" ('GenericEntity','Assets/Weapons/Magazines/STANAG/Magazine_30rnd_STANAG.xob') at <0.000000 0.000000 0.000000> @"{D8F2CA92583B23D3}Prefabs/Weapons/Magazines/Magazine_556x45_STANAG_30rnd_Last_5Tracer.et" into storage @"ENTITY:440" ('GenericEntity','Assets/Items/Equipment/Accessories/Pouch_ALICE_30rnd_STANAG/Pouch_ALICE_30rnd_STANAG.xob') at <-0.104999 1.129537 0.050875> @"{0B0D67BC8F43A052}Prefabs/Items/Equipment/Accessories/Pouch_ALICE_30rnd_STANAG/Pouch_ALICE_30rnd_STANAG_base.et" while spawning initial items inside the storage.
19:46:45.717        NETWORK   (W): Replication: RplComponent on entity @"ENTITY:469" ('GenericEntity','Assets/Weapons/Magazines/STANAG/Magazine_30rnd_STANAG.xob') at <0.000000 0.000000 0.000000> @"{D8F2CA92583B23D3}Prefabs/Weapons/Magazines/Magazine_556x45_STANAG_30rnd_Last_5Tracer.et" destroyed during loading of the world. This might cause issues with startup sync!
19:46:45.717        INVENTORY (E): Couldn't insert item @"ENTITY:470" ('GenericEntity','Assets/Weapons/Magazines/STANAG/Magazine_30rnd_STANAG.xob') at <0.000000 0.000000 0.000000> @"{D8F2CA92583B23D3}Prefabs/Weapons/Magazines/Magazine_556x45_STANAG_30rnd_Last_5Tracer.et" into storage @"ENTITY:440" ('GenericEntity','Assets/Items/Equipment/Accessories/Pouch_ALICE_30rnd_STANAG/Pouch_ALICE_30rnd_STANAG.xob') at <-0.104999 1.129537 0.050875> @"{0B0D67BC8F43A052}Prefabs/Items/Equipment/Accessories/Pouch_ALICE_30rnd_STANAG/Pouch_ALICE_30rnd_STANAG_base.et" while spawning initial items inside the storage.
19:46:45.717        NETWORK   (W): Replication: RplComponent on entity @"ENTITY:470" ('GenericEntity','Assets/Weapons/Magazines/STANAG/Magazine_30rnd_STANAG.xob') at <0.000000 0.000000 0.000000> @"{D8F2CA92583B23D3}Prefabs/Weapons/Magazines/Magazine_556x45_STANAG_30rnd_Last_5Tracer.et" destroyed during loading of the world. This might cause issues with startup sync!
19:46:45.717        INVENTORY (E): Couldn't insert item @"ENTITY:471" ('GenericEntity','Assets/Weapons/Grenades/M67/Grenade_M67.xob') at <0.000000 0.000000 0.000000> @"{E8F00BF730225B00}Prefabs/Weapons/Grenades/Grenade_M67.et" into storage @"ENTITY:440" ('GenericEntity','Assets/Items/Equipment/Accessories/Pouch_ALICE_30rnd_STANAG/Pouch_ALICE_30rnd_STANAG.xob') at <-0.104999 1.129537 0.050875> @"{0B0D67BC8F43A052}Prefabs/Items/Equipment/Accessories/Pouch_ALICE_30rnd_STANAG/Pouch_ALICE_30rnd_STANAG_base.et" while spawning initial items inside the storage.
19:46:45.717        NETWORK   (W): Replication: RplComponent on entity @"ENTITY:471" ('GenericEntity','Assets/Weapons/Grenades/M67/Grenade_M67.xob') at <0.000000 0.000000 0.000000> @"{E8F00BF730225B00}Prefabs/Weapons/Grenades/Grenade_M67.et" destroyed during loading of the world. This might cause issues with startup sync!
19:46:45.717        INVENTORY (E): Couldn't insert item @"ENTITY:472" ('GenericEntity','Assets/Weapons/Grenades/M67/Grenade_M67.xob') at <0.000000 0.000000 0.000000> @"{E8F00BF730225B00}Prefabs/Weapons/Grenades/Grenade_M67.et" into storage @"ENTITY:440" ('GenericEntity','Assets/Items/Equipment/Accessories/Pouch_ALICE_30rnd_STANAG/Pouch_ALICE_30rnd_STANAG.xob') at <-0.104999 1.129537 0.050875> @"{0B0D67BC8F43A052}Prefabs/Items/Equipment/Accessories/Pouch_ALICE_30rnd_STANAG/Pouch_ALICE_30rnd_STANAG_base.et" while spawning initial items inside the storage.
19:46:45.717        NETWORK   (W): Replication: RplComponent on entity @"ENTITY:472" ('GenericEntity','Assets/Weapons/Grenades/M67/Grenade_M67.xob') at <0.000000 0.000000 0.000000> @"{E8F00BF730225B00}Prefabs/Weapons/Grenades/Grenade_M67.et" destroyed during loading of the world. This might cause issues with startup sync!
19:46:45.717        INVENTORY (E): Couldn't insert item @"ENTITY:473" ('GenericEntity','Assets/Weapons/Grenades/M67/Grenade_M67.xob') at <0.000000 0.000000 0.000000> @"{E8F00BF730225B00}Prefabs/Weapons/Grenades/Grenade_M67.et" into storage @"ENTITY:440" ('GenericEntity','Assets/Items/Equipment/Accessories/Pouch_ALICE_30rnd_STANAG/Pouch_ALICE_30rnd_STANAG.xob') at <-0.104999 1.129537 0.050875> @"{0B0D67BC8F43A052}Prefabs/Items/Equipment/Accessories/Pouch_ALICE_30rnd_STANAG/Pouch_ALICE_30rnd_STANAG_base.et" while spawning initial items inside the storage.
19:46:45.717        NETWORK   (W): Replication: RplComponent on entity @"ENTITY:473" ('GenericEntity','Assets/Weapons/Grenades/M67/Grenade_M67.xob') at <0.000000 0.000000 0.000000> @"{E8F00BF730225B00}Prefabs/Weapons/Grenades/Grenade_M67.et" destroyed during loading of the world. This might cause issues with startup sync!
19:46:45.759     ENTITY       : SpawnEntityPrefab @"{23ADBBC31B6A3DC6}Prefabs/Characters/Factions/OPFOR/USSR_Army/Character_USSR_AR.et"
19:46:45.759      WORLD        : InitEntities 'PreloadWorld'
19:46:45.759       ENTITY       : Init entity @"ENTITY:542" ('SCR_ChimeraCharacter','Assets/Characters/Basebody/Basebody_Male_01.xob') at <0.000000 0.000000 0.000000> @"{23ADBBC31B6A3DC6}Prefabs/Characters/Factions/OPFOR/USSR_Army/Character_USSR_AR.et"
19:46:45.759        INVENTORY (E): Couldn't insert item @"ENTITY:583" ('GenericEntity','Assets/Weapons/Magazines/RPK74/Magazine_45rnd_RPK74.xob') at <0.000000 0.000000 0.000000> @"{D78C667F59829717}Prefabs/Weapons/Magazines/Magazine_545x39_RPK_45rnd_4Ball_1Tracer.et" into storage @"ENTITY:560" ('GenericEntity','Assets/Items/Equipment/Accessories/Pouch_Soviet_45rnd_RPK74/Pouch_Soviet_45rnd_RPK74.xob') at <-0.128100 1.112072 0.103191> @"{B6EEF03975F21E4E}Prefabs/Items/Equipment/Accessories/Pouch_Soviet_45rnd_RPK74/Pouch_Soviet_45rnd_RPK74.et" while spawning initial items inside the storage.
19:46:45.759        NETWORK   (W): Replication: RplComponent on entity @"ENTITY:583" ('GenericEntity','Assets/Weapons/Magazines/RPK74/Magazine_45rnd_RPK74.xob') at <0.000000 0.000000 0.000000> @"{D78C667F59829717}Prefabs/Weapons/Magazines/Magazine_545x39_RPK_45rnd_4Ball_1Tracer.et" destroyed during loading of the world. This might cause issues with startup sync!
19:46:45.759        INVENTORY (E): Couldn't insert item @"ENTITY:584" ('GenericEntity','Assets/Weapons/Magazines/RPK74/Magazine_45rnd_RPK74.xob') at <0.000000 0.000000 0.000000> @"{D78C667F59829717}Prefabs/Weapons/Magazines/Magazine_545x39_RPK_45rnd_4Ball_1Tracer.et" into storage @"ENTITY:560" ('GenericEntity','Assets/Items/Equipment/Accessories/Pouch_Soviet_45rnd_RPK74/Pouch_Soviet_45rnd_RPK74.xob') at <-0.128100 1.112072 0.103191> @"{B6EEF03975F21E4E}Prefabs/Items/Equipment/Accessories/Pouch_Soviet_45rnd_RPK74/Pouch_Soviet_45rnd_RPK74.et" while spawning initial items inside the storage.
19:46:45.759        NETWORK   (W): Replication: RplComponent on entity @"ENTITY:584" ('GenericEntity','Assets/Weapons/Magazines/RPK74/Magazine_45rnd_RPK74.xob') at <0.000000 0.000000 0.000000> @"{D78C667F59829717}Prefabs/Weapons/Magazines/Magazine_545x39_RPK_45rnd_4Ball_1Tracer.et" destroyed during loading of the world. This might cause issues with startup sync!
19:46:45.759        INVENTORY (E): Couldn't insert item @"ENTITY:585" ('GenericEntity','Assets/Weapons/Magazines/RPK74/Magazine_45rnd_RPK74.xob') at <0.000000 0.000000 0.000000> @"{D78C667F59829717}Prefabs/Weapons/Magazines/Magazine_545x39_RPK_45rnd_4Ball_1Tracer.et" into storage @"ENTITY:560" ('GenericEntity','Assets/Items/Equipment/Accessories/Pouch_Soviet_45rnd_RPK74/Pouch_Soviet_45rnd_RPK74.xob') at <-0.128100 1.112072 0.103191> @"{B6EEF03975F21E4E}Prefabs/Items/Equipment/Accessories/Pouch_Soviet_45rnd_RPK74/Pouch_Soviet_45rnd_RPK74.et" while spawning initial items inside the storage.
19:46:45.759        NETWORK   (W): Replication: RplComponent on entity @"ENTITY:585" ('GenericEntity','Assets/Weapons/Magazines/RPK74/Magazine_45rnd_RPK74.xob') at <0.000000 0.000000 0.000000> @"{D78C667F59829717}Prefabs/Weapons/Magazines/Magazine_545x39_RPK_45rnd_4Ball_1Tracer.et" destroyed during loading of the world. This might cause issues with startup sync!
19:46:45.759        INVENTORY (E): Couldn't insert item @"ENTITY:586" ('GenericEntity','Assets/Weapons/Magazines/RPK74/Magazine_45rnd_RPK74.xob') at <0.000000 0.000000 0.000000> @"{D78C667F59829717}Prefabs/Weapons/Magazines/Magazine_545x39_RPK_45rnd_4Ball_1Tracer.et" into storage @"ENTITY:560" ('GenericEntity','Assets/Items/Equipment/Accessories/Pouch_Soviet_45rnd_RPK74/Pouch_Soviet_45rnd_RPK74.xob') at <-0.128100 1.112072 0.103191> @"{B6EEF03975F21E4E}Prefabs/Items/Equipment/Accessories/Pouch_Soviet_45rnd_RPK74/Pouch_Soviet_45rnd_RPK74.et" while spawning initial items inside the storage.
19:46:45.759        NETWORK   (W): Replication: RplComponent on entity @"ENTITY:586" ('GenericEntity','Assets/Weapons/Magazines/RPK74/Magazine_45rnd_RPK74.xob') at <0.000000 0.000000 0.000000> @"{D78C667F59829717}Prefabs/Weapons/Magazines/Magazine_545x39_RPK_45rnd_4Ball_1Tracer.et" destroyed during loading of the world. This might cause issues with startup sync!
19:46:50.495    ENTITY       : Create entity @"ENTITY:617227" ('StaticModelEntity','Assets/Structures/Infrastructure/Towers/TransmitterTower_01/TransmitterTower_01_small.xob') at <1931.796021 81.777000 5138.725098> @"{6A004A8F0571D456}Prefabs/Structures/Infrastructure/Towers/TransmitterTower_01/TransmitterTower_01_small.et"
19:46:50.495     DEFAULT   (W): World doesn't contain RadioManagerEntity to support any BaseRadioComponent.
19:46:54.865    ENTITY       : Create entity @"ENTITY:1108685" ('StaticModelEntity') at <8831.291016 95.934265 2673.487061>
19:46:54.865     MATERIAL     : Material load @"{45ECF6B1797D3CD9}system/wbdata/PreviewWindow/TransparentMat.emat"
19:46:54.865      MATERIAL  (E): Material file not found
19:46:54.865     MATERIAL  (E): Object @"Assets/Structures/Cultural/Calvaries/CalvaryLarge_01/CalvaryLarge_01.xob" - cannot load material @"system/wbdata/PreviewWindow/TransparentMat.emat", creating default one (class MatPBRBasic)
19:46:59.813    ENTITY       : Create entity @"ENTITY:2305843009213697452" ('GenericEntity','Assets/Props/Military/Antennas/Antenna_R161_01/Antenna_R161_01.xob') at <9354.231445 204.427994 1162.372070>
19:46:59.813     DEFAULT   (W): BaseRadioComponent does not have any transceiver. (Entity: @"ENTITY:2305843009213697452" ('GenericEntity','Assets/Props/Military/Antennas/Antenna_R161_01/Antenna_R161_01.xob') at <9354.231445 204.427994 1162.372070>). Only printing this message once. There're possibly more nodes with this requirement.
19:47:00.286    ENTITY       : Create entity @"ENTITY:4611686018427387909" ('CampaignFactionManager_RHS1', SCR_CampaignFactionManager) at <10.381000 0.000000 11.292000> @"{08D7B29AEC960674}Prefabs/MP/Campaign/CampaignFactionManager_RHS.et"
19:47:00.286     RESOURCES    : GetResourceObject @"{70BAEEFC2D3FEE64}Prefabs/Vehicles/Helicopters/UH1H/UH1H.et"
19:47:00.286      WORLD        : Entity prefab load @"{70BAEEFC2D3FEE64}Prefabs/Vehicles/Helicopters/UH1H/UH1H.et"
19:47:00.286       RESOURCES    : GetResourceObject @"{D03C0F6044DB5208}Prefabs/Vehicles/Helicopters/UH1H/UH1H_base.et"
19:47:00.286        WORLD        : Entity prefab load @"{D03C0F6044DB5208}Prefabs/Vehicles/Helicopters/UH1H/UH1H_base.et"
19:47:00.286         WORLD     (E): Unknown keyword/data 'm_bShowEffectInWB' at offset 16561(0x40b1)
19:47:00.322     RESOURCES    : GetResourceObject @"{62E1A07F77B0B136}Prefabs/Characters/HeadGear/Helmet_MICH_ACH/Helmet_MICH2000_norotos_velcro_tan_camo.et"
19:47:00.322      WORLD        : Entity prefab load @"{62E1A07F77B0B136}Prefabs/Characters/HeadGear/Helmet_MICH_ACH/Helmet_MICH2000_norotos_velcro_tan_camo.et"
19:47:00.322       RESOURCES    : GetResourceObject @"{E68674D91311488A}Prefabs/Characters/HeadGear/Helmet_MICH_ACH/Helmet_MICH2000_norotos_velcro_tan.et"
19:47:00.322        WORLD        : Entity prefab load @"{E68674D91311488A}Prefabs/Characters/HeadGear/Helmet_MICH_ACH/Helmet_MICH2000_norotos_velcro_tan.et"
19:47:00.322         RESOURCES (E): Wrong GUID/name for resource @"{0CBFBFE88BFFB515}Assets/Characters/HeadGear/Helmet_MICH/MICH2000_norotos_velcro_ground.xob" in property "Object"
19:47:00.690     RESOURCES    : GetResourceObject @"{C9D4FE9DDCBA82A1}Prefabs/Weapons/Ammo/Ammo_Grenade_Star_Cluster_XM664.et"
19:47:00.690      WORLD        : Entity prefab load @"{C9D4FE9DDCBA82A1}Prefabs/Weapons/Ammo/Ammo_Grenade_Star_Cluster_XM664.et"
19:47:00.690       RESOURCES    : GetResourceObject @"{51A3B99DCE59C8E1}Prefabs/Weapons/Ammo/Ammo_Grenade_Star_Cluster_M585.et"
19:47:00.690        WORLD        : Entity prefab load @"{51A3B99DCE59C8E1}Prefabs/Weapons/Ammo/Ammo_Grenade_Star_Cluster_M585.et"
19:47:00.690         RESOURCES (E): Wrong GUID/name for resource @"{C5131112CC1B6469}Sounds/Weapons/_SharedData/BulletFlybys/UGL/Weapons_BulletFlybys_UGL.acp" in property "SubsonicFlybys"
19:47:00.691       RESOURCES (E): Wrong GUID/name for resource @"{C5131112CC1B6469}Sounds/Weapons/_SharedData/BulletFlybys/UGL/Weapons_BulletFlybys_UGL.acp" in property "SubsonicFlybys"
19:47:00.691     RESOURCES    : GetResourceObject @"{9F5FED556B466EF0}Prefabs/Weapons/Ammo/Ammo_Grenade_Marker_M716.et"
19:47:00.691      WORLD        : Entity prefab load @"{9F5FED556B466EF0}Prefabs/Weapons/Ammo/Ammo_Grenade_Marker_M716.et"
19:47:00.691       RESOURCES    : GetResourceObject @"{2BA3B074AE0BFF82}Prefabs/Weapons/Ammo/Ammo_Grenade_Marker_M713.et"
19:47:00.691        WORLD        : Entity prefab load @"{2BA3B074AE0BFF82}Prefabs/Weapons/Ammo/Ammo_Grenade_Marker_M713.et"
19:47:00.691         RESOURCES (E): Wrong GUID/name for resource @"{C5131112CC1B6469}Sounds/Weapons/_SharedData/BulletFlybys/UGL/Weapons_BulletFlybys_UGL.acp" in property "SubsonicFlybys"
19:47:00.857     RESOURCES    : GetResourceObject @"{4A465E25A866520E}Prefabs/Vehicles/Helicopters/Mi8MT/Mi8MTT-A_Black.et"
19:47:00.858      WORLD        : Entity prefab load @"{4A465E25A866520E}Prefabs/Vehicles/Helicopters/Mi8MT/Mi8MTT-A_Black.et"
19:47:00.858       RESOURCES    : GetResourceObject @"{DF5CCB7C0FF049F4}Prefabs/Vehicles/Helicopters/Mi8MT/Mi8MT_unarmed_transport.et"
19:47:00.858        WORLD        : Entity prefab load @"{DF5CCB7C0FF049F4}Prefabs/Vehicles/Helicopters/Mi8MT/Mi8MT_unarmed_transport.et"
19:47:00.858         RESOURCES    : GetResourceObject @"{B6B8C164FD6377EA}Prefabs/Vehicles/Helicopters/Mi8MT/Mi8MT_unarmed_base.et"
19:47:00.858          WORLD        : Entity prefab load @"{B6B8C164FD6377EA}Prefabs/Vehicles/Helicopters/Mi8MT/Mi8MT_unarmed_base.et"
19:47:00.858           RESOURCES    : GetResourceObject @"{AFF6067A5CE8A853}Prefabs/Vehicles/Helicopters/Mi8MT/Mi8MT_base.et"
19:47:00.858            WORLD        : Entity prefab load @"{AFF6067A5CE8A853}Prefabs/Vehicles/Helicopters/Mi8MT/Mi8MT_base.et"
19:47:00.858             RESOURCES    : GetResourceObject @"{AFF6067A5CE8A852}Prefabs/Vehicles/Helicopters/Mi8MT/Mi8_base.et"
19:47:00.858              WORLD        : Entity prefab load @"{AFF6067A5CE8A852}Prefabs/Vehicles/Helicopters/Mi8MT/Mi8_base.et"
19:47:00.858               RESOURCES    : GetResourceObject @"{AFF6067A5CE8A852}Prefabs/Vehicles/Helicopters/Mi8MT/Mi8_base.et"
19:47:00.858                WORLD        : Entity prefab load @"{AFF6067A5CE8A852}Prefabs/Vehicles/Helicopters/Mi8MT/Mi8_base.et"
19:47:00.858                 WORLD     (E): Unknown keyword/data 'm_bShowEffectInWB' at offset 19148(0x4acc)
19:47:01.027     SCRIPT    (W): Catalog Entry: '{DEBB01A41488DFF8}Prefabs/Weapons/Attachments/Muzzle/RHS_6P20_0_20.et' could not create UIinfo for inventory item. Non was found for weapon nor Inventory item data
19:47:01.027     SCRIPT    (W): Catalog Entry: '{BAC59BF0DF432D43}Prefabs/Weapons/Attachments/Muzzle/RHS_PGS64.et' could not create UIinfo for inventory item. Non was found for weapon nor Inventory item data
19:47:01.065     SCRIPT    (W): Catalog Entry: '{DEBB01A41488DFF8}Prefabs/Weapons/Attachments/Muzzle/RHS_6P20_0_20.et' could not create UIinfo for inventory item. Non was found for weapon nor Inventory item data
19:47:01.065     SCRIPT    (W): Catalog Entry: '{BAC59BF0DF432D43}Prefabs/Weapons/Attachments/Muzzle/RHS_PGS64.et' could not create UIinfo for inventory item. Non was found for weapon nor Inventory item data
19:47:01.086    ENTITY       : Create entity @"ENTITY:4611686018427387918" ('PreloadManager_Campaign1', BasePreloadManager) at <27.209000 0.000000 10.918000> @"{32BFDCDE99092FCE}Prefabs/World/Game/PreloadManager_Campaign.et"
19:47:01.086     ENTITY       : SpawnEntityPrefab @"{8D89B17BCFBFAE44}Prefabs/Characters/Campaign/Final/Campaign_US_Player.et"
19:47:01.086      WORLD        : InitEntities 'PreloadWorld'
19:47:01.086       ENTITY       : Init entity @"ENTITY:1" ('SCR_ChimeraCharacter','Assets/Characters/Basebody/Basebody_Male_01.xob') at <0.000000 0.000000 0.000000> @"{8D89B17BCFBFAE44}Prefabs/Characters/Campaign/Final/Campaign_US_Player.et"
19:47:01.086        INVENTORY (E): Couldn't insert item @"ENTITY:51" ('GenericEntity','Assets/Weapons/Magazines/STANAG/Magazine_30rnd_STANAG.xob') at <0.000000 0.000000 0.000000> @"{D8F2CA92583B23D3}Prefabs/Weapons/Magazines/Magazine_556x45_STANAG_30rnd_Last_5Tracer.et" into storage @"ENTITY:22" ('GenericEntity','Assets/Items/Equipment/Accessories/Pouch_ALICE_30rnd_STANAG/Pouch_ALICE_30rnd_STANAG.xob') at <-0.144399 1.162750 0.105744> @"{E3154E0EAC48D67B}Prefabs/Items/Equipment/Accessories/Pouch_ALICE_30rnd_STANAG/Pouch_ALICE_30rnd_STANAG.et" while spawning initial items inside the storage.
19:47:01.086        NETWORK   (W): Replication: RplComponent on entity @"ENTITY:51" ('GenericEntity','Assets/Weapons/Magazines/STANAG/Magazine_30rnd_STANAG.xob') at <0.000000 0.000000 0.000000> @"{D8F2CA92583B23D3}Prefabs/Weapons/Magazines/Magazine_556x45_STANAG_30rnd_Last_5Tracer.et" destroyed during loading of the world. This might cause issues with startup sync!
19:47:01.086        INVENTORY (E): Couldn't insert item @"ENTITY:52" ('GenericEntity','Assets/Weapons/Magazines/STANAG/Magazine_30rnd_STANAG.xob') at <0.000000 0.000000 0.000000> @"{D8F2CA92583B23D3}Prefabs/Weapons/Magazines/Magazine_556x45_STANAG_30rnd_Last_5Tracer.et" into storage @"ENTITY:22" ('GenericEntity','Assets/Items/Equipment/Accessories/Pouch_ALICE_30rnd_STANAG/Pouch_ALICE_30rnd_STANAG.xob') at <-0.144399 1.162750 0.105744> @"{E3154E0EAC48D67B}Prefabs/Items/Equipment/Accessories/Pouch_ALICE_30rnd_STANAG/Pouch_ALICE_30rnd_STANAG.et" while spawning initial items inside the storage.
19:47:01.086        NETWORK   (W): Replication: RplComponent on entity @"ENTITY:52" ('GenericEntity','Assets/Weapons/Magazines/STANAG/Magazine_30rnd_STANAG.xob') at <0.000000 0.000000 0.000000> @"{D8F2CA92583B23D3}Prefabs/Weapons/Magazines/Magazine_556x45_STANAG_30rnd_Last_5Tracer.et" destroyed during loading of the world. This might cause issues with startup sync!
19:47:01.086        INVENTORY (E): Couldn't insert item @"ENTITY:53" ('GenericEntity','Assets/Weapons/Magazines/STANAG/Magazine_30rnd_STANAG.xob') at <0.000000 0.000000 0.000000> @"{D8F2CA92583B23D3}Prefabs/Weapons/Magazines/Magazine_556x45_STANAG_30rnd_Last_5Tracer.et" into storage @"ENTITY:22" ('GenericEntity','Assets/Items/Equipment/Accessories/Pouch_ALICE_30rnd_STANAG/Pouch_ALICE_30rnd_STANAG.xob') at <-0.144399 1.162750 0.105744> @"{E3154E0EAC48D67B}Prefabs/Items/Equipment/Accessories/Pouch_ALICE_30rnd_STANAG/Pouch_ALICE_30rnd_STANAG.et" while spawning initial items inside the storage.
19:47:01.086        NETWORK   (W): Replication: RplComponent on entity @"ENTITY:53" ('GenericEntity','Assets/Weapons/Magazines/STANAG/Magazine_30rnd_STANAG.xob') at <0.000000 0.000000 0.000000> @"{D8F2CA92583B23D3}Prefabs/Weapons/Magazines/Magazine_556x45_STANAG_30rnd_Last_5Tracer.et" destroyed during loading of the world. This might cause issues with startup sync!
19:47:01.173     ENTITY       : SpawnEntityPrefab @"{07B92B5E1A781635}Prefabs/Characters/Campaign/Final/PlayerVariant/Campaign_US_Player_Variant_1.et"
19:47:01.173      WORLD        : InitEntities 'PreloadWorld'
19:47:01.173       ENTITY       : Init entity @"ENTITY:107" ('SCR_ChimeraCharacter','Assets/Characters/Basebody/Basebody_Male_01.xob') at <0.000000 0.000000 0.000000> @"{07B92B5E1A781635}Prefabs/Characters/Campaign/Final/PlayerVariant/Campaign_US_Player_Variant_1.et"
19:47:01.173        INVENTORY (E): Couldn't insert item @"ENTITY:157" ('GenericEntity','Assets/Weapons/Magazines/STANAG/Magazine_30rnd_STANAG.xob') at <0.000000 0.000000 0.000000> @"{D8F2CA92583B23D3}Prefabs/Weapons/Magazines/Magazine_556x45_STANAG_30rnd_Last_5Tracer.et" into storage @"ENTITY:128" ('GenericEntity','Assets/Items/Equipment/Accessories/Pouch_ALICE_30rnd_STANAG/Pouch_ALICE_30rnd_STANAG.xob') at <-0.144399 1.162750 0.105744> @"{E3154E0EAC48D67B}Prefabs/Items/Equipment/Accessories/Pouch_ALICE_30rnd_STANAG/Pouch_ALICE_30rnd_STANAG.et" while spawning initial items inside the storage.
19:47:01.173        NETWORK   (W): Replication: RplComponent on entity @"ENTITY:157" ('GenericEntity','Assets/Weapons/Magazines/STANAG/Magazine_30rnd_STANAG.xob') at <0.000000 0.000000 0.000000> @"{D8F2CA92583B23D3}Prefabs/Weapons/Magazines/Magazine_556x45_STANAG_30rnd_Last_5Tracer.et" destroyed during loading of the world. This might cause issues with startup sync!
19:47:01.173        INVENTORY (E): Couldn't insert item @"ENTITY:158" ('GenericEntity','Assets/Weapons/Magazines/STANAG/Magazine_30rnd_STANAG.xob') at <0.000000 0.000000 0.000000> @"{D8F2CA92583B23D3}Prefabs/Weapons/Magazines/Magazine_556x45_STANAG_30rnd_Last_5Tracer.et" into storage @"ENTITY:128" ('GenericEntity','Assets/Items/Equipment/Accessories/Pouch_ALICE_30rnd_STANAG/Pouch_ALICE_30rnd_STANAG.xob') at <-0.144399 1.162750 0.105744> @"{E3154E0EAC48D67B}Prefabs/Items/Equipment/Accessories/Pouch_ALICE_30rnd_STANAG/Pouch_ALICE_30rnd_STANAG.et" while spawning initial items inside the storage.
19:47:01.173        NETWORK   (W): Replication: RplComponent on entity @"ENTITY:158" ('GenericEntity','Assets/Weapons/Magazines/STANAG/Magazine_30rnd_STANAG.xob') at <0.000000 0.000000 0.000000> @"{D8F2CA92583B23D3}Prefabs/Weapons/Magazines/Magazine_556x45_STANAG_30rnd_Last_5Tracer.et" destroyed during loading of the world. This might cause issues with startup sync!
19:47:01.173        INVENTORY (E): Couldn't insert item @"ENTITY:159" ('GenericEntity','Assets/Weapons/Magazines/STANAG/Magazine_30rnd_STANAG.xob') at <0.000000 0.000000 0.000000> @"{D8F2CA92583B23D3}Prefabs/Weapons/Magazines/Magazine_556x45_STANAG_30rnd_Last_5Tracer.et" into storage @"ENTITY:128" ('GenericEntity','Assets/Items/Equipment/Accessories/Pouch_ALICE_30rnd_STANAG/Pouch_ALICE_30rnd_STANAG.xob') at <-0.144399 1.162750 0.105744> @"{E3154E0EAC48D67B}Prefabs/Items/Equipment/Accessories/Pouch_ALICE_30rnd_STANAG/Pouch_ALICE_30rnd_STANAG.et" while spawning initial items inside the storage.
19:47:01.173        NETWORK   (W): Replication: RplComponent on entity @"ENTITY:159" ('GenericEntity','Assets/Weapons/Magazines/STANAG/Magazine_30rnd_STANAG.xob') at <0.000000 0.000000 0.000000> @"{D8F2CA92583B23D3}Prefabs/Weapons/Magazines/Magazine_556x45_STANAG_30rnd_Last_5Tracer.et" destroyed during loading of the world. This might cause issues with startup sync!
19:47:02.013    WORLD        : WORLD        : NotifyBeforeEntitiesInitialized
19:47:02.013    PROFILING    : NotifyBeforeEntitiesInitialized took: 0.062000 ms
19:47:02.013    WORLD        : InitEntities 'world'
19:47:02.013     ENTITY       : Init entity @"ENTITY:3" ('SCR_MapEntity1', SCR_MapEntity) at <6400.000000 0.000000 6400.000000> @"{E1B88C66BF6CA1F9}Prefabs/World/Game/MapEntity_Everon.et"
19:47:02.013      SCRIPT    (W): SCR_MapEntity: Cannot get the size from terrain. Using default.
19:47:03.861    WORLD        : WORLD        : NotifyEntitiesInitialized
19:47:03.861     TERRAIN      : TERRAIN      : Initializing road networks...
19:47:03.866     PROFILING    : Initializing road networks... took: 5.357000 ms
19:47:03.987     INIT         : INIT         : SoundWorldInit
19:47:04.073     PROFILING    : SoundWorldInit took: 85.798000 ms
19:47:04.073    PROFILING    : NotifyEntitiesInitialized took: 212.140000 ms
19:47:04.073   PROFILING    : CreateEntities took: 22605.446000 ms
19:47:04.073  PROFILING    : CreateEntities took: 22605.477000 ms
19:47:04.073  WORLD        : WORLD        : EOnActivate
19:47:04.176  PROFILING    : EOnActivate took: 102.605000 ms
19:47:04.176 PROFILING    : Game::LoadEntities took: 26297.640000 ms
19:47:04.329 NETWORK      : RPL listen address not specified. Using default fallback.
19:47:04.402 NETWORK      : Starting RPL server, listening on address 0.0.0.0:2001, fastValidation=true
19:47:04.502 DEFAULT      : BattlEye Server: Loading BattlEye library from path '/reforger/battleye/BEServer_x64.so'.
19:47:04.502 DEFAULT      : BattlEye Server: 'Initialized (v1.220, Arma Reforger 1.2.0.98)'
19:47:04.502 DEFAULT      : BattlEye Server: Initialized.
19:47:04.502 DEFAULT      : BattlEye Server: 'Config entry: GameID armar'
19:47:04.502 DEFAULT      : BattlEye Server: 'Config entry: MasterPort 2001'
19:47:05.697 BACKEND      : Server registered with address: 185.251.89.35:2001
19:47:05.697 BACKEND      : Direct Join Code: 0580646093
19:47:05.697 BACKEND      : Ping Site: frankfurt
19:47:06.511 DEFAULT      : Entered online game state.
19:47:06.708 SCRIPT    (E): 'SCR_BaseSupportStationComponent' 'EOnInit': 'SCR_DestructibleBuildingEntity<0x0000739560D13D20> @"ENTITY:272896" ('SCR_DestructibleBuildingEntity','Assets/Structures/Comme' Support Station is set to use supplies  but it has no SCR_ResourceComponent
19:47:06.708 SCRIPT    (E): 'SCR_BaseSupportStationComponent' 'EOnInit': 'SCR_DestructibleBuildingEntity<0x0000739557AB3228> @"ENTITY:463500" ('SCR_DestructibleBuildingEntity','Assets/Structures/Comme' Support Station is set to use supplies  but it has no SCR_ResourceComponent
19:47:06.708 SCRIPT    (E): 'SCR_BaseSupportStationComponent' 'EOnInit': 'SCR_DestructibleBuildingEntity<0x0000739557AB3360> @"ENTITY:463506" ('SCR_DestructibleBuildingEntity','Assets/Structures/Comme' Support Station is set to use supplies  but it has no SCR_ResourceComponent
19:47:06.708 SCRIPT    (E): 'SCR_BaseSupportStationComponent' 'EOnInit': 'SCR_DestructibleBuildingEntity<0x000073952C0A8648> @"ENTITY:858977" ('SCR_DestructibleBuildingEntity','Assets/Structures/Comme' Support Station is set to use supplies  but it has no SCR_ResourceComponent
19:47:06.708 SCRIPT    (E): 'SCR_BaseSupportStationComponent' 'EOnInit': 'SCR_DestructibleBuildingEntity<0x000073952C0A8780> @"ENTITY:858982" ('SCR_DestructibleBuildingEntity','Assets/Structures/Comme' Support Station is set to use supplies  but it has no SCR_ResourceComponent
19:47:06.708 SCRIPT    (E): 'SCR_BaseSupportStationComponent' 'EOnInit': 'SCR_DestructibleBuildingEntity<0x000073952C0A88B8> @"ENTITY:858987" ('SCR_DestructibleBuildingEntity','Assets/Structures/Comme' Support Station is set to use supplies  but it has no SCR_ResourceComponent
19:47:06.708 SCRIPT    (E): 'SCR_BaseSupportStationComponent' 'EOnInit': 'SCR_DestructibleBuildingEntity<0x000073952C0A89F0> @"ENTITY:858992" ('SCR_DestructibleBuildingEntity','Assets/Structures/Comme' Support Station is set to use supplies  but it has no SCR_ResourceComponent
19:47:06.708 SCRIPT    (E): 'SCR_BaseSupportStationComponent' 'EOnInit': 'SCR_DestructibleBuildingEntity<0x000073952C0A8B28> @"ENTITY:858997" ('SCR_DestructibleBuildingEntity','Assets/Structures/Comme' Support Station is set to use supplies  but it has no SCR_ResourceComponent
19:47:06.708 SCRIPT    (E): 'SCR_BaseSupportStationComponent' 'EOnInit': 'SCR_DestructibleBuildingEntity<0x000073952C0A8C60> @"ENTITY:859002" ('SCR_DestructibleBuildingEntity','Assets/Structures/Comme' Support Station is set to use supplies  but it has no SCR_ResourceComponent
19:47:06.708 SCRIPT    (E): 'SCR_BaseSupportStationComponent' 'EOnInit': 'SCR_DestructibleBuildingEntity<0x000073952C0A8D98> @"ENTITY:859007" ('SCR_DestructibleBuildingEntity','Assets/Structures/Comme' Support Station is set to use supplies  but it has no SCR_ResourceComponent
19:47:06.708 SCRIPT    (E): 'SCR_BaseSupportStationComponent' 'EOnInit': 'SCR_DestructibleBuildingEntity<0x000073952C0A8ED0> @"ENTITY:859012" ('SCR_DestructibleBuildingEntity','Assets/Structures/Comme' Support Station is set to use supplies  but it has no SCR_ResourceComponent
19:47:06.708 SCRIPT    (E): 'SCR_BaseSupportStationComponent' 'EOnInit': 'SCR_DestructibleBuildingEntity<0x000073952C0A9008> @"ENTITY:859017" ('SCR_DestructibleBuildingEntity','Assets/Structures/Comme' Support Station is set to use supplies  but it has no SCR_ResourceComponent
19:47:06.708 SCRIPT    (E): 'SCR_BaseSupportStationComponent' 'EOnInit': 'SCR_DestructibleBuildingEntity<0x000073952C0A9140> @"ENTITY:859022" ('SCR_DestructibleBuildingEntity','Assets/Structures/Comme' Support Station is set to use supplies  but it has no SCR_ResourceComponent
19:47:06.708 SCRIPT    (E): 'SCR_BaseSupportStationComponent' 'EOnInit': 'SCR_DestructibleBuildingEntity<0x000073952C0A9278> @"ENTITY:859027" ('SCR_DestructibleBuildingEntity','Assets/Structures/Comme' Support Station is set to use supplies  but it has no SCR_ResourceComponent
19:47:06.708 SCRIPT    (E): 'SCR_BaseSupportStationComponent' 'EOnInit': 'SCR_DestructibleBuildingEntity<0x000073952C0A93B0> @"ENTITY:859032" ('SCR_DestructibleBuildingEntity','Assets/Structures/Comme' Support Station is set to use supplies  but it has no SCR_ResourceComponent
19:47:06.708 SCRIPT    (E): 'SCR_BaseSupportStationComponent' 'EOnInit': 'SCR_DestructibleBuildingEntity<0x000073952C0A94E8> @"ENTITY:859037" ('SCR_DestructibleBuildingEntity','Assets/Structures/Comme' Support Station is set to use supplies  but it has no SCR_ResourceComponent
19:47:06.708 SCRIPT    (E): 'SCR_BaseSupportStationComponent' 'EOnInit': 'SCR_DestructibleBuildingEntity<0x000073952E5D65F8> @"ENTITY:908889" ('SCR_DestructibleBuildingEntity','Assets/Structures/Comme' Support Station is set to use supplies  but it has no SCR_ResourceComponent
19:47:06.708 SCRIPT    (E): 'SCR_BaseSupportStationComponent' 'EOnInit': 'SCR_DestructibleBuildingEntity<0x000073952E5D6730> @"ENTITY:908895" ('SCR_DestructibleBuildingEntity','Assets/Structures/Comme' Support Station is set to use supplies  but it has no SCR_ResourceComponent
19:47:06.708 SCRIPT    (E): 'SCR_BaseSupportStationComponent' 'EOnInit': 'SCR_DestructibleBuildingEntity<0x000073952E5D6868> @"ENTITY:908901" ('SCR_DestructibleBuildingEntity','Assets/Structures/Comme' Support Station is set to use supplies  but it has no SCR_ResourceComponent
19:47:06.746 WORLD        : Frame start
19:47:06.746  NETWORK      : Projectiles will simulate using: EOnFrame
19:47:06.758 WORLD        : UpdateEntities
19:47:06.758  WORLD        : Frame
19:47:06.758   SCRIPT       : SCR_BaseGameMode::OnGameStateChanged = GAME
19:47:11.584 ENTITY       : SpawnEntityPrefab @"{16C1F16C9B053801}Prefabs/Vehicles/Wheeled/Ural4320/Ural4320_transport.et"
19:47:11.585  ENTITY       : Create entity @"ENTITY:6917529027641092335" ('Vehicle','Assets/Vehicles/Wheeled/Ural4320/Ural_4320_base.xob') at <5787.795898 2.732529 9564.522461> @"{16C1F16C9B053801}Prefabs/Vehicles/Wheeled/Ural4320/Ural4320_transport.et"
19:47:11.585   ENTITY       : SpawnEntityPrefab @"{58B3FB7F102A8B1B}Prefabs/Vehicles/Wheeled/Ural4320/VehParts/Ural4320_cargo.et"
19:47:11.585    ENTITY       : Create entity @"ENTITY:6917529027641092370" ('GenericEntity','Assets/Vehicles/Wheeled/Ural4320/Ural_4320_cargo.xob') at <5787.795898 2.732529 9564.522461> @"{58B3FB7F102A8B1B}Prefabs/Vehicles/Wheeled/Ural4320/VehParts/Ural4320_cargo.et"
19:47:11.585     ENTITY    (W): Converted from old-style index parent surface, please resave
19:47:11.585     ENTITY    (W): Converted from old-style index parent surface, please resave
19:47:11.585     ENTITY    (W): Converted from old-style index parent surface, please resave
19:47:11.585     ENTITY    (W): Converted from old-style index parent surface, please resave
19:47:11.585     ENTITY    (W): Converted from old-style index parent surface, please resave
19:47:11.585     ENTITY    (W): Converted from old-style index parent surface, please resave
19:47:11.654 ENTITY       : SpawnEntityPrefab @"{C012BB3488BEA0C2}Prefabs/Vehicles/Wheeled/BTR70/BTR70.et"
19:47:11.654  ENTITY       : Create entity @"ENTITY:6917529027641092403" ('Vehicle','Assets/Vehicles/Wheeled/BTR70/BTR70_body.xob') at <5798.187988 1.562500 9546.522461> @"{C012BB3488BEA0C2}Prefabs/Vehicles/Wheeled/BTR70/BTR70.et"
19:47:11.654   ENTITY       : SpawnEntityPrefab @"{66596659FB0F645B}Prefabs/Vehicles/Wheeled/BTR70/VehParts/Turret/BTR70_Turret.et"
19:47:11.654    ENTITY       : Create entity @"ENTITY:6917529027641092536" ('Turret','Assets/Vehicles/Wheeled/BTR70/BTR70_turret.xob') at <5798.187988 1.562500 9546.522461> @"{66596659FB0F645B}Prefabs/Vehicles/Wheeled/BTR70/VehParts/Turret/BTR70_Turret.et"
19:47:11.654     ENTITY       : SpawnEntityPrefab @"{4FD1A5A6670E015A}Prefabs/Weapons/MachineGuns/PKM/MG_PKMT.et"
19:47:11.654      ENTITY       : Create entity @"ENTITY:6917529027641092537" ('GenericEntity','Assets/Weapons/MachineGuns/PKMT/PKMT_body.xob') at <5798.187988 1.562500 9546.522461> @"{4FD1A5A6670E015A}Prefabs/Weapons/MachineGuns/PKM/MG_PKMT.et"
19:47:11.654       ANIMATION (E): @"ENTITY:6917529027641092537" ('GenericEntity','Assets/Weapons/MachineGuns/PKMT/PKMT_body.xob') at <5798.187988 1.562500 9546.522461> @"{4FD1A5A6670E015A}Prefabs/Weapons/MachineGuns/PKM/MG_PKMT.et": anim controller initialization data is invalid (graph , node MasterControl, instance )
19:47:11.674 SCRIPT    (E): 'SCR_BaseSupportStationComponent' 'EOnInit': 'GenericEntity<0x00007395A33D7880> @"ENTITY:6917529027641092069" ('GenericEntity','Assets/Items/Fuel/Jerrycan_01/Jerrycan_01.xo' Support Station is set to use supplies  but it has no SCR_ResourceComponent
19:47:11.675 SCRIPT    (E): 'SCR_BaseSupportStationComponent' 'EOnInit': 'GenericEntity<0x00007395A34C18A0> @"ENTITY:6917529027641092121" ('GenericEntity','Assets/Items/Fuel/Jerrycan_01/Jerrycan_01.xo' Support Station is set to use supplies  but it has no SCR_ResourceComponent
19:47:11.675 SCRIPT    (E): 'SCR_BaseSupportStationComponent' 'EOnInit': 'GenericEntity<0x000073959BBC3660> @"ENTITY:6917529027641092234" ('GenericEntity','Assets/Items/Fuel/Jerrycan_01/Jerrycan_01.xo' Support Station is set to use supplies  but it has no SCR_ResourceComponent
19:47:11.676 SCRIPT    (E): 'SCR_BaseSupportStationComponent' 'EOnInit': 'GenericEntity<0x00007395A26E5460> @"ENTITY:6917529027641092348" ('GenericEntity','Assets/Items/Fuel/Jerrycan_01/Jerrycan_01.xo' Support Station is set to use supplies  but it has no SCR_ResourceComponent
19:47:11.676 SCRIPT    (E): 'SCR_BaseSupportStationComponent' 'EOnInit': 'GenericEntity<0x00007395A10B4140> @"ENTITY:6917529027641092494" ('GenericEntity','Assets/Items/Fuel/Jerrycan_01/Jerrycan_01.xo' Support Station is set to use supplies  but it has no SCR_ResourceComponent
19:49:10.030 SCRIPT       : SCR_LatestSaveDSSessionCallback: LocalSave: .LatestSave
19:51:10.041 SCRIPT       : SCR_LatestSaveDSSessionCallback: LocalSave: .LatestSave
19:53:10.048 SCRIPT       : SCR_LatestSaveDSSessionCallback: LocalSave: .LatestSave
19:55:10.059 SCRIPT       : SCR_LatestSaveDSSessionCallback: LocalSave: .LatestSave
19:57:10.070 SCRIPT       : SCR_LatestSaveDSSessionCallback: LocalSave: .LatestSave
19:59:10.086 SCRIPT       : SCR_LatestSaveDSSessionCallback: LocalSave: .LatestSave
20:01:10.114 SCRIPT       : SCR_LatestSaveDSSessionCallback: LocalSave: .LatestSave
20:03:10.105 SCRIPT       : SCR_LatestSaveDSSessionCallback: LocalSave: .LatestSave
20:05:10.132 SCRIPT       : SCR_LatestSaveDSSessionCallback: LocalSave: .LatestSave
20:06:40.524 RPL          : ServerImpl event: authenticating (identity=0x00000000, address=46.8.28.102:58984)
20:06:40.714 RPL          : ServerImpl event: connected (identity=0x00000000)
20:06:40.740 WORLD        : UpdateEntities
20:06:40.741  DEFAULT      : BattlEye Server: Adding player identity=0x00000000, name='Reidond'
20:06:40.741  DEFAULT      : BattlEye Server: 'Player #0 Reidond (46.8.28.102:58984) connected'
20:06:40.741  DEFAULT      : BattlEye Server: Setting GUID for player identity=0x00000000, GUID=76561198117480403
20:06:40.741  DEFAULT      : BattlEye Server: 'Player #0 Reidond - BE GUID: 0ff29685078407615ef8faeadc59b566'
20:06:40.972 DEFAULT      : BattlEye Server: 'Connected to BE Master'
20:06:59.004 NETWORK      : Player connected: connectionID=0
20:06:59.004 NETWORK      : ### Connecting player: connectionID=0, Name=
20:07:02.092 WORLD        : UpdateEntities
20:07:02.092  RPL          : rpl::Pip::ProcessNetToGame
20:07:02.092   NETWORK      : ### Creating player: PlayerId=1, Name=Reidond
20:07:02.133   ENTITY       : SpawnEntityPrefab @"{D39FCAB93FC4FB02}Prefabs/Characters/Core/DefaultPlayerControllerMP_Campaign.et"
20:07:02.133    ENTITY       : Create entity @"ENTITY:6917529027641129267" ('SCR_PlayerController') at <0.000000 0.000000 0.000000> @"{D39FCAB93FC4FB02}Prefabs/Characters/Core/DefaultPlayerControllerMP_Campaign.et"
20:07:02.133     SCRIPT       : RHS_RadialMenu Initiated
20:07:02.402 WORLD        : UpdateEntities
20:07:02.402  RPL          : rpl::Pip::ProcessNetToGame
20:07:02.402   NETWORK      : ### Updating player: PlayerId=1, Name=Reidond, IdentityId=25c9bb9d-fdd7-4be9-898e-cac20a551dd2
20:07:02.402 WORLD        : UpdateEntities
20:07:02.403  RPL          : rpl::Pip::ProcessNetToGame
20:07:02.403   SCRIPT    (W): Ban Settings could not be loaded from BE Storage: Relying on default config
20:07:02.404   NETWORK      : Players connecting: 0
20:07:02.404   NETWORK      : Players connected: 1 / 1
20:07:10.116 SCRIPT       : SCR_LatestSaveDSSessionCallback: LocalSave: .LatestSave
20:07:32.671 RPL          : ServerImpl event: disconnected (identity=0x00000000), group=1, reason=9
20:07:32.671 WORLD        : UpdateEntities
20:07:32.671  DEFAULT      : BattlEye Server: Disconnect player identity=0x00000000
20:07:32.671  DEFAULT      : BattlEye Server: 'Player #0 Reidond disconnected'
20:07:32.686 NETWORK      : Player disconnected: connectionID=0
20:07:32.689 NETWORK      : Total number of players: 0
