---------------------------------------------
Log /home/profile/logs/logs_2024-08-21_18-02-23/error.log started at 2024-08-21 18:02:24 (2024-08-21 18:02:24 UTC)

18:02:24.375 ENGINE       : GameProject load
18:02:24.375  INIT         : GameProject load project data @"./addons/data/ArmaReforger.gproj"
18:02:24.375   RESOURCES (E): Wrong GUID/name for resource @"{C014582791ECBF24}Language/localization.st" in property "StringTableSource"
18:02:32.520 BACKEND      : Loading dedicated server config.
18:02:32.520  RESOURCES    : GetResourceObject @"{24F69B20B0FD056E}Missions/Escapists_Chernarus.conf"
18:02:32.520   RESOURCES (E): Failed to open
18:02:32.520  RESOURCES (E): MissionHeader::ReadMissionHeader cannot load the resource 'Missions/Escapists_Chernarus.conf'!
18:02:32.649 PLATFORM     : InputManager user settings load from profile @"InputUserSettings.conf"
18:02:32.649  DEFAULT   (W): Loading input settings from legacy file, which will be soon unsupported
18:02:50.721 ENGINE       : GameProject load
18:02:50.722  INIT         : GameProject load project data @"./addons/data/ArmaReforger.gproj"
18:02:50.722   RESOURCES (E): Wrong GUID/name for resource @"{C014582791ECBF24}Language/localization.st" in property "StringTableSource"
18:02:50.722  INIT         : GameProject load project data @"/reforger/workshop/addons/Escapists_5F16D7E4A1CBE075/addon.gproj"
18:02:50.722   RESOURCES (E): Wrong GUID/name for resource @"{E4B228D6F0DE455F}Language/Escapists_localization.st" in property "StringTableSource"
18:02:57.451 PLATFORM     : InputManager user settings load from profile @"InputUserSettings.conf"
18:02:57.451  DEFAULT   (W): Loading input settings from legacy file, which will be soon unsupported
18:03:13.341 WORLD        : Game::LoadEntities
18:03:13.341  WORLD        : CreateEntities
18:03:13.341   WORLD        : CreateEntities
18:03:13.341    ENTITY       : Create entity @"ENTITY:1" ('world', GenericWorldEntity) at <0.000000 0.000000 0.000000>
18:03:13.341     RESOURCES (E):   Failed to decompress memory image data. Data is not DXT.
18:03:13.341     WORLD     (E): Shore map CPU data creation failed - decompression of DF near atlas texture failed.
18:03:13.342     WORLD     (E): Loading of shore map failed - creation of CPU data failed
18:03:13.342     WORLD     (E): Loading of shore map failed - post load checks failed
18:03:27.147    ENTITY       : Create entity @"ENTITY:2" ('Terrain', GenericTerrainEntity) at <0.000000 0.000000 0.000000>
18:03:27.147     PROFILING    : Terrain load
18:03:27.147      MATERIAL     : Material load @"{3FC4219441C1A234}Assets/Clutter/Procedural/cp_forest_con_01.emat"
18:03:27.147       MATERIAL     : Material load @"{3FC4219441C1A234}Assets/Clutter/Procedural/cp_forest_con_01.emat"
18:03:27.147        RESOURCES (E): Wrong GUID/name for resource @"{41D39B75E1E2F422}Assets/Vegetation/_Procedural/Data/cp_forest_con_MASK.edds" in property "DistributionMap"
18:03:27.241    ENTITY       : Create entity @"ENTITY:8" ('GenericWorldPPEffect') at <7696.200684 414.250000 9187.669922> @"GodRays"
18:03:27.241     MATERIAL     : Material load @"{90C363AB5243A434}Common/Postprocess/Sun_GodRays.emat"
18:03:27.241      MATERIAL     : Material load @"{90C363AB5243A434}Common/Postprocess/Sun_GodRays.emat"
18:03:27.241       MATERIAL  (E): Unknown keyword/data 'HorizonDisableY' at offset 46(0x2e)
18:03:27.935    ENTITY       : Create entity @"ENTITY:6405" ('GenericEntity','Assets/Props/Military/Antennas/Antenna_R142_01/Antenna_R142_01.xob') at <4664.747070 346.681000 9588.596680>
18:03:27.936     DEFAULT   (W): World doesn't contain RadioManagerEntity to support any BaseRadioComponent.
18:04:06.769    ENTITY       : Create entity @"ENTITY:2468073" ('GenericEntity') at <2843.346924 216.238998 12379.318359>
18:04:06.770     RESOURCES (E): Can't remap 'Assets/Props/Civilian/Lamps/Industrial Lamp_v2.xob' material from 'IndustrialLamp' to 'Assets/Props/Civilian/Lamps/Data/IndustrialLamp_V2.emat'. Source material do not exist
18:04:19.415    ENTITY       : Create entity @"ENTITY:2305843009213697990" ('EscapistsFactionManager', ESCT_FactionManager) at <5880.873047 266.197998 10937.565430> @"{E3D888FF32E53DE2}Prefabs/MP/Managers/Factions/ESCT_FactionManager.et"
18:04:19.415     RESOURCES    : GetResourceObject @"{D2B6DA98F6A18C89}PrefabsEditable/Compositions/Locations/Hideouts/E_L_Hideout_FIA_03.et"
18:04:19.415      WORLD        : Entity prefab load @"{D2B6DA98F6A18C89}PrefabsEditable/Compositions/Locations/Hideouts/E_L_Hideout_FIA_03.et"
18:04:19.415       RESOURCES    : GetResourceObject @"{86E03364AB549230}Prefabs/Items/Equipment/Tents/TentSmallFIA_01_packed.et"
18:04:19.415        WORLD        : Entity prefab load @"{86E03364AB549230}Prefabs/Items/Equipment/Tents/TentSmallFIA_01_packed.et"
18:04:19.415         WORLD     (E): Unknown class 'SCR_ConditionalDeployableItemComponent' at offset 933(0x3a5)
18:04:19.415         WORLD     (E): Unknown class 'SCR_DeployableItemPickUpItemAction' at offset 1474(0x5c2)
18:04:19.415         WORLD     (E): Unknown class 'SCR_DeployItemBaseAction' at offset 1532(0x5fc)
18:04:19.415         WORLD     (E): Unknown class 'SCR_DismantleItemBaseAction' at offset 1710(0x6ae)
18:04:19.437     RESOURCES    : GetResourceObject @"{DDDD9B51F1234DF3}Prefabs/Vehicles/Helicopters/UH1H/UH1H_armed.et"
18:04:19.437      WORLD        : Entity prefab load @"{DDDD9B51F1234DF3}Prefabs/Vehicles/Helicopters/UH1H/UH1H_armed.et"
18:04:19.437       RESOURCES    : GetResourceObject @"{70BAEEFC2D3FEE64}Prefabs/Vehicles/Helicopters/UH1H/UH1H.et"
18:04:19.437        WORLD        : Entity prefab load @"{70BAEEFC2D3FEE64}Prefabs/Vehicles/Helicopters/UH1H/UH1H.et"
18:04:19.437         RESOURCES    : GetResourceObject @"{D03C0F6044DB5208}Prefabs/Vehicles/Helicopters/UH1H/UH1H_base.et"
18:04:19.437          WORLD        : Entity prefab load @"{D03C0F6044DB5208}Prefabs/Vehicles/Helicopters/UH1H/UH1H_base.et"
18:04:19.437           WORLD     (E): Unknown keyword/data 'm_bShowEffectInWB' at offset 16561(0x40b1)
18:04:19.642     RESOURCES    : GetResourceObject @"{C94DE64767618355}PrefabsEditable/Compositions/Locations/Helipads/E_L_Helipad_US_02.et"
18:04:19.642      WORLD        : Entity prefab load @"{C94DE64767618355}PrefabsEditable/Compositions/Locations/Helipads/E_L_Helipad_US_02.et"
18:04:19.642       RESOURCES    : GetResourceObject @"{E0A7FF912FB05FE6}PrefabsEditable/Compositions/Locations/Helipads/E_L_Helipad_US_01.et"
18:04:19.642        WORLD        : Entity prefab load @"{E0A7FF912FB05FE6}PrefabsEditable/Compositions/Locations/Helipads/E_L_Helipad_US_01.et"
18:04:19.642         RESOURCES    : GetResourceObject @"{472BE7BF1240C1CE}Prefabs/Compositions/Misc/SubCompositions/Utility/Helipad_Lights_US_01.et"
18:04:19.642          WORLD        : Entity prefab load @"{472BE7BF1240C1CE}Prefabs/Compositions/Misc/SubCompositions/Utility/Helipad_Lights_US_01.et"
18:04:19.642           WORLD     (E): Unknown keyword/data 'm_bShowDebugShape' at offset 2491(0x9bb)
18:04:19.699     RESOURCES    : GetResourceObject @"{7BD282AF716ED639}Prefabs/Vehicles/Helicopters/Mi8MT/Mi8MT_armed.et"
18:04:19.699      WORLD        : Entity prefab load @"{7BD282AF716ED639}Prefabs/Vehicles/Helicopters/Mi8MT/Mi8MT_armed.et"
18:04:19.699       RESOURCES    : GetResourceObject @"{20C37D5090E4E0E6}Prefabs/Vehicles/Helicopters/Mi8MT/Mi8MT_armed_base.et"
18:04:19.699        WORLD        : Entity prefab load @"{20C37D5090E4E0E6}Prefabs/Vehicles/Helicopters/Mi8MT/Mi8MT_armed_base.et"
18:04:19.699         RESOURCES    : GetResourceObject @"{AFF6067A5CE8A853}Prefabs/Vehicles/Helicopters/Mi8MT/Mi8MT_base.et"
18:04:19.699          WORLD        : Entity prefab load @"{AFF6067A5CE8A853}Prefabs/Vehicles/Helicopters/Mi8MT/Mi8MT_base.et"
18:04:19.699           RESOURCES    : GetResourceObject @"{AFF6067A5CE8A852}Prefabs/Vehicles/Helicopters/Mi8MT/Mi8_base.et"
18:04:19.699            WORLD        : Entity prefab load @"{AFF6067A5CE8A852}Prefabs/Vehicles/Helicopters/Mi8MT/Mi8_base.et"
18:04:19.699             WORLD     (E): Unknown keyword/data 'm_bShowEffectInWB' at offset 19148(0x4acc)
18:04:23.994    WORLD        : InitEntities 'world'
18:04:23.994     ENTITY       : Init entity @"ENTITY:3" ('MapEntity_Chernarus', SCR_MapEntity) at <2572.489990 228.283997 12177.396484> @"{731564B66F91B107}Prefabs/World/Game/MapEntity.et"
18:04:23.994      SCRIPT    (W): SCR_MapEntity: Cannot get the size from terrain. Using default.
18:04:33.903 SCRIPT    (E): 'SCR_BaseSupportStationComponent' 'EOnInit': 'SCR_DestructibleBuildingEntity<0x00007F6977471890> @"ENTITY:12988" ('SCR_DestructibleBuildingEntity','Assets/Structures/Commer' Support Station is set to use supplies  but it has no SCR_ResourceComponent
18:04:33.904 SCRIPT    (E): 'SCR_BaseSupportStationComponent' 'EOnInit': 'SCR_DestructibleBuildingEntity<0x00007F69774719C8> @"ENTITY:12993" ('SCR_DestructibleBuildingEntity','Assets/Structures/Commer' Support Station is set to use supplies  but it has no SCR_ResourceComponent
18:04:33.904 SCRIPT    (E): 'SCR_BaseSupportStationComponent' 'EOnInit': 'SCR_DestructibleBuildingEntity<0x00007F6977471B00> @"ENTITY:12998" ('SCR_DestructibleBuildingEntity','Assets/Structures/Commer' Support Station is set to use supplies  but it has no SCR_ResourceComponent
18:04:33.904 SCRIPT    (E): 'SCR_BaseSupportStationComponent' 'EOnInit': 'SCR_DestructibleBuildingEntity<0x00007F6977471C38> @"ENTITY:13003" ('SCR_DestructibleBuildingEntity','Assets/Structures/Commer' Support Station is set to use supplies  but it has no SCR_ResourceComponent
18:04:33.904 SCRIPT    (E): 'SCR_BaseSupportStationComponent' 'EOnInit': 'SCR_DestructibleBuildingEntity<0x00007F6977471D70> @"ENTITY:13008" ('SCR_DestructibleBuildingEntity','Assets/Structures/Commer' Support Station is set to use supplies  but it has no SCR_ResourceComponent
18:04:33.904 SCRIPT    (E): 'SCR_BaseSupportStationComponent' 'EOnInit': 'SCR_DestructibleBuildingEntity<0x00007F69626294E8> @"ENTITY:115796" ('SCR_DestructibleBuildingEntity','Assets/Structures/Comme' Support Station is set to use supplies  but it has no SCR_ResourceComponent
18:04:33.904 SCRIPT    (E): 'SCR_BaseSupportStationComponent' 'EOnInit': 'SCR_DestructibleBuildingEntity<0x00007F6962629620> @"ENTITY:115801" ('SCR_DestructibleBuildingEntity','Assets/Structures/Comme' Support Station is set to use supplies  but it has no SCR_ResourceComponent
18:04:33.904 SCRIPT    (E): 'SCR_BaseSupportStationComponent' 'EOnInit': 'SCR_DestructibleBuildingEntity<0x00007F6962629758> @"ENTITY:115806" ('SCR_DestructibleBuildingEntity','Assets/Structures/Comme' Support Station is set to use supplies  but it has no SCR_ResourceComponent
18:04:33.905 SCRIPT    (E): 'SCR_BaseSupportStationComponent' 'EOnInit': 'SCR_DestructibleBuildingEntity<0x00007F6962629890> @"ENTITY:115811" ('SCR_DestructibleBuildingEntity','Assets/Structures/Comme' Support Station is set to use supplies  but it has no SCR_ResourceComponent
18:04:33.905 SCRIPT    (E): 'SCR_BaseSupportStationComponent' 'EOnInit': 'SCR_DestructibleBuildingEntity<0x00007F69626299C8> @"ENTITY:115816" ('SCR_DestructibleBuildingEntity','Assets/Structures/Comme' Support Station is set to use supplies  but it has no SCR_ResourceComponent
18:04:33.905 SCRIPT    (E): 'SCR_BaseSupportStationComponent' 'EOnInit': 'SCR_DestructibleBuildingEntity<0x00007F6962629B00> @"ENTITY:115821" ('SCR_DestructibleBuildingEntity','Assets/Structures/Comme' Support Station is set to use supplies  but it has no SCR_ResourceComponent
18:04:33.905 SCRIPT    (E): 'SCR_BaseSupportStationComponent' 'EOnInit': 'SCR_DestructibleBuildingEntity<0x00007F6962629C38> @"ENTITY:115826" ('SCR_DestructibleBuildingEntity','Assets/Structures/Comme' Support Station is set to use supplies  but it has no SCR_ResourceComponent
18:04:33.905 SCRIPT    (E): 'SCR_BaseSupportStationComponent' 'EOnInit': 'SCR_DestructibleBuildingEntity<0x00007F6962629D70> @"ENTITY:115831" ('SCR_DestructibleBuildingEntity','Assets/Structures/Comme' Support Station is set to use supplies  but it has no SCR_ResourceComponent
18:04:33.906 SCRIPT    (E): 'SCR_BaseSupportStationComponent' 'EOnInit': 'SCR_DestructibleBuildingEntity<0x00007F6962629EA8> @"ENTITY:115836" ('SCR_DestructibleBuildingEntity','Assets/Structures/Comme' Support Station is set to use supplies  but it has no SCR_ResourceComponent
18:04:33.906 SCRIPT    (E): 'SCR_BaseSupportStationComponent' 'EOnInit': 'SCR_DestructibleBuildingEntity<0x00007F6962629FE0> @"ENTITY:115841" ('SCR_DestructibleBuildingEntity','Assets/Structures/Comme' Support Station is set to use supplies  but it has no SCR_ResourceComponent
18:04:33.906 SCRIPT    (E): 'SCR_BaseSupportStationComponent' 'EOnInit': 'SCR_DestructibleBuildingEntity<0x00007F696262A118> @"ENTITY:115846" ('SCR_DestructibleBuildingEntity','Assets/Structures/Comme' Support Station is set to use supplies  but it has no SCR_ResourceComponent
18:04:33.906 SCRIPT    (E): 'SCR_BaseSupportStationComponent' 'EOnInit': 'SCR_DestructibleBuildingEntity<0x00007F696262A250> @"ENTITY:115851" ('SCR_DestructibleBuildingEntity','Assets/Structures/Comme' Support Station is set to use supplies  but it has no SCR_ResourceComponent
18:04:33.907 SCRIPT    (E): 'SCR_BaseSupportStationComponent' 'EOnInit': 'SCR_DestructibleBuildingEntity<0x00007F696262A388> @"ENTITY:115856" ('SCR_DestructibleBuildingEntity','Assets/Structures/Comme' Support Station is set to use supplies  but it has no SCR_ResourceComponent
18:04:33.907 SCRIPT    (E): 'SCR_BaseSupportStationComponent' 'EOnInit': 'SCR_DestructibleBuildingEntity<0x00007F696262A4C0> @"ENTITY:115861" ('SCR_DestructibleBuildingEntity','Assets/Structures/Comme' Support Station is set to use supplies  but it has no SCR_ResourceComponent
18:04:33.907 SCRIPT    (E): 'SCR_BaseSupportStationComponent' 'EOnInit': 'SCR_DestructibleBuildingEntity<0x00007F696262A5F8> @"ENTITY:115866" ('SCR_DestructibleBuildingEntity','Assets/Structures/Comme' Support Station is set to use supplies  but it has no SCR_ResourceComponent
18:04:33.907 SCRIPT    (E): 'SCR_BaseSupportStationComponent' 'EOnInit': 'SCR_DestructibleBuildingEntity<0x00007F696262A730> @"ENTITY:115871" ('SCR_DestructibleBuildingEntity','Assets/Structures/Comme' Support Station is set to use supplies  but it has no SCR_ResourceComponent
18:04:33.908 SCRIPT    (E): 'SCR_BaseSupportStationComponent' 'EOnInit': 'SCR_DestructibleBuildingEntity<0x00007F696262A868> @"ENTITY:115876" ('SCR_DestructibleBuildingEntity','Assets/Structures/Comme' Support Station is set to use supplies  but it has no SCR_ResourceComponent
18:04:33.908 SCRIPT    (E): 'SCR_BaseSupportStationComponent' 'EOnInit': 'SCR_DestructibleBuildingEntity<0x00007F696262A9A0> @"ENTITY:115881" ('SCR_DestructibleBuildingEntity','Assets/Structures/Comme' Support Station is set to use supplies  but it has no SCR_ResourceComponent
18:04:33.908 SCRIPT    (E): 'SCR_BaseSupportStationComponent' 'EOnInit': 'SCR_DestructibleBuildingEntity<0x00007F696262AAD8> @"ENTITY:115886" ('SCR_DestructibleBuildingEntity','Assets/Structures/Comme' Support Station is set to use supplies  but it has no SCR_ResourceComponent
18:04:33.908 SCRIPT    (E): 'SCR_BaseSupportStationComponent' 'EOnInit': 'SCR_DestructibleBuildingEntity<0x00007F696262AC10> @"ENTITY:115891" ('SCR_DestructibleBuildingEntity','Assets/Structures/Comme' Support Station is set to use supplies  but it has no SCR_ResourceComponent
18:04:33.908 SCRIPT    (E): 'SCR_BaseSupportStationComponent' 'EOnInit': 'SCR_DestructibleBuildingEntity<0x00007F696262AD48> @"ENTITY:115896" ('SCR_DestructibleBuildingEntity','Assets/Structures/Comme' Support Station is set to use supplies  but it has no SCR_ResourceComponent
18:04:33.909 SCRIPT    (E): 'SCR_BaseSupportStationComponent' 'EOnInit': 'SCR_DestructibleBuildingEntity<0x00007F696262AE80> @"ENTITY:115901" ('SCR_DestructibleBuildingEntity','Assets/Structures/Comme' Support Station is set to use supplies  but it has no SCR_ResourceComponent
18:04:33.909 SCRIPT    (E): 'SCR_BaseSupportStationComponent' 'EOnInit': 'SCR_DestructibleBuildingEntity<0x00007F696262AFB8> @"ENTITY:115906" ('SCR_DestructibleBuildingEntity','Assets/Structures/Comme' Support Station is set to use supplies  but it has no SCR_ResourceComponent
18:04:33.909 SCRIPT    (E): 'SCR_BaseSupportStationComponent' 'EOnInit': 'SCR_DestructibleBuildingEntity<0x00007F6960052D48> @"ENTITY:2243655" ('SCR_DestructibleBuildingEntity','Assets/Structures/Comm' Support Station is set to use supplies  but it has no SCR_ResourceComponent
18:04:33.910 SCRIPT    (E): 'SCR_BaseSupportStationComponent' 'EOnInit': 'SCR_DestructibleBuildingEntity<0x00007F68FB96DEA8> @"ENTITY:2290126" ('SCR_DestructibleBuildingEntity','Assets/Structures/Comm' Support Station is set to use supplies  but it has no SCR_ResourceComponent
18:04:33.910 SCRIPT    (E): 'SCR_BaseSupportStationComponent' 'EOnInit': 'SCR_DestructibleBuildingEntity<0x00007F68F4E7D620> @"ENTITY:2509935" ('SCR_DestructibleBuildingEntity','Assets/Structures/Comm' Support Station is set to use supplies  but it has no SCR_ResourceComponent
18:04:33.910 SCRIPT    (E): 'SCR_BaseSupportStationComponent' 'EOnInit': 'SCR_DestructibleBuildingEntity<0x00007F68F4E7D758> @"ENTITY:2509940" ('SCR_DestructibleBuildingEntity','Assets/Structures/Comm' Support Station is set to use supplies  but it has no SCR_ResourceComponent
18:04:33.911 SCRIPT    (E): 'SCR_BaseSupportStationComponent' 'EOnInit': 'SCR_DestructibleBuildingEntity<0x00007F68F4E7D890> @"ENTITY:2509945" ('SCR_DestructibleBuildingEntity','Assets/Structures/Comm' Support Station is set to use supplies  but it has no SCR_ResourceComponent
18:04:33.911 SCRIPT    (E): 'SCR_BaseSupportStationComponent' 'EOnInit': 'SCR_DestructibleBuildingEntity<0x00007F68F4E7D9C8> @"ENTITY:2509950" ('SCR_DestructibleBuildingEntity','Assets/Structures/Comm' Support Station is set to use supplies  but it has no SCR_ResourceComponent
18:04:33.911 SCRIPT    (E): 'SCR_BaseSupportStationComponent' 'EOnInit': 'SCR_DestructibleBuildingEntity<0x00007F68D5A01278> @"ENTITY:2666047" ('SCR_DestructibleBuildingEntity','Assets/Structures/Comm' Support Station is set to use supplies  but it has no SCR_ResourceComponent
18:04:33.911 SCRIPT    (E): 'SCR_BaseSupportStationComponent' 'EOnInit': 'SCR_DestructibleBuildingEntity<0x00007F68D5A013B0> @"ENTITY:2666052" ('SCR_DestructibleBuildingEntity','Assets/Structures/Comm' Support Station is set to use supplies  but it has no SCR_ResourceComponent
18:04:33.912 SCRIPT    (E): 'SCR_BaseSupportStationComponent' 'EOnInit': 'SCR_DestructibleBuildingEntity<0x00007F68D5A014E8> @"ENTITY:2666057" ('SCR_DestructibleBuildingEntity','Assets/Structures/Comm' Support Station is set to use supplies  but it has no SCR_ResourceComponent
18:04:33.912 SCRIPT    (E): 'SCR_BaseSupportStationComponent' 'EOnInit': 'SCR_DestructibleBuildingEntity<0x00007F68D5A01620> @"ENTITY:2666062" ('SCR_DestructibleBuildingEntity','Assets/Structures/Comm' Support Station is set to use supplies  but it has no SCR_ResourceComponent
18:04:33.912 SCRIPT    (E): 'SCR_BaseSupportStationComponent' 'EOnInit': 'SCR_DestructibleBuildingEntity<0x00007F68D5A01758> @"ENTITY:2666067" ('SCR_DestructibleBuildingEntity','Assets/Structures/Comm' Support Station is set to use supplies  but it has no SCR_ResourceComponent
18:04:33.912 SCRIPT    (E): 'SCR_BaseSupportStationComponent' 'EOnInit': 'SCR_DestructibleBuildingEntity<0x00007F68D5A01890> @"ENTITY:2666072" ('SCR_DestructibleBuildingEntity','Assets/Structures/Comm' Support Station is set to use supplies  but it has no SCR_ResourceComponent
18:04:33.913 SCRIPT    (E): 'SCR_BaseSupportStationComponent' 'EOnInit': 'SCR_DestructibleBuildingEntity<0x00007F68D5A019C8> @"ENTITY:2666077" ('SCR_DestructibleBuildingEntity','Assets/Structures/Comm' Support Station is set to use supplies  but it has no SCR_ResourceComponent
18:04:33.913 SCRIPT    (E): 'SCR_BaseSupportStationComponent' 'EOnInit': 'SCR_DestructibleBuildingEntity<0x00007F68D317CD98> @"ENTITY:2754279" ('SCR_DestructibleBuildingEntity','Assets/Structures/Comm' Support Station is set to use supplies  but it has no SCR_ResourceComponent
18:04:33.913 SCRIPT    (E): 'SCR_BaseSupportStationComponent' 'EOnInit': 'SCR_DestructibleBuildingEntity<0x00007F68D317CED0> @"ENTITY:2754284" ('SCR_DestructibleBuildingEntity','Assets/Structures/Comm' Support Station is set to use supplies  but it has no SCR_ResourceComponent
18:04:33.913 SCRIPT    (E): 'SCR_BaseSupportStationComponent' 'EOnInit': 'SCR_DestructibleBuildingEntity<0x00007F68D317D008> @"ENTITY:2754289" ('SCR_DestructibleBuildingEntity','Assets/Structures/Comm' Support Station is set to use supplies  but it has no SCR_ResourceComponent
