---------------------------------------------
Log /home/profile/logs/logs_2024-07-24_14-08-58/script.log started at 2024-07-24 14:08:58 (2024-07-24 14:08:58 UTC)

14:08:58.756 SCRIPT       : SCRIPT       : Initializing scripts
14:08:58.756  SCRIPT       : SCRIPT       : ScriptProjectManager init
14:08:58.912 SCRIPT       : SCRIPT       : Compiling GameLib scripts
14:08:58.942  SCRIPT       : Module: GameLib; loaded 282x files; 509x classes; used 468/2097 kB (22%) of static memory; defines: "PLATFORM_LINUX,ENF_ENABLE_VHC_OVERRIDE,ENF_ENABLE_RPLCOMPONENT_IN_GAMECODE"; CRC32: 46b6820e
14:08:58.945 SCRIPT       : SCRIPT       : Compiling Game scripts
14:09:00.389  SCRIPT       : Module: Game; loaded 4190x files; 8559x classes; used 18386/41943 kB (43%) of static memory; defines: "PLATFORM_LINUX,ENF_ENABLE_VHC_OVERRIDE,ENF_ENABLE_RPLCOMPONENT_IN_GAMECODE,ENABLE_BASE_DESTRUCTION,DEBUG,RESPAWN_TIMER_COMPONENT_DEBUG,DEBUG_NEARBY_CONTEXT_DISPLAY,DEBUG_CONFIGURABLE_DIALOGS,DISABLE_WEAPON_SWITCHING,SCRIPTED_AIM_MODIFIER_DEBUG"; CRC32: 26229ce5
14:10:55.116 SCRIPT       : SCRIPT       : Compiling GameLib scripts
14:10:55.140  SCRIPT       : Module: GameLib; loaded 282x files; 509x classes; used 462/2097 kB (22%) of static memory; defines: "PLATFORM_LINUX,ENF_ENABLE_VHC_OVERRIDE,ENF_ENABLE_RPLCOMPONENT_IN_GAMECODE"; CRC32: 46b6820e
14:10:55.144 SCRIPT       : SCRIPT       : Compiling Game scripts
14:10:56.858  SCRIPT       : Module: Game; loaded 4404x files; 9101x classes; used 19244/41943 kB (45%) of static memory; defines: "PLATFORM_LINUX,ENF_ENABLE_VHC_OVERRIDE,ENF_ENABLE_RPLCOMPONENT_IN_GAMECODE,ENABLE_BASE_DESTRUCTION,DEBUG,RESPAWN_TIMER_COMPONENT_DEBUG,DEBUG_NEARBY_CONTEXT_DISPLAY,DEBUG_CONFIGURABLE_DIALOGS,DISABLE_WEAPON_SWITCHING,SCRIPTED_AIM_MODIFIER_DEBUG"; CRC32: 63b6be8a
14:11:29.281     SCRIPT    (W): Catalog Entry: '{DEBB01A41488DFF8}Prefabs/Weapons/Attachments/Muzzle/RHS_6P20_0_20.et' could not create UIinfo for inventory item. Non was found for weapon nor Inventory item data
14:11:29.281     SCRIPT    (W): Catalog Entry: '{BAC59BF0DF432D43}Prefabs/Weapons/Attachments/Muzzle/RHS_PGS64.et' could not create UIinfo for inventory item. Non was found for weapon nor Inventory item data
14:11:29.315     SCRIPT    (W): Catalog Entry: '{DEBB01A41488DFF8}Prefabs/Weapons/Attachments/Muzzle/RHS_6P20_0_20.et' could not create UIinfo for inventory item. Non was found for weapon nor Inventory item data
14:11:29.315     SCRIPT    (W): Catalog Entry: '{BAC59BF0DF432D43}Prefabs/Weapons/Attachments/Muzzle/RHS_PGS64.et' could not create UIinfo for inventory item. Non was found for weapon nor Inventory item data
14:11:29.921      SCRIPT    (W): SCR_MapEntity: Cannot get the size from terrain. Using default.
14:11:33.777 SCRIPT    (E): 'SCR_BaseSupportStationComponent' 'EOnInit': 'SCR_DestructibleBuildingEntity<0x00007FAAECD13D20> @"ENTITY:272896" ('SCR_DestructibleBuildingEntity','Assets/Structures/Comme' Support Station is set to use supplies  but it has no SCR_ResourceComponent
14:11:33.777 SCRIPT    (E): 'SCR_BaseSupportStationComponent' 'EOnInit': 'SCR_DestructibleBuildingEntity<0x00007FAAE3AB3228> @"ENTITY:463500" ('SCR_DestructibleBuildingEntity','Assets/Structures/Comme' Support Station is set to use supplies  but it has no SCR_ResourceComponent
14:11:33.777 SCRIPT    (E): 'SCR_BaseSupportStationComponent' 'EOnInit': 'SCR_DestructibleBuildingEntity<0x00007FAAE3AB3360> @"ENTITY:463506" ('SCR_DestructibleBuildingEntity','Assets/Structures/Comme' Support Station is set to use supplies  but it has no SCR_ResourceComponent
14:11:33.777 SCRIPT    (E): 'SCR_BaseSupportStationComponent' 'EOnInit': 'SCR_DestructibleBuildingEntity<0x00007FAAB80A8648> @"ENTITY:858977" ('SCR_DestructibleBuildingEntity','Assets/Structures/Comme' Support Station is set to use supplies  but it has no SCR_ResourceComponent
14:11:33.778 SCRIPT    (E): 'SCR_BaseSupportStationComponent' 'EOnInit': 'SCR_DestructibleBuildingEntity<0x00007FAAB80A8780> @"ENTITY:858982" ('SCR_DestructibleBuildingEntity','Assets/Structures/Comme' Support Station is set to use supplies  but it has no SCR_ResourceComponent
14:11:33.778 SCRIPT    (E): 'SCR_BaseSupportStationComponent' 'EOnInit': 'SCR_DestructibleBuildingEntity<0x00007FAAB80A88B8> @"ENTITY:858987" ('SCR_DestructibleBuildingEntity','Assets/Structures/Comme' Support Station is set to use supplies  but it has no SCR_ResourceComponent
14:11:33.778 SCRIPT    (E): 'SCR_BaseSupportStationComponent' 'EOnInit': 'SCR_DestructibleBuildingEntity<0x00007FAAB80A89F0> @"ENTITY:858992" ('SCR_DestructibleBuildingEntity','Assets/Structures/Comme' Support Station is set to use supplies  but it has no SCR_ResourceComponent
14:11:33.778 SCRIPT    (E): 'SCR_BaseSupportStationComponent' 'EOnInit': 'SCR_DestructibleBuildingEntity<0x00007FAAB80A8B28> @"ENTITY:858997" ('SCR_DestructibleBuildingEntity','Assets/Structures/Comme' Support Station is set to use supplies  but it has no SCR_ResourceComponent
14:11:33.778 SCRIPT    (E): 'SCR_BaseSupportStationComponent' 'EOnInit': 'SCR_DestructibleBuildingEntity<0x00007FAAB80A8C60> @"ENTITY:859002" ('SCR_DestructibleBuildingEntity','Assets/Structures/Comme' Support Station is set to use supplies  but it has no SCR_ResourceComponent
14:11:33.778 SCRIPT    (E): 'SCR_BaseSupportStationComponent' 'EOnInit': 'SCR_DestructibleBuildingEntity<0x00007FAAB80A8D98> @"ENTITY:859007" ('SCR_DestructibleBuildingEntity','Assets/Structures/Comme' Support Station is set to use supplies  but it has no SCR_ResourceComponent
14:11:33.778 SCRIPT    (E): 'SCR_BaseSupportStationComponent' 'EOnInit': 'SCR_DestructibleBuildingEntity<0x00007FAAB80A8ED0> @"ENTITY:859012" ('SCR_DestructibleBuildingEntity','Assets/Structures/Comme' Support Station is set to use supplies  but it has no SCR_ResourceComponent
14:11:33.778 SCRIPT    (E): 'SCR_BaseSupportStationComponent' 'EOnInit': 'SCR_DestructibleBuildingEntity<0x00007FAAB80A9008> @"ENTITY:859017" ('SCR_DestructibleBuildingEntity','Assets/Structures/Comme' Support Station is set to use supplies  but it has no SCR_ResourceComponent
14:11:33.778 SCRIPT    (E): 'SCR_BaseSupportStationComponent' 'EOnInit': 'SCR_DestructibleBuildingEntity<0x00007FAAB80A9140> @"ENTITY:859022" ('SCR_DestructibleBuildingEntity','Assets/Structures/Comme' Support Station is set to use supplies  but it has no SCR_ResourceComponent
14:11:33.778 SCRIPT    (E): 'SCR_BaseSupportStationComponent' 'EOnInit': 'SCR_DestructibleBuildingEntity<0x00007FAAB80A9278> @"ENTITY:859027" ('SCR_DestructibleBuildingEntity','Assets/Structures/Comme' Support Station is set to use supplies  but it has no SCR_ResourceComponent
14:11:33.778 SCRIPT    (E): 'SCR_BaseSupportStationComponent' 'EOnInit': 'SCR_DestructibleBuildingEntity<0x00007FAAB80A93B0> @"ENTITY:859032" ('SCR_DestructibleBuildingEntity','Assets/Structures/Comme' Support Station is set to use supplies  but it has no SCR_ResourceComponent
14:11:33.778 SCRIPT    (E): 'SCR_BaseSupportStationComponent' 'EOnInit': 'SCR_DestructibleBuildingEntity<0x00007FAAB80A94E8> @"ENTITY:859037" ('SCR_DestructibleBuildingEntity','Assets/Structures/Comme' Support Station is set to use supplies  but it has no SCR_ResourceComponent
14:11:33.778 SCRIPT    (E): 'SCR_BaseSupportStationComponent' 'EOnInit': 'SCR_DestructibleBuildingEntity<0x00007FAABA5D65F8> @"ENTITY:908889" ('SCR_DestructibleBuildingEntity','Assets/Structures/Comme' Support Station is set to use supplies  but it has no SCR_ResourceComponent
14:11:33.778 SCRIPT    (E): 'SCR_BaseSupportStationComponent' 'EOnInit': 'SCR_DestructibleBuildingEntity<0x00007FAABA5D6730> @"ENTITY:908895" ('SCR_DestructibleBuildingEntity','Assets/Structures/Comme' Support Station is set to use supplies  but it has no SCR_ResourceComponent
14:11:33.778 SCRIPT    (E): 'SCR_BaseSupportStationComponent' 'EOnInit': 'SCR_DestructibleBuildingEntity<0x00007FAABA5D6868> @"ENTITY:908901" ('SCR_DestructibleBuildingEntity','Assets/Structures/Comme' Support Station is set to use supplies  but it has no SCR_ResourceComponent
14:11:33.821   SCRIPT       : SCR_BaseGameMode::OnGameStateChanged = GAME
14:11:38.455 SCRIPT    (E): 'SCR_BaseSupportStationComponent' 'EOnInit': 'GenericEntity<0x00007FAB2F2D7880> @"ENTITY:6917529027641092069" ('GenericEntity','Assets/Items/Fuel/Jerrycan_01/Jerrycan_01.xo' Support Station is set to use supplies  but it has no SCR_ResourceComponent
14:11:38.455 SCRIPT    (E): 'SCR_BaseSupportStationComponent' 'EOnInit': 'GenericEntity<0x00007FAB2F3C18A0> @"ENTITY:6917529027641092121" ('GenericEntity','Assets/Items/Fuel/Jerrycan_01/Jerrycan_01.xo' Support Station is set to use supplies  but it has no SCR_ResourceComponent
14:11:38.456 SCRIPT    (E): 'SCR_BaseSupportStationComponent' 'EOnInit': 'GenericEntity<0x00007FAB27B1F660> @"ENTITY:6917529027641092234" ('GenericEntity','Assets/Items/Fuel/Jerrycan_01/Jerrycan_01.xo' Support Station is set to use supplies  but it has no SCR_ResourceComponent
14:11:38.456 SCRIPT    (E): 'SCR_BaseSupportStationComponent' 'EOnInit': 'GenericEntity<0x00007FAB2E5DD460> @"ENTITY:6917529027641092348" ('GenericEntity','Assets/Items/Fuel/Jerrycan_01/Jerrycan_01.xo' Support Station is set to use supplies  but it has no SCR_ResourceComponent
14:11:38.457 SCRIPT    (E): 'SCR_BaseSupportStationComponent' 'EOnInit': 'GenericEntity<0x00007FAB4BBB8140> @"ENTITY:6917529027641092494" ('GenericEntity','Assets/Items/Fuel/Jerrycan_01/Jerrycan_01.xo' Support Station is set to use supplies  but it has no SCR_ResourceComponent
14:12:14.437     SCRIPT       : RHS_RadialMenu Initiated
14:12:14.713   SCRIPT    (W): Ban Settings could not be loaded from BE Storage: Relying on default config
14:12:41.937     SCRIPT       : RHS_RadialMenu Initiated
14:13:36.784 SCRIPT       : SCR_LatestSaveDSSessionCallback: LocalSave: .LatestSave
14:15:25.723     SCRIPT       : RHS_RadialMenu Initiated
14:15:36.788 SCRIPT       : SCR_LatestSaveDSSessionCallback: LocalSave: .LatestSave
14:17:36.790 SCRIPT       : SCR_LatestSaveDSSessionCallback: LocalSave: .LatestSave
14:19:36.813 SCRIPT       : SCR_LatestSaveDSSessionCallback: LocalSave: .LatestSave
14:21:36.811 SCRIPT       : SCR_LatestSaveDSSessionCallback: LocalSave: .LatestSave
14:23:36.820 SCRIPT       : SCR_LatestSaveDSSessionCallback: LocalSave: .LatestSave
14:25:36.834 SCRIPT       : SCR_LatestSaveDSSessionCallback: LocalSave: .LatestSave
14:27:36.820 SCRIPT       : SCR_LatestSaveDSSessionCallback: LocalSave: .LatestSave
14:28:47.382   SCRIPT    (W): There is not enough of SCR_CatalogSpawnerUserAction attached to actionManager. Some assets won't appear.
14:29:36.821 SCRIPT       : SCR_LatestSaveDSSessionCallback: LocalSave: .LatestSave
14:30:26.616 SCRIPT    (E): 'SCR_BaseSupportStationComponent' 'EOnInit': 'GenericEntity<0x00000000462FBAA0> @"ENTITY:6917529027641130896" ('GenericEntity','Assets/Items/Fuel/Jerrycan_01/Jerrycan_01.xo' Support Station is set to use supplies  but it has no SCR_ResourceComponent
14:31:11.525   SCRIPT    (E): Invalid SmartAction id!
14:31:25.893   SCRIPT    (E): Invalid SmartAction id!
14:31:36.826 SCRIPT       : SCR_LatestSaveDSSessionCallback: LocalSave: .LatestSave
14:33:36.846 SCRIPT       : SCR_LatestSaveDSSessionCallback: LocalSave: .LatestSave
14:33:42.729 SCRIPT    (E): 'SCR_BaseSupportStationComponent' 'EOnInit': 'GenericEntity<0x0000000047394F10> @"ENTITY:6917529027641131484" ('GenericEntity','Assets/Items/Fuel/Jerrycan_01/Jerrycan_01.xo' Support Station is set to use supplies  but it has no SCR_ResourceComponent
14:34:33.235   SCRIPT    (W): Trying to allocate same component twice!
14:34:44.609   SCRIPT    (E): Invalid SmartAction id!
14:35:36.837 SCRIPT       : SCR_LatestSaveDSSessionCallback: LocalSave: .LatestSave
14:37:36.839 SCRIPT       : SCR_LatestSaveDSSessionCallback: LocalSave: .LatestSave
14:37:47.790   SCRIPT    (E): Invalid SmartAction id!
14:39:36.851 SCRIPT       : SCR_LatestSaveDSSessionCallback: LocalSave: .LatestSave
14:40:18.871 SCRIPT       : SCR_LatestSaveDSSessionCallback: LocalSave: .LatestSave
14:40:29.877   SCRIPT    (E): Invalid SmartAction id!
14:41:14.842   SCRIPT    (E): Invalid SmartAction id!
14:41:36.844 SCRIPT       : SCR_LatestSaveDSSessionCallback: LocalSave: .LatestSave
14:43:36.851 SCRIPT       : SCR_LatestSaveDSSessionCallback: LocalSave: .LatestSave
14:43:51.075 SCRIPT    (E): 'SCR_BaseSupportStationComponent' 'EOnInit': 'GenericEntity<0x000000001AD8B990> @"ENTITY:6917529027641134187" ('GenericEntity','Assets/Items/Fuel/Jerrycan_01/Jerrycan_01.xo' Support Station is set to use supplies  but it has no SCR_ResourceComponent
14:44:02.894   SCRIPT    (E): Invalid SmartAction id!
14:44:52.481 SCRIPT    (E): 'SCR_BaseSupportStationComponent' 'EOnInit': 'GenericEntity<0x000000001A888030> @"ENTITY:6917529027641134334" ('GenericEntity','Assets/Items/Fuel/Jerrycan_01/Jerrycan_01.xo' Support Station is set to use supplies  but it has no SCR_ResourceComponent
14:44:56.485   SCRIPT    (E): Invalid SmartAction id!
14:45:36.871 SCRIPT       : SCR_LatestSaveDSSessionCallback: LocalSave: .LatestSave
14:46:55.429   SCRIPT    (E): Invalid SmartAction id!
14:47:36.860 SCRIPT       : SCR_LatestSaveDSSessionCallback: LocalSave: .LatestSave
14:48:21.717   SCRIPT    (E): Invalid SmartAction id!
14:49:36.870 SCRIPT       : SCR_LatestSaveDSSessionCallback: LocalSave: .LatestSave
14:51:34.782 SCRIPT    (E): 'SCR_BaseSupportStationComponent' 'EOnInit': 'GenericEntity<0x000000001A807CC0> @"ENTITY:6917529027641134770" ('GenericEntity','Assets/Items/Fuel/Jerrycan_01/Jerrycan_01.xo' Support Station is set to use supplies  but it has no SCR_ResourceComponent
14:51:36.866 SCRIPT       : SCR_LatestSaveDSSessionCallback: LocalSave: .LatestSave
14:52:20.258   SCRIPT    (E): Invalid SmartAction id!
14:53:07.115   SCRIPT    (E): Invalid SmartAction id!
14:53:36.865 SCRIPT       : SCR_LatestSaveDSSessionCallback: LocalSave: .LatestSave
14:54:02.364   SCRIPT    (E): Invalid SmartAction id!
14:54:19.916   SCRIPT    (E): Invalid SmartAction id!
14:55:10.084   SCRIPT    (E): Invalid SmartAction id!
14:55:36.877 SCRIPT       : SCR_LatestSaveDSSessionCallback: LocalSave: .LatestSave
14:56:21.498   SCRIPT    (E): Invalid SmartAction id!
14:57:08.154   SCRIPT    (E): Invalid SmartAction id!
14:57:30.653   SCRIPT    (E): Invalid SmartAction id!
14:57:36.890 SCRIPT       : SCR_LatestSaveDSSessionCallback: LocalSave: .LatestSave
14:57:44.312   SCRIPT    (E): Invalid SmartAction id!
14:57:57.863   SCRIPT    (W): Loadout: '{4F7E0952D726FB43}Prefabs/Characters/Campaign/Final/PlayerVariant/Campaign_USSR_Player_Variant_1.et' is not in catalog so supply cost is 0!
14:57:58.963   SCRIPT    (W): Loadout: '{4F7E0952D726FB43}Prefabs/Characters/Campaign/Final/PlayerVariant/Campaign_USSR_Player_Variant_1.et' is not in catalog so supply cost is 0!
14:57:59.963   SCRIPT    (W): Loadout: '{4F7E0952D726FB43}Prefabs/Characters/Campaign/Final/PlayerVariant/Campaign_USSR_Player_Variant_1.et' is not in catalog so supply cost is 0!
14:58:01.029   SCRIPT    (W): Loadout: '{9B452A52081470E3}Prefabs/Characters/Campaign/RHS/Conflict/Campaign_USSR_MSV_Player.et' is not in catalog so supply cost is 0!
14:58:02.003   SCRIPT    (W): Loadout: '{4F7E0952D726FB43}Prefabs/Characters/Campaign/Final/PlayerVariant/Campaign_USSR_Player_Variant_1.et' is not in catalog so supply cost is 0!
14:58:03.036   SCRIPT    (W): Loadout: '{4F7E0952D726FB43}Prefabs/Characters/Campaign/Final/PlayerVariant/Campaign_USSR_Player_Variant_1.et' is not in catalog so supply cost is 0!
14:58:04.064   SCRIPT    (W): Loadout: '{9B452A52081470E3}Prefabs/Characters/Campaign/RHS/Conflict/Campaign_USSR_MSV_Player.et' is not in catalog so supply cost is 0!
14:58:05.115   SCRIPT    (W): Loadout: '{4F7E0952D726FB43}Prefabs/Characters/Campaign/Final/PlayerVariant/Campaign_USSR_Player_Variant_1.et' is not in catalog so supply cost is 0!
14:58:06.105   SCRIPT    (W): Loadout: '{9B452A52081470E3}Prefabs/Characters/Campaign/RHS/Conflict/Campaign_USSR_MSV_Player.et' is not in catalog so supply cost is 0!
14:58:07.138   SCRIPT    (W): Loadout: '{9B452A52081470E3}Prefabs/Characters/Campaign/RHS/Conflict/Campaign_USSR_MSV_Player.et' is not in catalog so supply cost is 0!
14:58:08.171   SCRIPT    (W): Loadout: '{4F7E0952D726FB43}Prefabs/Characters/Campaign/Final/PlayerVariant/Campaign_USSR_Player_Variant_1.et' is not in catalog so supply cost is 0!
14:58:09.171   SCRIPT    (W): Loadout: '{4F7E0952D726FB43}Prefabs/Characters/Campaign/Final/PlayerVariant/Campaign_USSR_Player_Variant_1.et' is not in catalog so supply cost is 0!
14:58:10.372   SCRIPT    (W): Loadout: '{9B452A52081470E3}Prefabs/Characters/Campaign/RHS/Conflict/Campaign_USSR_MSV_Player.et' is not in catalog so supply cost is 0!
14:58:11.304   SCRIPT    (W): Loadout: '{9B452A52081470E3}Prefabs/Characters/Campaign/RHS/Conflict/Campaign_USSR_MSV_Player.et' is not in catalog so supply cost is 0!
14:58:12.270   SCRIPT    (W): Loadout: '{4F7E0952D726FB43}Prefabs/Characters/Campaign/Final/PlayerVariant/Campaign_USSR_Player_Variant_1.et' is not in catalog so supply cost is 0!
14:58:13.136   SCRIPT    (W): Loadout: '{9B452A52081470E3}Prefabs/Characters/Campaign/RHS/Conflict/Campaign_USSR_MSV_Player.et' is not in catalog so supply cost is 0!
14:58:14.203   SCRIPT    (W): Loadout: '{9B452A52081470E3}Prefabs/Characters/Campaign/RHS/Conflict/Campaign_USSR_MSV_Player.et' is not in catalog so supply cost is 0!
14:58:15.137   SCRIPT    (W): Loadout: '{4F7E0952D726FB43}Prefabs/Characters/Campaign/Final/PlayerVariant/Campaign_USSR_Player_Variant_1.et' is not in catalog so supply cost is 0!
14:58:16.204   SCRIPT    (W): Loadout: '{9B452A52081470E3}Prefabs/Characters/Campaign/RHS/Conflict/Campaign_USSR_MSV_Player.et' is not in catalog so supply cost is 0!
14:58:17.104   SCRIPT    (W): Loadout: '{4F7E0952D726FB43}Prefabs/Characters/Campaign/Final/PlayerVariant/Campaign_USSR_Player_Variant_1.et' is not in catalog so supply cost is 0!
14:58:17.904   SCRIPT    (W): Loadout: '{9B452A52081470E3}Prefabs/Characters/Campaign/RHS/Conflict/Campaign_USSR_MSV_Player.et' is not in catalog so supply cost is 0!
14:58:18.937   SCRIPT    (W): Loadout: '{4F7E0952D726FB43}Prefabs/Characters/Campaign/Final/PlayerVariant/Campaign_USSR_Player_Variant_1.et' is not in catalog so supply cost is 0!
14:58:19.937   SCRIPT    (W): Loadout: '{4F7E0952D726FB43}Prefabs/Characters/Campaign/Final/PlayerVariant/Campaign_USSR_Player_Variant_1.et' is not in catalog so supply cost is 0!
14:58:20.902   SCRIPT    (W): Loadout: '{4F7E0952D726FB43}Prefabs/Characters/Campaign/Final/PlayerVariant/Campaign_USSR_Player_Variant_1.et' is not in catalog so supply cost is 0!
14:58:21.903   SCRIPT    (W): Loadout: '{9B452A52081470E3}Prefabs/Characters/Campaign/RHS/Conflict/Campaign_USSR_MSV_Player.et' is not in catalog so supply cost is 0!
14:58:22.903   SCRIPT    (W): Loadout: '{9B452A52081470E3}Prefabs/Characters/Campaign/RHS/Conflict/Campaign_USSR_MSV_Player.et' is not in catalog so supply cost is 0!
14:58:23.903   SCRIPT    (W): Loadout: '{4F7E0952D726FB43}Prefabs/Characters/Campaign/Final/PlayerVariant/Campaign_USSR_Player_Variant_1.et' is not in catalog so supply cost is 0!
14:58:24.903   SCRIPT    (W): Loadout: '{4F7E0952D726FB43}Prefabs/Characters/Campaign/Final/PlayerVariant/Campaign_USSR_Player_Variant_1.et' is not in catalog so supply cost is 0!
14:58:25.902   SCRIPT    (W): Loadout: '{4F7E0952D726FB43}Prefabs/Characters/Campaign/Final/PlayerVariant/Campaign_USSR_Player_Variant_1.et' is not in catalog so supply cost is 0!
14:58:26.903   SCRIPT    (W): Loadout: '{4F7E0952D726FB43}Prefabs/Characters/Campaign/Final/PlayerVariant/Campaign_USSR_Player_Variant_1.et' is not in catalog so supply cost is 0!
14:58:27.937   SCRIPT    (W): Loadout: '{4F7E0952D726FB43}Prefabs/Characters/Campaign/Final/PlayerVariant/Campaign_USSR_Player_Variant_1.et' is not in catalog so supply cost is 0!
14:58:28.961   SCRIPT    (W): Loadout: '{9B452A52081470E3}Prefabs/Characters/Campaign/RHS/Conflict/Campaign_USSR_MSV_Player.et' is not in catalog so supply cost is 0!
14:58:29.902   SCRIPT    (W): Loadout: '{4F7E0952D726FB43}Prefabs/Characters/Campaign/Final/PlayerVariant/Campaign_USSR_Player_Variant_1.et' is not in catalog so supply cost is 0!
14:58:30.903   SCRIPT    (W): Loadout: '{4F7E0952D726FB43}Prefabs/Characters/Campaign/Final/PlayerVariant/Campaign_USSR_Player_Variant_1.et' is not in catalog so supply cost is 0!
14:58:31.903   SCRIPT    (W): Loadout: '{9B452A52081470E3}Prefabs/Characters/Campaign/RHS/Conflict/Campaign_USSR_MSV_Player.et' is not in catalog so supply cost is 0!
14:58:32.912   SCRIPT    (W): Loadout: '{4F7E0952D726FB43}Prefabs/Characters/Campaign/Final/PlayerVariant/Campaign_USSR_Player_Variant_1.et' is not in catalog so supply cost is 0!
14:58:33.936   SCRIPT    (W): Loadout: '{9B452A52081470E3}Prefabs/Characters/Campaign/RHS/Conflict/Campaign_USSR_MSV_Player.et' is not in catalog so supply cost is 0!
14:58:34.912   SCRIPT    (W): Loadout: '{9B452A52081470E3}Prefabs/Characters/Campaign/RHS/Conflict/Campaign_USSR_MSV_Player.et' is not in catalog so supply cost is 0!
14:58:35.911   SCRIPT    (W): Loadout: '{9B452A52081470E3}Prefabs/Characters/Campaign/RHS/Conflict/Campaign_USSR_MSV_Player.et' is not in catalog so supply cost is 0!
14:58:36.911   SCRIPT    (W): Loadout: '{9B452A52081470E3}Prefabs/Characters/Campaign/RHS/Conflict/Campaign_USSR_MSV_Player.et' is not in catalog so supply cost is 0!
14:58:37.911   SCRIPT    (W): Loadout: '{9B452A52081470E3}Prefabs/Characters/Campaign/RHS/Conflict/Campaign_USSR_MSV_Player.et' is not in catalog so supply cost is 0!
14:58:39.177   SCRIPT    (W): Loadout: '{9B452A52081470E3}Prefabs/Characters/Campaign/RHS/Conflict/Campaign_USSR_MSV_Player.et' is not in catalog so supply cost is 0!
14:58:40.144   SCRIPT    (W): Loadout: '{4F7E0952D726FB43}Prefabs/Characters/Campaign/Final/PlayerVariant/Campaign_USSR_Player_Variant_1.et' is not in catalog so supply cost is 0!
14:58:41.144   SCRIPT    (W): Loadout: '{4F7E0952D726FB43}Prefabs/Characters/Campaign/Final/PlayerVariant/Campaign_USSR_Player_Variant_1.et' is not in catalog so supply cost is 0!
14:58:42.145   SCRIPT    (W): Loadout: '{4F7E0952D726FB43}Prefabs/Characters/Campaign/Final/PlayerVariant/Campaign_USSR_Player_Variant_1.et' is not in catalog so supply cost is 0!
14:58:43.177   SCRIPT    (W): Loadout: '{9B452A52081470E3}Prefabs/Characters/Campaign/RHS/Conflict/Campaign_USSR_MSV_Player.et' is not in catalog so supply cost is 0!
14:58:44.144   SCRIPT    (W): Loadout: '{4F7E0952D726FB43}Prefabs/Characters/Campaign/Final/PlayerVariant/Campaign_USSR_Player_Variant_1.et' is not in catalog so supply cost is 0!
14:58:45.644   SCRIPT    (W): Loadout: '{4F7E0952D726FB43}Prefabs/Characters/Campaign/Final/PlayerVariant/Campaign_USSR_Player_Variant_1.et' is not in catalog so supply cost is 0!
14:58:46.644   SCRIPT    (W): Loadout: '{4F7E0952D726FB43}Prefabs/Characters/Campaign/Final/PlayerVariant/Campaign_USSR_Player_Variant_1.et' is not in catalog so supply cost is 0!
14:58:47.611   SCRIPT    (W): Loadout: '{9B452A52081470E3}Prefabs/Characters/Campaign/RHS/Conflict/Campaign_USSR_MSV_Player.et' is not in catalog so supply cost is 0!
14:58:48.610   SCRIPT    (W): Loadout: '{9B452A52081470E3}Prefabs/Characters/Campaign/RHS/Conflict/Campaign_USSR_MSV_Player.et' is not in catalog so supply cost is 0!
14:58:49.611   SCRIPT    (W): Loadout: '{4F7E0952D726FB43}Prefabs/Characters/Campaign/Final/PlayerVariant/Campaign_USSR_Player_Variant_1.et' is not in catalog so supply cost is 0!
14:58:50.643   SCRIPT    (W): Loadout: '{4F7E0952D726FB43}Prefabs/Characters/Campaign/Final/PlayerVariant/Campaign_USSR_Player_Variant_1.et' is not in catalog so supply cost is 0!
14:58:51.944   SCRIPT    (W): Loadout: '{9B452A52081470E3}Prefabs/Characters/Campaign/RHS/Conflict/Campaign_USSR_MSV_Player.et' is not in catalog so supply cost is 0!
14:58:52.944   SCRIPT    (W): Loadout: '{4F7E0952D726FB43}Prefabs/Characters/Campaign/Final/PlayerVariant/Campaign_USSR_Player_Variant_1.et' is not in catalog so supply cost is 0!
14:58:53.945   SCRIPT    (W): Loadout: '{4F7E0952D726FB43}Prefabs/Characters/Campaign/Final/PlayerVariant/Campaign_USSR_Player_Variant_1.et' is not in catalog so supply cost is 0!
14:58:54.910   SCRIPT    (W): Loadout: '{4F7E0952D726FB43}Prefabs/Characters/Campaign/Final/PlayerVariant/Campaign_USSR_Player_Variant_1.et' is not in catalog so supply cost is 0!
14:58:55.909   SCRIPT    (W): Loadout: '{9B452A52081470E3}Prefabs/Characters/Campaign/RHS/Conflict/Campaign_USSR_MSV_Player.et' is not in catalog so supply cost is 0!
14:58:56.910   SCRIPT    (W): Loadout: '{4F7E0952D726FB43}Prefabs/Characters/Campaign/Final/PlayerVariant/Campaign_USSR_Player_Variant_1.et' is not in catalog so supply cost is 0!
14:58:57.946   SCRIPT    (W): Loadout: '{9B452A52081470E3}Prefabs/Characters/Campaign/RHS/Conflict/Campaign_USSR_MSV_Player.et' is not in catalog so supply cost is 0!
14:58:58.944   SCRIPT    (W): Loadout: '{4F7E0952D726FB43}Prefabs/Characters/Campaign/Final/PlayerVariant/Campaign_USSR_Player_Variant_1.et' is not in catalog so supply cost is 0!
14:58:59.910   SCRIPT    (W): Loadout: '{9B452A52081470E3}Prefabs/Characters/Campaign/RHS/Conflict/Campaign_USSR_MSV_Player.et' is not in catalog so supply cost is 0!
14:59:00.943   SCRIPT    (W): Loadout: '{4F7E0952D726FB43}Prefabs/Characters/Campaign/Final/PlayerVariant/Campaign_USSR_Player_Variant_1.et' is not in catalog so supply cost is 0!
14:59:01.940   SCRIPT    (W): Loadout: '{4F7E0952D726FB43}Prefabs/Characters/Campaign/Final/PlayerVariant/Campaign_USSR_Player_Variant_1.et' is not in catalog so supply cost is 0!
14:59:02.947   SCRIPT    (W): Loadout: '{9B452A52081470E3}Prefabs/Characters/Campaign/RHS/Conflict/Campaign_USSR_MSV_Player.et' is not in catalog so supply cost is 0!
14:59:03.951   SCRIPT    (W): Loadout: '{4F7E0952D726FB43}Prefabs/Characters/Campaign/Final/PlayerVariant/Campaign_USSR_Player_Variant_1.et' is not in catalog so supply cost is 0!
14:59:04.944   SCRIPT    (W): Loadout: '{4F7E0952D726FB43}Prefabs/Characters/Campaign/Final/PlayerVariant/Campaign_USSR_Player_Variant_1.et' is not in catalog so supply cost is 0!
14:59:05.910   SCRIPT    (W): Loadout: '{4F7E0952D726FB43}Prefabs/Characters/Campaign/Final/PlayerVariant/Campaign_USSR_Player_Variant_1.et' is not in catalog so supply cost is 0!
14:59:06.919   SCRIPT    (W): Loadout: '{4F7E0952D726FB43}Prefabs/Characters/Campaign/Final/PlayerVariant/Campaign_USSR_Player_Variant_1.et' is not in catalog so supply cost is 0!
14:59:07.918   SCRIPT    (W): Loadout: '{9B452A52081470E3}Prefabs/Characters/Campaign/RHS/Conflict/Campaign_USSR_MSV_Player.et' is not in catalog so supply cost is 0!
14:59:08.951   SCRIPT    (W): Loadout: '{9B452A52081470E3}Prefabs/Characters/Campaign/RHS/Conflict/Campaign_USSR_MSV_Player.et' is not in catalog so supply cost is 0!
14:59:09.919   SCRIPT    (W): Loadout: '{4F7E0952D726FB43}Prefabs/Characters/Campaign/Final/PlayerVariant/Campaign_USSR_Player_Variant_1.et' is not in catalog so supply cost is 0!
14:59:10.919   SCRIPT    (W): Loadout: '{4F7E0952D726FB43}Prefabs/Characters/Campaign/Final/PlayerVariant/Campaign_USSR_Player_Variant_1.et' is not in catalog so supply cost is 0!
14:59:11.952   SCRIPT    (W): Loadout: '{9B452A52081470E3}Prefabs/Characters/Campaign/RHS/Conflict/Campaign_USSR_MSV_Player.et' is not in catalog so supply cost is 0!
14:59:12.918   SCRIPT    (W): Loadout: '{9B452A52081470E3}Prefabs/Characters/Campaign/RHS/Conflict/Campaign_USSR_MSV_Player.et' is not in catalog so supply cost is 0!
14:59:13.957   SCRIPT    (W): Loadout: '{4F7E0952D726FB43}Prefabs/Characters/Campaign/Final/PlayerVariant/Campaign_USSR_Player_Variant_1.et' is not in catalog so supply cost is 0!
14:59:14.918   SCRIPT    (W): Loadout: '{4F7E0952D726FB43}Prefabs/Characters/Campaign/Final/PlayerVariant/Campaign_USSR_Player_Variant_1.et' is not in catalog so supply cost is 0!
14:59:15.922   SCRIPT    (W): Loadout: '{9B452A52081470E3}Prefabs/Characters/Campaign/RHS/Conflict/Campaign_USSR_MSV_Player.et' is not in catalog so supply cost is 0!
14:59:16.551   SCRIPT    (W): Loadout: '{4F7E0952D726FB43}Prefabs/Characters/Campaign/Final/PlayerVariant/Campaign_USSR_Player_Variant_1.et' is not in catalog so supply cost is 0!
14:59:17.625 SCRIPT    (W): Loadout: '{4F7E0952D726FB43}Prefabs/Characters/Campaign/Final/PlayerVariant/Campaign_USSR_Player_Variant_1.et' is not in catalog so supply cost is 0!
14:59:36.882 SCRIPT       : SCR_LatestSaveDSSessionCallback: LocalSave: .LatestSave
14:59:40.307   SCRIPT    (W): Trying to allocate same component twice!
14:59:43.561 SCRIPT    (E): 'SCR_BaseSupportStationComponent' 'EOnInit': 'GenericEntity<0x000000004BACE450> @"ENTITY:6917529027641141598" ('GenericEntity','Assets/Items/Fuel/Jerrycan_01/Jerrycan_01.xo' Support Station is set to use supplies  but it has no SCR_ResourceComponent
14:59:54.244 SCRIPT    (E): 'SCR_BaseSupportStationComponent' 'EOnInit': 'GenericEntity<0x000000004BB0F550> @"ENTITY:6917529027641141698" ('GenericEntity','Assets/Items/Fuel/Jerrycan_01/Jerrycan_01.xo' Support Station is set to use supplies  but it has no SCR_ResourceComponent
15:00:43.190   SCRIPT    (E): Invalid SmartAction id!
15:00:46.279   SCRIPT    (E): Invalid SmartAction id!
15:01:02.002 SCRIPT       : SCR_LatestSaveDSSessionCallback: LocalSave: .LatestSave
15:01:36.885 SCRIPT       : SCR_LatestSaveDSSessionCallback: LocalSave: .LatestSave
15:02:07.743   SCRIPT    (E): Invalid SmartAction id!
15:03:36.903 SCRIPT       : SCR_LatestSaveDSSessionCallback: LocalSave: .LatestSave
15:03:37.497   SCRIPT    (E): Invalid SmartAction id!
15:03:47.031   SCRIPT    (E): Invalid SmartAction id!
15:04:23.145   SCRIPT    (E): Invalid SmartAction id!
15:04:30.553   SCRIPT    (E): Invalid SmartAction id!
15:04:59.336   SCRIPT    (E): Invalid SmartAction id!
15:05:36.894 SCRIPT       : SCR_LatestSaveDSSessionCallback: LocalSave: .LatestSave
15:05:38.535   SCRIPT    (E): Invalid SmartAction id!
15:06:20.041   SCRIPT    (E): Invalid SmartAction id!
15:06:54.949   SCRIPT    (E): Invalid SmartAction id!
15:07:01.899   SCRIPT    (E): Invalid SmartAction id!
15:07:02.147   SCRIPT    (E): Invalid SmartAction id!
15:07:36.900 SCRIPT       : SCR_LatestSaveDSSessionCallback: LocalSave: .LatestSave
15:09:11.580 SCRIPT    (E): 'SCR_BaseSupportStationComponent' 'EOnInit': 'GenericEntity<0x000000004BACF770> @"ENTITY:6917529027641142214" ('GenericEntity','Assets/Items/Fuel/Jerrycan_01/Jerrycan_01.xo' Support Station is set to use supplies  but it has no SCR_ResourceComponent
15:09:21.142   SCRIPT    (E): Invalid SmartAction id!
15:09:22.248 SCRIPT    (E): 'SCR_BaseSupportStationComponent' 'EOnInit': 'GenericEntity<0x000000001AF97330> @"ENTITY:6917529027641142264" ('GenericEntity','Assets/Items/Fuel/Jerrycan_01/Jerrycan_01.xo' Support Station is set to use supplies  but it has no SCR_ResourceComponent
15:09:22.878   SCRIPT    (E): Invalid SmartAction id!
15:09:36.920 SCRIPT       : SCR_LatestSaveDSSessionCallback: LocalSave: .LatestSave
15:09:42.384   SCRIPT    (E): Invalid SmartAction id!
15:09:59.341   SCRIPT    (E): Invalid SmartAction id!
15:10:24.993 SCRIPT    (E): 'SCR_BaseSupportStationComponent' 'EOnInit': 'GenericEntity<0x000000001A5AB990> @"ENTITY:6917529027641142345" ('GenericEntity','Assets/Items/Fuel/Jerrycan_01/Jerrycan_01.xo' Support Station is set to use supplies  but it has no SCR_ResourceComponent
15:10:50.639   SCRIPT    (E): Invalid SmartAction id!
15:11:23.054   SCRIPT    (E): Invalid SmartAction id!
15:11:36.899 SCRIPT       : SCR_LatestSaveDSSessionCallback: LocalSave: .LatestSave
15:13:36.908 SCRIPT       : SCR_LatestSaveDSSessionCallback: LocalSave: .LatestSave
15:15:36.916 SCRIPT       : SCR_LatestSaveDSSessionCallback: LocalSave: .LatestSave
15:16:57.576 SCRIPT       : SCR_LatestSaveDSSessionCallback: LocalSave: .LatestSave
15:17:36.912 SCRIPT       : SCR_LatestSaveDSSessionCallback: LocalSave: .LatestSave
15:19:36.937 SCRIPT       : SCR_LatestSaveDSSessionCallback: LocalSave: .LatestSave
15:20:57.630   SCRIPT    (W): There is not enough of SCR_CatalogSpawnerUserAction attached to actionManager. Some assets won't appear.
15:20:57.645 SCRIPT    (E): 'SCR_BaseSupportStationComponent' 'EOnInit': 'GenericEntity<0x0000000050554E00> @"ENTITY:6917529027641146691" ('GenericEntity','Assets/Props/Military/Fuel/FuelPump_USSR_01/' Support Station is set to use supplies  but it has no SCR_ResourceComponent
15:21:36.925 SCRIPT       : SCR_LatestSaveDSSessionCallback: LocalSave: .LatestSave
15:23:24.097   SCRIPT    (W): There is not enough of SCR_CatalogSpawnerUserAction attached to actionManager. Some assets won't appear.
15:23:36.927 SCRIPT       : SCR_LatestSaveDSSessionCallback: LocalSave: .LatestSave
15:25:36.933 SCRIPT       : SCR_LatestSaveDSSessionCallback: LocalSave: .LatestSave
15:26:09.190   SCRIPT    (E): Invalid SmartAction id!
15:27:01.200   SCRIPT    (E): Invalid SmartAction id!
15:27:22.272 SCRIPT    (E): 'SCR_BaseSupportStationComponent' 'EOnInit': 'GenericEntity<0x0000000043C3B330> @"ENTITY:6917529027641148032" ('GenericEntity','Assets/Items/Fuel/Jerrycan_01/Jerrycan_01.xo' Support Station is set to use supplies  but it has no SCR_ResourceComponent
15:27:25.890   SCRIPT    (E): Invalid SmartAction id!
15:27:32.938 SCRIPT    (E): 'SCR_BaseSupportStationComponent' 'EOnInit': 'GenericEntity<0x0000000043C52DE0> @"ENTITY:6917529027641148142" ('GenericEntity','Assets/Items/Fuel/Jerrycan_01/Jerrycan_01.xo' Support Station is set to use supplies  but it has no SCR_ResourceComponent
15:27:34.293 SCRIPT    (E): 'SCR_BaseSupportStationComponent' 'EOnInit': 'GenericEntity<0x000000001F89F000> @"ENTITY:6917529027641148226" ('GenericEntity','Assets/Items/Fuel/Jerrycan_01/Jerrycan_01.xo' Support Station is set to use supplies  but it has no SCR_ResourceComponent
15:27:36.939 SCRIPT       : SCR_LatestSaveDSSessionCallback: LocalSave: .LatestSave
15:27:49.173 SCRIPT    (E): 'SCR_BaseSupportStationComponent' 'EOnInit': 'GenericEntity<0x000000001AF95CE0> @"ENTITY:6917529027641148460" ('GenericEntity','Assets/Items/Fuel/Jerrycan_01/Jerrycan_01.xo' Support Station is set to use supplies  but it has no SCR_ResourceComponent
15:28:06.911 SCRIPT    (E): 'SCR_BaseSupportStationComponent' 'EOnInit': 'GenericEntity<0x00000000201C4580> @"ENTITY:6917529027641148690" ('GenericEntity','Assets/Items/Fuel/Jerrycan_01/Jerrycan_01.xo' Support Station is set to use supplies  but it has no SCR_ResourceComponent
15:28:08.449 SCRIPT    (E): 'SCR_BaseSupportStationComponent' 'EOnInit': 'GenericEntity<0x0000000043C518A0> @"ENTITY:6917529027641148747" ('GenericEntity','Assets/Items/Fuel/Jerrycan_01/Jerrycan_01.xo' Support Station is set to use supplies  but it has no SCR_ResourceComponent
15:28:15.447   SCRIPT    (E): Invalid SmartAction id!
15:28:20.663   SCRIPT    (E): Invalid SmartAction id!
15:28:25.079 SCRIPT    (E): 'SCR_BaseSupportStationComponent' 'EOnInit': 'GenericEntity<0x000000004955DCE0> @"ENTITY:6917529027641148841" ('GenericEntity','Assets/Items/Fuel/Jerrycan_01/Jerrycan_01.xo' Support Station is set to use supplies  but it has no SCR_ResourceComponent
15:28:33.462   SCRIPT    (E): Invalid SmartAction id!
15:28:36.121   SCRIPT    (E): Invalid SmartAction id!
15:28:42.022 SCRIPT    (E): 'SCR_BaseSupportStationComponent' 'EOnInit': 'GenericEntity<0x000000004BAA2890> @"ENTITY:6917529027641148917" ('GenericEntity','Assets/Items/Fuel/Jerrycan_01/Jerrycan_01.xo' Support Station is set to use supplies  but it has no SCR_ResourceComponent
15:28:48.620 SCRIPT    (E): 'SCR_BaseSupportStationComponent' 'EOnInit': 'GenericEntity<0x0000000026F98030> @"ENTITY:6917529027641149024" ('GenericEntity','Assets/Items/Fuel/Jerrycan_01/Jerrycan_01.xo' Support Station is set to use supplies  but it has no SCR_ResourceComponent
15:28:48.682 SCRIPT    (E): 'SCR_BaseSupportStationComponent' 'EOnInit': 'GenericEntity<0x0000000026CEBEE0> @"ENTITY:6917529027641149091" ('GenericEntity','Assets/Items/Fuel/Jerrycan_01/Jerrycan_01.xo' Support Station is set to use supplies  but it has no SCR_ResourceComponent
15:28:53.186   SCRIPT    (E): Invalid SmartAction id!
15:28:58.386 SCRIPT    (E): 'SCR_BaseSupportStationComponent' 'EOnInit': 'GenericEntity<0x000000001F89F330> @"ENTITY:6917529027641149161" ('GenericEntity','Assets/Items/Fuel/Jerrycan_01/Jerrycan_01.xo' Support Station is set to use supplies  but it has no SCR_ResourceComponent
15:29:08.869   SCRIPT    (E): Invalid SmartAction id!
15:29:09.378   SCRIPT    (E): Invalid SmartAction id!
15:29:36.946 SCRIPT       : SCR_LatestSaveDSSessionCallback: LocalSave: .LatestSave
15:30:18.697 SCRIPT    (E): 'SCR_BaseSupportStationComponent' 'EOnInit': 'GenericEntity<0x000000004BACDBD0> @"ENTITY:6917529027641149260" ('GenericEntity','Assets/Items/Fuel/Jerrycan_01/Jerrycan_01.xo' Support Station is set to use supplies  but it has no SCR_ResourceComponent
15:31:36.949 SCRIPT       : SCR_LatestSaveDSSessionCallback: LocalSave: .LatestSave
15:33:36.966 SCRIPT       : SCR_LatestSaveDSSessionCallback: LocalSave: .LatestSave
15:35:36.957 SCRIPT       : SCR_LatestSaveDSSessionCallback: LocalSave: .LatestSave
15:37:36.960 SCRIPT       : SCR_LatestSaveDSSessionCallback: LocalSave: .LatestSave
15:39:36.979 SCRIPT       : SCR_LatestSaveDSSessionCallback: LocalSave: .LatestSave
15:41:36.998 SCRIPT       : SCR_LatestSaveDSSessionCallback: LocalSave: .LatestSave
15:43:36.972 SCRIPT       : SCR_LatestSaveDSSessionCallback: LocalSave: .LatestSave
15:45:37.004 SCRIPT       : SCR_LatestSaveDSSessionCallback: LocalSave: .LatestSave
15:47:36.989 SCRIPT       : SCR_LatestSaveDSSessionCallback: LocalSave: .LatestSave
15:49:36.980 SCRIPT       : SCR_LatestSaveDSSessionCallback: LocalSave: .LatestSave
15:51:36.994 SCRIPT       : SCR_LatestSaveDSSessionCallback: LocalSave: .LatestSave
15:53:36.986 SCRIPT       : SCR_LatestSaveDSSessionCallback: LocalSave: .LatestSave
15:55:36.993 SCRIPT       : SCR_LatestSaveDSSessionCallback: LocalSave: .LatestSave
15:57:36.998 SCRIPT       : SCR_LatestSaveDSSessionCallback: LocalSave: .LatestSave
15:59:37.007 SCRIPT       : SCR_LatestSaveDSSessionCallback: LocalSave: .LatestSave
16:01:37.006 SCRIPT       : SCR_LatestSaveDSSessionCallback: LocalSave: .LatestSave
16:03:37.013 SCRIPT       : SCR_LatestSaveDSSessionCallback: LocalSave: .LatestSave
16:05:37.013 SCRIPT       : SCR_LatestSaveDSSessionCallback: LocalSave: .LatestSave
16:07:37.012 SCRIPT       : SCR_LatestSaveDSSessionCallback: LocalSave: .LatestSave
16:09:37.016 SCRIPT       : SCR_LatestSaveDSSessionCallback: LocalSave: .LatestSave
16:11:37.019 SCRIPT       : SCR_LatestSaveDSSessionCallback: LocalSave: .LatestSave
16:13:37.026 SCRIPT       : SCR_LatestSaveDSSessionCallback: LocalSave: .LatestSave
16:15:37.024 SCRIPT       : SCR_LatestSaveDSSessionCallback: LocalSave: .LatestSave
16:17:37.040 SCRIPT       : SCR_LatestSaveDSSessionCallback: LocalSave: .LatestSave
16:19:37.032 SCRIPT       : SCR_LatestSaveDSSessionCallback: LocalSave: .LatestSave
16:21:37.038 SCRIPT       : SCR_LatestSaveDSSessionCallback: LocalSave: .LatestSave
16:23:37.053 SCRIPT       : SCR_LatestSaveDSSessionCallback: LocalSave: .LatestSave
16:25:37.050 SCRIPT       : SCR_LatestSaveDSSessionCallback: LocalSave: .LatestSave
16:27:37.048 SCRIPT       : SCR_LatestSaveDSSessionCallback: LocalSave: .LatestSave
16:29:37.051 SCRIPT       : SCR_LatestSaveDSSessionCallback: LocalSave: .LatestSave
16:31:37.055 SCRIPT       : SCR_LatestSaveDSSessionCallback: LocalSave: .LatestSave
16:33:37.064 SCRIPT       : SCR_LatestSaveDSSessionCallback: LocalSave: .LatestSave
16:35:37.074 SCRIPT       : SCR_LatestSaveDSSessionCallback: LocalSave: .LatestSave
16:37:37.065 SCRIPT       : SCR_LatestSaveDSSessionCallback: LocalSave: .LatestSave
16:39:37.069 SCRIPT       : SCR_LatestSaveDSSessionCallback: LocalSave: .LatestSave
16:41:37.089 SCRIPT       : SCR_LatestSaveDSSessionCallback: LocalSave: .LatestSave
16:43:37.076 SCRIPT       : SCR_LatestSaveDSSessionCallback: LocalSave: .LatestSave
16:45:37.077 SCRIPT       : SCR_LatestSaveDSSessionCallback: LocalSave: .LatestSave
16:47:37.085 SCRIPT       : SCR_LatestSaveDSSessionCallback: LocalSave: .LatestSave
16:49:37.087 SCRIPT       : SCR_LatestSaveDSSessionCallback: LocalSave: .LatestSave
16:51:37.102 SCRIPT       : SCR_LatestSaveDSSessionCallback: LocalSave: .LatestSave
16:53:37.095 SCRIPT       : SCR_LatestSaveDSSessionCallback: LocalSave: .LatestSave
16:55:37.110 SCRIPT       : SCR_LatestSaveDSSessionCallback: LocalSave: .LatestSave
16:57:37.103 SCRIPT       : SCR_LatestSaveDSSessionCallback: LocalSave: .LatestSave
16:59:37.106 SCRIPT       : SCR_LatestSaveDSSessionCallback: LocalSave: .LatestSave
17:01:37.122 SCRIPT       : SCR_LatestSaveDSSessionCallback: LocalSave: .LatestSave
17:03:37.115 SCRIPT       : SCR_LatestSaveDSSessionCallback: LocalSave: .LatestSave
17:05:37.114 SCRIPT       : SCR_LatestSaveDSSessionCallback: LocalSave: .LatestSave
17:07:37.119 SCRIPT       : SCR_LatestSaveDSSessionCallback: LocalSave: .LatestSave
17:09:37.130 SCRIPT       : SCR_LatestSaveDSSessionCallback: LocalSave: .LatestSave
17:11:37.129 SCRIPT       : SCR_LatestSaveDSSessionCallback: LocalSave: .LatestSave
17:13:37.133 SCRIPT       : SCR_LatestSaveDSSessionCallback: LocalSave: .LatestSave
17:15:37.136 SCRIPT       : SCR_LatestSaveDSSessionCallback: LocalSave: .LatestSave
17:17:37.154 SCRIPT       : SCR_LatestSaveDSSessionCallback: LocalSave: .LatestSave
17:19:37.143 SCRIPT       : SCR_LatestSaveDSSessionCallback: LocalSave: .LatestSave
17:21:37.141 SCRIPT       : SCR_LatestSaveDSSessionCallback: LocalSave: .LatestSave
17:23:37.146 SCRIPT       : SCR_LatestSaveDSSessionCallback: LocalSave: .LatestSave
17:25:37.154 SCRIPT       : SCR_LatestSaveDSSessionCallback: LocalSave: .LatestSave
17:27:37.154 SCRIPT       : SCR_LatestSaveDSSessionCallback: LocalSave: .LatestSave
17:29:37.154 SCRIPT       : SCR_LatestSaveDSSessionCallback: LocalSave: .LatestSave
17:31:37.160 SCRIPT       : SCR_LatestSaveDSSessionCallback: LocalSave: .LatestSave
17:33:37.164 SCRIPT       : SCR_LatestSaveDSSessionCallback: LocalSave: .LatestSave
17:35:37.189 SCRIPT       : SCR_LatestSaveDSSessionCallback: LocalSave: .LatestSave
17:37:37.178 SCRIPT       : SCR_LatestSaveDSSessionCallback: LocalSave: .LatestSave
17:39:37.196 SCRIPT       : SCR_LatestSaveDSSessionCallback: LocalSave: .LatestSave
17:41:37.185 SCRIPT       : SCR_LatestSaveDSSessionCallback: LocalSave: .LatestSave
17:43:37.190 SCRIPT       : SCR_LatestSaveDSSessionCallback: LocalSave: .LatestSave
17:45:37.187 SCRIPT       : SCR_LatestSaveDSSessionCallback: LocalSave: .LatestSave
17:47:37.188 SCRIPT       : SCR_LatestSaveDSSessionCallback: LocalSave: .LatestSave
17:49:37.193 SCRIPT       : SCR_LatestSaveDSSessionCallback: LocalSave: .LatestSave
17:51:37.214 SCRIPT       : SCR_LatestSaveDSSessionCallback: LocalSave: .LatestSave
17:53:37.212 SCRIPT       : SCR_LatestSaveDSSessionCallback: LocalSave: .LatestSave
17:55:37.207 SCRIPT       : SCR_LatestSaveDSSessionCallback: LocalSave: .LatestSave
17:57:37.206 SCRIPT       : SCR_LatestSaveDSSessionCallback: LocalSave: .LatestSave
17:59:37.214 SCRIPT       : SCR_LatestSaveDSSessionCallback: LocalSave: .LatestSave
18:01:37.225 SCRIPT       : SCR_LatestSaveDSSessionCallback: LocalSave: .LatestSave
18:03:37.216 SCRIPT       : SCR_LatestSaveDSSessionCallback: LocalSave: .LatestSave
18:05:37.228 SCRIPT       : SCR_LatestSaveDSSessionCallback: LocalSave: .LatestSave
18:07:37.226 SCRIPT       : SCR_LatestSaveDSSessionCallback: LocalSave: .LatestSave
18:09:37.245 SCRIPT       : SCR_LatestSaveDSSessionCallback: LocalSave: .LatestSave
18:11:37.235 SCRIPT       : SCR_LatestSaveDSSessionCallback: LocalSave: .LatestSave
18:13:37.234 SCRIPT       : SCR_LatestSaveDSSessionCallback: LocalSave: .LatestSave
18:15:37.236 SCRIPT       : SCR_LatestSaveDSSessionCallback: LocalSave: .LatestSave
18:17:37.240 SCRIPT       : SCR_LatestSaveDSSessionCallback: LocalSave: .LatestSave
18:19:37.244 SCRIPT       : SCR_LatestSaveDSSessionCallback: LocalSave: .LatestSave
18:21:37.248 SCRIPT       : SCR_LatestSaveDSSessionCallback: LocalSave: .LatestSave
18:23:37.258 SCRIPT       : SCR_LatestSaveDSSessionCallback: LocalSave: .LatestSave
18:25:37.271 SCRIPT       : SCR_LatestSaveDSSessionCallback: LocalSave: .LatestSave
18:27:37.259 SCRIPT       : SCR_LatestSaveDSSessionCallback: LocalSave: .LatestSave
18:29:37.262 SCRIPT       : SCR_LatestSaveDSSessionCallback: LocalSave: .LatestSave
18:31:37.280 SCRIPT       : SCR_LatestSaveDSSessionCallback: LocalSave: .LatestSave
18:33:37.268 SCRIPT       : SCR_LatestSaveDSSessionCallback: LocalSave: .LatestSave
18:35:37.273 SCRIPT       : SCR_LatestSaveDSSessionCallback: LocalSave: .LatestSave
18:37:37.275 SCRIPT       : SCR_LatestSaveDSSessionCallback: LocalSave: .LatestSave
18:39:37.287 SCRIPT       : SCR_LatestSaveDSSessionCallback: LocalSave: .LatestSave
18:41:37.301 SCRIPT       : SCR_LatestSaveDSSessionCallback: LocalSave: .LatestSave
18:43:37.288 SCRIPT       : SCR_LatestSaveDSSessionCallback: LocalSave: .LatestSave
18:45:37.290 SCRIPT       : SCR_LatestSaveDSSessionCallback: LocalSave: .LatestSave
18:47:37.296 SCRIPT       : SCR_LatestSaveDSSessionCallback: LocalSave: .LatestSave
18:49:37.314 SCRIPT       : SCR_LatestSaveDSSessionCallback: LocalSave: .LatestSave
18:51:37.819 SCRIPT       : SCR_LatestSaveDSSessionCallback: LocalSave: .LatestSave
18:53:40.271 SCRIPT       : SCR_LatestSaveDSSessionCallback: LocalSave: .LatestSave
18:55:42.441 SCRIPT       : SCR_LatestSaveDSSessionCallback: LocalSave: .LatestSave
18:57:44.799 SCRIPT       : SCR_LatestSaveDSSessionCallback: LocalSave: .LatestSave
18:59:47.223 SCRIPT       : SCR_LatestSaveDSSessionCallback: LocalSave: .LatestSave
19:01:49.635 SCRIPT       : SCR_LatestSaveDSSessionCallback: LocalSave: .LatestSave
19:03:51.999 SCRIPT       : SCR_LatestSaveDSSessionCallback: LocalSave: .LatestSave
19:05:54.271 SCRIPT       : SCR_LatestSaveDSSessionCallback: LocalSave: .LatestSave
19:07:56.512 SCRIPT       : SCR_LatestSaveDSSessionCallback: LocalSave: .LatestSave
19:09:58.949 SCRIPT       : SCR_LatestSaveDSSessionCallback: LocalSave: .LatestSave
19:12:00.520 SCRIPT       : SCR_LatestSaveDSSessionCallback: LocalSave: .LatestSave
19:14:02.617 SCRIPT       : SCR_LatestSaveDSSessionCallback: LocalSave: .LatestSave
19:16:04.312 SCRIPT       : SCR_LatestSaveDSSessionCallback: LocalSave: .LatestSave
19:18:06.697 SCRIPT       : SCR_LatestSaveDSSessionCallback: LocalSave: .LatestSave
19:20:09.269 SCRIPT       : SCR_LatestSaveDSSessionCallback: LocalSave: .LatestSave
19:22:11.709 SCRIPT       : SCR_LatestSaveDSSessionCallback: LocalSave: .LatestSave
19:24:14.442 SCRIPT       : SCR_LatestSaveDSSessionCallback: LocalSave: .LatestSave
19:26:17.152 SCRIPT       : SCR_LatestSaveDSSessionCallback: LocalSave: .LatestSave
19:28:19.361 SCRIPT       : SCR_LatestSaveDSSessionCallback: LocalSave: .LatestSave
