---------------------------------------------
Log /home/profile/logs/logs_2024-09-08_11-55-46/crash.log started at 2024-09-08 11:56:32 (2024-09-08 11:56:32 UTC)



------------------------------------
08.09 2024 11:56:32
Virtual Machine Exception

Reason: NULL pointer to instance. Variable 'm_iOrder'

Class:      'SCR_EditorManagerCore'
Function: 'SCR_EditorManagerCore'
Stack trace:
scripts/Game/Editor/Core/SCR_EditorManagerCore.c:561 Function SCR_EditorManagerCore
scripts/Game/Editor/Core/SCR_EditorManagerCore.c:561 Function CreateCoresManager
scripts/Game/Editor/Core/SCR_EditorManagerCore.c:561 Function OnAfterInit

Runtime mode
CLI params: config /reforger/Configs/coe2_mogadishu.json backendlog  nothrow  maxFPS 60 profile /home/profile addonDownloadDir /reforger/workshop addonsDir /reforger/workshop autoreload 10 loadSessionSave  


------------------------------------
08.09 2024 11:56:50
Virtual Machine Exception

Reason: NULL pointer to instance

Class:      'RHS_GPSMapCore'
Function: 'DumpMap'
Stack trace:
scripts/Game/GameCore/RHS_GPSMapCore.c:180 Function DumpMap
scripts/Game/GameCore/RHS_GPSMapCore.c:52 Function OnGameStart
scripts/Game/GameCore/SCR_GameCoresManager.c:31 Function OnGameStart
scripts/Game/game.c:667 Function OnGameStart
scripts/Game/ACE_Core/ArmaReforgerScripted.c:25 Function OnGameStart

Runtime mode
CLI params: config /reforger/Configs/coe2_mogadishu.json backendlog  nothrow  maxFPS 60 profile /home/profile addonDownloadDir /reforger/workshop addonsDir /reforger/workshop autoreload 10 loadSessionSave  


------------------------------------
08.09 2024 11:59:01
Virtual Machine Exception

Reason: NULL pointer to instance. Variable 'from'

Class:      'SCR_EditorSettingsEntity'
Entity id:0

Function: 'GetSkipStreamingRules'
Stack trace:
scripts/Game/Editor/Entities/SCR_EditorSettingsEntity.c:134 Function GetSkipStreamingRules
scripts/Game/Editor/Components/Editor/SCR_DynamicSimulationEditorComponent.c:56 Function EnableStreamingForEntity
scripts/Game/Editor/Components/Editor/SCR_DynamicSimulationEditorComponent.c:42 Function EnableStreaming
scripts/Game/Editor/Components/Editor/SCR_DynamicSimulationEditorComponent.c:90 Function EOnEditorActivateServer
scripts/Game/Editor/Entities/SCR_EditorModeEntity.c:153 Function ActivateModeServer
scripts/Game/Editor/Entities/SCR_EditorManagerEntity.c:177 Function ToggleServer

Runtime mode
CLI params: config /reforger/Configs/coe2_mogadishu.json backendlog  nothrow  maxFPS 60 profile /home/profile addonDownloadDir /reforger/workshop addonsDir /reforger/workshop autoreload 10 loadSessionSave  


------------------------------------
08.09 2024 14:23:04
Virtual Machine Exception

Reason: NULL pointer to instance. Variable 'from'

Class:      'SCR_EditorSettingsEntity'
Entity id:0

Function: 'GetSkipStreamingRules'
Stack trace:
scripts/Game/Editor/Entities/SCR_EditorSettingsEntity.c:134 Function GetSkipStreamingRules
scripts/Game/Editor/Components/Editor/SCR_DynamicSimulationEditorComponent.c:56 Function EnableStreamingForEntity
scripts/Game/Editor/Components/Editor/SCR_DynamicSimulationEditorComponent.c:42 Function EnableStreaming
scripts/Game/Editor/Components/Editor/SCR_DynamicSimulationEditorComponent.c:90 Function EOnEditorActivateServer
scripts/Game/Editor/Entities/SCR_EditorModeEntity.c:153 Function ActivateModeServer
scripts/Game/Editor/Entities/SCR_EditorManagerEntity.c:177 Function ToggleServer

Runtime mode
CLI params: config /reforger/Configs/coe2_mogadishu.json backendlog  nothrow  maxFPS 60 profile /home/profile addonDownloadDir /reforger/workshop addonsDir /reforger/workshop autoreload 10 loadSessionSave  


------------------------------------
08.09 2024 14:32:21
Virtual Machine Exception

Reason: NULL pointer to instance. Variable 'from'

Class:      'SCR_EditorSettingsEntity'
Entity id:0

Function: 'GetSkipStreamingRules'
Stack trace:
scripts/Game/Editor/Entities/SCR_EditorSettingsEntity.c:134 Function GetSkipStreamingRules
scripts/Game/Editor/Components/Editor/SCR_DynamicSimulationEditorComponent.c:56 Function EnableStreamingForEntity
scripts/Game/Editor/Components/Editor/SCR_DynamicSimulationEditorComponent.c:42 Function EnableStreaming
scripts/Game/Editor/Components/Editor/SCR_DynamicSimulationEditorComponent.c:98 Function EOnEditorDeactivateServer
scripts/Game/Editor/Entities/SCR_EditorModeEntity.c:157 Function DeactivateModeServer
scripts/Game/Editor/Entities/SCR_EditorManagerEntity.c:1856 Function ~SCR_EditorManagerEntity

Runtime mode
CLI params: config /reforger/Configs/coe2_mogadishu.json backendlog  nothrow  maxFPS 60 profile /home/profile addonDownloadDir /reforger/workshop addonsDir /reforger/workshop autoreload 10 loadSessionSave  


------------------------------------
08.09 2024 14:34:38
Virtual Machine Exception

Reason: No suppression volume provided!

<0x0000000011F8B750> SCR_ChimeraAIAgent : AI/BehaviorTrees/Chimera/Soldier/Soldier.bt
 (RunBT : ID 0) 

AI/BehaviorTrees/Chimera/Soldier/SuppressBehavior.bt
SCR_AI Get Suppression Volume Center Position : ID 0

Function: 'NodeError'
Stack trace:
scripts/Game/AI/Utils/NodeError.c:8 Function NodeError
scripts/Game/AI/ScriptedNodes/Utils/SCR_AIGetSuppressionVolumePosition.c:25 Function EOnTaskSimulate

Runtime mode
CLI params: config /reforger/Configs/coe2_mogadishu.json backendlog  nothrow  maxFPS 60 profile /home/profile addonDownloadDir /reforger/workshop addonsDir /reforger/workshop autoreload 10 loadSessionSave  


------------------------------------
08.09 2024 17:23:43
Virtual Machine Exception

Reason: NULL pointer to instance. Variable 'from'

Class:      'SCR_EditorSettingsEntity'
Entity id:0

Function: 'GetSkipStreamingRules'
Stack trace:
scripts/Game/Editor/Entities/SCR_EditorSettingsEntity.c:134 Function GetSkipStreamingRules
scripts/Game/Editor/Components/Editor/SCR_DynamicSimulationEditorComponent.c:56 Function EnableStreamingForEntity
scripts/Game/Editor/Components/Editor/SCR_DynamicSimulationEditorComponent.c:42 Function EnableStreaming
scripts/Game/Editor/Components/Editor/SCR_DynamicSimulationEditorComponent.c:90 Function EOnEditorActivateServer
scripts/Game/Editor/Entities/SCR_EditorModeEntity.c:153 Function ActivateModeServer
scripts/Game/Editor/Entities/SCR_EditorManagerEntity.c:177 Function ToggleServer

Runtime mode
CLI params: config /reforger/Configs/coe2_mogadishu.json backendlog  nothrow  maxFPS 60 profile /home/profile addonDownloadDir /reforger/workshop addonsDir /reforger/workshop autoreload 10 loadSessionSave  
