---------------------------------------------
Log /home/profile/logs/logs_2024-07-25_20-46-39/script.log started at 2024-07-25 20:46:40 (2024-07-25 20:46:40 UTC)

20:46:40.259 SCRIPT       : SCRIPT       : Initializing scripts
20:46:40.259  SCRIPT       : SCRIPT       : ScriptProjectManager init
20:46:40.409 SCRIPT       : SCRIPT       : Compiling GameLib scripts
20:46:40.440  SCRIPT       : Module: GameLib; loaded 282x files; 509x classes; used 468/2097 kB (22%) of static memory; defines: "PLATFORM_LINUX,ENF_ENABLE_VHC_OVERRIDE,ENF_ENABLE_RPLCOMPONENT_IN_GAMECODE"; CRC32: 46b6820e
20:46:40.444 SCRIPT       : SCRIPT       : Compiling Game scripts
20:46:42.000  SCRIPT       : Module: Game; loaded 4190x files; 8559x classes; used 18386/41943 kB (43%) of static memory; defines: "PLATFORM_LINUX,ENF_ENABLE_VHC_OVERRIDE,ENF_ENABLE_RPLCOMPONENT_IN_GAMECODE,ENABLE_BASE_DESTRUCTION,DEBUG,RESPAWN_TIMER_COMPONENT_DEBUG,DEBUG_NEARBY_CONTEXT_DISPLAY,DEBUG_CONFIGURABLE_DIALOGS,DISABLE_WEAPON_SWITCHING,SCRIPTED_AIM_MODIFIER_DEBUG"; CRC32: 9568150c
20:48:26.160 SCRIPT       : SCRIPT       : Compiling GameLib scripts
20:48:26.187  SCRIPT       : Module: GameLib; loaded 282x files; 509x classes; used 462/2097 kB (22%) of static memory; defines: "PLATFORM_LINUX,ENF_ENABLE_VHC_OVERRIDE,ENF_ENABLE_RPLCOMPONENT_IN_GAMECODE"; CRC32: 46b6820e
20:48:26.190 SCRIPT       : SCRIPT       : Compiling Game scripts
20:48:26.847 SCRIPT       : Compiling Game scripts
20:48:26.847  SCRIPT    (W): @"scripts/Game/GREG_WIP_NightVisionComponent.c,53": Possible variable name conflict 'a'
20:48:27.952  SCRIPT       : Module: Game; loaded 4433x files; 9149x classes; used 19314/41943 kB (46%) of static memory; defines: "PLATFORM_LINUX,ENF_ENABLE_VHC_OVERRIDE,ENF_ENABLE_RPLCOMPONENT_IN_GAMECODE,SCRIPTED_AIM_MODIFIER_DEBUG,ENABLE_BASE_DESTRUCTION,DEBUG,RESPAWN_TIMER_COMPONENT_DEBUG,DEBUG_NEARBY_CONTEXT_DISPLAY,DEBUG_CONFIGURABLE_DIALOGS,DISABLE_WEAPON_SWITCHING"; CRC32: cc7e3640
20:48:30.723  SCRIPT    (E): declarations(2346): error: Multiple declaration of variable 's_Layer111'
20:48:30.723  SCRIPT    (E): declarations(2347): error: Multiple declaration of variable 's_Slot1'
20:48:30.723  SCRIPT    (E): declarations(2348): error: Multiple declaration of variable 's_Layer115'
20:48:30.723  SCRIPT    (E): declarations(2349): error: Multiple declaration of variable 's_Slot62'
20:48:30.723  SCRIPT    (E): declarations(2350): error: Multiple declaration of variable 's_Layer117'
20:48:30.723  SCRIPT    (E): declarations(2351): error: Multiple declaration of variable 's_Slot66'
20:49:01.422     SCRIPT    (W): Catalog Entry: '{B591C94754DB4893}Prefabs/Weapons/Attachments/Muzzle/KAC_NT4_QDSS/KAC_NT4_QDSS_Covered_Multicam.et' could not create UIinfo for inventory item. Non was found for weapon nor Inventory item data
20:49:01.422     SCRIPT    (W): Catalog Entry: '{EF8F44E10F9B7A9D}Prefabs/Weapons/Attachments/Muzzle/KAC_NT4_QDSS/KAC_NT4_QDSS_Covered.et' could not create UIinfo for inventory item. Non was found for weapon nor Inventory item data
20:49:01.422     SCRIPT    (W): Catalog Entry: '{B9C41AAC90570E50}Prefabs/Weapons/Attachments/Muzzle/KAC_NT4_QDSS/KAC_NT4_QDSS.et' could not create UIinfo for inventory item. Non was found for weapon nor Inventory item data
20:49:02.089     SCRIPT    (W): Catalog Entry: '{DEBB01A41488DFF8}Prefabs/Weapons/Attachments/Muzzle/RHS_6P20_0_20.et' could not create UIinfo for inventory item. Non was found for weapon nor Inventory item data
20:49:02.090     SCRIPT    (W): Catalog Entry: '{BAC59BF0DF432D43}Prefabs/Weapons/Attachments/Muzzle/RHS_PGS64.et' could not create UIinfo for inventory item. Non was found for weapon nor Inventory item data
20:49:03.951      SCRIPT    (W): SCR_MapEntity: Cannot get the size from terrain. Using default.
20:49:08.143 SCRIPT    (E): 'SCR_BaseSupportStationComponent' 'EOnInit': 'SCR_DestructibleBuildingEntity<0x00007CE8314A49F0> @"ENTITY:272896" ('SCR_DestructibleBuildingEntity','Assets/Structures/Comme' Support Station is set to use supplies  but it has no SCR_ResourceComponent
20:49:08.143 SCRIPT    (E): 'SCR_BaseSupportStationComponent' 'EOnInit': 'SCR_DestructibleBuildingEntity<0x00007CE81C937E58> @"ENTITY:463500" ('SCR_DestructibleBuildingEntity','Assets/Structures/Comme' Support Station is set to use supplies  but it has no SCR_ResourceComponent
20:49:08.143 SCRIPT    (E): 'SCR_BaseSupportStationComponent' 'EOnInit': 'SCR_DestructibleBuildingEntity<0x00007CE81CDF4030> @"ENTITY:463506" ('SCR_DestructibleBuildingEntity','Assets/Structures/Comme' Support Station is set to use supplies  but it has no SCR_ResourceComponent
20:49:08.144 SCRIPT    (E): 'SCR_BaseSupportStationComponent' 'EOnInit': 'SCR_DestructibleBuildingEntity<0x00007CE7F8925278> @"ENTITY:858977" ('SCR_DestructibleBuildingEntity','Assets/Structures/Comme' Support Station is set to use supplies  but it has no SCR_ResourceComponent
20:49:08.144 SCRIPT    (E): 'SCR_BaseSupportStationComponent' 'EOnInit': 'SCR_DestructibleBuildingEntity<0x00007CE7F89253B0> @"ENTITY:858982" ('SCR_DestructibleBuildingEntity','Assets/Structures/Comme' Support Station is set to use supplies  but it has no SCR_ResourceComponent
20:49:08.144 SCRIPT    (E): 'SCR_BaseSupportStationComponent' 'EOnInit': 'SCR_DestructibleBuildingEntity<0x00007CE7F89254E8> @"ENTITY:858987" ('SCR_DestructibleBuildingEntity','Assets/Structures/Comme' Support Station is set to use supplies  but it has no SCR_ResourceComponent
20:49:08.144 SCRIPT    (E): 'SCR_BaseSupportStationComponent' 'EOnInit': 'SCR_DestructibleBuildingEntity<0x00007CE7F8925620> @"ENTITY:858992" ('SCR_DestructibleBuildingEntity','Assets/Structures/Comme' Support Station is set to use supplies  but it has no SCR_ResourceComponent
20:49:08.144 SCRIPT    (E): 'SCR_BaseSupportStationComponent' 'EOnInit': 'SCR_DestructibleBuildingEntity<0x00007CE7F8925758> @"ENTITY:858997" ('SCR_DestructibleBuildingEntity','Assets/Structures/Comme' Support Station is set to use supplies  but it has no SCR_ResourceComponent
20:49:08.144 SCRIPT    (E): 'SCR_BaseSupportStationComponent' 'EOnInit': 'SCR_DestructibleBuildingEntity<0x00007CE7F8925890> @"ENTITY:859002" ('SCR_DestructibleBuildingEntity','Assets/Structures/Comme' Support Station is set to use supplies  but it has no SCR_ResourceComponent
20:49:08.144 SCRIPT    (E): 'SCR_BaseSupportStationComponent' 'EOnInit': 'SCR_DestructibleBuildingEntity<0x00007CE7F89259C8> @"ENTITY:859007" ('SCR_DestructibleBuildingEntity','Assets/Structures/Comme' Support Station is set to use supplies  but it has no SCR_ResourceComponent
20:49:08.144 SCRIPT    (E): 'SCR_BaseSupportStationComponent' 'EOnInit': 'SCR_DestructibleBuildingEntity<0x00007CE7F8925B00> @"ENTITY:859012" ('SCR_DestructibleBuildingEntity','Assets/Structures/Comme' Support Station is set to use supplies  but it has no SCR_ResourceComponent
20:49:08.145 SCRIPT    (E): 'SCR_BaseSupportStationComponent' 'EOnInit': 'SCR_DestructibleBuildingEntity<0x00007CE7F8925C38> @"ENTITY:859017" ('SCR_DestructibleBuildingEntity','Assets/Structures/Comme' Support Station is set to use supplies  but it has no SCR_ResourceComponent
20:49:08.145 SCRIPT    (E): 'SCR_BaseSupportStationComponent' 'EOnInit': 'SCR_DestructibleBuildingEntity<0x00007CE7F8925D70> @"ENTITY:859022" ('SCR_DestructibleBuildingEntity','Assets/Structures/Comme' Support Station is set to use supplies  but it has no SCR_ResourceComponent
20:49:08.145 SCRIPT    (E): 'SCR_BaseSupportStationComponent' 'EOnInit': 'SCR_DestructibleBuildingEntity<0x00007CE7F8925EA8> @"ENTITY:859027" ('SCR_DestructibleBuildingEntity','Assets/Structures/Comme' Support Station is set to use supplies  but it has no SCR_ResourceComponent
20:49:08.145 SCRIPT    (E): 'SCR_BaseSupportStationComponent' 'EOnInit': 'SCR_DestructibleBuildingEntity<0x00007CE7F8925FE0> @"ENTITY:859032" ('SCR_DestructibleBuildingEntity','Assets/Structures/Comme' Support Station is set to use supplies  but it has no SCR_ResourceComponent
20:49:08.145 SCRIPT    (E): 'SCR_BaseSupportStationComponent' 'EOnInit': 'SCR_DestructibleBuildingEntity<0x00007CE7F8926118> @"ENTITY:859037" ('SCR_DestructibleBuildingEntity','Assets/Structures/Comme' Support Station is set to use supplies  but it has no SCR_ResourceComponent
20:49:08.145 SCRIPT    (E): 'SCR_BaseSupportStationComponent' 'EOnInit': 'SCR_DestructibleBuildingEntity<0x00007CE7FB03F228> @"ENTITY:908889" ('SCR_DestructibleBuildingEntity','Assets/Structures/Comme' Support Station is set to use supplies  but it has no SCR_ResourceComponent
20:49:08.145 SCRIPT    (E): 'SCR_BaseSupportStationComponent' 'EOnInit': 'SCR_DestructibleBuildingEntity<0x00007CE7FB03F360> @"ENTITY:908895" ('SCR_DestructibleBuildingEntity','Assets/Structures/Comme' Support Station is set to use supplies  but it has no SCR_ResourceComponent
20:49:08.145 SCRIPT    (E): 'SCR_BaseSupportStationComponent' 'EOnInit': 'SCR_DestructibleBuildingEntity<0x00007CE7FB03F498> @"ENTITY:908901" ('SCR_DestructibleBuildingEntity','Assets/Structures/Comme' Support Station is set to use supplies  but it has no SCR_ResourceComponent
20:49:08.169 SCRIPT    (E): 'SCR_BaseSupportStationComponent' 'EOnInit': 'GenericEntity<0x00007CE7A153D9B0> @"ENTITY:2305843009213700317" ('GenericEntity','Assets/Props/Military/Fuel/FuelPump_USSR_01/' Support Station is set to use supplies  but it has no SCR_ResourceComponent
20:49:08.180   SCRIPT       : SCR_BaseGameMode::OnGameStateChanged = GAME
20:49:11.684 SCRIPT       : ScenarioFramework: ---------------------- Generating tasks -------------------
20:49:11.687 SCRIPT       : ScenarioFramework: Creating area LogBaseTasks with Layer Task LayerTaskClearArea21
20:49:11.687 SCRIPT       : ScenarioFramework: Creating area MedBaseTasks with Layer Task LayerTaskClearArea22
20:49:11.687 SCRIPT       : ScenarioFramework: Creating area RepBaseTasks with Layer Task LayerTaskClearArea23
20:49:11.687 SCRIPT       : ScenarioFramework: ---------------------- Generation of tasks completed -------------------
20:49:11.700 SCRIPT       : GetResourceName 'scripts/Game/ScenarioFramework/Components/SCR_ScenarioFrameworkSlotBase.c,558'
20:49:11.701 SCRIPT    (E): ScenarioFramework: SlotTrigger - The selected prefab is not trigger!
20:49:11.701 SCRIPT       : GetResourceName 'scripts/Game/ScenarioFramework/Components/SCR_ScenarioFrameworkSlotBase.c,558'
20:49:11.701 SCRIPT       : GetResourceName 'scripts/Game/ScenarioFramework/Components/SCR_ScenarioFrameworkSlotBase.c,558'
20:49:11.730 SCRIPT       : ScenarioFramework: -> LayerTask: SlotTask  - generating task DO NOT USE COMPOSITION TEST. Description: ScenarioFramework: -> LayerTask: SlotTask  - generating task DO NOT USE COMPOSITION TEST. Description: 
20:49:11.804 SCRIPT       : ScenarioFramework: -> LayerTask: SlotTask SlotClearArea11 - generating task DO NOT USE COMPONENTS TEST. Description: ScenarioFramework: -> LayerTask: SlotTask SlotClearArea11 - generating task DO NOT USE COMPONENTS TEST. Description: ork: -> LayerTask: SlotTask  - generating task DO NOT USE COMPOSITION TEST. Description: 
20:49:12.346     SCRIPT    (E): Missing BaseLoadoutClothComponent
20:49:12.346     SCRIPT    (E): Missing BaseLoadoutClothComponent
20:49:12.347     SCRIPT    (E): Missing BaseLoadoutClothComponent
20:49:12.347     SCRIPT    (E): Missing BaseLoadoutClothComponent
20:49:12.479 SCRIPT    (E): 'SCR_BaseSupportStationComponent' 'EOnInit': 'GenericEntity<0x00007CE86B26F000> @"ENTITY:4611686018427389068" ('GenericEntity','Assets/Items/Fuel/Jerrycan_01/Jerrycan_01.xo' Support Station is set to use supplies  but it has no SCR_ResourceComponent
20:49:13.083 SCRIPT    (E): ScenarioFramework: SlotTrigger - The selected prefab is not trigger!
20:49:15.532 SCRIPT       : ScenarioFramework: -> LayerTask: SlotTask SlotClearArea2 - generating task OPORD 210400ZMAY24. Description: ScenarioFramework: -> LayerTask: SlotTask SlotClearArea2 - generating task OPORD 210400ZMAY24. Description: ne ORP/LZ location. 
4. Determine attack axis. 
5.  Perform reconnoiter of the AO. 
6.  Launch attack. 
NOTE: This will unlock medical assets. 
20:49:15.732 SCRIPT       : ScenarioFramework: -> LayerTask: SlotTask SlotClearArea31 - generating task OPORD 210500ZMAY24. Description: ScenarioFramework: -> LayerTask: SlotTask SlotClearArea31 - generating task OPORD 210500ZMAY24. Description: mine ORP/LZ location. 
4. Determine attack axis. 
5.  Perform reconnoiter of the AO. 
6.  Launch attack. 
NOTE: This will unlock repair assets.
20:49:16.367   SCRIPT       : ScenarioFramework: -> LayerTask: SlotTask SlotClearArea32 - generating task OPORD 210300ZMAY24. Description: ScenarioFramework: -> LayerTask: SlotTask SlotClearArea32 - generating task OPORD 210300ZMAY24. Description: ine ORP/LZ location. 
4. Determine attack axis. 
5.  Perform reconnoiter of the AO. 
6.  Launch attack. 
NOTE: This will unlock logistic assets. 
20:50:10.931 SCRIPT       : SCR_LatestSaveDSSessionCallback: LocalSave: .LatestSave
20:51:10.934 SCRIPT       : SCR_LatestSaveDSSessionCallback: LocalSave: .LatestSave
20:52:10.953 SCRIPT       : SCR_LatestSaveDSSessionCallback: LocalSave: .LatestSave
20:53:10.962 SCRIPT       : SCR_LatestSaveDSSessionCallback: LocalSave: .LatestSave
20:54:10.978 SCRIPT       : SCR_LatestSaveDSSessionCallback: LocalSave: .LatestSave
20:55:10.990 SCRIPT       : SCR_LatestSaveDSSessionCallback: LocalSave: .LatestSave
20:56:11.022 SCRIPT       : SCR_LatestSaveDSSessionCallback: LocalSave: .LatestSave
20:57:11.018 SCRIPT       : SCR_LatestSaveDSSessionCallback: LocalSave: .LatestSave
20:58:11.050 SCRIPT       : SCR_LatestSaveDSSessionCallback: LocalSave: .LatestSave
20:59:11.049 SCRIPT       : SCR_LatestSaveDSSessionCallback: LocalSave: .LatestSave
21:00:13.727 SCRIPT       : SCR_LatestSaveDSSessionCallback: LocalSave: .LatestSave
21:01:13.579 SCRIPT       : SCR_LatestSaveDSSessionCallback: LocalSave: .LatestSave
21:02:13.589 SCRIPT       : SCR_LatestSaveDSSessionCallback: LocalSave: .LatestSave
21:03:13.615 SCRIPT       : SCR_LatestSaveDSSessionCallback: LocalSave: .LatestSave
21:04:13.626 SCRIPT       : SCR_LatestSaveDSSessionCallback: LocalSave: .LatestSave
21:05:13.651 SCRIPT       : SCR_LatestSaveDSSessionCallback: LocalSave: .LatestSave
21:06:13.661 SCRIPT       : SCR_LatestSaveDSSessionCallback: LocalSave: .LatestSave
21:07:13.663 SCRIPT       : SCR_LatestSaveDSSessionCallback: LocalSave: .LatestSave
21:08:13.677 SCRIPT       : SCR_LatestSaveDSSessionCallback: LocalSave: .LatestSave
21:09:13.722 SCRIPT       : SCR_LatestSaveDSSessionCallback: LocalSave: .LatestSave
21:10:13.705 SCRIPT       : SCR_LatestSaveDSSessionCallback: LocalSave: .LatestSave
21:11:13.729 SCRIPT       : SCR_LatestSaveDSSessionCallback: LocalSave: .LatestSave
21:12:13.734 SCRIPT       : SCR_LatestSaveDSSessionCallback: LocalSave: .LatestSave
21:13:13.752 SCRIPT       : SCR_LatestSaveDSSessionCallback: LocalSave: .LatestSave
21:14:13.761 SCRIPT       : SCR_LatestSaveDSSessionCallback: LocalSave: .LatestSave
21:15:13.778 SCRIPT       : SCR_LatestSaveDSSessionCallback: LocalSave: .LatestSave
21:16:13.788 SCRIPT       : SCR_LatestSaveDSSessionCallback: LocalSave: .LatestSave
21:17:13.812 SCRIPT       : SCR_LatestSaveDSSessionCallback: LocalSave: .LatestSave
21:18:13.819 SCRIPT       : SCR_LatestSaveDSSessionCallback: LocalSave: .LatestSave
21:19:13.850 SCRIPT       : SCR_LatestSaveDSSessionCallback: LocalSave: .LatestSave
21:20:13.846 SCRIPT       : SCR_LatestSaveDSSessionCallback: LocalSave: .LatestSave
21:21:13.866 SCRIPT       : SCR_LatestSaveDSSessionCallback: LocalSave: .LatestSave
21:22:13.860 SCRIPT       : SCR_LatestSaveDSSessionCallback: LocalSave: .LatestSave
21:23:13.880 SCRIPT       : SCR_LatestSaveDSSessionCallback: LocalSave: .LatestSave
21:24:13.905 SCRIPT       : SCR_LatestSaveDSSessionCallback: LocalSave: .LatestSave
21:25:13.904 SCRIPT       : SCR_LatestSaveDSSessionCallback: LocalSave: .LatestSave
21:26:13.917 SCRIPT       : SCR_LatestSaveDSSessionCallback: LocalSave: .LatestSave
21:27:13.952 SCRIPT       : SCR_LatestSaveDSSessionCallback: LocalSave: .LatestSave
21:28:13.947 SCRIPT       : SCR_LatestSaveDSSessionCallback: LocalSave: .LatestSave
21:29:13.958 SCRIPT       : SCR_LatestSaveDSSessionCallback: LocalSave: .LatestSave
21:30:13.975 SCRIPT       : SCR_LatestSaveDSSessionCallback: LocalSave: .LatestSave
21:31:13.990 SCRIPT       : SCR_LatestSaveDSSessionCallback: LocalSave: .LatestSave
21:32:14.003 SCRIPT       : SCR_LatestSaveDSSessionCallback: LocalSave: .LatestSave
21:33:14.015 SCRIPT       : SCR_LatestSaveDSSessionCallback: LocalSave: .LatestSave
21:34:14.050 SCRIPT       : SCR_LatestSaveDSSessionCallback: LocalSave: .LatestSave
21:35:14.042 SCRIPT       : SCR_LatestSaveDSSessionCallback: LocalSave: .LatestSave
21:36:14.063 SCRIPT       : SCR_LatestSaveDSSessionCallback: LocalSave: .LatestSave
21:37:14.086 SCRIPT       : SCR_LatestSaveDSSessionCallback: LocalSave: .LatestSave
21:38:14.089 SCRIPT       : SCR_LatestSaveDSSessionCallback: LocalSave: .LatestSave
21:39:14.101 SCRIPT       : SCR_LatestSaveDSSessionCallback: LocalSave: .LatestSave
21:40:14.115 SCRIPT       : SCR_LatestSaveDSSessionCallback: LocalSave: .LatestSave
21:41:14.151 SCRIPT       : SCR_LatestSaveDSSessionCallback: LocalSave: .LatestSave
21:42:14.143 SCRIPT       : SCR_LatestSaveDSSessionCallback: LocalSave: .LatestSave
21:43:14.159 SCRIPT       : SCR_LatestSaveDSSessionCallback: LocalSave: .LatestSave
21:44:14.171 SCRIPT       : SCR_LatestSaveDSSessionCallback: LocalSave: .LatestSave
21:45:14.200 SCRIPT       : SCR_LatestSaveDSSessionCallback: LocalSave: .LatestSave
21:46:14.222 SCRIPT       : SCR_LatestSaveDSSessionCallback: LocalSave: .LatestSave
21:47:14.216 SCRIPT       : SCR_LatestSaveDSSessionCallback: LocalSave: .LatestSave
21:48:14.232 SCRIPT       : SCR_LatestSaveDSSessionCallback: LocalSave: .LatestSave
21:49:14.245 SCRIPT       : SCR_LatestSaveDSSessionCallback: LocalSave: .LatestSave
21:50:14.281 SCRIPT       : SCR_LatestSaveDSSessionCallback: LocalSave: .LatestSave
21:51:14.278 SCRIPT       : SCR_LatestSaveDSSessionCallback: LocalSave: .LatestSave
21:52:14.322 SCRIPT       : SCR_LatestSaveDSSessionCallback: LocalSave: .LatestSave
21:53:14.306 SCRIPT       : SCR_LatestSaveDSSessionCallback: LocalSave: .LatestSave
21:54:14.315 SCRIPT       : SCR_LatestSaveDSSessionCallback: LocalSave: .LatestSave
21:55:14.339 SCRIPT       : SCR_LatestSaveDSSessionCallback: LocalSave: .LatestSave
21:56:14.344 SCRIPT       : SCR_LatestSaveDSSessionCallback: LocalSave: .LatestSave
21:57:14.357 SCRIPT       : SCR_LatestSaveDSSessionCallback: LocalSave: .LatestSave
21:58:14.380 SCRIPT       : SCR_LatestSaveDSSessionCallback: LocalSave: .LatestSave
21:59:14.387 SCRIPT       : SCR_LatestSaveDSSessionCallback: LocalSave: .LatestSave
22:00:14.402 SCRIPT       : SCR_LatestSaveDSSessionCallback: LocalSave: .LatestSave
22:01:14.423 SCRIPT       : SCR_LatestSaveDSSessionCallback: LocalSave: .LatestSave
22:02:14.428 SCRIPT       : SCR_LatestSaveDSSessionCallback: LocalSave: .LatestSave
22:03:14.445 SCRIPT       : SCR_LatestSaveDSSessionCallback: LocalSave: .LatestSave
22:04:14.469 SCRIPT       : SCR_LatestSaveDSSessionCallback: LocalSave: .LatestSave
22:05:14.488 SCRIPT       : SCR_LatestSaveDSSessionCallback: LocalSave: .LatestSave
22:06:14.506 SCRIPT       : SCR_LatestSaveDSSessionCallback: LocalSave: .LatestSave
22:07:14.511 SCRIPT       : SCR_LatestSaveDSSessionCallback: LocalSave: .LatestSave
22:08:14.501 SCRIPT       : SCR_LatestSaveDSSessionCallback: LocalSave: .LatestSave
22:09:14.513 SCRIPT       : SCR_LatestSaveDSSessionCallback: LocalSave: .LatestSave
22:10:14.551 SCRIPT       : SCR_LatestSaveDSSessionCallback: LocalSave: .LatestSave
22:11:14.545 SCRIPT       : SCR_LatestSaveDSSessionCallback: LocalSave: .LatestSave
22:12:14.560 SCRIPT       : SCR_LatestSaveDSSessionCallback: LocalSave: .LatestSave
22:13:14.570 SCRIPT       : SCR_LatestSaveDSSessionCallback: LocalSave: .LatestSave
22:14:14.582 SCRIPT       : SCR_LatestSaveDSSessionCallback: LocalSave: .LatestSave
22:15:14.599 SCRIPT       : SCR_LatestSaveDSSessionCallback: LocalSave: .LatestSave
22:16:14.614 SCRIPT       : SCR_LatestSaveDSSessionCallback: LocalSave: .LatestSave
22:17:14.628 SCRIPT       : SCR_LatestSaveDSSessionCallback: LocalSave: .LatestSave
22:18:14.650 SCRIPT       : SCR_LatestSaveDSSessionCallback: LocalSave: .LatestSave
22:19:14.654 SCRIPT       : SCR_LatestSaveDSSessionCallback: LocalSave: .LatestSave
22:20:14.654 SCRIPT       : SCR_LatestSaveDSSessionCallback: LocalSave: .LatestSave
22:21:14.666 SCRIPT       : SCR_LatestSaveDSSessionCallback: LocalSave: .LatestSave
22:22:14.692 SCRIPT       : SCR_LatestSaveDSSessionCallback: LocalSave: .LatestSave
22:23:14.708 SCRIPT       : SCR_LatestSaveDSSessionCallback: LocalSave: .LatestSave
22:24:14.713 SCRIPT       : SCR_LatestSaveDSSessionCallback: LocalSave: .LatestSave
22:25:14.723 SCRIPT       : SCR_LatestSaveDSSessionCallback: LocalSave: .LatestSave
22:26:14.756 SCRIPT       : SCR_LatestSaveDSSessionCallback: LocalSave: .LatestSave
22:27:14.753 SCRIPT       : SCR_LatestSaveDSSessionCallback: LocalSave: .LatestSave
22:28:14.769 SCRIPT       : SCR_LatestSaveDSSessionCallback: LocalSave: .LatestSave
22:29:14.794 SCRIPT       : SCR_LatestSaveDSSessionCallback: LocalSave: .LatestSave
22:30:14.805 SCRIPT       : SCR_LatestSaveDSSessionCallback: LocalSave: .LatestSave
22:31:14.823 SCRIPT       : SCR_LatestSaveDSSessionCallback: LocalSave: .LatestSave
22:32:14.827 SCRIPT       : SCR_LatestSaveDSSessionCallback: LocalSave: .LatestSave
22:33:14.856 SCRIPT       : SCR_LatestSaveDSSessionCallback: LocalSave: .LatestSave
22:34:14.852 SCRIPT       : SCR_LatestSaveDSSessionCallback: LocalSave: .LatestSave
22:35:14.864 SCRIPT       : SCR_LatestSaveDSSessionCallback: LocalSave: .LatestSave
22:36:14.894 SCRIPT       : SCR_LatestSaveDSSessionCallback: LocalSave: .LatestSave
22:37:14.895 SCRIPT       : SCR_LatestSaveDSSessionCallback: LocalSave: .LatestSave
22:38:14.912 SCRIPT       : SCR_LatestSaveDSSessionCallback: LocalSave: .LatestSave
22:39:14.909 SCRIPT       : SCR_LatestSaveDSSessionCallback: LocalSave: .LatestSave
22:40:14.944 SCRIPT       : SCR_LatestSaveDSSessionCallback: LocalSave: .LatestSave
22:41:14.929 SCRIPT       : SCR_LatestSaveDSSessionCallback: LocalSave: .LatestSave
22:42:14.936 SCRIPT       : SCR_LatestSaveDSSessionCallback: LocalSave: .LatestSave
22:43:14.958 SCRIPT       : SCR_LatestSaveDSSessionCallback: LocalSave: .LatestSave
22:44:14.977 SCRIPT       : SCR_LatestSaveDSSessionCallback: LocalSave: .LatestSave
22:45:14.999 SCRIPT       : SCR_LatestSaveDSSessionCallback: LocalSave: .LatestSave
22:46:14.992 SCRIPT       : SCR_LatestSaveDSSessionCallback: LocalSave: .LatestSave
22:47:15.005 SCRIPT       : SCR_LatestSaveDSSessionCallback: LocalSave: .LatestSave
22:48:15.032 SCRIPT       : SCR_LatestSaveDSSessionCallback: LocalSave: .LatestSave
22:49:15.035 SCRIPT       : SCR_LatestSaveDSSessionCallback: LocalSave: .LatestSave
22:50:15.047 SCRIPT       : SCR_LatestSaveDSSessionCallback: LocalSave: .LatestSave
22:51:15.048 SCRIPT       : SCR_LatestSaveDSSessionCallback: LocalSave: .LatestSave
22:52:15.075 SCRIPT       : SCR_LatestSaveDSSessionCallback: LocalSave: .LatestSave
22:53:15.080 SCRIPT       : SCR_LatestSaveDSSessionCallback: LocalSave: .LatestSave
22:54:15.099 SCRIPT       : SCR_LatestSaveDSSessionCallback: LocalSave: .LatestSave
22:55:15.111 SCRIPT       : SCR_LatestSaveDSSessionCallback: LocalSave: .LatestSave
22:56:15.116 SCRIPT       : SCR_LatestSaveDSSessionCallback: LocalSave: .LatestSave
22:57:15.132 SCRIPT       : SCR_LatestSaveDSSessionCallback: LocalSave: .LatestSave
22:58:15.144 SCRIPT       : SCR_LatestSaveDSSessionCallback: LocalSave: .LatestSave
22:59:15.171 SCRIPT       : SCR_LatestSaveDSSessionCallback: LocalSave: .LatestSave
23:00:15.187 SCRIPT       : SCR_LatestSaveDSSessionCallback: LocalSave: .LatestSave
23:01:15.187 SCRIPT       : SCR_LatestSaveDSSessionCallback: LocalSave: .LatestSave
23:02:15.202 SCRIPT       : SCR_LatestSaveDSSessionCallback: LocalSave: .LatestSave
23:03:15.218 SCRIPT       : SCR_LatestSaveDSSessionCallback: LocalSave: .LatestSave
23:04:15.235 SCRIPT       : SCR_LatestSaveDSSessionCallback: LocalSave: .LatestSave
23:05:15.243 SCRIPT       : SCR_LatestSaveDSSessionCallback: LocalSave: .LatestSave
23:06:15.263 SCRIPT       : SCR_LatestSaveDSSessionCallback: LocalSave: .LatestSave
23:07:15.273 SCRIPT       : SCR_LatestSaveDSSessionCallback: LocalSave: .LatestSave
23:08:15.292 SCRIPT       : SCR_LatestSaveDSSessionCallback: LocalSave: .LatestSave
23:09:15.301 SCRIPT       : SCR_LatestSaveDSSessionCallback: LocalSave: .LatestSave
23:10:15.318 SCRIPT       : SCR_LatestSaveDSSessionCallback: LocalSave: .LatestSave
23:11:15.330 SCRIPT       : SCR_LatestSaveDSSessionCallback: LocalSave: .LatestSave
23:12:15.349 SCRIPT       : SCR_LatestSaveDSSessionCallback: LocalSave: .LatestSave
23:13:15.360 SCRIPT       : SCR_LatestSaveDSSessionCallback: LocalSave: .LatestSave
23:14:15.373 SCRIPT       : SCR_LatestSaveDSSessionCallback: LocalSave: .LatestSave
23:15:15.390 SCRIPT       : SCR_LatestSaveDSSessionCallback: LocalSave: .LatestSave
23:16:15.401 SCRIPT       : SCR_LatestSaveDSSessionCallback: LocalSave: .LatestSave
23:17:15.421 SCRIPT       : SCR_LatestSaveDSSessionCallback: LocalSave: .LatestSave
23:18:15.443 SCRIPT       : SCR_LatestSaveDSSessionCallback: LocalSave: .LatestSave
23:19:15.447 SCRIPT       : SCR_LatestSaveDSSessionCallback: LocalSave: .LatestSave
23:20:15.459 SCRIPT       : SCR_LatestSaveDSSessionCallback: LocalSave: .LatestSave
23:21:15.472 SCRIPT       : SCR_LatestSaveDSSessionCallback: LocalSave: .LatestSave
23:22:15.486 SCRIPT       : SCR_LatestSaveDSSessionCallback: LocalSave: .LatestSave
23:23:15.501 SCRIPT       : SCR_LatestSaveDSSessionCallback: LocalSave: .LatestSave
23:24:15.515 SCRIPT       : SCR_LatestSaveDSSessionCallback: LocalSave: .LatestSave
23:25:15.528 SCRIPT       : SCR_LatestSaveDSSessionCallback: LocalSave: .LatestSave
23:26:15.543 SCRIPT       : SCR_LatestSaveDSSessionCallback: LocalSave: .LatestSave
23:27:15.561 SCRIPT       : SCR_LatestSaveDSSessionCallback: LocalSave: .LatestSave
23:28:15.572 SCRIPT       : SCR_LatestSaveDSSessionCallback: LocalSave: .LatestSave
23:29:15.586 SCRIPT       : SCR_LatestSaveDSSessionCallback: LocalSave: .LatestSave
23:30:15.615 SCRIPT       : SCR_LatestSaveDSSessionCallback: LocalSave: .LatestSave
23:31:15.624 SCRIPT       : SCR_LatestSaveDSSessionCallback: LocalSave: .LatestSave
23:32:15.629 SCRIPT       : SCR_LatestSaveDSSessionCallback: LocalSave: .LatestSave
23:33:15.645 SCRIPT       : SCR_LatestSaveDSSessionCallback: LocalSave: .LatestSave
23:34:15.657 SCRIPT       : SCR_LatestSaveDSSessionCallback: LocalSave: .LatestSave
23:35:15.672 SCRIPT       : SCR_LatestSaveDSSessionCallback: LocalSave: .LatestSave
23:36:15.687 SCRIPT       : SCR_LatestSaveDSSessionCallback: LocalSave: .LatestSave
23:37:15.711 SCRIPT       : SCR_LatestSaveDSSessionCallback: LocalSave: .LatestSave
23:38:15.715 SCRIPT       : SCR_LatestSaveDSSessionCallback: LocalSave: .LatestSave
23:39:15.747 SCRIPT       : SCR_LatestSaveDSSessionCallback: LocalSave: .LatestSave
23:40:15.773 SCRIPT       : SCR_LatestSaveDSSessionCallback: LocalSave: .LatestSave
23:41:15.761 SCRIPT       : SCR_LatestSaveDSSessionCallback: LocalSave: .LatestSave
23:42:15.773 SCRIPT       : SCR_LatestSaveDSSessionCallback: LocalSave: .LatestSave
23:43:15.787 SCRIPT       : SCR_LatestSaveDSSessionCallback: LocalSave: .LatestSave
23:44:15.804 SCRIPT       : SCR_LatestSaveDSSessionCallback: LocalSave: .LatestSave
23:45:15.815 SCRIPT       : SCR_LatestSaveDSSessionCallback: LocalSave: .LatestSave
23:46:15.849 SCRIPT       : SCR_LatestSaveDSSessionCallback: LocalSave: .LatestSave
23:47:15.846 SCRIPT       : SCR_LatestSaveDSSessionCallback: LocalSave: .LatestSave
23:48:15.858 SCRIPT       : SCR_LatestSaveDSSessionCallback: LocalSave: .LatestSave
23:49:15.887 SCRIPT       : SCR_LatestSaveDSSessionCallback: LocalSave: .LatestSave
23:50:15.911 SCRIPT       : SCR_LatestSaveDSSessionCallback: LocalSave: .LatestSave
23:51:15.902 SCRIPT       : SCR_LatestSaveDSSessionCallback: LocalSave: .LatestSave
23:52:15.954 SCRIPT       : SCR_LatestSaveDSSessionCallback: LocalSave: .LatestSave
23:53:15.933 SCRIPT       : SCR_LatestSaveDSSessionCallback: LocalSave: .LatestSave
23:54:15.953 SCRIPT       : SCR_LatestSaveDSSessionCallback: LocalSave: .LatestSave
23:55:15.959 SCRIPT       : SCR_LatestSaveDSSessionCallback: LocalSave: .LatestSave
23:56:15.959 SCRIPT       : SCR_LatestSaveDSSessionCallback: LocalSave: .LatestSave
23:57:15.970 SCRIPT       : SCR_LatestSaveDSSessionCallback: LocalSave: .LatestSave
23:58:15.986 SCRIPT       : SCR_LatestSaveDSSessionCallback: LocalSave: .LatestSave
23:59:16.006 SCRIPT       : SCR_LatestSaveDSSessionCallback: LocalSave: .LatestSave
00:00:16.014 SCRIPT       : SCR_LatestSaveDSSessionCallback: LocalSave: .LatestSave
00:01:16.027 SCRIPT       : SCR_LatestSaveDSSessionCallback: LocalSave: .LatestSave
00:02:16.040 SCRIPT       : SCR_LatestSaveDSSessionCallback: LocalSave: .LatestSave
00:03:16.057 SCRIPT       : SCR_LatestSaveDSSessionCallback: LocalSave: .LatestSave
00:04:16.072 SCRIPT       : SCR_LatestSaveDSSessionCallback: LocalSave: .LatestSave
00:05:16.088 SCRIPT       : SCR_LatestSaveDSSessionCallback: LocalSave: .LatestSave
00:06:16.099 SCRIPT       : SCR_LatestSaveDSSessionCallback: LocalSave: .LatestSave
00:07:16.132 SCRIPT       : SCR_LatestSaveDSSessionCallback: LocalSave: .LatestSave
00:08:16.126 SCRIPT       : SCR_LatestSaveDSSessionCallback: LocalSave: .LatestSave
00:09:16.148 SCRIPT       : SCR_LatestSaveDSSessionCallback: LocalSave: .LatestSave
00:10:16.155 SCRIPT       : SCR_LatestSaveDSSessionCallback: LocalSave: .LatestSave
00:11:16.168 SCRIPT       : SCR_LatestSaveDSSessionCallback: LocalSave: .LatestSave
00:12:16.186 SCRIPT       : SCR_LatestSaveDSSessionCallback: LocalSave: .LatestSave
00:13:16.222 SCRIPT       : SCR_LatestSaveDSSessionCallback: LocalSave: .LatestSave
00:14:16.214 SCRIPT       : SCR_LatestSaveDSSessionCallback: LocalSave: .LatestSave
00:15:16.252 SCRIPT       : SCR_LatestSaveDSSessionCallback: LocalSave: .LatestSave
00:16:16.252 SCRIPT       : SCR_LatestSaveDSSessionCallback: LocalSave: .LatestSave
00:17:16.255 SCRIPT       : SCR_LatestSaveDSSessionCallback: LocalSave: .LatestSave
00:18:16.271 SCRIPT       : SCR_LatestSaveDSSessionCallback: LocalSave: .LatestSave
00:19:16.322 SCRIPT       : SCR_LatestSaveDSSessionCallback: LocalSave: .LatestSave
00:20:16.301 SCRIPT       : SCR_LatestSaveDSSessionCallback: LocalSave: .LatestSave
00:21:16.294 SCRIPT       : SCR_LatestSaveDSSessionCallback: LocalSave: .LatestSave
00:22:16.310 SCRIPT       : SCR_LatestSaveDSSessionCallback: LocalSave: .LatestSave
00:23:16.322 SCRIPT       : SCR_LatestSaveDSSessionCallback: LocalSave: .LatestSave
00:24:16.342 SCRIPT       : SCR_LatestSaveDSSessionCallback: LocalSave: .LatestSave
00:25:16.358 SCRIPT       : SCR_LatestSaveDSSessionCallback: LocalSave: .LatestSave
00:26:16.368 SCRIPT       : SCR_LatestSaveDSSessionCallback: LocalSave: .LatestSave
00:27:16.384 SCRIPT       : SCR_LatestSaveDSSessionCallback: LocalSave: .LatestSave
00:28:16.405 SCRIPT       : SCR_LatestSaveDSSessionCallback: LocalSave: .LatestSave
00:29:16.409 SCRIPT       : SCR_LatestSaveDSSessionCallback: LocalSave: .LatestSave
00:30:16.423 SCRIPT       : SCR_LatestSaveDSSessionCallback: LocalSave: .LatestSave
00:31:16.447 SCRIPT       : SCR_LatestSaveDSSessionCallback: LocalSave: .LatestSave
00:32:16.452 SCRIPT       : SCR_LatestSaveDSSessionCallback: LocalSave: .LatestSave
00:33:16.467 SCRIPT       : SCR_LatestSaveDSSessionCallback: LocalSave: .LatestSave
00:34:16.481 SCRIPT       : SCR_LatestSaveDSSessionCallback: LocalSave: .LatestSave
00:35:16.517 SCRIPT       : SCR_LatestSaveDSSessionCallback: LocalSave: .LatestSave
00:36:16.521 SCRIPT       : SCR_LatestSaveDSSessionCallback: LocalSave: .LatestSave
00:37:16.525 SCRIPT       : SCR_LatestSaveDSSessionCallback: LocalSave: .LatestSave
00:38:16.547 SCRIPT       : SCR_LatestSaveDSSessionCallback: LocalSave: .LatestSave
00:39:16.558 SCRIPT       : SCR_LatestSaveDSSessionCallback: LocalSave: .LatestSave
00:40:16.566 SCRIPT       : SCR_LatestSaveDSSessionCallback: LocalSave: .LatestSave
00:41:16.587 SCRIPT       : SCR_LatestSaveDSSessionCallback: LocalSave: .LatestSave
00:42:16.595 SCRIPT       : SCR_LatestSaveDSSessionCallback: LocalSave: .LatestSave
00:43:16.609 SCRIPT       : SCR_LatestSaveDSSessionCallback: LocalSave: .LatestSave
00:44:16.646 SCRIPT       : SCR_LatestSaveDSSessionCallback: LocalSave: .LatestSave
00:45:16.643 SCRIPT       : SCR_LatestSaveDSSessionCallback: LocalSave: .LatestSave
00:46:16.652 SCRIPT       : SCR_LatestSaveDSSessionCallback: LocalSave: .LatestSave
00:47:16.666 SCRIPT       : SCR_LatestSaveDSSessionCallback: LocalSave: .LatestSave
00:48:16.679 SCRIPT       : SCR_LatestSaveDSSessionCallback: LocalSave: .LatestSave
00:49:16.699 SCRIPT       : SCR_LatestSaveDSSessionCallback: LocalSave: .LatestSave
00:50:16.708 SCRIPT       : SCR_LatestSaveDSSessionCallback: LocalSave: .LatestSave
00:51:16.722 SCRIPT       : SCR_LatestSaveDSSessionCallback: LocalSave: .LatestSave
00:52:16.766 SCRIPT       : SCR_LatestSaveDSSessionCallback: LocalSave: .LatestSave
00:53:16.762 SCRIPT       : SCR_LatestSaveDSSessionCallback: LocalSave: .LatestSave
00:54:16.768 SCRIPT       : SCR_LatestSaveDSSessionCallback: LocalSave: .LatestSave
00:55:16.815 SCRIPT       : SCR_LatestSaveDSSessionCallback: LocalSave: .LatestSave
00:56:16.794 SCRIPT       : SCR_LatestSaveDSSessionCallback: LocalSave: .LatestSave
00:57:16.809 SCRIPT       : SCR_LatestSaveDSSessionCallback: LocalSave: .LatestSave
00:58:16.827 SCRIPT       : SCR_LatestSaveDSSessionCallback: LocalSave: .LatestSave
00:59:16.844 SCRIPT       : SCR_LatestSaveDSSessionCallback: LocalSave: .LatestSave
01:00:16.853 SCRIPT       : SCR_LatestSaveDSSessionCallback: LocalSave: .LatestSave
01:01:16.877 SCRIPT       : SCR_LatestSaveDSSessionCallback: LocalSave: .LatestSave
01:02:16.880 SCRIPT       : SCR_LatestSaveDSSessionCallback: LocalSave: .LatestSave
01:03:16.917 SCRIPT       : SCR_LatestSaveDSSessionCallback: LocalSave: .LatestSave
01:04:16.909 SCRIPT       : SCR_LatestSaveDSSessionCallback: LocalSave: .LatestSave
01:05:16.929 SCRIPT       : SCR_LatestSaveDSSessionCallback: LocalSave: .LatestSave
01:06:16.937 SCRIPT       : SCR_LatestSaveDSSessionCallback: LocalSave: .LatestSave
01:07:16.957 SCRIPT       : SCR_LatestSaveDSSessionCallback: LocalSave: .LatestSave
01:08:16.988 SCRIPT       : SCR_LatestSaveDSSessionCallback: LocalSave: .LatestSave
01:09:16.981 SCRIPT       : SCR_LatestSaveDSSessionCallback: LocalSave: .LatestSave
01:10:16.998 SCRIPT       : SCR_LatestSaveDSSessionCallback: LocalSave: .LatestSave
01:11:17.009 SCRIPT       : SCR_LatestSaveDSSessionCallback: LocalSave: .LatestSave
01:12:17.022 SCRIPT       : SCR_LatestSaveDSSessionCallback: LocalSave: .LatestSave
01:13:17.037 SCRIPT       : SCR_LatestSaveDSSessionCallback: LocalSave: .LatestSave
01:14:17.060 SCRIPT       : SCR_LatestSaveDSSessionCallback: LocalSave: .LatestSave
01:15:17.066 SCRIPT       : SCR_LatestSaveDSSessionCallback: LocalSave: .LatestSave
01:16:17.083 SCRIPT       : SCR_LatestSaveDSSessionCallback: LocalSave: .LatestSave
01:17:17.095 SCRIPT       : SCR_LatestSaveDSSessionCallback: LocalSave: .LatestSave
01:18:17.109 SCRIPT       : SCR_LatestSaveDSSessionCallback: LocalSave: .LatestSave
01:19:17.128 SCRIPT       : SCR_LatestSaveDSSessionCallback: LocalSave: .LatestSave
01:20:17.138 SCRIPT       : SCR_LatestSaveDSSessionCallback: LocalSave: .LatestSave
01:21:17.152 SCRIPT       : SCR_LatestSaveDSSessionCallback: LocalSave: .LatestSave
01:22:17.165 SCRIPT       : SCR_LatestSaveDSSessionCallback: LocalSave: .LatestSave
01:23:17.185 SCRIPT       : SCR_LatestSaveDSSessionCallback: LocalSave: .LatestSave
01:24:17.209 SCRIPT       : SCR_LatestSaveDSSessionCallback: LocalSave: .LatestSave
01:25:17.210 SCRIPT       : SCR_LatestSaveDSSessionCallback: LocalSave: .LatestSave
01:26:17.206 SCRIPT       : SCR_LatestSaveDSSessionCallback: LocalSave: .LatestSave
01:27:17.236 SCRIPT       : SCR_LatestSaveDSSessionCallback: LocalSave: .LatestSave
01:28:17.219 SCRIPT       : SCR_LatestSaveDSSessionCallback: LocalSave: .LatestSave
01:29:17.765 SCRIPT       : SCR_LatestSaveDSSessionCallback: LocalSave: .LatestSave
01:30:18.830 SCRIPT       : SCR_LatestSaveDSSessionCallback: LocalSave: .LatestSave
01:31:19.912 SCRIPT       : SCR_LatestSaveDSSessionCallback: LocalSave: .LatestSave
01:32:20.814 SCRIPT       : SCR_LatestSaveDSSessionCallback: LocalSave: .LatestSave
01:33:21.824 SCRIPT       : SCR_LatestSaveDSSessionCallback: LocalSave: .LatestSave
01:34:22.841 SCRIPT       : SCR_LatestSaveDSSessionCallback: LocalSave: .LatestSave
01:35:23.856 SCRIPT       : SCR_LatestSaveDSSessionCallback: LocalSave: .LatestSave
01:36:24.879 SCRIPT       : SCR_LatestSaveDSSessionCallback: LocalSave: .LatestSave
01:37:25.999 SCRIPT       : SCR_LatestSaveDSSessionCallback: LocalSave: .LatestSave
01:38:27.196 SCRIPT       : SCR_LatestSaveDSSessionCallback: LocalSave: .LatestSave
01:39:28.241 SCRIPT       : SCR_LatestSaveDSSessionCallback: LocalSave: .LatestSave
01:40:29.204 SCRIPT       : SCR_LatestSaveDSSessionCallback: LocalSave: .LatestSave
01:41:30.286 SCRIPT       : SCR_LatestSaveDSSessionCallback: LocalSave: .LatestSave
01:42:31.383 SCRIPT       : SCR_LatestSaveDSSessionCallback: LocalSave: .LatestSave
01:43:32.464 SCRIPT       : SCR_LatestSaveDSSessionCallback: LocalSave: .LatestSave
01:44:33.479 SCRIPT       : SCR_LatestSaveDSSessionCallback: LocalSave: .LatestSave
01:45:34.422 SCRIPT       : SCR_LatestSaveDSSessionCallback: LocalSave: .LatestSave
01:46:35.373 SCRIPT       : SCR_LatestSaveDSSessionCallback: LocalSave: .LatestSave
01:47:36.421 SCRIPT       : SCR_LatestSaveDSSessionCallback: LocalSave: .LatestSave
01:48:37.369 SCRIPT       : SCR_LatestSaveDSSessionCallback: LocalSave: .LatestSave
01:49:38.326 SCRIPT       : SCR_LatestSaveDSSessionCallback: LocalSave: .LatestSave
01:50:39.322 SCRIPT       : SCR_LatestSaveDSSessionCallback: LocalSave: .LatestSave
01:51:40.318 SCRIPT       : SCR_LatestSaveDSSessionCallback: LocalSave: .LatestSave
01:52:41.391 SCRIPT       : SCR_LatestSaveDSSessionCallback: LocalSave: .LatestSave
01:53:42.377 SCRIPT       : SCR_LatestSaveDSSessionCallback: LocalSave: .LatestSave
01:54:43.255 SCRIPT       : SCR_LatestSaveDSSessionCallback: LocalSave: .LatestSave
01:55:44.301 SCRIPT       : SCR_LatestSaveDSSessionCallback: LocalSave: .LatestSave
01:56:45.334 SCRIPT       : SCR_LatestSaveDSSessionCallback: LocalSave: .LatestSave
01:57:46.357 SCRIPT       : SCR_LatestSaveDSSessionCallback: LocalSave: .LatestSave
01:58:47.379 SCRIPT       : SCR_LatestSaveDSSessionCallback: LocalSave: .LatestSave
01:59:48.318 SCRIPT       : SCR_LatestSaveDSSessionCallback: LocalSave: .LatestSave
02:00:49.173 SCRIPT       : SCR_LatestSaveDSSessionCallback: LocalSave: .LatestSave
02:01:12.786     SCRIPT       : RHS_RadialMenu Initiated
02:01:14.439   SCRIPT    (W): Ban Settings could not be loaded from BE Storage: Relying on default config
02:01:50.071 SCRIPT       : SCR_LatestSaveDSSessionCallback: LocalSave: .LatestSave
02:02:24.887       SCRIPT       : Weapon is already equipped!
02:02:24.941       SCRIPT       : Weapon is already equipped!
02:02:50.871 SCRIPT       : SCR_LatestSaveDSSessionCallback: LocalSave: .LatestSave
02:03:07.848   SCRIPT       : Weapon is already equipped!
02:03:51.683 SCRIPT       : SCR_LatestSaveDSSessionCallback: LocalSave: .LatestSave
02:04:24.060   SCRIPT       : Weapon is already equipped!
02:04:33.478   SCRIPT    (E): Virtual Machine Exception

Reason: NULL pointer to instance. Variable 'from'

Class:      'SCR_EditorSettingsEntity'
Entity id:0

Function: 'GetSkipStreamingRules'
Stack trace:
scripts/Game/Editor/Entities/SCR_EditorSettingsEntity.c:134 Function GetSkipStreamingRules
scripts/Game/Editor/Components/Editor/SCR_DynamicSimulationEditorComponent.c:56 Function EnableStreamingForEntity
scripts/Game/Editor/Components/Editor/SCR_DynamicSimulationEditorComponent.c:42 Function EnableStreaming
scripts/Game/Editor/Components/Editor/SCR_DynamicSimulationEditorComponent.c:90 Function EOnEditorActivateServer
scripts/Game/Editor/Entities/SCR_EditorModeEntity.c:153 Function ActivateModeServer
scripts/Game/Editor/Entities/SCR_EditorManagerEntity.c:177 Function ToggleServer
02:04:52.559 SCRIPT       : SCR_LatestSaveDSSessionCallback: LocalSave: .LatestSave
02:05:53.437 SCRIPT       : SCR_LatestSaveDSSessionCallback: LocalSave: .LatestSave
02:06:54.257 SCRIPT       : SCR_LatestSaveDSSessionCallback: LocalSave: .LatestSave
02:07:55.189 SCRIPT       : SCR_LatestSaveDSSessionCallback: LocalSave: .LatestSave
02:08:56.053 SCRIPT       : SCR_LatestSaveDSSessionCallback: LocalSave: .LatestSave
02:09:56.961 SCRIPT       : SCR_LatestSaveDSSessionCallback: LocalSave: .LatestSave
02:10:57.695 SCRIPT       : SCR_LatestSaveDSSessionCallback: LocalSave: .LatestSave
02:11:58.550 SCRIPT       : SCR_LatestSaveDSSessionCallback: LocalSave: .LatestSave
02:12:59.499 SCRIPT       : SCR_LatestSaveDSSessionCallback: LocalSave: .LatestSave
02:14:00.374 SCRIPT       : SCR_LatestSaveDSSessionCallback: LocalSave: .LatestSave
02:15:01.292 SCRIPT       : SCR_LatestSaveDSSessionCallback: LocalSave: .LatestSave
02:16:02.246 SCRIPT       : SCR_LatestSaveDSSessionCallback: LocalSave: .LatestSave
02:17:03.115 SCRIPT       : SCR_LatestSaveDSSessionCallback: LocalSave: .LatestSave
02:17:35.455     SCRIPT       : Weapon is already equipped!
02:18:04.054 SCRIPT       : SCR_LatestSaveDSSessionCallback: LocalSave: .LatestSave
02:19:04.964 SCRIPT       : SCR_LatestSaveDSSessionCallback: LocalSave: .LatestSave
02:20:05.880 SCRIPT       : SCR_LatestSaveDSSessionCallback: LocalSave: .LatestSave
02:20:38.652     SCRIPT       : Weapon is already equipped!
02:21:06.891 SCRIPT       : SCR_LatestSaveDSSessionCallback: LocalSave: .LatestSave
02:22:07.793 SCRIPT       : SCR_LatestSaveDSSessionCallback: LocalSave: .LatestSave
02:22:33.042     SCRIPT       : Weapon is already equipped!
02:23:08.662 SCRIPT       : SCR_LatestSaveDSSessionCallback: LocalSave: .LatestSave
02:24:09.552 SCRIPT       : SCR_LatestSaveDSSessionCallback: LocalSave: .LatestSave
02:25:10.434 SCRIPT       : SCR_LatestSaveDSSessionCallback: LocalSave: .LatestSave
02:26:11.212 SCRIPT       : SCR_LatestSaveDSSessionCallback: LocalSave: .LatestSave
02:27:12.107 SCRIPT       : SCR_LatestSaveDSSessionCallback: LocalSave: .LatestSave
02:28:13.059 SCRIPT       : SCR_LatestSaveDSSessionCallback: LocalSave: .LatestSave
02:29:00.534 SCRIPT    (E): 'SCR_BaseSupportStationComponent' 'EOnInit': 'GenericEntity<0x00007CE8CCEA3330> @"ENTITY:4611686018427394027" ('GenericEntity','Assets/Items/Fuel/Jerrycan_01/Jerrycan_01.xo' Support Station is set to use supplies  but it has no SCR_ResourceComponent
02:29:15.043 SCRIPT       : SCR_LatestSaveDSSessionCallback: LocalSave: .LatestSave
02:30:15.735 SCRIPT       : SCR_LatestSaveDSSessionCallback: LocalSave: .LatestSave
02:31:16.443 SCRIPT       : SCR_LatestSaveDSSessionCallback: LocalSave: .LatestSave
02:32:17.098 SCRIPT       : SCR_LatestSaveDSSessionCallback: LocalSave: .LatestSave
02:33:17.961 SCRIPT       : SCR_LatestSaveDSSessionCallback: LocalSave: .LatestSave
02:34:18.688 SCRIPT       : SCR_LatestSaveDSSessionCallback: LocalSave: .LatestSave
02:35:19.356 SCRIPT       : SCR_LatestSaveDSSessionCallback: LocalSave: .LatestSave
02:36:20.118 SCRIPT       : SCR_LatestSaveDSSessionCallback: LocalSave: .LatestSave
02:37:20.922 SCRIPT       : SCR_LatestSaveDSSessionCallback: LocalSave: .LatestSave
02:38:21.676 SCRIPT       : SCR_LatestSaveDSSessionCallback: LocalSave: .LatestSave
02:39:22.312 SCRIPT       : SCR_LatestSaveDSSessionCallback: LocalSave: .LatestSave
02:40:22.970 SCRIPT       : SCR_LatestSaveDSSessionCallback: LocalSave: .LatestSave
02:41:23.662 SCRIPT       : SCR_LatestSaveDSSessionCallback: LocalSave: .LatestSave
02:42:24.355 SCRIPT       : SCR_LatestSaveDSSessionCallback: LocalSave: .LatestSave
02:43:25.084 SCRIPT       : SCR_LatestSaveDSSessionCallback: LocalSave: .LatestSave
02:44:25.720 SCRIPT       : SCR_LatestSaveDSSessionCallback: LocalSave: .LatestSave
02:45:26.335 SCRIPT       : SCR_LatestSaveDSSessionCallback: LocalSave: .LatestSave
02:46:27.151 SCRIPT       : SCR_LatestSaveDSSessionCallback: LocalSave: .LatestSave
02:47:27.886 SCRIPT       : SCR_LatestSaveDSSessionCallback: LocalSave: .LatestSave
02:48:28.635 SCRIPT       : SCR_LatestSaveDSSessionCallback: LocalSave: .LatestSave
02:49:29.399 SCRIPT       : SCR_LatestSaveDSSessionCallback: LocalSave: .LatestSave
02:50:30.080 SCRIPT       : SCR_LatestSaveDSSessionCallback: LocalSave: .LatestSave
02:51:30.819 SCRIPT       : SCR_LatestSaveDSSessionCallback: LocalSave: .LatestSave
02:52:31.381 SCRIPT       : SCR_LatestSaveDSSessionCallback: LocalSave: .LatestSave
02:53:31.950 SCRIPT       : SCR_LatestSaveDSSessionCallback: LocalSave: .LatestSave
02:54:32.640 SCRIPT       : SCR_LatestSaveDSSessionCallback: LocalSave: .LatestSave
02:55:33.246 SCRIPT       : SCR_LatestSaveDSSessionCallback: LocalSave: .LatestSave
02:56:33.875 SCRIPT       : SCR_LatestSaveDSSessionCallback: LocalSave: .LatestSave
02:57:34.586 SCRIPT       : SCR_LatestSaveDSSessionCallback: LocalSave: .LatestSave
02:58:35.283 SCRIPT       : SCR_LatestSaveDSSessionCallback: LocalSave: .LatestSave
02:59:36.002 SCRIPT       : SCR_LatestSaveDSSessionCallback: LocalSave: .LatestSave
03:00:36.729 SCRIPT       : SCR_LatestSaveDSSessionCallback: LocalSave: .LatestSave
03:01:37.429 SCRIPT       : SCR_LatestSaveDSSessionCallback: LocalSave: .LatestSave
03:02:38.015 SCRIPT       : SCR_LatestSaveDSSessionCallback: LocalSave: .LatestSave
03:03:38.695 SCRIPT       : SCR_LatestSaveDSSessionCallback: LocalSave: .LatestSave
03:04:39.393 SCRIPT       : SCR_LatestSaveDSSessionCallback: LocalSave: .LatestSave
03:05:40.046 SCRIPT       : SCR_LatestSaveDSSessionCallback: LocalSave: .LatestSave
03:06:40.717 SCRIPT       : SCR_LatestSaveDSSessionCallback: LocalSave: .LatestSave
03:07:41.434 SCRIPT       : SCR_LatestSaveDSSessionCallback: LocalSave: .LatestSave
03:08:42.027 SCRIPT       : SCR_LatestSaveDSSessionCallback: LocalSave: .LatestSave
03:09:42.545 SCRIPT       : SCR_LatestSaveDSSessionCallback: LocalSave: .LatestSave
03:10:43.007 SCRIPT       : SCR_LatestSaveDSSessionCallback: LocalSave: .LatestSave
03:11:43.690 SCRIPT       : SCR_LatestSaveDSSessionCallback: LocalSave: .LatestSave
03:12:44.151 SCRIPT       : SCR_LatestSaveDSSessionCallback: LocalSave: .LatestSave
03:13:44.656 SCRIPT       : SCR_LatestSaveDSSessionCallback: LocalSave: .LatestSave
03:14:45.163 SCRIPT       : SCR_LatestSaveDSSessionCallback: LocalSave: .LatestSave
03:15:45.648 SCRIPT       : SCR_LatestSaveDSSessionCallback: LocalSave: .LatestSave
03:16:45.958 SCRIPT       : SCR_LatestSaveDSSessionCallback: LocalSave: .LatestSave
03:17:46.457 SCRIPT       : SCR_LatestSaveDSSessionCallback: LocalSave: .LatestSave
03:18:47.054 SCRIPT       : SCR_LatestSaveDSSessionCallback: LocalSave: .LatestSave
03:19:47.661 SCRIPT       : SCR_LatestSaveDSSessionCallback: LocalSave: .LatestSave
03:20:48.267 SCRIPT       : SCR_LatestSaveDSSessionCallback: LocalSave: .LatestSave
03:21:48.927 SCRIPT       : SCR_LatestSaveDSSessionCallback: LocalSave: .LatestSave
03:22:49.490 SCRIPT       : SCR_LatestSaveDSSessionCallback: LocalSave: .LatestSave
03:23:50.076 SCRIPT       : SCR_LatestSaveDSSessionCallback: LocalSave: .LatestSave
03:24:50.633 SCRIPT       : SCR_LatestSaveDSSessionCallback: LocalSave: .LatestSave
03:25:51.170 SCRIPT       : SCR_LatestSaveDSSessionCallback: LocalSave: .LatestSave
03:26:51.735 SCRIPT       : SCR_LatestSaveDSSessionCallback: LocalSave: .LatestSave
03:27:52.151 SCRIPT       : SCR_LatestSaveDSSessionCallback: LocalSave: .LatestSave
03:28:52.537 SCRIPT       : SCR_LatestSaveDSSessionCallback: LocalSave: .LatestSave
03:29:52.978 SCRIPT       : SCR_LatestSaveDSSessionCallback: LocalSave: .LatestSave
03:30:53.312 SCRIPT       : SCR_LatestSaveDSSessionCallback: LocalSave: .LatestSave
03:31:53.823 SCRIPT       : SCR_LatestSaveDSSessionCallback: LocalSave: .LatestSave
03:32:54.460 SCRIPT       : SCR_LatestSaveDSSessionCallback: LocalSave: .LatestSave
03:33:54.885 SCRIPT       : SCR_LatestSaveDSSessionCallback: LocalSave: .LatestSave
03:34:55.414 SCRIPT       : SCR_LatestSaveDSSessionCallback: LocalSave: .LatestSave
03:35:55.919 SCRIPT       : SCR_LatestSaveDSSessionCallback: LocalSave: .LatestSave
03:36:56.555 SCRIPT       : SCR_LatestSaveDSSessionCallback: LocalSave: .LatestSave
03:37:57.013 SCRIPT       : SCR_LatestSaveDSSessionCallback: LocalSave: .LatestSave
03:38:57.603 SCRIPT       : SCR_LatestSaveDSSessionCallback: LocalSave: .LatestSave
03:39:58.086 SCRIPT       : SCR_LatestSaveDSSessionCallback: LocalSave: .LatestSave
03:40:58.432 SCRIPT       : SCR_LatestSaveDSSessionCallback: LocalSave: .LatestSave
03:41:58.897 SCRIPT       : SCR_LatestSaveDSSessionCallback: LocalSave: .LatestSave
03:42:59.248 SCRIPT       : SCR_LatestSaveDSSessionCallback: LocalSave: .LatestSave
03:43:59.660 SCRIPT       : SCR_LatestSaveDSSessionCallback: LocalSave: .LatestSave
03:45:00.107 SCRIPT       : SCR_LatestSaveDSSessionCallback: LocalSave: .LatestSave
03:46:00.654 SCRIPT       : SCR_LatestSaveDSSessionCallback: LocalSave: .LatestSave
03:47:01.284 SCRIPT       : SCR_LatestSaveDSSessionCallback: LocalSave: .LatestSave
03:48:01.872 SCRIPT       : SCR_LatestSaveDSSessionCallback: LocalSave: .LatestSave
03:49:02.336 SCRIPT       : SCR_LatestSaveDSSessionCallback: LocalSave: .LatestSave
03:50:02.838 SCRIPT       : SCR_LatestSaveDSSessionCallback: LocalSave: .LatestSave
03:51:03.245 SCRIPT       : SCR_LatestSaveDSSessionCallback: LocalSave: .LatestSave
03:52:03.869 SCRIPT       : SCR_LatestSaveDSSessionCallback: LocalSave: .LatestSave
03:53:08.082 SCRIPT       : SCR_LatestSaveDSSessionCallback: LocalSave: .LatestSave
03:54:11.228 SCRIPT       : SCR_LatestSaveDSSessionCallback: LocalSave: .LatestSave
03:55:11.650 SCRIPT       : SCR_LatestSaveDSSessionCallback: LocalSave: .LatestSave
03:56:15.488 SCRIPT       : SCR_LatestSaveDSSessionCallback: LocalSave: .LatestSave
03:57:20.540 SCRIPT       : SCR_LatestSaveDSSessionCallback: LocalSave: .LatestSave
03:58:23.705 SCRIPT       : SCR_LatestSaveDSSessionCallback: LocalSave: .LatestSave
03:59:24.297 SCRIPT       : SCR_LatestSaveDSSessionCallback: LocalSave: .LatestSave
04:00:26.240 SCRIPT       : SCR_LatestSaveDSSessionCallback: LocalSave: .LatestSave
04:01:26.616 SCRIPT       : SCR_LatestSaveDSSessionCallback: LocalSave: .LatestSave
04:02:27.448 SCRIPT       : SCR_LatestSaveDSSessionCallback: LocalSave: .LatestSave
04:03:28.212 SCRIPT       : SCR_LatestSaveDSSessionCallback: LocalSave: .LatestSave
04:04:28.653 SCRIPT       : SCR_LatestSaveDSSessionCallback: LocalSave: .LatestSave
04:05:29.276 SCRIPT       : SCR_LatestSaveDSSessionCallback: LocalSave: .LatestSave
04:06:29.763 SCRIPT       : SCR_LatestSaveDSSessionCallback: LocalSave: .LatestSave
04:07:30.163 SCRIPT       : SCR_LatestSaveDSSessionCallback: LocalSave: .LatestSave
04:08:30.655 SCRIPT       : SCR_LatestSaveDSSessionCallback: LocalSave: .LatestSave
04:09:31.182 SCRIPT       : SCR_LatestSaveDSSessionCallback: LocalSave: .LatestSave
04:10:31.597 SCRIPT       : SCR_LatestSaveDSSessionCallback: LocalSave: .LatestSave
04:11:31.996 SCRIPT       : SCR_LatestSaveDSSessionCallback: LocalSave: .LatestSave
04:12:32.598 SCRIPT       : SCR_LatestSaveDSSessionCallback: LocalSave: .LatestSave
04:13:33.102 SCRIPT       : SCR_LatestSaveDSSessionCallback: LocalSave: .LatestSave
04:14:33.669 SCRIPT       : SCR_LatestSaveDSSessionCallback: LocalSave: .LatestSave
04:15:34.171 SCRIPT       : SCR_LatestSaveDSSessionCallback: LocalSave: .LatestSave
04:16:34.672 SCRIPT       : SCR_LatestSaveDSSessionCallback: LocalSave: .LatestSave
04:17:35.088 SCRIPT       : SCR_LatestSaveDSSessionCallback: LocalSave: .LatestSave
04:18:35.594 SCRIPT       : SCR_LatestSaveDSSessionCallback: LocalSave: .LatestSave
04:19:35.970 SCRIPT       : SCR_LatestSaveDSSessionCallback: LocalSave: .LatestSave
04:20:36.289 SCRIPT       : SCR_LatestSaveDSSessionCallback: LocalSave: .LatestSave
04:21:36.769 SCRIPT       : SCR_LatestSaveDSSessionCallback: LocalSave: .LatestSave
04:22:37.184 SCRIPT       : SCR_LatestSaveDSSessionCallback: LocalSave: .LatestSave
04:23:37.647 SCRIPT       : SCR_LatestSaveDSSessionCallback: LocalSave: .LatestSave
04:24:37.913 SCRIPT       : SCR_LatestSaveDSSessionCallback: LocalSave: .LatestSave
04:25:38.357 SCRIPT       : SCR_LatestSaveDSSessionCallback: LocalSave: .LatestSave
04:26:38.742 SCRIPT       : SCR_LatestSaveDSSessionCallback: LocalSave: .LatestSave
04:27:39.140 SCRIPT       : SCR_LatestSaveDSSessionCallback: LocalSave: .LatestSave
04:28:39.648 SCRIPT       : SCR_LatestSaveDSSessionCallback: LocalSave: .LatestSave
04:29:40.119 SCRIPT       : SCR_LatestSaveDSSessionCallback: LocalSave: .LatestSave
04:30:40.629 SCRIPT       : SCR_LatestSaveDSSessionCallback: LocalSave: .LatestSave
04:31:40.863 SCRIPT       : SCR_LatestSaveDSSessionCallback: LocalSave: .LatestSave
04:32:41.292 SCRIPT       : SCR_LatestSaveDSSessionCallback: LocalSave: .LatestSave
04:33:41.829 SCRIPT       : SCR_LatestSaveDSSessionCallback: LocalSave: .LatestSave
04:34:42.300 SCRIPT       : SCR_LatestSaveDSSessionCallback: LocalSave: .LatestSave
04:35:42.777 SCRIPT       : SCR_LatestSaveDSSessionCallback: LocalSave: .LatestSave
04:36:43.252 SCRIPT       : SCR_LatestSaveDSSessionCallback: LocalSave: .LatestSave
04:37:43.779 SCRIPT       : SCR_LatestSaveDSSessionCallback: LocalSave: .LatestSave
04:38:44.267 SCRIPT       : SCR_LatestSaveDSSessionCallback: LocalSave: .LatestSave
04:39:44.728 SCRIPT       : SCR_LatestSaveDSSessionCallback: LocalSave: .LatestSave
04:40:45.305 SCRIPT       : SCR_LatestSaveDSSessionCallback: LocalSave: .LatestSave
04:41:45.862 SCRIPT       : SCR_LatestSaveDSSessionCallback: LocalSave: .LatestSave
04:42:46.434 SCRIPT       : SCR_LatestSaveDSSessionCallback: LocalSave: .LatestSave
04:43:47.047 SCRIPT       : SCR_LatestSaveDSSessionCallback: LocalSave: .LatestSave
04:44:47.637 SCRIPT       : SCR_LatestSaveDSSessionCallback: LocalSave: .LatestSave
04:45:48.310 SCRIPT       : SCR_LatestSaveDSSessionCallback: LocalSave: .LatestSave
04:46:48.959 SCRIPT       : SCR_LatestSaveDSSessionCallback: LocalSave: .LatestSave
04:47:49.622 SCRIPT       : SCR_LatestSaveDSSessionCallback: LocalSave: .LatestSave
04:48:50.255 SCRIPT       : SCR_LatestSaveDSSessionCallback: LocalSave: .LatestSave
04:49:50.928 SCRIPT       : SCR_LatestSaveDSSessionCallback: LocalSave: .LatestSave
04:50:51.580 SCRIPT       : SCR_LatestSaveDSSessionCallback: LocalSave: .LatestSave
04:51:52.182 SCRIPT       : SCR_LatestSaveDSSessionCallback: LocalSave: .LatestSave
04:52:52.842 SCRIPT       : SCR_LatestSaveDSSessionCallback: LocalSave: .LatestSave
04:53:53.461 SCRIPT       : SCR_LatestSaveDSSessionCallback: LocalSave: .LatestSave
04:54:54.096 SCRIPT       : SCR_LatestSaveDSSessionCallback: LocalSave: .LatestSave
04:55:54.606 SCRIPT       : SCR_LatestSaveDSSessionCallback: LocalSave: .LatestSave
04:56:55.257 SCRIPT       : SCR_LatestSaveDSSessionCallback: LocalSave: .LatestSave
04:57:55.901 SCRIPT       : SCR_LatestSaveDSSessionCallback: LocalSave: .LatestSave
04:58:56.497 SCRIPT       : SCR_LatestSaveDSSessionCallback: LocalSave: .LatestSave
04:59:57.257 SCRIPT       : SCR_LatestSaveDSSessionCallback: LocalSave: .LatestSave
05:00:57.704 SCRIPT       : SCR_LatestSaveDSSessionCallback: LocalSave: .LatestSave
05:01:58.251 SCRIPT       : SCR_LatestSaveDSSessionCallback: LocalSave: .LatestSave
05:02:58.870 SCRIPT       : SCR_LatestSaveDSSessionCallback: LocalSave: .LatestSave
05:03:59.403 SCRIPT       : SCR_LatestSaveDSSessionCallback: LocalSave: .LatestSave
05:05:00.050 SCRIPT       : SCR_LatestSaveDSSessionCallback: LocalSave: .LatestSave
05:06:00.536 SCRIPT       : SCR_LatestSaveDSSessionCallback: LocalSave: .LatestSave
05:07:01.100 SCRIPT       : SCR_LatestSaveDSSessionCallback: LocalSave: .LatestSave
05:08:01.688 SCRIPT       : SCR_LatestSaveDSSessionCallback: LocalSave: .LatestSave
05:09:02.335 SCRIPT       : SCR_LatestSaveDSSessionCallback: LocalSave: .LatestSave
05:10:03.010 SCRIPT       : SCR_LatestSaveDSSessionCallback: LocalSave: .LatestSave
05:11:03.582 SCRIPT       : SCR_LatestSaveDSSessionCallback: LocalSave: .LatestSave
05:12:04.300 SCRIPT       : SCR_LatestSaveDSSessionCallback: LocalSave: .LatestSave
05:13:04.914 SCRIPT       : SCR_LatestSaveDSSessionCallback: LocalSave: .LatestSave
05:14:05.527 SCRIPT       : SCR_LatestSaveDSSessionCallback: LocalSave: .LatestSave
05:15:06.270 SCRIPT       : SCR_LatestSaveDSSessionCallback: LocalSave: .LatestSave
05:16:06.867 SCRIPT       : SCR_LatestSaveDSSessionCallback: LocalSave: .LatestSave
05:17:07.433 SCRIPT       : SCR_LatestSaveDSSessionCallback: LocalSave: .LatestSave
05:18:08.056 SCRIPT       : SCR_LatestSaveDSSessionCallback: LocalSave: .LatestSave
05:19:08.796 SCRIPT       : SCR_LatestSaveDSSessionCallback: LocalSave: .LatestSave
05:20:09.427 SCRIPT       : SCR_LatestSaveDSSessionCallback: LocalSave: .LatestSave
05:21:10.044 SCRIPT       : SCR_LatestSaveDSSessionCallback: LocalSave: .LatestSave
05:22:10.548 SCRIPT       : SCR_LatestSaveDSSessionCallback: LocalSave: .LatestSave
05:23:11.229 SCRIPT       : SCR_LatestSaveDSSessionCallback: LocalSave: .LatestSave
05:24:11.752 SCRIPT       : SCR_LatestSaveDSSessionCallback: LocalSave: .LatestSave
05:25:12.333 SCRIPT       : SCR_LatestSaveDSSessionCallback: LocalSave: .LatestSave
05:26:12.899 SCRIPT       : SCR_LatestSaveDSSessionCallback: LocalSave: .LatestSave
05:27:13.344 SCRIPT       : SCR_LatestSaveDSSessionCallback: LocalSave: .LatestSave
05:28:13.939 SCRIPT       : SCR_LatestSaveDSSessionCallback: LocalSave: .LatestSave
05:29:14.547 SCRIPT       : SCR_LatestSaveDSSessionCallback: LocalSave: .LatestSave
05:30:15.354 SCRIPT       : SCR_LatestSaveDSSessionCallback: LocalSave: .LatestSave
05:31:16.169 SCRIPT       : SCR_LatestSaveDSSessionCallback: LocalSave: .LatestSave
05:32:17.001 SCRIPT       : SCR_LatestSaveDSSessionCallback: LocalSave: .LatestSave
05:33:17.664 SCRIPT       : SCR_LatestSaveDSSessionCallback: LocalSave: .LatestSave
05:34:18.293 SCRIPT       : SCR_LatestSaveDSSessionCallback: LocalSave: .LatestSave
05:35:19.057 SCRIPT       : SCR_LatestSaveDSSessionCallback: LocalSave: .LatestSave
05:36:19.790 SCRIPT       : SCR_LatestSaveDSSessionCallback: LocalSave: .LatestSave
05:37:20.366 SCRIPT       : SCR_LatestSaveDSSessionCallback: LocalSave: .LatestSave
05:38:21.106 SCRIPT       : SCR_LatestSaveDSSessionCallback: LocalSave: .LatestSave
05:39:21.785 SCRIPT       : SCR_LatestSaveDSSessionCallback: LocalSave: .LatestSave
05:40:22.386 SCRIPT       : SCR_LatestSaveDSSessionCallback: LocalSave: .LatestSave
05:41:23.020 SCRIPT       : SCR_LatestSaveDSSessionCallback: LocalSave: .LatestSave
05:42:23.610 SCRIPT       : SCR_LatestSaveDSSessionCallback: LocalSave: .LatestSave
05:43:24.313 SCRIPT       : SCR_LatestSaveDSSessionCallback: LocalSave: .LatestSave
05:44:25.021 SCRIPT       : SCR_LatestSaveDSSessionCallback: LocalSave: .LatestSave
05:45:25.702 SCRIPT       : SCR_LatestSaveDSSessionCallback: LocalSave: .LatestSave
05:46:26.311 SCRIPT       : SCR_LatestSaveDSSessionCallback: LocalSave: .LatestSave
05:47:26.958 SCRIPT       : SCR_LatestSaveDSSessionCallback: LocalSave: .LatestSave
05:48:27.670 SCRIPT       : SCR_LatestSaveDSSessionCallback: LocalSave: .LatestSave
05:49:28.322 SCRIPT       : SCR_LatestSaveDSSessionCallback: LocalSave: .LatestSave
05:50:28.840 SCRIPT       : SCR_LatestSaveDSSessionCallback: LocalSave: .LatestSave
05:51:29.575 SCRIPT       : SCR_LatestSaveDSSessionCallback: LocalSave: .LatestSave
05:52:30.303 SCRIPT       : SCR_LatestSaveDSSessionCallback: LocalSave: .LatestSave
05:53:31.000 SCRIPT       : SCR_LatestSaveDSSessionCallback: LocalSave: .LatestSave
05:54:31.630 SCRIPT       : SCR_LatestSaveDSSessionCallback: LocalSave: .LatestSave
05:55:32.309 SCRIPT       : SCR_LatestSaveDSSessionCallback: LocalSave: .LatestSave
05:56:33.123 SCRIPT       : SCR_LatestSaveDSSessionCallback: LocalSave: .LatestSave
05:57:33.810 SCRIPT       : SCR_LatestSaveDSSessionCallback: LocalSave: .LatestSave
05:58:34.369 SCRIPT       : SCR_LatestSaveDSSessionCallback: LocalSave: .LatestSave
05:59:35.034 SCRIPT       : SCR_LatestSaveDSSessionCallback: LocalSave: .LatestSave
06:00:35.830 SCRIPT       : SCR_LatestSaveDSSessionCallback: LocalSave: .LatestSave
06:01:36.537 SCRIPT       : SCR_LatestSaveDSSessionCallback: LocalSave: .LatestSave
06:02:37.282 SCRIPT       : SCR_LatestSaveDSSessionCallback: LocalSave: .LatestSave
06:03:38.107 SCRIPT       : SCR_LatestSaveDSSessionCallback: LocalSave: .LatestSave
06:04:38.939 SCRIPT       : SCR_LatestSaveDSSessionCallback: LocalSave: .LatestSave
06:05:39.791 SCRIPT       : SCR_LatestSaveDSSessionCallback: LocalSave: .LatestSave
06:06:40.667 SCRIPT       : SCR_LatestSaveDSSessionCallback: LocalSave: .LatestSave
06:07:41.540 SCRIPT       : SCR_LatestSaveDSSessionCallback: LocalSave: .LatestSave
06:08:42.374 SCRIPT       : SCR_LatestSaveDSSessionCallback: LocalSave: .LatestSave
06:09:43.307 SCRIPT       : SCR_LatestSaveDSSessionCallback: LocalSave: .LatestSave
06:10:44.126 SCRIPT       : SCR_LatestSaveDSSessionCallback: LocalSave: .LatestSave
06:11:44.954 SCRIPT       : SCR_LatestSaveDSSessionCallback: LocalSave: .LatestSave
06:12:46.568 SCRIPT       : SCR_LatestSaveDSSessionCallback: LocalSave: .LatestSave
06:13:48.602 SCRIPT       : SCR_LatestSaveDSSessionCallback: LocalSave: .LatestSave
06:14:50.512 SCRIPT       : SCR_LatestSaveDSSessionCallback: LocalSave: .LatestSave
06:15:52.444 SCRIPT       : SCR_LatestSaveDSSessionCallback: LocalSave: .LatestSave
06:16:54.226 SCRIPT       : SCR_LatestSaveDSSessionCallback: LocalSave: .LatestSave
06:17:56.206 SCRIPT       : SCR_LatestSaveDSSessionCallback: LocalSave: .LatestSave
06:18:58.019 SCRIPT       : SCR_LatestSaveDSSessionCallback: LocalSave: .LatestSave
06:19:59.820 SCRIPT       : SCR_LatestSaveDSSessionCallback: LocalSave: .LatestSave
06:21:01.575 SCRIPT       : SCR_LatestSaveDSSessionCallback: LocalSave: .LatestSave
06:22:03.466 SCRIPT       : SCR_LatestSaveDSSessionCallback: LocalSave: .LatestSave
06:23:05.095 SCRIPT       : SCR_LatestSaveDSSessionCallback: LocalSave: .LatestSave
06:24:06.844 SCRIPT       : SCR_LatestSaveDSSessionCallback: LocalSave: .LatestSave
06:25:08.740 SCRIPT       : SCR_LatestSaveDSSessionCallback: LocalSave: .LatestSave
06:26:10.403 SCRIPT       : SCR_LatestSaveDSSessionCallback: LocalSave: .LatestSave
06:27:12.267 SCRIPT       : SCR_LatestSaveDSSessionCallback: LocalSave: .LatestSave
06:28:14.242 SCRIPT       : SCR_LatestSaveDSSessionCallback: LocalSave: .LatestSave
06:29:15.980 SCRIPT       : SCR_LatestSaveDSSessionCallback: LocalSave: .LatestSave
06:30:17.730 SCRIPT       : SCR_LatestSaveDSSessionCallback: LocalSave: .LatestSave
06:31:19.672 SCRIPT       : SCR_LatestSaveDSSessionCallback: LocalSave: .LatestSave
06:32:21.524 SCRIPT       : SCR_LatestSaveDSSessionCallback: LocalSave: .LatestSave
06:33:23.343 SCRIPT       : SCR_LatestSaveDSSessionCallback: LocalSave: .LatestSave
06:34:25.284 SCRIPT       : SCR_LatestSaveDSSessionCallback: LocalSave: .LatestSave
06:35:27.168 SCRIPT       : SCR_LatestSaveDSSessionCallback: LocalSave: .LatestSave
06:36:29.159 SCRIPT       : SCR_LatestSaveDSSessionCallback: LocalSave: .LatestSave
06:37:31.051 SCRIPT       : SCR_LatestSaveDSSessionCallback: LocalSave: .LatestSave
06:38:32.974 SCRIPT       : SCR_LatestSaveDSSessionCallback: LocalSave: .LatestSave
06:39:34.707 SCRIPT       : SCR_LatestSaveDSSessionCallback: LocalSave: .LatestSave
06:40:36.481 SCRIPT       : SCR_LatestSaveDSSessionCallback: LocalSave: .LatestSave
06:41:38.218 SCRIPT       : SCR_LatestSaveDSSessionCallback: LocalSave: .LatestSave
06:42:40.091 SCRIPT       : SCR_LatestSaveDSSessionCallback: LocalSave: .LatestSave
06:43:41.813 SCRIPT       : SCR_LatestSaveDSSessionCallback: LocalSave: .LatestSave
06:44:43.562 SCRIPT       : SCR_LatestSaveDSSessionCallback: LocalSave: .LatestSave
06:45:45.407 SCRIPT       : SCR_LatestSaveDSSessionCallback: LocalSave: .LatestSave
06:46:47.136 SCRIPT       : SCR_LatestSaveDSSessionCallback: LocalSave: .LatestSave
06:47:49.059 SCRIPT       : SCR_LatestSaveDSSessionCallback: LocalSave: .LatestSave
06:48:50.805 SCRIPT       : SCR_LatestSaveDSSessionCallback: LocalSave: .LatestSave
06:49:52.664 SCRIPT       : SCR_LatestSaveDSSessionCallback: LocalSave: .LatestSave
06:50:54.426 SCRIPT       : SCR_LatestSaveDSSessionCallback: LocalSave: .LatestSave
06:51:56.129 SCRIPT       : SCR_LatestSaveDSSessionCallback: LocalSave: .LatestSave
06:52:58.140 SCRIPT       : SCR_LatestSaveDSSessionCallback: LocalSave: .LatestSave
06:53:59.904 SCRIPT       : SCR_LatestSaveDSSessionCallback: LocalSave: .LatestSave
06:55:01.882 SCRIPT       : SCR_LatestSaveDSSessionCallback: LocalSave: .LatestSave
06:56:03.793 SCRIPT       : SCR_LatestSaveDSSessionCallback: LocalSave: .LatestSave
06:57:05.630 SCRIPT       : SCR_LatestSaveDSSessionCallback: LocalSave: .LatestSave
06:58:07.608 SCRIPT       : SCR_LatestSaveDSSessionCallback: LocalSave: .LatestSave
06:59:09.694 SCRIPT       : SCR_LatestSaveDSSessionCallback: LocalSave: .LatestSave
07:00:11.626 SCRIPT       : SCR_LatestSaveDSSessionCallback: LocalSave: .LatestSave
07:01:13.556 SCRIPT       : SCR_LatestSaveDSSessionCallback: LocalSave: .LatestSave
07:02:15.483 SCRIPT       : SCR_LatestSaveDSSessionCallback: LocalSave: .LatestSave
07:03:17.536 SCRIPT       : SCR_LatestSaveDSSessionCallback: LocalSave: .LatestSave
07:04:19.478 SCRIPT       : SCR_LatestSaveDSSessionCallback: LocalSave: .LatestSave
07:05:21.278 SCRIPT       : SCR_LatestSaveDSSessionCallback: LocalSave: .LatestSave
07:06:23.196 SCRIPT       : SCR_LatestSaveDSSessionCallback: LocalSave: .LatestSave
07:07:25.046 SCRIPT       : SCR_LatestSaveDSSessionCallback: LocalSave: .LatestSave
07:08:26.771 SCRIPT       : SCR_LatestSaveDSSessionCallback: LocalSave: .LatestSave
07:09:28.525 SCRIPT       : SCR_LatestSaveDSSessionCallback: LocalSave: .LatestSave
07:10:30.315 SCRIPT       : SCR_LatestSaveDSSessionCallback: LocalSave: .LatestSave
07:11:32.095 SCRIPT       : SCR_LatestSaveDSSessionCallback: LocalSave: .LatestSave
07:12:33.827 SCRIPT       : SCR_LatestSaveDSSessionCallback: LocalSave: .LatestSave
07:13:35.908 SCRIPT       : SCR_LatestSaveDSSessionCallback: LocalSave: .LatestSave
07:14:37.649 SCRIPT       : SCR_LatestSaveDSSessionCallback: LocalSave: .LatestSave
07:15:39.414 SCRIPT       : SCR_LatestSaveDSSessionCallback: LocalSave: .LatestSave
07:16:41.306 SCRIPT       : SCR_LatestSaveDSSessionCallback: LocalSave: .LatestSave
07:17:43.272 SCRIPT       : SCR_LatestSaveDSSessionCallback: LocalSave: .LatestSave
07:18:45.149 SCRIPT       : SCR_LatestSaveDSSessionCallback: LocalSave: .LatestSave
07:19:47.092 SCRIPT       : SCR_LatestSaveDSSessionCallback: LocalSave: .LatestSave
07:20:48.943 SCRIPT       : SCR_LatestSaveDSSessionCallback: LocalSave: .LatestSave
07:21:50.602 SCRIPT       : SCR_LatestSaveDSSessionCallback: LocalSave: .LatestSave
07:22:52.287 SCRIPT       : SCR_LatestSaveDSSessionCallback: LocalSave: .LatestSave
07:23:53.938 SCRIPT       : SCR_LatestSaveDSSessionCallback: LocalSave: .LatestSave
07:24:55.763 SCRIPT       : SCR_LatestSaveDSSessionCallback: LocalSave: .LatestSave
07:25:57.576 SCRIPT       : SCR_LatestSaveDSSessionCallback: LocalSave: .LatestSave
07:26:59.512 SCRIPT       : SCR_LatestSaveDSSessionCallback: LocalSave: .LatestSave
07:28:01.306 SCRIPT       : SCR_LatestSaveDSSessionCallback: LocalSave: .LatestSave
07:29:02.955 SCRIPT       : SCR_LatestSaveDSSessionCallback: LocalSave: .LatestSave
07:30:04.774 SCRIPT       : SCR_LatestSaveDSSessionCallback: LocalSave: .LatestSave
07:31:06.357 SCRIPT       : SCR_LatestSaveDSSessionCallback: LocalSave: .LatestSave
07:32:08.248 SCRIPT       : SCR_LatestSaveDSSessionCallback: LocalSave: .LatestSave
07:33:10.186 SCRIPT       : SCR_LatestSaveDSSessionCallback: LocalSave: .LatestSave
07:34:11.957 SCRIPT       : SCR_LatestSaveDSSessionCallback: LocalSave: .LatestSave
07:35:13.677 SCRIPT       : SCR_LatestSaveDSSessionCallback: LocalSave: .LatestSave
07:36:15.418 SCRIPT       : SCR_LatestSaveDSSessionCallback: LocalSave: .LatestSave
07:37:17.049 SCRIPT       : SCR_LatestSaveDSSessionCallback: LocalSave: .LatestSave
07:38:18.805 SCRIPT       : SCR_LatestSaveDSSessionCallback: LocalSave: .LatestSave
07:39:20.779 SCRIPT       : SCR_LatestSaveDSSessionCallback: LocalSave: .LatestSave
07:40:22.343 SCRIPT       : SCR_LatestSaveDSSessionCallback: LocalSave: .LatestSave
07:41:24.293 SCRIPT       : SCR_LatestSaveDSSessionCallback: LocalSave: .LatestSave
07:42:26.187 SCRIPT       : SCR_LatestSaveDSSessionCallback: LocalSave: .LatestSave
07:43:28.118 SCRIPT       : SCR_LatestSaveDSSessionCallback: LocalSave: .LatestSave
07:44:29.836 SCRIPT       : SCR_LatestSaveDSSessionCallback: LocalSave: .LatestSave
07:45:31.585 SCRIPT       : SCR_LatestSaveDSSessionCallback: LocalSave: .LatestSave
07:46:33.333 SCRIPT       : SCR_LatestSaveDSSessionCallback: LocalSave: .LatestSave
07:47:35.208 SCRIPT       : SCR_LatestSaveDSSessionCallback: LocalSave: .LatestSave
07:48:37.138 SCRIPT       : SCR_LatestSaveDSSessionCallback: LocalSave: .LatestSave
07:49:38.886 SCRIPT       : SCR_LatestSaveDSSessionCallback: LocalSave: .LatestSave
07:50:40.564 SCRIPT       : SCR_LatestSaveDSSessionCallback: LocalSave: .LatestSave
07:51:42.275 SCRIPT       : SCR_LatestSaveDSSessionCallback: LocalSave: .LatestSave
07:52:43.924 SCRIPT       : SCR_LatestSaveDSSessionCallback: LocalSave: .LatestSave
07:53:45.875 SCRIPT       : SCR_LatestSaveDSSessionCallback: LocalSave: .LatestSave
07:54:47.874 SCRIPT       : SCR_LatestSaveDSSessionCallback: LocalSave: .LatestSave
07:55:49.754 SCRIPT       : SCR_LatestSaveDSSessionCallback: LocalSave: .LatestSave
07:56:51.685 SCRIPT       : SCR_LatestSaveDSSessionCallback: LocalSave: .LatestSave
07:57:53.584 SCRIPT       : SCR_LatestSaveDSSessionCallback: LocalSave: .LatestSave
07:58:55.496 SCRIPT       : SCR_LatestSaveDSSessionCallback: LocalSave: .LatestSave
07:59:57.480 SCRIPT       : SCR_LatestSaveDSSessionCallback: LocalSave: .LatestSave
08:00:59.375 SCRIPT       : SCR_LatestSaveDSSessionCallback: LocalSave: .LatestSave
08:02:01.324 SCRIPT       : SCR_LatestSaveDSSessionCallback: LocalSave: .LatestSave
08:03:03.246 SCRIPT       : SCR_LatestSaveDSSessionCallback: LocalSave: .LatestSave
08:04:05.069 SCRIPT       : SCR_LatestSaveDSSessionCallback: LocalSave: .LatestSave
08:05:06.986 SCRIPT       : SCR_LatestSaveDSSessionCallback: LocalSave: .LatestSave
08:06:08.493 SCRIPT       : SCR_LatestSaveDSSessionCallback: LocalSave: .LatestSave
08:07:10.493 SCRIPT       : SCR_LatestSaveDSSessionCallback: LocalSave: .LatestSave
08:08:12.418 SCRIPT       : SCR_LatestSaveDSSessionCallback: LocalSave: .LatestSave
08:09:14.290 SCRIPT       : SCR_LatestSaveDSSessionCallback: LocalSave: .LatestSave
08:10:16.194 SCRIPT       : SCR_LatestSaveDSSessionCallback: LocalSave: .LatestSave
08:11:18.051 SCRIPT       : SCR_LatestSaveDSSessionCallback: LocalSave: .LatestSave
08:12:19.919 SCRIPT       : SCR_LatestSaveDSSessionCallback: LocalSave: .LatestSave
08:13:21.831 SCRIPT       : SCR_LatestSaveDSSessionCallback: LocalSave: .LatestSave
08:14:23.777 SCRIPT       : SCR_LatestSaveDSSessionCallback: LocalSave: .LatestSave
08:15:25.711 SCRIPT       : SCR_LatestSaveDSSessionCallback: LocalSave: .LatestSave
08:16:27.606 SCRIPT       : SCR_LatestSaveDSSessionCallback: LocalSave: .LatestSave
08:17:29.485 SCRIPT       : SCR_LatestSaveDSSessionCallback: LocalSave: .LatestSave
08:18:31.336 SCRIPT       : SCR_LatestSaveDSSessionCallback: LocalSave: .LatestSave
08:19:33.281 SCRIPT       : SCR_LatestSaveDSSessionCallback: LocalSave: .LatestSave
08:20:35.212 SCRIPT       : SCR_LatestSaveDSSessionCallback: LocalSave: .LatestSave
08:21:37.122 SCRIPT       : SCR_LatestSaveDSSessionCallback: LocalSave: .LatestSave
08:22:38.884 SCRIPT       : SCR_LatestSaveDSSessionCallback: LocalSave: .LatestSave
08:23:40.721 SCRIPT       : SCR_LatestSaveDSSessionCallback: LocalSave: .LatestSave
08:24:42.689 SCRIPT       : SCR_LatestSaveDSSessionCallback: LocalSave: .LatestSave
08:25:44.676 SCRIPT       : SCR_LatestSaveDSSessionCallback: LocalSave: .LatestSave
08:26:46.323 SCRIPT       : SCR_LatestSaveDSSessionCallback: LocalSave: .LatestSave
08:27:48.300 SCRIPT       : SCR_LatestSaveDSSessionCallback: LocalSave: .LatestSave
08:28:50.159 SCRIPT       : SCR_LatestSaveDSSessionCallback: LocalSave: .LatestSave
08:29:51.912 SCRIPT       : SCR_LatestSaveDSSessionCallback: LocalSave: .LatestSave
08:30:53.492 SCRIPT       : SCR_LatestSaveDSSessionCallback: LocalSave: .LatestSave
08:31:55.324 SCRIPT       : SCR_LatestSaveDSSessionCallback: LocalSave: .LatestSave
08:32:57.002 SCRIPT       : SCR_LatestSaveDSSessionCallback: LocalSave: .LatestSave
08:33:58.981 SCRIPT       : SCR_LatestSaveDSSessionCallback: LocalSave: .LatestSave
08:35:01.079 SCRIPT       : SCR_LatestSaveDSSessionCallback: LocalSave: .LatestSave
08:36:02.827 SCRIPT       : SCR_LatestSaveDSSessionCallback: LocalSave: .LatestSave
08:37:04.908 SCRIPT       : SCR_LatestSaveDSSessionCallback: LocalSave: .LatestSave
08:38:06.927 SCRIPT       : SCR_LatestSaveDSSessionCallback: LocalSave: .LatestSave
08:39:09.140 SCRIPT       : SCR_LatestSaveDSSessionCallback: LocalSave: .LatestSave
08:40:11.147 SCRIPT       : SCR_LatestSaveDSSessionCallback: LocalSave: .LatestSave
08:41:12.579 SCRIPT       : SCR_LatestSaveDSSessionCallback: LocalSave: .LatestSave
08:42:14.610 SCRIPT       : SCR_LatestSaveDSSessionCallback: LocalSave: .LatestSave
08:43:16.694 SCRIPT       : SCR_LatestSaveDSSessionCallback: LocalSave: .LatestSave
08:44:18.589 SCRIPT       : SCR_LatestSaveDSSessionCallback: LocalSave: .LatestSave
08:45:20.379 SCRIPT       : SCR_LatestSaveDSSessionCallback: LocalSave: .LatestSave
08:46:22.346 SCRIPT       : SCR_LatestSaveDSSessionCallback: LocalSave: .LatestSave
08:47:23.983 SCRIPT       : SCR_LatestSaveDSSessionCallback: LocalSave: .LatestSave
08:48:25.945 SCRIPT       : SCR_LatestSaveDSSessionCallback: LocalSave: .LatestSave
08:49:27.937 SCRIPT       : SCR_LatestSaveDSSessionCallback: LocalSave: .LatestSave
08:50:29.692 SCRIPT       : SCR_LatestSaveDSSessionCallback: LocalSave: .LatestSave
08:51:31.552 SCRIPT       : SCR_LatestSaveDSSessionCallback: LocalSave: .LatestSave
08:52:33.386 SCRIPT       : SCR_LatestSaveDSSessionCallback: LocalSave: .LatestSave
08:53:35.384 SCRIPT       : SCR_LatestSaveDSSessionCallback: LocalSave: .LatestSave
08:54:37.359 SCRIPT       : SCR_LatestSaveDSSessionCallback: LocalSave: .LatestSave
08:55:39.311 SCRIPT       : SCR_LatestSaveDSSessionCallback: LocalSave: .LatestSave
08:56:41.343 SCRIPT       : SCR_LatestSaveDSSessionCallback: LocalSave: .LatestSave
08:57:43.451 SCRIPT       : SCR_LatestSaveDSSessionCallback: LocalSave: .LatestSave
08:58:45.370 SCRIPT       : SCR_LatestSaveDSSessionCallback: LocalSave: .LatestSave
08:59:47.352 SCRIPT       : SCR_LatestSaveDSSessionCallback: LocalSave: .LatestSave
09:00:49.375 SCRIPT       : SCR_LatestSaveDSSessionCallback: LocalSave: .LatestSave
09:01:51.332 SCRIPT       : SCR_LatestSaveDSSessionCallback: LocalSave: .LatestSave
09:02:53.336 SCRIPT       : SCR_LatestSaveDSSessionCallback: LocalSave: .LatestSave
09:03:55.263 SCRIPT       : SCR_LatestSaveDSSessionCallback: LocalSave: .LatestSave
09:04:57.142 SCRIPT       : SCR_LatestSaveDSSessionCallback: LocalSave: .LatestSave
09:05:58.929 SCRIPT       : SCR_LatestSaveDSSessionCallback: LocalSave: .LatestSave
09:07:00.712 SCRIPT       : SCR_LatestSaveDSSessionCallback: LocalSave: .LatestSave
09:08:02.598 SCRIPT       : SCR_LatestSaveDSSessionCallback: LocalSave: .LatestSave
09:09:04.520 SCRIPT       : SCR_LatestSaveDSSessionCallback: LocalSave: .LatestSave
09:10:06.414 SCRIPT       : SCR_LatestSaveDSSessionCallback: LocalSave: .LatestSave
09:11:08.294 SCRIPT       : SCR_LatestSaveDSSessionCallback: LocalSave: .LatestSave
09:12:10.177 SCRIPT       : SCR_LatestSaveDSSessionCallback: LocalSave: .LatestSave
09:13:12.220 SCRIPT       : SCR_LatestSaveDSSessionCallback: LocalSave: .LatestSave
09:14:14.217 SCRIPT       : SCR_LatestSaveDSSessionCallback: LocalSave: .LatestSave
09:15:16.031 SCRIPT       : SCR_LatestSaveDSSessionCallback: LocalSave: .LatestSave
09:16:17.981 SCRIPT       : SCR_LatestSaveDSSessionCallback: LocalSave: .LatestSave
09:17:19.978 SCRIPT       : SCR_LatestSaveDSSessionCallback: LocalSave: .LatestSave
09:18:21.896 SCRIPT       : SCR_LatestSaveDSSessionCallback: LocalSave: .LatestSave
09:19:23.951 SCRIPT       : SCR_LatestSaveDSSessionCallback: LocalSave: .LatestSave
09:20:25.924 SCRIPT       : SCR_LatestSaveDSSessionCallback: LocalSave: .LatestSave
09:21:28.016 SCRIPT       : SCR_LatestSaveDSSessionCallback: LocalSave: .LatestSave
09:22:30.123 SCRIPT       : SCR_LatestSaveDSSessionCallback: LocalSave: .LatestSave
09:23:32.285 SCRIPT       : SCR_LatestSaveDSSessionCallback: LocalSave: .LatestSave
09:24:34.473 SCRIPT       : SCR_LatestSaveDSSessionCallback: LocalSave: .LatestSave
09:25:36.522 SCRIPT       : SCR_LatestSaveDSSessionCallback: LocalSave: .LatestSave
09:26:38.669 SCRIPT       : SCR_LatestSaveDSSessionCallback: LocalSave: .LatestSave
09:27:40.865 SCRIPT       : SCR_LatestSaveDSSessionCallback: LocalSave: .LatestSave
09:28:42.825 SCRIPT       : SCR_LatestSaveDSSessionCallback: LocalSave: .LatestSave
09:29:45.020 SCRIPT       : SCR_LatestSaveDSSessionCallback: LocalSave: .LatestSave
09:30:47.055 SCRIPT       : SCR_LatestSaveDSSessionCallback: LocalSave: .LatestSave
09:31:49.174 SCRIPT       : SCR_LatestSaveDSSessionCallback: LocalSave: .LatestSave
09:32:51.264 SCRIPT       : SCR_LatestSaveDSSessionCallback: LocalSave: .LatestSave
09:33:53.287 SCRIPT       : SCR_LatestSaveDSSessionCallback: LocalSave: .LatestSave
09:34:55.383 SCRIPT       : SCR_LatestSaveDSSessionCallback: LocalSave: .LatestSave
09:35:57.423 SCRIPT       : SCR_LatestSaveDSSessionCallback: LocalSave: .LatestSave
09:36:59.542 SCRIPT       : SCR_LatestSaveDSSessionCallback: LocalSave: .LatestSave
09:38:01.479 SCRIPT       : SCR_LatestSaveDSSessionCallback: LocalSave: .LatestSave
09:39:03.395 SCRIPT       : SCR_LatestSaveDSSessionCallback: LocalSave: .LatestSave
09:40:05.277 SCRIPT       : SCR_LatestSaveDSSessionCallback: LocalSave: .LatestSave
09:41:07.253 SCRIPT       : SCR_LatestSaveDSSessionCallback: LocalSave: .LatestSave
09:42:09.283 SCRIPT       : SCR_LatestSaveDSSessionCallback: LocalSave: .LatestSave
09:43:11.146 SCRIPT       : SCR_LatestSaveDSSessionCallback: LocalSave: .LatestSave
09:44:13.314 SCRIPT       : SCR_LatestSaveDSSessionCallback: LocalSave: .LatestSave
09:45:14.888 SCRIPT       : SCR_LatestSaveDSSessionCallback: LocalSave: .LatestSave
09:46:16.857 SCRIPT       : SCR_LatestSaveDSSessionCallback: LocalSave: .LatestSave
09:47:18.908 SCRIPT       : SCR_LatestSaveDSSessionCallback: LocalSave: .LatestSave
09:48:20.918 SCRIPT       : SCR_LatestSaveDSSessionCallback: LocalSave: .LatestSave
09:49:22.953 SCRIPT       : SCR_LatestSaveDSSessionCallback: LocalSave: .LatestSave
09:50:24.845 SCRIPT       : SCR_LatestSaveDSSessionCallback: LocalSave: .LatestSave
09:51:26.863 SCRIPT       : SCR_LatestSaveDSSessionCallback: LocalSave: .LatestSave
09:52:28.924 SCRIPT       : SCR_LatestSaveDSSessionCallback: LocalSave: .LatestSave
09:53:30.934 SCRIPT       : SCR_LatestSaveDSSessionCallback: LocalSave: .LatestSave
09:54:32.922 SCRIPT       : SCR_LatestSaveDSSessionCallback: LocalSave: .LatestSave
09:55:34.999 SCRIPT       : SCR_LatestSaveDSSessionCallback: LocalSave: .LatestSave
09:56:37.176 SCRIPT       : SCR_LatestSaveDSSessionCallback: LocalSave: .LatestSave
09:57:39.278 SCRIPT       : SCR_LatestSaveDSSessionCallback: LocalSave: .LatestSave
09:58:41.365 SCRIPT       : SCR_LatestSaveDSSessionCallback: LocalSave: .LatestSave
09:59:43.525 SCRIPT       : SCR_LatestSaveDSSessionCallback: LocalSave: .LatestSave
10:00:45.689 SCRIPT       : SCR_LatestSaveDSSessionCallback: LocalSave: .LatestSave
10:01:47.748 SCRIPT       : SCR_LatestSaveDSSessionCallback: LocalSave: .LatestSave
10:02:49.759 SCRIPT       : SCR_LatestSaveDSSessionCallback: LocalSave: .LatestSave
10:03:51.812 SCRIPT       : SCR_LatestSaveDSSessionCallback: LocalSave: .LatestSave
10:04:53.950 SCRIPT       : SCR_LatestSaveDSSessionCallback: LocalSave: .LatestSave
10:05:56.052 SCRIPT       : SCR_LatestSaveDSSessionCallback: LocalSave: .LatestSave
10:06:58.093 SCRIPT       : SCR_LatestSaveDSSessionCallback: LocalSave: .LatestSave
10:08:00.191 SCRIPT       : SCR_LatestSaveDSSessionCallback: LocalSave: .LatestSave
10:09:02.173 SCRIPT       : SCR_LatestSaveDSSessionCallback: LocalSave: .LatestSave
10:10:04.211 SCRIPT       : SCR_LatestSaveDSSessionCallback: LocalSave: .LatestSave
10:11:06.257 SCRIPT       : SCR_LatestSaveDSSessionCallback: LocalSave: .LatestSave
10:12:08.299 SCRIPT       : SCR_LatestSaveDSSessionCallback: LocalSave: .LatestSave
10:13:10.318 SCRIPT       : SCR_LatestSaveDSSessionCallback: LocalSave: .LatestSave
10:14:12.257 SCRIPT       : SCR_LatestSaveDSSessionCallback: LocalSave: .LatestSave
10:15:14.281 SCRIPT       : SCR_LatestSaveDSSessionCallback: LocalSave: .LatestSave
10:16:16.309 SCRIPT       : SCR_LatestSaveDSSessionCallback: LocalSave: .LatestSave
10:17:18.341 SCRIPT       : SCR_LatestSaveDSSessionCallback: LocalSave: .LatestSave
10:18:20.329 SCRIPT       : SCR_LatestSaveDSSessionCallback: LocalSave: .LatestSave
10:19:22.443 SCRIPT       : SCR_LatestSaveDSSessionCallback: LocalSave: .LatestSave
10:20:24.540 SCRIPT       : SCR_LatestSaveDSSessionCallback: LocalSave: .LatestSave
10:21:26.719 SCRIPT       : SCR_LatestSaveDSSessionCallback: LocalSave: .LatestSave
10:22:28.812 SCRIPT       : SCR_LatestSaveDSSessionCallback: LocalSave: .LatestSave
10:23:30.850 SCRIPT       : SCR_LatestSaveDSSessionCallback: LocalSave: .LatestSave
10:24:32.880 SCRIPT       : SCR_LatestSaveDSSessionCallback: LocalSave: .LatestSave
10:25:35.030 SCRIPT       : SCR_LatestSaveDSSessionCallback: LocalSave: .LatestSave
10:26:37.160 SCRIPT       : SCR_LatestSaveDSSessionCallback: LocalSave: .LatestSave
10:27:39.299 SCRIPT       : SCR_LatestSaveDSSessionCallback: LocalSave: .LatestSave
10:28:41.389 SCRIPT       : SCR_LatestSaveDSSessionCallback: LocalSave: .LatestSave
10:29:43.535 SCRIPT       : SCR_LatestSaveDSSessionCallback: LocalSave: .LatestSave
10:30:45.399 SCRIPT       : SCR_LatestSaveDSSessionCallback: LocalSave: .LatestSave
10:31:47.547 SCRIPT       : SCR_LatestSaveDSSessionCallback: LocalSave: .LatestSave
10:32:49.687 SCRIPT       : SCR_LatestSaveDSSessionCallback: LocalSave: .LatestSave
10:33:51.767 SCRIPT       : SCR_LatestSaveDSSessionCallback: LocalSave: .LatestSave
10:34:53.741 SCRIPT       : SCR_LatestSaveDSSessionCallback: LocalSave: .LatestSave
10:35:55.780 SCRIPT       : SCR_LatestSaveDSSessionCallback: LocalSave: .LatestSave
10:36:57.885 SCRIPT       : SCR_LatestSaveDSSessionCallback: LocalSave: .LatestSave
10:38:00.066 SCRIPT       : SCR_LatestSaveDSSessionCallback: LocalSave: .LatestSave
10:39:02.482 SCRIPT       : SCR_LatestSaveDSSessionCallback: LocalSave: .LatestSave
10:40:04.153 SCRIPT       : SCR_LatestSaveDSSessionCallback: LocalSave: .LatestSave
10:41:06.189 SCRIPT       : SCR_LatestSaveDSSessionCallback: LocalSave: .LatestSave
10:42:08.312 SCRIPT       : SCR_LatestSaveDSSessionCallback: LocalSave: .LatestSave
10:43:10.407 SCRIPT       : SCR_LatestSaveDSSessionCallback: LocalSave: .LatestSave
10:44:12.501 SCRIPT       : SCR_LatestSaveDSSessionCallback: LocalSave: .LatestSave
10:45:14.563 SCRIPT       : SCR_LatestSaveDSSessionCallback: LocalSave: .LatestSave
10:46:16.696 SCRIPT       : SCR_LatestSaveDSSessionCallback: LocalSave: .LatestSave
10:47:18.843 SCRIPT       : SCR_LatestSaveDSSessionCallback: LocalSave: .LatestSave
10:48:20.924 SCRIPT       : SCR_LatestSaveDSSessionCallback: LocalSave: .LatestSave
10:49:23.125 SCRIPT       : SCR_LatestSaveDSSessionCallback: LocalSave: .LatestSave
10:50:25.106 SCRIPT       : SCR_LatestSaveDSSessionCallback: LocalSave: .LatestSave
10:51:27.166 SCRIPT       : SCR_LatestSaveDSSessionCallback: LocalSave: .LatestSave
10:52:29.267 SCRIPT       : SCR_LatestSaveDSSessionCallback: LocalSave: .LatestSave
10:53:31.395 SCRIPT       : SCR_LatestSaveDSSessionCallback: LocalSave: .LatestSave
10:54:33.823 SCRIPT       : SCR_LatestSaveDSSessionCallback: LocalSave: .LatestSave
10:55:35.524 SCRIPT       : SCR_LatestSaveDSSessionCallback: LocalSave: .LatestSave
10:56:37.448 SCRIPT       : SCR_LatestSaveDSSessionCallback: LocalSave: .LatestSave
10:57:39.651 SCRIPT       : SCR_LatestSaveDSSessionCallback: LocalSave: .LatestSave
10:58:41.814 SCRIPT       : SCR_LatestSaveDSSessionCallback: LocalSave: .LatestSave
10:59:44.014 SCRIPT       : SCR_LatestSaveDSSessionCallback: LocalSave: .LatestSave
11:00:45.971 SCRIPT       : SCR_LatestSaveDSSessionCallback: LocalSave: .LatestSave
11:01:48.034 SCRIPT       : SCR_LatestSaveDSSessionCallback: LocalSave: .LatestSave
11:02:50.090 SCRIPT       : SCR_LatestSaveDSSessionCallback: LocalSave: .LatestSave
11:03:52.217 SCRIPT       : SCR_LatestSaveDSSessionCallback: LocalSave: .LatestSave
11:04:54.287 SCRIPT       : SCR_LatestSaveDSSessionCallback: LocalSave: .LatestSave
11:05:56.382 SCRIPT       : SCR_LatestSaveDSSessionCallback: LocalSave: .LatestSave
11:06:58.582 SCRIPT       : SCR_LatestSaveDSSessionCallback: LocalSave: .LatestSave
11:08:00.678 SCRIPT       : SCR_LatestSaveDSSessionCallback: LocalSave: .LatestSave
11:09:02.632 SCRIPT       : SCR_LatestSaveDSSessionCallback: LocalSave: .LatestSave
11:10:04.644 SCRIPT       : SCR_LatestSaveDSSessionCallback: LocalSave: .LatestSave
11:11:06.833 SCRIPT       : SCR_LatestSaveDSSessionCallback: LocalSave: .LatestSave
11:12:08.949 SCRIPT       : SCR_LatestSaveDSSessionCallback: LocalSave: .LatestSave
11:13:11.152 SCRIPT       : SCR_LatestSaveDSSessionCallback: LocalSave: .LatestSave
11:14:13.345 SCRIPT       : SCR_LatestSaveDSSessionCallback: LocalSave: .LatestSave
11:15:15.477 SCRIPT       : SCR_LatestSaveDSSessionCallback: LocalSave: .LatestSave
11:16:17.452 SCRIPT       : SCR_LatestSaveDSSessionCallback: LocalSave: .LatestSave
11:17:19.581 SCRIPT       : SCR_LatestSaveDSSessionCallback: LocalSave: .LatestSave
11:18:21.630 SCRIPT       : SCR_LatestSaveDSSessionCallback: LocalSave: .LatestSave
11:19:23.557 SCRIPT       : SCR_LatestSaveDSSessionCallback: LocalSave: .LatestSave
11:20:25.527 SCRIPT       : SCR_LatestSaveDSSessionCallback: LocalSave: .LatestSave
11:21:27.476 SCRIPT       : SCR_LatestSaveDSSessionCallback: LocalSave: .LatestSave
11:22:29.370 SCRIPT       : SCR_LatestSaveDSSessionCallback: LocalSave: .LatestSave
11:23:31.289 SCRIPT       : SCR_LatestSaveDSSessionCallback: LocalSave: .LatestSave
11:24:33.220 SCRIPT       : SCR_LatestSaveDSSessionCallback: LocalSave: .LatestSave
11:25:35.253 SCRIPT       : SCR_LatestSaveDSSessionCallback: LocalSave: .LatestSave
11:26:37.347 SCRIPT       : SCR_LatestSaveDSSessionCallback: LocalSave: .LatestSave
11:27:39.366 SCRIPT       : SCR_LatestSaveDSSessionCallback: LocalSave: .LatestSave
11:28:41.394 SCRIPT       : SCR_LatestSaveDSSessionCallback: LocalSave: .LatestSave
11:29:43.292 SCRIPT       : SCR_LatestSaveDSSessionCallback: LocalSave: .LatestSave
11:30:45.139 SCRIPT       : SCR_LatestSaveDSSessionCallback: LocalSave: .LatestSave
11:31:47.211 SCRIPT       : SCR_LatestSaveDSSessionCallback: LocalSave: .LatestSave
11:32:49.118 SCRIPT       : SCR_LatestSaveDSSessionCallback: LocalSave: .LatestSave
11:33:51.047 SCRIPT       : SCR_LatestSaveDSSessionCallback: LocalSave: .LatestSave
11:34:53.067 SCRIPT       : SCR_LatestSaveDSSessionCallback: LocalSave: .LatestSave
11:35:55.129 SCRIPT       : SCR_LatestSaveDSSessionCallback: LocalSave: .LatestSave
11:36:57.139 SCRIPT       : SCR_LatestSaveDSSessionCallback: LocalSave: .LatestSave
11:37:59.088 SCRIPT       : SCR_LatestSaveDSSessionCallback: LocalSave: .LatestSave
11:39:01.038 SCRIPT       : SCR_LatestSaveDSSessionCallback: LocalSave: .LatestSave
11:40:03.002 SCRIPT       : SCR_LatestSaveDSSessionCallback: LocalSave: .LatestSave
11:41:05.032 SCRIPT       : SCR_LatestSaveDSSessionCallback: LocalSave: .LatestSave
11:42:07.201 SCRIPT       : SCR_LatestSaveDSSessionCallback: LocalSave: .LatestSave
11:43:09.270 SCRIPT       : SCR_LatestSaveDSSessionCallback: LocalSave: .LatestSave
11:44:11.351 SCRIPT       : SCR_LatestSaveDSSessionCallback: LocalSave: .LatestSave
11:45:13.439 SCRIPT       : SCR_LatestSaveDSSessionCallback: LocalSave: .LatestSave
11:46:15.504 SCRIPT       : SCR_LatestSaveDSSessionCallback: LocalSave: .LatestSave
11:47:17.548 SCRIPT       : SCR_LatestSaveDSSessionCallback: LocalSave: .LatestSave
11:48:19.624 SCRIPT       : SCR_LatestSaveDSSessionCallback: LocalSave: .LatestSave
11:49:21.661 SCRIPT       : SCR_LatestSaveDSSessionCallback: LocalSave: .LatestSave
11:50:23.758 SCRIPT       : SCR_LatestSaveDSSessionCallback: LocalSave: .LatestSave
11:51:26.014 SCRIPT       : SCR_LatestSaveDSSessionCallback: LocalSave: .LatestSave
11:52:28.135 SCRIPT       : SCR_LatestSaveDSSessionCallback: LocalSave: .LatestSave
11:53:30.414 SCRIPT       : SCR_LatestSaveDSSessionCallback: LocalSave: .LatestSave
11:54:33.493 SCRIPT       : SCR_LatestSaveDSSessionCallback: LocalSave: .LatestSave
11:55:35.226 SCRIPT       : SCR_LatestSaveDSSessionCallback: LocalSave: .LatestSave
11:56:37.318 SCRIPT       : SCR_LatestSaveDSSessionCallback: LocalSave: .LatestSave
11:57:39.475 SCRIPT       : SCR_LatestSaveDSSessionCallback: LocalSave: .LatestSave
11:58:41.455 SCRIPT       : SCR_LatestSaveDSSessionCallback: LocalSave: .LatestSave
11:59:43.336 SCRIPT       : SCR_LatestSaveDSSessionCallback: LocalSave: .LatestSave
12:00:45.282 SCRIPT       : SCR_LatestSaveDSSessionCallback: LocalSave: .LatestSave
12:01:47.385 SCRIPT       : SCR_LatestSaveDSSessionCallback: LocalSave: .LatestSave
12:02:49.405 SCRIPT       : SCR_LatestSaveDSSessionCallback: LocalSave: .LatestSave
12:03:51.384 SCRIPT       : SCR_LatestSaveDSSessionCallback: LocalSave: .LatestSave
12:04:53.490 SCRIPT       : SCR_LatestSaveDSSessionCallback: LocalSave: .LatestSave
12:05:55.316 SCRIPT       : SCR_LatestSaveDSSessionCallback: LocalSave: .LatestSave
12:06:57.224 SCRIPT       : SCR_LatestSaveDSSessionCallback: LocalSave: .LatestSave
12:07:59.251 SCRIPT       : SCR_LatestSaveDSSessionCallback: LocalSave: .LatestSave
12:09:01.427 SCRIPT       : SCR_LatestSaveDSSessionCallback: LocalSave: .LatestSave
12:10:03.434 SCRIPT       : SCR_LatestSaveDSSessionCallback: LocalSave: .LatestSave
12:11:05.220 SCRIPT       : SCR_LatestSaveDSSessionCallback: LocalSave: .LatestSave
12:12:07.174 SCRIPT       : SCR_LatestSaveDSSessionCallback: LocalSave: .LatestSave
12:13:09.086 SCRIPT       : SCR_LatestSaveDSSessionCallback: LocalSave: .LatestSave
12:14:10.881 SCRIPT       : SCR_LatestSaveDSSessionCallback: LocalSave: .LatestSave
12:15:12.827 SCRIPT       : SCR_LatestSaveDSSessionCallback: LocalSave: .LatestSave
12:16:14.655 SCRIPT       : SCR_LatestSaveDSSessionCallback: LocalSave: .LatestSave
12:17:16.661 SCRIPT       : SCR_LatestSaveDSSessionCallback: LocalSave: .LatestSave
12:18:18.693 SCRIPT       : SCR_LatestSaveDSSessionCallback: LocalSave: .LatestSave
12:19:20.611 SCRIPT       : SCR_LatestSaveDSSessionCallback: LocalSave: .LatestSave
12:20:22.530 SCRIPT       : SCR_LatestSaveDSSessionCallback: LocalSave: .LatestSave
12:21:24.467 SCRIPT       : SCR_LatestSaveDSSessionCallback: LocalSave: .LatestSave
12:22:26.479 SCRIPT       : SCR_LatestSaveDSSessionCallback: LocalSave: .LatestSave
12:23:28.430 SCRIPT       : SCR_LatestSaveDSSessionCallback: LocalSave: .LatestSave
12:24:30.420 SCRIPT       : SCR_LatestSaveDSSessionCallback: LocalSave: .LatestSave
12:25:32.324 SCRIPT       : SCR_LatestSaveDSSessionCallback: LocalSave: .LatestSave
12:26:34.356 SCRIPT       : SCR_LatestSaveDSSessionCallback: LocalSave: .LatestSave
12:27:36.446 SCRIPT       : SCR_LatestSaveDSSessionCallback: LocalSave: .LatestSave
12:28:38.369 SCRIPT       : SCR_LatestSaveDSSessionCallback: LocalSave: .LatestSave
12:29:40.365 SCRIPT       : SCR_LatestSaveDSSessionCallback: LocalSave: .LatestSave
12:30:42.197 SCRIPT       : SCR_LatestSaveDSSessionCallback: LocalSave: .LatestSave
12:31:44.197 SCRIPT       : SCR_LatestSaveDSSessionCallback: LocalSave: .LatestSave
12:32:46.124 SCRIPT       : SCR_LatestSaveDSSessionCallback: LocalSave: .LatestSave
12:33:48.171 SCRIPT       : SCR_LatestSaveDSSessionCallback: LocalSave: .LatestSave
12:34:50.201 SCRIPT       : SCR_LatestSaveDSSessionCallback: LocalSave: .LatestSave
12:35:52.134 SCRIPT       : SCR_LatestSaveDSSessionCallback: LocalSave: .LatestSave
12:36:54.051 SCRIPT       : SCR_LatestSaveDSSessionCallback: LocalSave: .LatestSave
12:37:56.012 SCRIPT       : SCR_LatestSaveDSSessionCallback: LocalSave: .LatestSave
12:38:57.985 SCRIPT       : SCR_LatestSaveDSSessionCallback: LocalSave: .LatestSave
12:40:00.024 SCRIPT       : SCR_LatestSaveDSSessionCallback: LocalSave: .LatestSave
12:41:02.095 SCRIPT       : SCR_LatestSaveDSSessionCallback: LocalSave: .LatestSave
12:42:04.145 SCRIPT       : SCR_LatestSaveDSSessionCallback: LocalSave: .LatestSave
12:43:06.181 SCRIPT       : SCR_LatestSaveDSSessionCallback: LocalSave: .LatestSave
12:44:08.317 SCRIPT       : SCR_LatestSaveDSSessionCallback: LocalSave: .LatestSave
12:45:10.438 SCRIPT       : SCR_LatestSaveDSSessionCallback: LocalSave: .LatestSave
12:46:12.532 SCRIPT       : SCR_LatestSaveDSSessionCallback: LocalSave: .LatestSave
12:47:14.681 SCRIPT       : SCR_LatestSaveDSSessionCallback: LocalSave: .LatestSave
12:48:16.918 SCRIPT       : SCR_LatestSaveDSSessionCallback: LocalSave: .LatestSave
12:49:19.018 SCRIPT       : SCR_LatestSaveDSSessionCallback: LocalSave: .LatestSave
12:50:21.015 SCRIPT       : SCR_LatestSaveDSSessionCallback: LocalSave: .LatestSave
12:51:23.207 SCRIPT       : SCR_LatestSaveDSSessionCallback: LocalSave: .LatestSave
12:52:25.293 SCRIPT       : SCR_LatestSaveDSSessionCallback: LocalSave: .LatestSave
12:53:27.356 SCRIPT       : SCR_LatestSaveDSSessionCallback: LocalSave: .LatestSave
12:54:29.438 SCRIPT       : SCR_LatestSaveDSSessionCallback: LocalSave: .LatestSave
12:55:31.428 SCRIPT       : SCR_LatestSaveDSSessionCallback: LocalSave: .LatestSave
12:56:33.593 SCRIPT       : SCR_LatestSaveDSSessionCallback: LocalSave: .LatestSave
12:57:35.698 SCRIPT       : SCR_LatestSaveDSSessionCallback: LocalSave: .LatestSave
12:58:37.719 SCRIPT       : SCR_LatestSaveDSSessionCallback: LocalSave: .LatestSave
12:59:39.793 SCRIPT       : SCR_LatestSaveDSSessionCallback: LocalSave: .LatestSave
13:00:41.828 SCRIPT       : SCR_LatestSaveDSSessionCallback: LocalSave: .LatestSave
13:01:44.029 SCRIPT       : SCR_LatestSaveDSSessionCallback: LocalSave: .LatestSave
13:02:46.167 SCRIPT       : SCR_LatestSaveDSSessionCallback: LocalSave: .LatestSave
13:03:48.134 SCRIPT       : SCR_LatestSaveDSSessionCallback: LocalSave: .LatestSave
13:04:50.147 SCRIPT       : SCR_LatestSaveDSSessionCallback: LocalSave: .LatestSave
13:05:52.202 SCRIPT       : SCR_LatestSaveDSSessionCallback: LocalSave: .LatestSave
13:06:54.259 SCRIPT       : SCR_LatestSaveDSSessionCallback: LocalSave: .LatestSave
13:07:56.188 SCRIPT       : SCR_LatestSaveDSSessionCallback: LocalSave: .LatestSave
13:08:58.078 SCRIPT       : SCR_LatestSaveDSSessionCallback: LocalSave: .LatestSave
13:09:59.955 SCRIPT       : SCR_LatestSaveDSSessionCallback: LocalSave: .LatestSave
13:11:01.812 SCRIPT       : SCR_LatestSaveDSSessionCallback: LocalSave: .LatestSave
13:12:03.806 SCRIPT       : SCR_LatestSaveDSSessionCallback: LocalSave: .LatestSave
13:13:05.793 SCRIPT       : SCR_LatestSaveDSSessionCallback: LocalSave: .LatestSave
13:14:07.496 SCRIPT       : SCR_LatestSaveDSSessionCallback: LocalSave: .LatestSave
13:15:09.358 SCRIPT       : SCR_LatestSaveDSSessionCallback: LocalSave: .LatestSave
13:16:11.289 SCRIPT       : SCR_LatestSaveDSSessionCallback: LocalSave: .LatestSave
13:17:13.235 SCRIPT       : SCR_LatestSaveDSSessionCallback: LocalSave: .LatestSave
13:18:15.198 SCRIPT       : SCR_LatestSaveDSSessionCallback: LocalSave: .LatestSave
13:19:17.279 SCRIPT       : SCR_LatestSaveDSSessionCallback: LocalSave: .LatestSave
13:20:19.243 SCRIPT       : SCR_LatestSaveDSSessionCallback: LocalSave: .LatestSave
13:21:21.313 SCRIPT       : SCR_LatestSaveDSSessionCallback: LocalSave: .LatestSave
13:22:23.173 SCRIPT       : SCR_LatestSaveDSSessionCallback: LocalSave: .LatestSave
13:23:25.223 SCRIPT       : SCR_LatestSaveDSSessionCallback: LocalSave: .LatestSave
13:24:27.146 SCRIPT       : SCR_LatestSaveDSSessionCallback: LocalSave: .LatestSave
13:25:29.014 SCRIPT       : SCR_LatestSaveDSSessionCallback: LocalSave: .LatestSave
13:26:30.961 SCRIPT       : SCR_LatestSaveDSSessionCallback: LocalSave: .LatestSave
13:27:32.909 SCRIPT       : SCR_LatestSaveDSSessionCallback: LocalSave: .LatestSave
13:28:34.874 SCRIPT       : SCR_LatestSaveDSSessionCallback: LocalSave: .LatestSave
13:29:36.887 SCRIPT       : SCR_LatestSaveDSSessionCallback: LocalSave: .LatestSave
13:30:38.867 SCRIPT       : SCR_LatestSaveDSSessionCallback: LocalSave: .LatestSave
13:31:40.828 SCRIPT       : SCR_LatestSaveDSSessionCallback: LocalSave: .LatestSave
13:32:42.814 SCRIPT       : SCR_LatestSaveDSSessionCallback: LocalSave: .LatestSave
13:33:44.814 SCRIPT       : SCR_LatestSaveDSSessionCallback: LocalSave: .LatestSave
13:34:46.815 SCRIPT       : SCR_LatestSaveDSSessionCallback: LocalSave: .LatestSave
13:35:48.793 SCRIPT       : SCR_LatestSaveDSSessionCallback: LocalSave: .LatestSave
13:36:50.691 SCRIPT       : SCR_LatestSaveDSSessionCallback: LocalSave: .LatestSave
13:37:52.872 SCRIPT       : SCR_LatestSaveDSSessionCallback: LocalSave: .LatestSave
13:38:54.964 SCRIPT       : SCR_LatestSaveDSSessionCallback: LocalSave: .LatestSave
13:39:57.044 SCRIPT       : SCR_LatestSaveDSSessionCallback: LocalSave: .LatestSave
13:40:59.006 SCRIPT       : SCR_LatestSaveDSSessionCallback: LocalSave: .LatestSave
13:42:01.045 SCRIPT       : SCR_LatestSaveDSSessionCallback: LocalSave: .LatestSave
13:43:02.892 SCRIPT       : SCR_LatestSaveDSSessionCallback: LocalSave: .LatestSave
13:44:04.979 SCRIPT       : SCR_LatestSaveDSSessionCallback: LocalSave: .LatestSave
13:45:06.900 SCRIPT       : SCR_LatestSaveDSSessionCallback: LocalSave: .LatestSave
13:46:08.889 SCRIPT       : SCR_LatestSaveDSSessionCallback: LocalSave: .LatestSave
13:47:10.907 SCRIPT       : SCR_LatestSaveDSSessionCallback: LocalSave: .LatestSave
13:48:12.918 SCRIPT       : SCR_LatestSaveDSSessionCallback: LocalSave: .LatestSave
13:49:15.098 SCRIPT       : SCR_LatestSaveDSSessionCallback: LocalSave: .LatestSave
13:50:06.637     SCRIPT       : RHS_RadialMenu Initiated
13:50:17.004 SCRIPT       : SCR_LatestSaveDSSessionCallback: LocalSave: .LatestSave
13:51:18.518 SCRIPT       : SCR_LatestSaveDSSessionCallback: LocalSave: .LatestSave
13:52:20.552 SCRIPT       : SCR_LatestSaveDSSessionCallback: LocalSave: .LatestSave
13:53:22.532 SCRIPT       : SCR_LatestSaveDSSessionCallback: LocalSave: .LatestSave
13:54:24.480 SCRIPT       : SCR_LatestSaveDSSessionCallback: LocalSave: .LatestSave
13:55:26.579 SCRIPT       : SCR_LatestSaveDSSessionCallback: LocalSave: .LatestSave
13:56:28.641 SCRIPT       : SCR_LatestSaveDSSessionCallback: LocalSave: .LatestSave
13:57:30.613 SCRIPT       : SCR_LatestSaveDSSessionCallback: LocalSave: .LatestSave
13:58:32.489 SCRIPT       : SCR_LatestSaveDSSessionCallback: LocalSave: .LatestSave
13:59:34.341 SCRIPT       : SCR_LatestSaveDSSessionCallback: LocalSave: .LatestSave
