---------------------------------------------
Log /home/profile/logs/logs_2024-08-26_18-21-30/error.log started at 2024-08-26 18:21:31 (2024-08-26 18:21:31 UTC)

18:21:31.566 ENGINE       : GameProject load
18:21:31.566  INIT         : GameProject load project data @"./addons/data/ArmaReforger.gproj"
18:21:31.566   RESOURCES (E): Wrong GUID/name for resource @"{C014582791ECBF24}Language/localization.st" in property "StringTableSource"
18:21:37.941 BACKEND      : Loading dedicated server config.
18:21:37.941  RESOURCES    : GetResourceObject @"{C5EAD55037EB4751}Missions/RHS_CombatOps_MSV_Flora.conf"
18:21:37.941   RESOURCES (E): Failed to open
18:21:37.942  RESOURCES (E): MissionHeader::ReadMissionHeader cannot load the resource 'Missions/RHS_CombatOps_MSV_Flora.conf'!
18:21:38.078 PLATFORM     : InputManager user settings load from profile @"InputUserSettings.conf"
18:21:38.078  DEFAULT   (W): Loading input settings from legacy file, which will be soon unsupported
18:27:25.212 ENGINE       : GameProject load
18:27:25.212  INIT         : GameProject load project data @"./addons/data/ArmaReforger.gproj"
18:27:25.212   RESOURCES (E): Wrong GUID/name for resource @"{C014582791ECBF24}Language/localization.st" in property "StringTableSource"
18:27:25.213  INIT         : GameProject load project data @"/reforger/workshop/addons/RHS-StatusQuoDev_5CF4A61BE1D960C6/addon.gproj"
18:27:25.213   RESOURCES (E): Wrong GUID/name for resource @"{0AFDD005CD669892}Language/rhs_localization.st" in property "StringTableSource"
18:27:34.338 PLATFORM     : InputManager user settings load from profile @"InputUserSettings.conf"
18:27:34.338  DEFAULT   (W): Loading input settings from legacy file, which will be soon unsupported
18:27:38.383 WORLD        : Game::LoadEntities
18:27:38.383  WORLD        : CreateEntities
18:27:38.383   WORLD        : CreateEntities
18:27:38.383    WORLD        : NotifyBeforeEntitiesCreated
18:27:38.383     RESOURCES    : GetResourceObject '$RHSStatusQuoExperimental:Missions/RHS_Conflict.conf'
18:27:38.383      DEFAULT      : Config load '$RHSStatusQuoExperimental:Missions/RHS_Conflict.conf'
18:27:38.383       DEFAULT   (E): Unknown keyword/data 'm_iMaximumRespawnRadios' at offset 685(0x2ad)
18:27:38.384     RESOURCES    : GetResourceObject '$RHSStatusQuoExperimental:Missions/RHS_ConflictWithoutAIs.conf'
18:27:38.384      DEFAULT      : Config load '$RHSStatusQuoExperimental:Missions/RHS_ConflictWithoutAIs.conf'
18:27:38.384       RESOURCES    : GetResourceObject @"{AAD43C10045857C1}Missions/RHS_Conflict.conf"
18:27:38.384        DEFAULT      : Config load @"{AAD43C10045857C1}Missions/RHS_Conflict.conf"
18:27:38.384         DEFAULT   (E): Unknown keyword/data 'm_iMaximumRespawnRadios' at offset 685(0x2ad)
18:27:38.384       DEFAULT   (E): Unknown keyword/data 'm_iMaximumRespawnRadios' at offset 256(0x100)
18:27:38.384     RESOURCES    : GetResourceObject '$RHSStatusQuoExperimental:Missions/RHS_Conflict_Arland.conf'
18:27:38.384      DEFAULT      : Config load '$RHSStatusQuoExperimental:Missions/RHS_Conflict_Arland.conf'
18:27:38.384       DEFAULT   (E): Unknown keyword/data 'm_iMaximumRespawnRadios' at offset 766(0x2fe)
18:27:38.384     RESOURCES    : GetResourceObject '$RHSStatusQuoExperimental:Missions/RHS_Conflict_East.conf'
18:27:38.385      DEFAULT      : Config load '$RHSStatusQuoExperimental:Missions/RHS_Conflict_East.conf'
18:27:38.385       DEFAULT   (E): Unknown keyword/data 'm_iMaximumRespawnRadios' at offset 278(0x116)
18:27:38.386     RESOURCES    : GetResourceObject '$RHSStatusQuoExperimental:Missions/RHS_Conflict_West.conf'
18:27:38.386      DEFAULT      : Config load '$RHSStatusQuoExperimental:Missions/RHS_Conflict_West.conf'
18:27:38.386       DEFAULT   (E): Unknown keyword/data 'm_iMaximumRespawnRadios' at offset 276(0x114)
18:27:38.461    ENTITY       : Create entity @"ENTITY:1" ('world', GenericWorldEntity) at <0.000000 0.000000 0.000000> @"{08A95D735ECC517F}Prefabs/World/DefaultWorld/GenericWorld_Default.et"
18:27:38.461     RESOURCES (E):   Failed to decompress memory image data. Data is not DXT.
18:27:38.461     WORLD     (E): Shore map CPU data creation failed - decompression of DF near atlas texture failed.
18:27:38.462     WORLD     (E): Loading of shore map failed - creation of CPU data failed
18:27:38.462     WORLD     (E): Loading of shore map failed - post load checks failed
18:27:39.566    ENTITY       : Create entity @"ENTITY:8" ('GenericWorldPPEffect') at <0.000000 0.000000 0.000000> @"GodRays"
18:27:39.566     MATERIAL     : Material load @"{90C363AB5243A434}Common/Postprocess/Sun_GodRays.emat"
18:27:39.566      MATERIAL     : Material load @"{90C363AB5243A434}Common/Postprocess/Sun_GodRays.emat"
18:27:39.566       MATERIAL  (E): Unknown keyword/data 'HorizonDisableY' at offset 46(0x2e)
18:27:40.185    ENTITY       : Create entity @"ENTITY:14694" ('PreloadManager1', BasePreloadManager) at <0.005000 0.000000 0.047000> @"{104F8505FD1871EF}Prefabs/World/Game/PreloadManager.et"
18:27:40.186     ENTITY       : SpawnEntityPrefab @"{6058AB54781A0C52}Prefabs/Characters/Factions/BLUFOR/US_Army/Character_US_AMG.et"
18:27:40.186      ENTITY       : Create entity @"ENTITY:1" ('SCR_ChimeraCharacter','Assets/Characters/Basebody/Basebody_Male_01.xob') at <0.000000 0.000000 0.000000> @"{6058AB54781A0C52}Prefabs/Characters/Factions/BLUFOR/US_Army/Character_US_AMG.et"
18:27:40.186       ENTITY       : SpawnEntityPrefab @"{88BA5F3224A6C834}Prefabs/Characters/Thermal/CharacterBasebody_Thermal.et"
18:27:40.186        ENTITY       : Create entity @"ENTITY:9" ('GameEntity') at <0.000000 0.000000 0.000000>
18:27:40.186         RESOURCES (E): Can't remap 'Assets/Characters/Common/ThermalGuy/ThermalDude.xob' material from 'Basebody_01_Male_Arms' to 'Prefabs/Characters/Thermal/Thermal.emat'. Source material do not exist
18:27:40.186         RESOURCES (E): Can't remap 'Assets/Characters/Common/ThermalGuy/ThermalDude.xob' material from 'Basebody_01_Male_Arms_wound' to 'Prefabs/Characters/Thermal/Thermal.emat'. Source material do not exist
18:27:40.186         RESOURCES (E): Can't remap 'Assets/Characters/Common/ThermalGuy/ThermalDude.xob' material from 'Basebody_01_Male_Body' to 'Prefabs/Characters/Thermal/Thermal.emat'. Source material do not exist
18:27:40.186         RESOURCES (E): Can't remap 'Assets/Characters/Common/ThermalGuy/ThermalDude.xob' material from 'Basebody_01_Male_Body_wound' to 'Prefabs/Characters/Thermal/Thermal.emat'. Source material do not exist
18:27:40.395      WORLD        : InitEntities 'PreloadWorld'
18:27:40.395       ENTITY       : Init entity @"ENTITY:1" ('SCR_ChimeraCharacter','Assets/Characters/Basebody/Basebody_Male_01.xob') at <0.000000 0.000000 0.000000> @"{6058AB54781A0C52}Prefabs/Characters/Factions/BLUFOR/US_Army/Character_US_AMG.et"
18:27:40.396        INVENTORY (E): Couldn't insert item @"ENTITY:56" ('GenericEntity','Assets/Weapons/Magazines/STANAG/Magazine_30rnd_STANAG.xob') at <0.000000 0.000000 0.000000> @"{D8F2CA92583B23D3}Prefabs/Weapons/Magazines/Magazine_556x45_STANAG_30rnd_Last_5Tracer.et" into storage @"ENTITY:23" ('GenericEntity','Assets/Items/Equipment/Accessories/Pouch_ALICE_30rnd_STANAG/Pouch_ALICE_30rnd_STANAG.xob') at <-0.144399 1.162750 0.105744> @"{E3154E0EAC48D67B}Prefabs/Items/Equipment/Accessories/Pouch_ALICE_30rnd_STANAG/Pouch_ALICE_30rnd_STANAG.et" while spawning initial items inside the storage.
18:27:40.396        NETWORK   (W): Replication: RplComponent on entity @"ENTITY:56" ('GenericEntity','Assets/Weapons/Magazines/STANAG/Magazine_30rnd_STANAG.xob') at <0.000000 0.000000 0.000000> @"{D8F2CA92583B23D3}Prefabs/Weapons/Magazines/Magazine_556x45_STANAG_30rnd_Last_5Tracer.et" destroyed during loading of the world. This might cause issues with startup sync!
18:27:40.396        INVENTORY (E): Couldn't insert item @"ENTITY:57" ('GenericEntity','Assets/Weapons/Magazines/STANAG/Magazine_30rnd_STANAG.xob') at <0.000000 0.000000 0.000000> @"{D8F2CA92583B23D3}Prefabs/Weapons/Magazines/Magazine_556x45_STANAG_30rnd_Last_5Tracer.et" into storage @"ENTITY:23" ('GenericEntity','Assets/Items/Equipment/Accessories/Pouch_ALICE_30rnd_STANAG/Pouch_ALICE_30rnd_STANAG.xob') at <-0.144399 1.162750 0.105744> @"{E3154E0EAC48D67B}Prefabs/Items/Equipment/Accessories/Pouch_ALICE_30rnd_STANAG/Pouch_ALICE_30rnd_STANAG.et" while spawning initial items inside the storage.
18:27:40.396        NETWORK   (W): Replication: RplComponent on entity @"ENTITY:57" ('GenericEntity','Assets/Weapons/Magazines/STANAG/Magazine_30rnd_STANAG.xob') at <0.000000 0.000000 0.000000> @"{D8F2CA92583B23D3}Prefabs/Weapons/Magazines/Magazine_556x45_STANAG_30rnd_Last_5Tracer.et" destroyed during loading of the world. This might cause issues with startup sync!
18:27:40.396        INVENTORY (E): Couldn't insert item @"ENTITY:58" ('GenericEntity','Assets/Weapons/Magazines/STANAG/Magazine_30rnd_STANAG.xob') at <0.000000 0.000000 0.000000> @"{D8F2CA92583B23D3}Prefabs/Weapons/Magazines/Magazine_556x45_STANAG_30rnd_Last_5Tracer.et" into storage @"ENTITY:23" ('GenericEntity','Assets/Items/Equipment/Accessories/Pouch_ALICE_30rnd_STANAG/Pouch_ALICE_30rnd_STANAG.xob') at <-0.144399 1.162750 0.105744> @"{E3154E0EAC48D67B}Prefabs/Items/Equipment/Accessories/Pouch_ALICE_30rnd_STANAG/Pouch_ALICE_30rnd_STANAG.et" while spawning initial items inside the storage.
18:27:40.396        NETWORK   (W): Replication: RplComponent on entity @"ENTITY:58" ('GenericEntity','Assets/Weapons/Magazines/STANAG/Magazine_30rnd_STANAG.xob') at <0.000000 0.000000 0.000000> @"{D8F2CA92583B23D3}Prefabs/Weapons/Magazines/Magazine_556x45_STANAG_30rnd_Last_5Tracer.et" destroyed during loading of the world. This might cause issues with startup sync!
18:27:40.509     ENTITY       : SpawnEntityPrefab @"{5B1996C05B1E51A4}Prefabs/Characters/Factions/BLUFOR/US_Army/Character_US_AR.et"
18:27:40.509      WORLD        : InitEntities 'PreloadWorld'
18:27:40.509       ENTITY       : Init entity @"ENTITY:62" ('SCR_ChimeraCharacter','Assets/Characters/Basebody/Basebody_Male_01.xob') at <0.000000 0.000000 0.000000> @"{5B1996C05B1E51A4}Prefabs/Characters/Factions/BLUFOR/US_Army/Character_US_AR.et"
18:27:40.509        INVENTORY (E): Couldn't insert item @"ENTITY:105" ('GenericEntity','Assets/Weapons/Magazines/M249/Magazine_200rnd_M249_item.xob') at <0.000000 0.000000 0.000000> @"{06D722FC2666EB83}Prefabs/Weapons/Magazines/Box_556x45_M249_200rnd_4Ball_1Tracer.et" into storage @"ENTITY:80" ('GenericEntity','Assets/Items/Equipment/Accessories/Pouch_ALICE_200rnd_M249/Pouch_ALICE_200rnd_M249.xob') at <-0.160200 1.020957 0.135574> @"{4F018E3CF74D8636}Prefabs/Items/Equipment/Accessories/Pouch_ALICE_200rnd_M249/Pouch_ALICE_200rnd_M249.et" while spawning initial items inside the storage.
18:27:40.509        NETWORK   (W): Replication: RplComponent on entity @"ENTITY:105" ('GenericEntity','Assets/Weapons/Magazines/M249/Magazine_200rnd_M249_item.xob') at <0.000000 0.000000 0.000000> @"{06D722FC2666EB83}Prefabs/Weapons/Magazines/Box_556x45_M249_200rnd_4Ball_1Tracer.et" destroyed during loading of the world. This might cause issues with startup sync!
18:27:40.551     ENTITY       : SpawnEntityPrefab @"{84029128FA6F6BB9}Prefabs/Characters/Factions/BLUFOR/US_Army/Character_US_GL.et"
18:27:40.551      WORLD        : InitEntities 'PreloadWorld'
18:27:40.551       ENTITY       : Init entity @"ENTITY:107" ('SCR_ChimeraCharacter','Assets/Characters/Basebody/Basebody_Male_01.xob') at <0.000000 0.000000 0.000000> @"{84029128FA6F6BB9}Prefabs/Characters/Factions/BLUFOR/US_Army/Character_US_GL.et"
18:27:40.551        INVENTORY (E): Couldn't insert item @"ENTITY:156" ('GenericEntity','Assets/Weapons/Magazines/STANAG/Magazine_30rnd_STANAG.xob') at <0.000000 0.000000 0.000000> @"{D8F2CA92583B23D3}Prefabs/Weapons/Magazines/Magazine_556x45_STANAG_30rnd_Last_5Tracer.et" into storage @"ENTITY:127" ('GenericEntity','Assets/Items/Equipment/Accessories/Pouch_ALICE_30rnd_STANAG/Pouch_ALICE_30rnd_STANAG.xob') at <-0.104999 1.129537 0.050875> @"{0B0D67BC8F43A052}Prefabs/Items/Equipment/Accessories/Pouch_ALICE_30rnd_STANAG/Pouch_ALICE_30rnd_STANAG_base.et" while spawning initial items inside the storage.
18:27:40.551        NETWORK   (W): Replication: RplComponent on entity @"ENTITY:156" ('GenericEntity','Assets/Weapons/Magazines/STANAG/Magazine_30rnd_STANAG.xob') at <0.000000 0.000000 0.000000> @"{D8F2CA92583B23D3}Prefabs/Weapons/Magazines/Magazine_556x45_STANAG_30rnd_Last_5Tracer.et" destroyed during loading of the world. This might cause issues with startup sync!
18:27:40.551        INVENTORY (E): Couldn't insert item @"ENTITY:157" ('GenericEntity','Assets/Weapons/Magazines/STANAG/Magazine_30rnd_STANAG.xob') at <0.000000 0.000000 0.000000> @"{D8F2CA92583B23D3}Prefabs/Weapons/Magazines/Magazine_556x45_STANAG_30rnd_Last_5Tracer.et" into storage @"ENTITY:127" ('GenericEntity','Assets/Items/Equipment/Accessories/Pouch_ALICE_30rnd_STANAG/Pouch_ALICE_30rnd_STANAG.xob') at <-0.104999 1.129537 0.050875> @"{0B0D67BC8F43A052}Prefabs/Items/Equipment/Accessories/Pouch_ALICE_30rnd_STANAG/Pouch_ALICE_30rnd_STANAG_base.et" while spawning initial items inside the storage.
18:27:40.551        NETWORK   (W): Replication: RplComponent on entity @"ENTITY:157" ('GenericEntity','Assets/Weapons/Magazines/STANAG/Magazine_30rnd_STANAG.xob') at <0.000000 0.000000 0.000000> @"{D8F2CA92583B23D3}Prefabs/Weapons/Magazines/Magazine_556x45_STANAG_30rnd_Last_5Tracer.et" destroyed during loading of the world. This might cause issues with startup sync!
18:27:40.552        INVENTORY (E): Couldn't insert item @"ENTITY:158" ('GenericEntity','Assets/Weapons/Grenades/M67/Grenade_M67.xob') at <0.000000 0.000000 0.000000> @"{E8F00BF730225B00}Prefabs/Weapons/Grenades/Grenade_M67.et" into storage @"ENTITY:127" ('GenericEntity','Assets/Items/Equipment/Accessories/Pouch_ALICE_30rnd_STANAG/Pouch_ALICE_30rnd_STANAG.xob') at <-0.104999 1.129537 0.050875> @"{0B0D67BC8F43A052}Prefabs/Items/Equipment/Accessories/Pouch_ALICE_30rnd_STANAG/Pouch_ALICE_30rnd_STANAG_base.et" while spawning initial items inside the storage.
18:27:40.552        NETWORK   (W): Replication: RplComponent on entity @"ENTITY:158" ('GenericEntity','Assets/Weapons/Grenades/M67/Grenade_M67.xob') at <0.000000 0.000000 0.000000> @"{E8F00BF730225B00}Prefabs/Weapons/Grenades/Grenade_M67.et" destroyed during loading of the world. This might cause issues with startup sync!
18:27:40.552        INVENTORY (E): Couldn't insert item @"ENTITY:159" ('GenericEntity','Assets/Weapons/Grenades/M67/Grenade_M67.xob') at <0.000000 0.000000 0.000000> @"{E8F00BF730225B00}Prefabs/Weapons/Grenades/Grenade_M67.et" into storage @"ENTITY:127" ('GenericEntity','Assets/Items/Equipment/Accessories/Pouch_ALICE_30rnd_STANAG/Pouch_ALICE_30rnd_STANAG.xob') at <-0.104999 1.129537 0.050875> @"{0B0D67BC8F43A052}Prefabs/Items/Equipment/Accessories/Pouch_ALICE_30rnd_STANAG/Pouch_ALICE_30rnd_STANAG_base.et" while spawning initial items inside the storage.
18:27:40.552        NETWORK   (W): Replication: RplComponent on entity @"ENTITY:159" ('GenericEntity','Assets/Weapons/Grenades/M67/Grenade_M67.xob') at <0.000000 0.000000 0.000000> @"{E8F00BF730225B00}Prefabs/Weapons/Grenades/Grenade_M67.et" destroyed during loading of the world. This might cause issues with startup sync!
18:27:40.553        INVENTORY (E): Couldn't insert item @"ENTITY:160" ('GenericEntity','Assets/Weapons/Grenades/M67/Grenade_M67.xob') at <0.000000 0.000000 0.000000> @"{E8F00BF730225B00}Prefabs/Weapons/Grenades/Grenade_M67.et" into storage @"ENTITY:127" ('GenericEntity','Assets/Items/Equipment/Accessories/Pouch_ALICE_30rnd_STANAG/Pouch_ALICE_30rnd_STANAG.xob') at <-0.104999 1.129537 0.050875> @"{0B0D67BC8F43A052}Prefabs/Items/Equipment/Accessories/Pouch_ALICE_30rnd_STANAG/Pouch_ALICE_30rnd_STANAG_base.et" while spawning initial items inside the storage.
18:27:40.553        NETWORK   (W): Replication: RplComponent on entity @"ENTITY:160" ('GenericEntity','Assets/Weapons/Grenades/M67/Grenade_M67.xob') at <0.000000 0.000000 0.000000> @"{E8F00BF730225B00}Prefabs/Weapons/Grenades/Grenade_M67.et" destroyed during loading of the world. This might cause issues with startup sync!
18:27:40.610     ENTITY       : SpawnEntityPrefab @"{27BF1FF235DD6036}Prefabs/Characters/Factions/BLUFOR/US_Army/Character_US_LAT.et"
18:27:40.610      WORLD        : InitEntities 'PreloadWorld'
18:27:40.610       ENTITY       : Init entity @"ENTITY:181" ('SCR_ChimeraCharacter','Assets/Characters/Basebody/Basebody_Male_01.xob') at <0.000000 0.000000 0.000000> @"{27BF1FF235DD6036}Prefabs/Characters/Factions/BLUFOR/US_Army/Character_US_LAT.et"
18:27:40.610        INVENTORY (E): Couldn't insert item @"ENTITY:232" ('GenericEntity','Assets/Weapons/Magazines/STANAG/Magazine_30rnd_STANAG.xob') at <0.000000 0.000000 0.000000> @"{D8F2CA92583B23D3}Prefabs/Weapons/Magazines/Magazine_556x45_STANAG_30rnd_Last_5Tracer.et" into storage @"ENTITY:203" ('GenericEntity','Assets/Items/Equipment/Accessories/Pouch_ALICE_30rnd_STANAG/Pouch_ALICE_30rnd_STANAG.xob') at <-0.144399 1.162750 0.105744> @"{E3154E0EAC48D67B}Prefabs/Items/Equipment/Accessories/Pouch_ALICE_30rnd_STANAG/Pouch_ALICE_30rnd_STANAG.et" while spawning initial items inside the storage.
18:27:40.610        NETWORK   (W): Replication: RplComponent on entity @"ENTITY:232" ('GenericEntity','Assets/Weapons/Magazines/STANAG/Magazine_30rnd_STANAG.xob') at <0.000000 0.000000 0.000000> @"{D8F2CA92583B23D3}Prefabs/Weapons/Magazines/Magazine_556x45_STANAG_30rnd_Last_5Tracer.et" destroyed during loading of the world. This might cause issues with startup sync!
18:27:40.610        INVENTORY (E): Couldn't insert item @"ENTITY:233" ('GenericEntity','Assets/Weapons/Magazines/STANAG/Magazine_30rnd_STANAG.xob') at <0.000000 0.000000 0.000000> @"{D8F2CA92583B23D3}Prefabs/Weapons/Magazines/Magazine_556x45_STANAG_30rnd_Last_5Tracer.et" into storage @"ENTITY:203" ('GenericEntity','Assets/Items/Equipment/Accessories/Pouch_ALICE_30rnd_STANAG/Pouch_ALICE_30rnd_STANAG.xob') at <-0.144399 1.162750 0.105744> @"{E3154E0EAC48D67B}Prefabs/Items/Equipment/Accessories/Pouch_ALICE_30rnd_STANAG/Pouch_ALICE_30rnd_STANAG.et" while spawning initial items inside the storage.
18:27:40.611        NETWORK   (W): Replication: RplComponent on entity @"ENTITY:233" ('GenericEntity','Assets/Weapons/Magazines/STANAG/Magazine_30rnd_STANAG.xob') at <0.000000 0.000000 0.000000> @"{D8F2CA92583B23D3}Prefabs/Weapons/Magazines/Magazine_556x45_STANAG_30rnd_Last_5Tracer.et" destroyed during loading of the world. This might cause issues with startup sync!
18:27:40.611        INVENTORY (E): Couldn't insert item @"ENTITY:234" ('GenericEntity','Assets/Weapons/Magazines/STANAG/Magazine_30rnd_STANAG.xob') at <0.000000 0.000000 0.000000> @"{D8F2CA92583B23D3}Prefabs/Weapons/Magazines/Magazine_556x45_STANAG_30rnd_Last_5Tracer.et" into storage @"ENTITY:203" ('GenericEntity','Assets/Items/Equipment/Accessories/Pouch_ALICE_30rnd_STANAG/Pouch_ALICE_30rnd_STANAG.xob') at <-0.144399 1.162750 0.105744> @"{E3154E0EAC48D67B}Prefabs/Items/Equipment/Accessories/Pouch_ALICE_30rnd_STANAG/Pouch_ALICE_30rnd_STANAG.et" while spawning initial items inside the storage.
18:27:40.611        NETWORK   (W): Replication: RplComponent on entity @"ENTITY:234" ('GenericEntity','Assets/Weapons/Magazines/STANAG/Magazine_30rnd_STANAG.xob') at <0.000000 0.000000 0.000000> @"{D8F2CA92583B23D3}Prefabs/Weapons/Magazines/Magazine_556x45_STANAG_30rnd_Last_5Tracer.et" destroyed during loading of the world. This might cause issues with startup sync!
18:27:40.664     ENTITY       : SpawnEntityPrefab @"{C9E4FEAF5AAC8D8C}Prefabs/Characters/Factions/BLUFOR/US_Army/Character_US_Medic.et"
18:27:40.664      WORLD        : InitEntities 'PreloadWorld'
18:27:40.664       ENTITY       : Init entity @"ENTITY:238" ('SCR_ChimeraCharacter','Assets/Characters/Basebody/Basebody_Male_01.xob') at <0.000000 0.000000 0.000000> @"{C9E4FEAF5AAC8D8C}Prefabs/Characters/Factions/BLUFOR/US_Army/Character_US_Medic.et"
18:27:40.664        INVENTORY (E): Couldn't insert item @"ENTITY:312" ('GenericEntity','Assets/Weapons/Magazines/STANAG/Magazine_30rnd_STANAG.xob') at <0.000000 0.000000 0.000000> @"{D8F2CA92583B23D3}Prefabs/Weapons/Magazines/Magazine_556x45_STANAG_30rnd_Last_5Tracer.et" into storage @"ENTITY:260" ('GenericEntity','Assets/Items/Equipment/Accessories/Pouch_ALICE_30rnd_STANAG/Pouch_ALICE_30rnd_STANAG.xob') at <-0.144399 1.162750 0.105744> @"{E3154E0EAC48D67B}Prefabs/Items/Equipment/Accessories/Pouch_ALICE_30rnd_STANAG/Pouch_ALICE_30rnd_STANAG.et" while spawning initial items inside the storage.
18:27:40.664        NETWORK   (W): Replication: RplComponent on entity @"ENTITY:312" ('GenericEntity','Assets/Weapons/Magazines/STANAG/Magazine_30rnd_STANAG.xob') at <0.000000 0.000000 0.000000> @"{D8F2CA92583B23D3}Prefabs/Weapons/Magazines/Magazine_556x45_STANAG_30rnd_Last_5Tracer.et" destroyed during loading of the world. This might cause issues with startup sync!
18:27:40.664        INVENTORY (E): Couldn't insert item @"ENTITY:313" ('GenericEntity','Assets/Weapons/Magazines/STANAG/Magazine_30rnd_STANAG.xob') at <0.000000 0.000000 0.000000> @"{D8F2CA92583B23D3}Prefabs/Weapons/Magazines/Magazine_556x45_STANAG_30rnd_Last_5Tracer.et" into storage @"ENTITY:260" ('GenericEntity','Assets/Items/Equipment/Accessories/Pouch_ALICE_30rnd_STANAG/Pouch_ALICE_30rnd_STANAG.xob') at <-0.144399 1.162750 0.105744> @"{E3154E0EAC48D67B}Prefabs/Items/Equipment/Accessories/Pouch_ALICE_30rnd_STANAG/Pouch_ALICE_30rnd_STANAG.et" while spawning initial items inside the storage.
18:27:40.665        NETWORK   (W): Replication: RplComponent on entity @"ENTITY:313" ('GenericEntity','Assets/Weapons/Magazines/STANAG/Magazine_30rnd_STANAG.xob') at <0.000000 0.000000 0.000000> @"{D8F2CA92583B23D3}Prefabs/Weapons/Magazines/Magazine_556x45_STANAG_30rnd_Last_5Tracer.et" destroyed during loading of the world. This might cause issues with startup sync!
18:27:40.763     ENTITY       : SpawnEntityPrefab @"{26A9756790131354}Prefabs/Characters/Factions/BLUFOR/US_Army/Character_US_Rifleman.et"
18:27:40.764      WORLD        : InitEntities 'PreloadWorld'
18:27:40.764       ENTITY       : Init entity @"ENTITY:363" ('SCR_ChimeraCharacter','Assets/Characters/Basebody/Basebody_Male_01.xob') at <0.000000 0.000000 0.000000> @"{26A9756790131354}Prefabs/Characters/Factions/BLUFOR/US_Army/Character_US_Rifleman.et"
18:27:40.764        INVENTORY (E): Couldn't insert item @"ENTITY:412" ('GenericEntity','Assets/Weapons/Magazines/STANAG/Magazine_30rnd_STANAG.xob') at <0.000000 0.000000 0.000000> @"{D8F2CA92583B23D3}Prefabs/Weapons/Magazines/Magazine_556x45_STANAG_30rnd_Last_5Tracer.et" into storage @"ENTITY:383" ('GenericEntity','Assets/Items/Equipment/Accessories/Pouch_ALICE_30rnd_STANAG/Pouch_ALICE_30rnd_STANAG.xob') at <-0.144399 1.162750 0.105744> @"{E3154E0EAC48D67B}Prefabs/Items/Equipment/Accessories/Pouch_ALICE_30rnd_STANAG/Pouch_ALICE_30rnd_STANAG.et" while spawning initial items inside the storage.
18:27:40.764        NETWORK   (W): Replication: RplComponent on entity @"ENTITY:412" ('GenericEntity','Assets/Weapons/Magazines/STANAG/Magazine_30rnd_STANAG.xob') at <0.000000 0.000000 0.000000> @"{D8F2CA92583B23D3}Prefabs/Weapons/Magazines/Magazine_556x45_STANAG_30rnd_Last_5Tracer.et" destroyed during loading of the world. This might cause issues with startup sync!
18:27:40.764        INVENTORY (E): Couldn't insert item @"ENTITY:413" ('GenericEntity','Assets/Weapons/Magazines/STANAG/Magazine_30rnd_STANAG.xob') at <0.000000 0.000000 0.000000> @"{D8F2CA92583B23D3}Prefabs/Weapons/Magazines/Magazine_556x45_STANAG_30rnd_Last_5Tracer.et" into storage @"ENTITY:383" ('GenericEntity','Assets/Items/Equipment/Accessories/Pouch_ALICE_30rnd_STANAG/Pouch_ALICE_30rnd_STANAG.xob') at <-0.144399 1.162750 0.105744> @"{E3154E0EAC48D67B}Prefabs/Items/Equipment/Accessories/Pouch_ALICE_30rnd_STANAG/Pouch_ALICE_30rnd_STANAG.et" while spawning initial items inside the storage.
18:27:40.764        NETWORK   (W): Replication: RplComponent on entity @"ENTITY:413" ('GenericEntity','Assets/Weapons/Magazines/STANAG/Magazine_30rnd_STANAG.xob') at <0.000000 0.000000 0.000000> @"{D8F2CA92583B23D3}Prefabs/Weapons/Magazines/Magazine_556x45_STANAG_30rnd_Last_5Tracer.et" destroyed during loading of the world. This might cause issues with startup sync!
18:27:40.764        INVENTORY (E): Couldn't insert item @"ENTITY:414" ('GenericEntity','Assets/Weapons/Magazines/STANAG/Magazine_30rnd_STANAG.xob') at <0.000000 0.000000 0.000000> @"{D8F2CA92583B23D3}Prefabs/Weapons/Magazines/Magazine_556x45_STANAG_30rnd_Last_5Tracer.et" into storage @"ENTITY:383" ('GenericEntity','Assets/Items/Equipment/Accessories/Pouch_ALICE_30rnd_STANAG/Pouch_ALICE_30rnd_STANAG.xob') at <-0.144399 1.162750 0.105744> @"{E3154E0EAC48D67B}Prefabs/Items/Equipment/Accessories/Pouch_ALICE_30rnd_STANAG/Pouch_ALICE_30rnd_STANAG.et" while spawning initial items inside the storage.
18:27:40.764        NETWORK   (W): Replication: RplComponent on entity @"ENTITY:414" ('GenericEntity','Assets/Weapons/Magazines/STANAG/Magazine_30rnd_STANAG.xob') at <0.000000 0.000000 0.000000> @"{D8F2CA92583B23D3}Prefabs/Weapons/Magazines/Magazine_556x45_STANAG_30rnd_Last_5Tracer.et" destroyed during loading of the world. This might cause issues with startup sync!
18:27:40.800     ENTITY       : SpawnEntityPrefab @"{1CA3D30464EE4674}Prefabs/Characters/Factions/BLUFOR/US_Army/Character_US_Spotter.et"
18:27:40.800      WORLD        : InitEntities 'PreloadWorld'
18:27:40.800       ENTITY       : Init entity @"ENTITY:418" ('SCR_ChimeraCharacter','Assets/Characters/Basebody/Basebody_Male_01.xob') at <0.000000 0.000000 0.000000> @"{1CA3D30464EE4674}Prefabs/Characters/Factions/BLUFOR/US_Army/Character_US_Spotter.et"
18:27:40.800        INVENTORY (E): Couldn't insert item @"ENTITY:469" ('GenericEntity','Assets/Weapons/Magazines/STANAG/Magazine_30rnd_STANAG.xob') at <0.000000 0.000000 0.000000> @"{D8F2CA92583B23D3}Prefabs/Weapons/Magazines/Magazine_556x45_STANAG_30rnd_Last_5Tracer.et" into storage @"ENTITY:440" ('GenericEntity','Assets/Items/Equipment/Accessories/Pouch_ALICE_30rnd_STANAG/Pouch_ALICE_30rnd_STANAG.xob') at <-0.104999 1.129537 0.050875> @"{0B0D67BC8F43A052}Prefabs/Items/Equipment/Accessories/Pouch_ALICE_30rnd_STANAG/Pouch_ALICE_30rnd_STANAG_base.et" while spawning initial items inside the storage.
18:27:40.800        NETWORK   (W): Replication: RplComponent on entity @"ENTITY:469" ('GenericEntity','Assets/Weapons/Magazines/STANAG/Magazine_30rnd_STANAG.xob') at <0.000000 0.000000 0.000000> @"{D8F2CA92583B23D3}Prefabs/Weapons/Magazines/Magazine_556x45_STANAG_30rnd_Last_5Tracer.et" destroyed during loading of the world. This might cause issues with startup sync!
18:27:40.800        INVENTORY (E): Couldn't insert item @"ENTITY:470" ('GenericEntity','Assets/Weapons/Magazines/STANAG/Magazine_30rnd_STANAG.xob') at <0.000000 0.000000 0.000000> @"{D8F2CA92583B23D3}Prefabs/Weapons/Magazines/Magazine_556x45_STANAG_30rnd_Last_5Tracer.et" into storage @"ENTITY:440" ('GenericEntity','Assets/Items/Equipment/Accessories/Pouch_ALICE_30rnd_STANAG/Pouch_ALICE_30rnd_STANAG.xob') at <-0.104999 1.129537 0.050875> @"{0B0D67BC8F43A052}Prefabs/Items/Equipment/Accessories/Pouch_ALICE_30rnd_STANAG/Pouch_ALICE_30rnd_STANAG_base.et" while spawning initial items inside the storage.
18:27:40.800        NETWORK   (W): Replication: RplComponent on entity @"ENTITY:470" ('GenericEntity','Assets/Weapons/Magazines/STANAG/Magazine_30rnd_STANAG.xob') at <0.000000 0.000000 0.000000> @"{D8F2CA92583B23D3}Prefabs/Weapons/Magazines/Magazine_556x45_STANAG_30rnd_Last_5Tracer.et" destroyed during loading of the world. This might cause issues with startup sync!
18:27:40.801        INVENTORY (E): Couldn't insert item @"ENTITY:471" ('GenericEntity','Assets/Weapons/Grenades/M67/Grenade_M67.xob') at <0.000000 0.000000 0.000000> @"{E8F00BF730225B00}Prefabs/Weapons/Grenades/Grenade_M67.et" into storage @"ENTITY:440" ('GenericEntity','Assets/Items/Equipment/Accessories/Pouch_ALICE_30rnd_STANAG/Pouch_ALICE_30rnd_STANAG.xob') at <-0.104999 1.129537 0.050875> @"{0B0D67BC8F43A052}Prefabs/Items/Equipment/Accessories/Pouch_ALICE_30rnd_STANAG/Pouch_ALICE_30rnd_STANAG_base.et" while spawning initial items inside the storage.
18:27:40.801        NETWORK   (W): Replication: RplComponent on entity @"ENTITY:471" ('GenericEntity','Assets/Weapons/Grenades/M67/Grenade_M67.xob') at <0.000000 0.000000 0.000000> @"{E8F00BF730225B00}Prefabs/Weapons/Grenades/Grenade_M67.et" destroyed during loading of the world. This might cause issues with startup sync!
18:27:40.802        INVENTORY (E): Couldn't insert item @"ENTITY:472" ('GenericEntity','Assets/Weapons/Grenades/M67/Grenade_M67.xob') at <0.000000 0.000000 0.000000> @"{E8F00BF730225B00}Prefabs/Weapons/Grenades/Grenade_M67.et" into storage @"ENTITY:440" ('GenericEntity','Assets/Items/Equipment/Accessories/Pouch_ALICE_30rnd_STANAG/Pouch_ALICE_30rnd_STANAG.xob') at <-0.104999 1.129537 0.050875> @"{0B0D67BC8F43A052}Prefabs/Items/Equipment/Accessories/Pouch_ALICE_30rnd_STANAG/Pouch_ALICE_30rnd_STANAG_base.et" while spawning initial items inside the storage.
18:27:40.802        NETWORK   (W): Replication: RplComponent on entity @"ENTITY:472" ('GenericEntity','Assets/Weapons/Grenades/M67/Grenade_M67.xob') at <0.000000 0.000000 0.000000> @"{E8F00BF730225B00}Prefabs/Weapons/Grenades/Grenade_M67.et" destroyed during loading of the world. This might cause issues with startup sync!
18:27:40.802        INVENTORY (E): Couldn't insert item @"ENTITY:473" ('GenericEntity','Assets/Weapons/Grenades/M67/Grenade_M67.xob') at <0.000000 0.000000 0.000000> @"{E8F00BF730225B00}Prefabs/Weapons/Grenades/Grenade_M67.et" into storage @"ENTITY:440" ('GenericEntity','Assets/Items/Equipment/Accessories/Pouch_ALICE_30rnd_STANAG/Pouch_ALICE_30rnd_STANAG.xob') at <-0.104999 1.129537 0.050875> @"{0B0D67BC8F43A052}Prefabs/Items/Equipment/Accessories/Pouch_ALICE_30rnd_STANAG/Pouch_ALICE_30rnd_STANAG_base.et" while spawning initial items inside the storage.
18:27:40.802        NETWORK   (W): Replication: RplComponent on entity @"ENTITY:473" ('GenericEntity','Assets/Weapons/Grenades/M67/Grenade_M67.xob') at <0.000000 0.000000 0.000000> @"{E8F00BF730225B00}Prefabs/Weapons/Grenades/Grenade_M67.et" destroyed during loading of the world. This might cause issues with startup sync!
18:27:41.005     ENTITY       : SpawnEntityPrefab @"{23ADBBC31B6A3DC6}Prefabs/Characters/Factions/OPFOR/USSR_Army/Character_USSR_AR.et"
18:27:41.005      WORLD        : InitEntities 'PreloadWorld'
18:27:41.005       ENTITY       : Init entity @"ENTITY:542" ('SCR_ChimeraCharacter','Assets/Characters/Basebody/Basebody_Male_01.xob') at <0.000000 0.000000 0.000000> @"{23ADBBC31B6A3DC6}Prefabs/Characters/Factions/OPFOR/USSR_Army/Character_USSR_AR.et"
18:27:41.005        INVENTORY (E): Couldn't insert item @"ENTITY:583" ('GenericEntity','Assets/Weapons/Magazines/RPK74/Magazine_45rnd_RPK74.xob') at <0.000000 0.000000 0.000000> @"{D78C667F59829717}Prefabs/Weapons/Magazines/Magazine_545x39_RPK_45rnd_4Ball_1Tracer.et" into storage @"ENTITY:560" ('GenericEntity','Assets/Items/Equipment/Accessories/Pouch_Soviet_45rnd_RPK74/Pouch_Soviet_45rnd_RPK74.xob') at <-0.128100 1.112072 0.103191> @"{B6EEF03975F21E4E}Prefabs/Items/Equipment/Accessories/Pouch_Soviet_45rnd_RPK74/Pouch_Soviet_45rnd_RPK74.et" while spawning initial items inside the storage.
18:27:41.005        NETWORK   (W): Replication: RplComponent on entity @"ENTITY:583" ('GenericEntity','Assets/Weapons/Magazines/RPK74/Magazine_45rnd_RPK74.xob') at <0.000000 0.000000 0.000000> @"{D78C667F59829717}Prefabs/Weapons/Magazines/Magazine_545x39_RPK_45rnd_4Ball_1Tracer.et" destroyed during loading of the world. This might cause issues with startup sync!
18:27:41.006        INVENTORY (E): Couldn't insert item @"ENTITY:584" ('GenericEntity','Assets/Weapons/Magazines/RPK74/Magazine_45rnd_RPK74.xob') at <0.000000 0.000000 0.000000> @"{D78C667F59829717}Prefabs/Weapons/Magazines/Magazine_545x39_RPK_45rnd_4Ball_1Tracer.et" into storage @"ENTITY:560" ('GenericEntity','Assets/Items/Equipment/Accessories/Pouch_Soviet_45rnd_RPK74/Pouch_Soviet_45rnd_RPK74.xob') at <-0.128100 1.112072 0.103191> @"{B6EEF03975F21E4E}Prefabs/Items/Equipment/Accessories/Pouch_Soviet_45rnd_RPK74/Pouch_Soviet_45rnd_RPK74.et" while spawning initial items inside the storage.
18:27:41.006        NETWORK   (W): Replication: RplComponent on entity @"ENTITY:584" ('GenericEntity','Assets/Weapons/Magazines/RPK74/Magazine_45rnd_RPK74.xob') at <0.000000 0.000000 0.000000> @"{D78C667F59829717}Prefabs/Weapons/Magazines/Magazine_545x39_RPK_45rnd_4Ball_1Tracer.et" destroyed during loading of the world. This might cause issues with startup sync!
18:27:41.006        INVENTORY (E): Couldn't insert item @"ENTITY:585" ('GenericEntity','Assets/Weapons/Magazines/RPK74/Magazine_45rnd_RPK74.xob') at <0.000000 0.000000 0.000000> @"{D78C667F59829717}Prefabs/Weapons/Magazines/Magazine_545x39_RPK_45rnd_4Ball_1Tracer.et" into storage @"ENTITY:560" ('GenericEntity','Assets/Items/Equipment/Accessories/Pouch_Soviet_45rnd_RPK74/Pouch_Soviet_45rnd_RPK74.xob') at <-0.128100 1.112072 0.103191> @"{B6EEF03975F21E4E}Prefabs/Items/Equipment/Accessories/Pouch_Soviet_45rnd_RPK74/Pouch_Soviet_45rnd_RPK74.et" while spawning initial items inside the storage.
18:27:41.006        NETWORK   (W): Replication: RplComponent on entity @"ENTITY:585" ('GenericEntity','Assets/Weapons/Magazines/RPK74/Magazine_45rnd_RPK74.xob') at <0.000000 0.000000 0.000000> @"{D78C667F59829717}Prefabs/Weapons/Magazines/Magazine_545x39_RPK_45rnd_4Ball_1Tracer.et" destroyed during loading of the world. This might cause issues with startup sync!
18:27:41.006        INVENTORY (E): Couldn't insert item @"ENTITY:586" ('GenericEntity','Assets/Weapons/Magazines/RPK74/Magazine_45rnd_RPK74.xob') at <0.000000 0.000000 0.000000> @"{D78C667F59829717}Prefabs/Weapons/Magazines/Magazine_545x39_RPK_45rnd_4Ball_1Tracer.et" into storage @"ENTITY:560" ('GenericEntity','Assets/Items/Equipment/Accessories/Pouch_Soviet_45rnd_RPK74/Pouch_Soviet_45rnd_RPK74.xob') at <-0.128100 1.112072 0.103191> @"{B6EEF03975F21E4E}Prefabs/Items/Equipment/Accessories/Pouch_Soviet_45rnd_RPK74/Pouch_Soviet_45rnd_RPK74.et" while spawning initial items inside the storage.
18:27:41.006        NETWORK   (W): Replication: RplComponent on entity @"ENTITY:586" ('GenericEntity','Assets/Weapons/Magazines/RPK74/Magazine_45rnd_RPK74.xob') at <0.000000 0.000000 0.000000> @"{D78C667F59829717}Prefabs/Weapons/Magazines/Magazine_545x39_RPK_45rnd_4Ball_1Tracer.et" destroyed during loading of the world. This might cause issues with startup sync!
18:27:43.119    ENTITY       : Create entity @"ENTITY:61189" ('GenericEntity','Assets/Props/Military/Antennas/Antenna_R161_01/Antenna_R161_01.xob') at <1361.318970 36.590000 2335.080078> @"{5B8922E61D8DF345}Prefabs/Props/Military/Antennas/Antenna_R161_01.et"
18:27:43.120     DEFAULT   (W): BaseRadioComponent does not have any transceiver. (Entity: @"ENTITY:61189" ('GenericEntity','Assets/Props/Military/Antennas/Antenna_R161_01/Antenna_R161_01.xob') at <1361.318970 36.590000 2335.080078> @"{5B8922E61D8DF345}Prefabs/Props/Military/Antennas/Antenna_R161_01.et"). Only printing this message once. There're possibly more nodes with this requirement.
18:27:43.506    ENTITY       : Create entity @"ENTITY:73660" ('StaticModelEntity','Assets/Structures/Infrastructure/Towers/TransmitterTower_01/TransmitterTower_01_small.xob') at <3052.833008 47.772999 2401.170898> @"{6A004A8F0571D456}Prefabs/Structures/Infrastructure/Towers/TransmitterTower_01/TransmitterTower_01_small.et"
18:27:43.506     DEFAULT   (W): World doesn't contain RadioManagerEntity to support any BaseRadioComponent.
18:27:48.153    ENTITY       : Create entity @"ENTITY:2305843009213693956" ('FactionManager_USxUSSR1', SCR_FactionManager) at <11.000000 0.000000 11.000000> @"{589540B35EBA8CDC}Prefabs/MP/Managers/Factions/FactionManager_USxUSSR.et"
18:27:48.153     RESOURCES    : GetResourceObject @"{DDDD9B51F1234DF3}Prefabs/Vehicles/Helicopters/UH1H/UH1H_armed.et"
18:27:48.153      WORLD        : Entity prefab load @"{DDDD9B51F1234DF3}Prefabs/Vehicles/Helicopters/UH1H/UH1H_armed.et"
18:27:48.153       RESOURCES    : GetResourceObject @"{70BAEEFC2D3FEE64}Prefabs/Vehicles/Helicopters/UH1H/UH1H.et"
18:27:48.153        WORLD        : Entity prefab load @"{70BAEEFC2D3FEE64}Prefabs/Vehicles/Helicopters/UH1H/UH1H.et"
18:27:48.153         RESOURCES    : GetResourceObject @"{D03C0F6044DB5208}Prefabs/Vehicles/Helicopters/UH1H/UH1H_base.et"
18:27:48.153          WORLD        : Entity prefab load @"{D03C0F6044DB5208}Prefabs/Vehicles/Helicopters/UH1H/UH1H_base.et"
18:27:48.153           WORLD     (E): Unknown keyword/data 'm_bShowEffectInWB' at offset 16561(0x40b1)
18:27:48.292     RESOURCES    : GetResourceObject @"{3E3A6EE8E87C44CC}Prefabs/Weapons/Launchers/RPG7/BaconBlunderbuss_Cannon.et"
18:27:48.293      WORLD        : Entity prefab load @"{3E3A6EE8E87C44CC}Prefabs/Weapons/Launchers/RPG7/BaconBlunderbuss_Cannon.et"
18:27:48.293       RESOURCES (E): Wrong GUID/name for resource @"{929BA3C16E409C76}UI/Textures/WeaponIcons/weapon_RPG-7.edds" in property "Icon"
18:27:48.430     RESOURCES    : GetResourceObject @"{4A465E25A866520E}Prefabs/Vehicles/Helicopters/Mi8MT/Mi8MTT-A_Black.et"
18:27:48.430      WORLD        : Entity prefab load @"{4A465E25A866520E}Prefabs/Vehicles/Helicopters/Mi8MT/Mi8MTT-A_Black.et"
18:27:48.430       RESOURCES    : GetResourceObject @"{DF5CCB7C0FF049F4}Prefabs/Vehicles/Helicopters/Mi8MT/Mi8MT_unarmed_transport.et"
18:27:48.430        WORLD        : Entity prefab load @"{DF5CCB7C0FF049F4}Prefabs/Vehicles/Helicopters/Mi8MT/Mi8MT_unarmed_transport.et"
18:27:48.430         RESOURCES    : GetResourceObject @"{B6B8C164FD6377EA}Prefabs/Vehicles/Helicopters/Mi8MT/Mi8MT_unarmed_base.et"
18:27:48.430          WORLD        : Entity prefab load @"{B6B8C164FD6377EA}Prefabs/Vehicles/Helicopters/Mi8MT/Mi8MT_unarmed_base.et"
18:27:48.430           RESOURCES    : GetResourceObject @"{AFF6067A5CE8A853}Prefabs/Vehicles/Helicopters/Mi8MT/Mi8MT_base.et"
18:27:48.430            WORLD        : Entity prefab load @"{AFF6067A5CE8A853}Prefabs/Vehicles/Helicopters/Mi8MT/Mi8MT_base.et"
18:27:48.430             RESOURCES    : GetResourceObject @"{AFF6067A5CE8A852}Prefabs/Vehicles/Helicopters/Mi8MT/Mi8_base.et"
18:27:48.430              WORLD        : Entity prefab load @"{AFF6067A5CE8A852}Prefabs/Vehicles/Helicopters/Mi8MT/Mi8_base.et"
18:27:48.430               RESOURCES    : GetResourceObject @"{AFF6067A5CE8A852}Prefabs/Vehicles/Helicopters/Mi8MT/Mi8_base.et"
18:27:48.431                WORLD        : Entity prefab load @"{AFF6067A5CE8A852}Prefabs/Vehicles/Helicopters/Mi8MT/Mi8_base.et"
18:27:48.431                 WORLD     (E): Unknown keyword/data 'm_bShowEffectInWB' at offset 19148(0x4acc)
18:27:48.667     SCRIPT    (W): Catalog Entry: '{DEBB01A41488DFF8}Prefabs/Weapons/Attachments/Muzzle/RHS_6P20_0_20.et' could not create UIinfo for inventory item. Non was found for weapon nor Inventory item data
18:27:48.667     SCRIPT    (W): Catalog Entry: '{BAC59BF0DF432D43}Prefabs/Weapons/Attachments/Muzzle/RHS_PGS64.et' could not create UIinfo for inventory item. Non was found for weapon nor Inventory item data
18:27:48.811     ENTITY       : SpawnEntityPrefab @"{0723C05E6B3DE4D7}Prefabs/Characters/Uniforms/Crye_Shirt/Jacket_Crye_Combat_Shirt_Rolled_MC_wear.et"
18:27:48.811      ENTITY       : Create entity @"ENTITY:40" ('GenericEntity') at <0.000000 0.000000 0.000000>
18:27:48.811       RESOURCES (E): Can't remap 'Assets/Characters/Uniforms/Crye_Combat_Shirt/Crye_g3_Shirt_Rolled.xob' material from 'Crye_longsleeve_multicam' to 'Assets/Characters/Uniforms/Crye_Combat_Shirt/Data/Crye_longsleeve_AOR2.emat'. Source material do not exist
18:27:48.825     ENTITY       : SpawnEntityPrefab @"{C1628374B0558405}Prefabs/Characters/Uniforms/Crye_Shirt/Jacket_Crye_Combat_Shirt_Rolled_MARPAT_Arid_wear.et"
18:27:48.825      ENTITY       : Create entity @"ENTITY:50" ('GenericEntity') at <0.000000 0.000000 0.000000>
18:27:48.825       RESOURCES (E): Can't remap 'Assets/Characters/Uniforms/Crye_Combat_Shirt/Crye_g3_Shirt_Rolled.xob' material from 'Crye_longsleeve_multicam' to 'Assets/Characters/Uniforms/Crye_Combat_Shirt/Data/Crye_longsleeve_AOR2.emat'. Source material do not exist
18:27:48.838     ENTITY       : SpawnEntityPrefab @"{B8E4D2BA7D891181}Prefabs/Characters/Uniforms/Jacket_Waffletop/Jacket_Waffletop_wear.et"
18:27:48.838      ENTITY       : Create entity @"ENTITY:57" ('GenericEntity') at <0.000000 0.000000 0.000000>
18:27:48.838       RESOURCES (E): Can't remap 'Assets/Characters/Uniforms/Jacket_Waffletop/rhs_waffletop.xob' material from 'FROG_top_Temperate' to 'Assets/Characters/Uniforms/FROG_Combat_Shirt/data/FROG_top_Arid.emat'. Source material do not exist
18:27:48.961     RESOURCES    : GetResourceObject @"{C9D4FE9DDCBA82A1}Prefabs/Weapons/Ammo/Ammo_Grenade_Star_Cluster_XM664.et"
18:27:48.961      WORLD        : Entity prefab load @"{C9D4FE9DDCBA82A1}Prefabs/Weapons/Ammo/Ammo_Grenade_Star_Cluster_XM664.et"
18:27:48.962       RESOURCES    : GetResourceObject @"{51A3B99DCE59C8E1}Prefabs/Weapons/Ammo/Ammo_Grenade_Star_Cluster_M585.et"
18:27:48.962        WORLD        : Entity prefab load @"{51A3B99DCE59C8E1}Prefabs/Weapons/Ammo/Ammo_Grenade_Star_Cluster_M585.et"
18:27:48.962         RESOURCES (E): Wrong GUID/name for resource @"{C5131112CC1B6469}Sounds/Weapons/_SharedData/BulletFlybys/UGL/Weapons_BulletFlybys_UGL.acp" in property "SubsonicFlybys"
18:27:48.962       RESOURCES (E): Wrong GUID/name for resource @"{C5131112CC1B6469}Sounds/Weapons/_SharedData/BulletFlybys/UGL/Weapons_BulletFlybys_UGL.acp" in property "SubsonicFlybys"
18:27:48.963     RESOURCES    : GetResourceObject @"{9F5FED556B466EF0}Prefabs/Weapons/Ammo/Ammo_Grenade_Marker_M716.et"
18:27:48.963      WORLD        : Entity prefab load @"{9F5FED556B466EF0}Prefabs/Weapons/Ammo/Ammo_Grenade_Marker_M716.et"
18:27:48.963       RESOURCES    : GetResourceObject @"{2BA3B074AE0BFF82}Prefabs/Weapons/Ammo/Ammo_Grenade_Marker_M713.et"
18:27:48.963        WORLD        : Entity prefab load @"{2BA3B074AE0BFF82}Prefabs/Weapons/Ammo/Ammo_Grenade_Marker_M713.et"
18:27:48.963         RESOURCES (E): Wrong GUID/name for resource @"{C5131112CC1B6469}Sounds/Weapons/_SharedData/BulletFlybys/UGL/Weapons_BulletFlybys_UGL.acp" in property "SubsonicFlybys"
18:27:49.349    WORLD        : InitEntities 'world'
18:27:49.350     ENTITY       : Init entity @"ENTITY:3" ('MapEntity1', SCR_MapEntity) at <2237.496094 53.673000 2875.002930> @"{66FBC1063149819B}Prefabs/World/Game/Arland/MapEntity_Arland.et"
18:27:49.350      SCRIPT    (W): SCR_MapEntity: Cannot get the size from terrain. Using default.
18:27:50.113     ENTITY       : Init entity @"ENTITY:2305843009213693955" ('GameMode_Plain1', SCR_BaseGameMode) at <0.000000 0.000000 1.747000>
18:27:50.113      SCRIPT    (W): ServerAdminTools_GameModeComponent.CreateEventHandlers | Events API URL or Token not specified. Events will be logged but not submitted anywhere.
18:27:52.354 SCRIPT    (E): Virtual Machine Exception

Reason: NULL pointer to instance

Class:      'RHS_GPSMapCore'
Function: 'DumpMap'
Stack trace:
scripts/Game/GameCore/RHS_GPSMapCore.c:149 Function DumpMap
scripts/Game/GameCore/RHS_GPSMapCore.c:46 Function OnGameStart
scripts/Game/GameCore/SCR_GameCoresManager.c:31 Function OnGameStart
scripts/Game/game.c:667 Function OnGameStart
18:27:52.493 SCRIPT    (E): 'SCR_BaseSupportStationComponent' 'EOnInit': 'SCR_DestructibleBuildingEntity<0x00007FE6A56E9008> @"ENTITY:59112" ('SCR_DestructibleBuildingEntity','Assets/Structures/Commer' Support Station is set to use supplies  but it has no SCR_ResourceComponent
18:27:52.493 SCRIPT    (E): 'SCR_BaseSupportStationComponent' 'EOnInit': 'SCR_DestructibleBuildingEntity<0x00007FE6A56E9140> @"ENTITY:59118" ('SCR_DestructibleBuildingEntity','Assets/Structures/Commer' Support Station is set to use supplies  but it has no SCR_ResourceComponent
18:27:52.494 SCRIPT    (E): 'SCR_BaseSupportStationComponent' 'EOnInit': 'SCR_DestructibleBuildingEntity<0x00007FE6A56E9278> @"ENTITY:59124" ('SCR_DestructibleBuildingEntity','Assets/Structures/Commer' Support Station is set to use supplies  but it has no SCR_ResourceComponent
18:27:52.494 SCRIPT    (E): 'SCR_BaseSupportStationComponent' 'EOnInit': 'SCR_DestructibleBuildingEntity<0x00007FE6A56E93B0> @"ENTITY:59130" ('SCR_DestructibleBuildingEntity','Assets/Structures/Commer' Support Station is set to use supplies  but it has no SCR_ResourceComponent
18:27:52.494 SCRIPT    (E): 'SCR_BaseSupportStationComponent' 'EOnInit': 'SCR_DestructibleBuildingEntity<0x00007FE699960B28> @"ENTITY:109411" ('SCR_DestructibleBuildingEntity','Assets/Structures/Comme' Support Station is set to use supplies  but it has no SCR_ResourceComponent
18:27:52.495 SCRIPT    (E): 'SCR_BaseSupportStationComponent' 'EOnInit': 'SCR_DestructibleBuildingEntity<0x00007FE699960C60> @"ENTITY:109416" ('SCR_DestructibleBuildingEntity','Assets/Structures/Comme' Support Station is set to use supplies  but it has no SCR_ResourceComponent
18:27:54.063 ENTITY       : SpawnEntityPrefab @"{E6AEC014D162D686}Prefabs/Vehicles/Wheeled/Ural4320/Ural4320_FIA_command.et"
18:27:54.063  ENTITY       : Create entity @"ENTITY:4611686018427387980" ('Vehicle','Assets/Vehicles/Wheeled/Ural4320/Ural_4320_base.xob') at <2147.599854 53.130997 2817.003906> @"{E6AEC014D162D686}Prefabs/Vehicles/Wheeled/Ural4320/Ural4320_FIA_command.et"
18:27:54.063   ENTITY       : SpawnEntityPrefab @"{392FBE246E9CF91C}Prefabs/Vehicles/Wheeled/Ural4320/VehParts/FIA/Ural4320_FIA_combox.et"
18:27:54.063    ENTITY       : Create entity @"ENTITY:4611686018427388011" ('GenericEntity','Assets/Vehicles/Wheeled/Ural4320/Ural_4320_com.xob') at <2147.599854 53.130997 2817.003906> @"{392FBE246E9CF91C}Prefabs/Vehicles/Wheeled/Ural4320/VehParts/FIA/Ural4320_FIA_combox.et"
18:27:54.063     ENTITY    (W): Converted from old-style index parent surface, please resave
18:27:54.063     ENTITY    (W): Converted from old-style index parent surface, please resave
18:27:54.063     ENTITY    (W): Converted from old-style index parent surface, please resave
18:27:54.063     ENTITY    (W): Converted from old-style index parent surface, please resave
18:27:54.066   ENTITY       : SpawnEntityPrefab @"{8A239DEA19509B1B}Prefabs/Vehicles/Core/VirtualSlots/Radio_VirtualArsenalSlot.et"
18:27:54.066    WORLD        : InitEntities 'world'
18:27:54.066     ENTITY       : Init entity @"ENTITY:4611686018427388021" ('GenericEntity') at <2147.599854 53.130997 2817.003906> @"{8A239DEA19509B1B}Prefabs/Vehicles/Core/VirtualSlots/Radio_VirtualArsenalSlot.et"
18:27:54.067      RPL       (E): RpcError: Calling a RPC from an unregistered item! itemType='script::Game::SCR_ArsenalComponent', rpc='SetArsenalEnabledBroadcast'
18:27:54.086 SCRIPT    (E): 'SCR_BaseSupportStationComponent' 'EOnInit': 'GenericEntity<0x00007FE68BD28E00> @"ENTITY:4611686018427387993" ('GenericEntity','Assets/Items/Fuel/Jerrycan_01/Jerrycan_01.xo' Support Station is set to use supplies  but it has no SCR_ResourceComponent
18:27:55.103 SCRIPT    (E): 'SCR_BaseSupportStationComponent' 'EOnInit': 'GenericEntity<0x000000000AC24BE0> @"ENTITY:4611686018427388348" ('GenericEntity','Assets/Items/Fuel/Jerrycan_01/Jerrycan_01.xo' Support Station is set to use supplies  but it has no SCR_ResourceComponent
19:16:42.789 WORLD        : UpdateEntities
19:16:42.789  RPL          : rpl::Pip::ProcessNetToGame
19:16:42.789   SCRIPT    (W): Ban Settings could not be loaded from BE Storage: Relying on default config
19:16:47.801 RESOURCES    : GetResourceObject @"{59EF8ECAE1DCD417}Prefabs/Editor/Modes/EditorModeEdit.et"
19:16:47.802  WORLD        : Entity prefab load @"{59EF8ECAE1DCD417}Prefabs/Editor/Modes/EditorModeEdit.et"
19:16:47.802   RESOURCES    : GetResourceObject @"{59EF8ECAE1DCD417}Prefabs/Editor/Modes/EditorModeEdit.et"
19:16:47.802    WORLD        : Entity prefab load @"{59EF8ECAE1DCD417}Prefabs/Editor/Modes/EditorModeEdit.et"
19:16:47.802     RESOURCES    : GetResourceObject @"{59EF8ECAE1DCD417}Prefabs/Editor/Modes/EditorModeEdit.et"
19:16:47.802      WORLD        : Entity prefab load @"{59EF8ECAE1DCD417}Prefabs/Editor/Modes/EditorModeEdit.et"
19:16:47.802       RESOURCES    : GetResourceObject @"{59EF8ECAE1DCD417}Prefabs/Editor/Modes/EditorModeEdit.et"
19:16:47.802        WORLD        : Entity prefab load @"{59EF8ECAE1DCD417}Prefabs/Editor/Modes/EditorModeEdit.et"
19:16:47.802         RESOURCES    : GetResourceObject @"{28ACD0C845BE4967}Configs/Editor/PlaceableEntities/Objects/Structures_Military.conf"
19:16:47.802          DEFAULT      : Config load @"{28ACD0C845BE4967}Configs/Editor/PlaceableEntities/Objects/Structures_Military.conf"
19:16:47.802           RESOURCES (E): Wrong GUID/name for resource @"{57708D2841D05A01}PrefabsEditable/Auto/Structures/Military/Training/E_TargetVehicleBase_01.et" in property "m_Prefabs"
19:16:55.189 SCRIPT    (E): 'SCR_BaseSupportStationComponent' 'EOnInit': 'GenericEntity<0x00007FE68BD28E00> @"ENTITY:4611686018427388603" ('GenericEntity','Assets/Items/Fuel/Jerrycan_01/Jerrycan_01.xo' Support Station is set to use supplies  but it has no SCR_ResourceComponent
19:16:55.190 SCRIPT    (E): 'SCR_BaseSupportStationComponent' 'EOnInit': 'GenericEntity<0x000000000F213330> @"ENTITY:4611686018427388676" ('GenericEntity','Assets/Items/Fuel/Jerrycan_01/Jerrycan_01.xo' Support Station is set to use supplies  but it has no SCR_ResourceComponent
19:16:55.191 SCRIPT    (E): 'SCR_BaseSupportStationComponent' 'EOnInit': 'GenericEntity<0x0000000010670F10> @"ENTITY:4611686018427388734" ('GenericEntity','Assets/Items/Fuel/Jerrycan_01/Jerrycan_01.xo' Support Station is set to use supplies  but it has no SCR_ResourceComponent
19:16:55.335 ENTITY       : SpawnEntityPrefab @"{B70E6D12A8EC2410}Prefabs/Vehicles/Wheeled/Ural4320/Ural4320_FIA_transport_covered.et"
19:16:55.335  ENTITY       : Create entity @"ENTITY:4611686018427388975" ('Vehicle','Assets/Vehicles/Wheeled/Ural4320/Ural_4320_base.xob') at <2965.500977 66.925003 1573.098999> @"{B70E6D12A8EC2410}Prefabs/Vehicles/Wheeled/Ural4320/Ural4320_FIA_transport_covered.et"
19:16:55.335   ENTITY       : SpawnEntityPrefab @"{12D7EB72A88C923F}Prefabs/Vehicles/Wheeled/Ural4320/VehParts/FIA/Ural4320_FIA_cargo_canvas.et"
19:16:55.336    ENTITY       : Create entity @"ENTITY:4611686018427389008" ('GenericEntity','Assets/Vehicles/Wheeled/Ural4320/Ural_4320_cargo.xob') at <2965.500977 66.925003 1573.098999> @"{12D7EB72A88C923F}Prefabs/Vehicles/Wheeled/Ural4320/VehParts/FIA/Ural4320_FIA_cargo_canvas.et"
19:16:55.336     ENTITY    (W): Converted from old-style index parent surface, please resave
19:16:55.336     ENTITY    (W): Converted from old-style index parent surface, please resave
19:16:55.336     ENTITY    (W): Converted from old-style index parent surface, please resave
19:16:55.336     ENTITY    (W): Converted from old-style index parent surface, please resave
19:16:55.336     ENTITY    (W): Converted from old-style index parent surface, please resave
19:16:55.336     ENTITY    (W): Converted from old-style index parent surface, please resave
19:16:55.368 ENTITY       : SpawnEntityPrefab @"{B70E6D12A8EC2410}Prefabs/Vehicles/Wheeled/Ural4320/Ural4320_FIA_transport_covered.et"
19:16:55.368  ENTITY       : Create entity @"ENTITY:4611686018427389043" ('Vehicle','Assets/Vehicles/Wheeled/Ural4320/Ural_4320_base.xob') at <2964.569092 63.594002 1630.437988> @"{B70E6D12A8EC2410}Prefabs/Vehicles/Wheeled/Ural4320/Ural4320_FIA_transport_covered.et"
19:16:55.368   ENTITY       : SpawnEntityPrefab @"{12D7EB72A88C923F}Prefabs/Vehicles/Wheeled/Ural4320/VehParts/FIA/Ural4320_FIA_cargo_canvas.et"
19:16:55.369    ENTITY       : Create entity @"ENTITY:4611686018427389076" ('GenericEntity','Assets/Vehicles/Wheeled/Ural4320/Ural_4320_cargo.xob') at <2964.569092 63.594002 1630.437988> @"{12D7EB72A88C923F}Prefabs/Vehicles/Wheeled/Ural4320/VehParts/FIA/Ural4320_FIA_cargo_canvas.et"
19:16:55.369     ENTITY    (W): Converted from old-style index parent surface, please resave
19:16:55.369     ENTITY    (W): Converted from old-style index parent surface, please resave
19:16:55.369     ENTITY    (W): Converted from old-style index parent surface, please resave
19:16:55.369     ENTITY    (W): Converted from old-style index parent surface, please resave
19:16:55.369     ENTITY    (W): Converted from old-style index parent surface, please resave
19:16:55.369     ENTITY    (W): Converted from old-style index parent surface, please resave
19:16:55.391 ENTITY       : SpawnEntityPrefab @"{B70E6D12A8EC2410}Prefabs/Vehicles/Wheeled/Ural4320/Ural4320_FIA_transport_covered.et"
19:16:55.391  ENTITY       : Create entity @"ENTITY:4611686018427389111" ('Vehicle','Assets/Vehicles/Wheeled/Ural4320/Ural_4320_base.xob') at <2934.160889 66.919006 1597.240967> @"{B70E6D12A8EC2410}Prefabs/Vehicles/Wheeled/Ural4320/Ural4320_FIA_transport_covered.et"
19:16:55.391   ENTITY       : SpawnEntityPrefab @"{12D7EB72A88C923F}Prefabs/Vehicles/Wheeled/Ural4320/VehParts/FIA/Ural4320_FIA_cargo_canvas.et"
19:16:55.391    ENTITY       : Create entity @"ENTITY:4611686018427389144" ('GenericEntity','Assets/Vehicles/Wheeled/Ural4320/Ural_4320_cargo.xob') at <2934.160889 66.919006 1597.240967> @"{12D7EB72A88C923F}Prefabs/Vehicles/Wheeled/Ural4320/VehParts/FIA/Ural4320_FIA_cargo_canvas.et"
19:16:55.391     ENTITY    (W): Converted from old-style index parent surface, please resave
19:16:55.391     ENTITY    (W): Converted from old-style index parent surface, please resave
19:16:55.391     ENTITY    (W): Converted from old-style index parent surface, please resave
19:16:55.391     ENTITY    (W): Converted from old-style index parent surface, please resave
19:16:55.391     ENTITY    (W): Converted from old-style index parent surface, please resave
19:16:55.391     ENTITY    (W): Converted from old-style index parent surface, please resave
19:16:55.415 SCRIPT    (E): 'SCR_BaseSupportStationComponent' 'EOnInit': 'GenericEntity<0x0000000011549130> @"ENTITY:4611686018427388923" ('GenericEntity','Assets/Items/Fuel/Jerrycan_01/Jerrycan_01.xo' Support Station is set to use supplies  but it has no SCR_ResourceComponent
19:16:55.415 SCRIPT    (E): 'SCR_BaseSupportStationComponent' 'EOnInit': 'GenericEntity<0x000000001154BCC0> @"ENTITY:4611686018427388988" ('GenericEntity','Assets/Items/Fuel/Jerrycan_01/Jerrycan_01.xo' Support Station is set to use supplies  but it has no SCR_ResourceComponent
19:16:55.416 SCRIPT    (E): 'SCR_BaseSupportStationComponent' 'EOnInit': 'GenericEntity<0x00000000117C6120> @"ENTITY:4611686018427389056" ('GenericEntity','Assets/Items/Fuel/Jerrycan_01/Jerrycan_01.xo' Support Station is set to use supplies  but it has no SCR_ResourceComponent
19:16:55.416 SCRIPT    (E): 'SCR_BaseSupportStationComponent' 'EOnInit': 'GenericEntity<0x000000001183C580> @"ENTITY:4611686018427389124" ('GenericEntity','Assets/Items/Fuel/Jerrycan_01/Jerrycan_01.xo' Support Station is set to use supplies  but it has no SCR_ResourceComponent
19:16:57.374 WORLD        : UpdateEntities
19:16:57.374  RPL          : rpl::Pip::ProcessNetToGame
19:16:57.374   SCRIPT    (E): Virtual Machine Exception

Reason: NULL pointer to instance. Variable 'from'

Class:      'SCR_EditorSettingsEntity'
Entity id:0

Function: 'GetSkipStreamingRules'
Stack trace:
scripts/Game/Editor/Entities/SCR_EditorSettingsEntity.c:134 Function GetSkipStreamingRules
scripts/Game/Editor/Components/Editor/SCR_DynamicSimulationEditorComponent.c:56 Function EnableStreamingForEntity
scripts/Game/Editor/Components/Editor/SCR_DynamicSimulationEditorComponent.c:42 Function EnableStreaming
scripts/Game/Editor/Components/Editor/SCR_DynamicSimulationEditorComponent.c:90 Function EOnEditorActivateServer
scripts/Game/Editor/Entities/SCR_EditorModeEntity.c:153 Function ActivateModeServer
scripts/Game/Editor/Entities/SCR_EditorManagerEntity.c:177 Function ToggleServer
19:16:59.339 WORLD        : UpdateEntities
19:16:59.339  WORLD        : Frame
19:16:59.339   SCRIPT    (E): Invalid SmartAction id!
19:17:10.240 DEFAULT   (E): Trying to register a signal 'LHItemSoundInfo' on @"ENTITY:4611686018427388772" ('SCR_ChimeraCharacter','Assets/Characters/Basebody/Basebody_Male_01.xob') at <3098.631592 72.271751 1614.505371> @"{45A02CA25CBA9443}Prefabs/Characters/Factions/INDFOR/FIA/Character_FIA_Medic.et" outside of the main thread. Request ignored.
19:17:13.775 DEFAULT   (E): Trying to register a signal 'LHItemSoundInfo' on @"ENTITY:4611686018427388772" ('SCR_ChimeraCharacter','Assets/Characters/Basebody/Basebody_Male_01.xob') at <3098.631592 72.271751 1614.505371> @"{45A02CA25CBA9443}Prefabs/Characters/Factions/INDFOR/FIA/Character_FIA_Medic.et" outside of the main thread. Request ignored.
19:17:50.739 DEFAULT   (E): Trying to register a signal 'LHItemSoundInfo' on @"ENTITY:4611686018427388513" ('SCR_ChimeraCharacter','Assets/Characters/Basebody/Basebody_Male_01.xob') at <3045.875244 56.591705 1672.046753> @"{FE65E8C60C751352}Prefabs/Characters/Factions/INDFOR/FIA/Character_FIA_PL.et" outside of the main thread. Request ignored.
19:17:56.372 DEFAULT   (E): Trying to register a signal 'LHItemSoundInfo' on @"ENTITY:4611686018427388513" ('SCR_ChimeraCharacter','Assets/Characters/Basebody/Basebody_Male_01.xob') at <3045.875244 56.593979 1672.046753> @"{FE65E8C60C751352}Prefabs/Characters/Factions/INDFOR/FIA/Character_FIA_PL.et" outside of the main thread. Request ignored.
19:18:01.138 DEFAULT   (E): Trying to register a signal 'LHItemSoundInfo' on @"ENTITY:4611686018427388513" ('SCR_ChimeraCharacter','Assets/Characters/Basebody/Basebody_Male_01.xob') at <3045.875244 56.592880 1672.046753> @"{FE65E8C60C751352}Prefabs/Characters/Factions/INDFOR/FIA/Character_FIA_PL.et" outside of the main thread. Request ignored.
19:18:05.637 DEFAULT   (E): Trying to register a signal 'LHItemSoundInfo' on @"ENTITY:4611686018427388513" ('SCR_ChimeraCharacter','Assets/Characters/Basebody/Basebody_Male_01.xob') at <3045.875244 56.592880 1672.046753> @"{FE65E8C60C751352}Prefabs/Characters/Factions/INDFOR/FIA/Character_FIA_PL.et" outside of the main thread. Request ignored.
19:18:10.737 DEFAULT   (E): Trying to register a signal 'LHItemSoundInfo' on @"ENTITY:4611686018427388513" ('SCR_ChimeraCharacter','Assets/Characters/Basebody/Basebody_Male_01.xob') at <3045.875244 56.589615 1672.046753> @"{FE65E8C60C751352}Prefabs/Characters/Factions/INDFOR/FIA/Character_FIA_PL.et" outside of the main thread. Request ignored.
19:18:16.937 DEFAULT   (E): Trying to register a signal 'LHItemSoundInfo' on @"ENTITY:4611686018427388513" ('SCR_ChimeraCharacter','Assets/Characters/Basebody/Basebody_Male_01.xob') at <3045.875244 56.589615 1672.046753> @"{FE65E8C60C751352}Prefabs/Characters/Factions/INDFOR/FIA/Character_FIA_PL.et" outside of the main thread. Request ignored.
19:18:21.703 DEFAULT   (E): Trying to register a signal 'LHItemSoundInfo' on @"ENTITY:4611686018427388513" ('SCR_ChimeraCharacter','Assets/Characters/Basebody/Basebody_Male_01.xob') at <3045.875244 56.592812 1672.046753> @"{FE65E8C60C751352}Prefabs/Characters/Factions/INDFOR/FIA/Character_FIA_PL.et" outside of the main thread. Request ignored.
19:18:25.338 DEFAULT   (E): Trying to register a signal 'LHItemSoundInfo' on @"ENTITY:4611686018427388513" ('SCR_ChimeraCharacter','Assets/Characters/Basebody/Basebody_Male_01.xob') at <3045.875244 56.592812 1672.046753> @"{FE65E8C60C751352}Prefabs/Characters/Factions/INDFOR/FIA/Character_FIA_PL.et" outside of the main thread. Request ignored.
19:18:29.537 DEFAULT   (E): Trying to register a signal 'LHItemSoundInfo' on @"ENTITY:4611686018427388513" ('SCR_ChimeraCharacter','Assets/Characters/Basebody/Basebody_Male_01.xob') at <3045.875244 56.592812 1672.046753> @"{FE65E8C60C751352}Prefabs/Characters/Factions/INDFOR/FIA/Character_FIA_PL.et" outside of the main thread. Request ignored.
19:18:36.370 DEFAULT   (E): Trying to register a signal 'LHItemSoundInfo' on @"ENTITY:4611686018427388513" ('SCR_ChimeraCharacter','Assets/Characters/Basebody/Basebody_Male_01.xob') at <3045.875244 56.592812 1672.046753> @"{FE65E8C60C751352}Prefabs/Characters/Factions/INDFOR/FIA/Character_FIA_PL.et" outside of the main thread. Request ignored.
19:19:41.617 DEFAULT   (E): Trying to register a signal 'LHItemSoundInfo' on @"ENTITY:4611686018427388513" ('SCR_ChimeraCharacter','Assets/Characters/Basebody/Basebody_Male_01.xob') at <3051.453613 56.562050 1670.672485> @"{FE65E8C60C751352}Prefabs/Characters/Factions/INDFOR/FIA/Character_FIA_PL.et" outside of the main thread. Request ignored.
19:19:46.985 DEFAULT   (E): Trying to register a signal 'LHItemSoundInfo' on @"ENTITY:4611686018427388513" ('SCR_ChimeraCharacter','Assets/Characters/Basebody/Basebody_Male_01.xob') at <3051.453613 56.562119 1670.672485> @"{FE65E8C60C751352}Prefabs/Characters/Factions/INDFOR/FIA/Character_FIA_PL.et" outside of the main thread. Request ignored.
19:20:06.851 DEFAULT   (E): Trying to register a signal 'LHItemSoundInfo' on @"ENTITY:4611686018427388513" ('SCR_ChimeraCharacter','Assets/Characters/Basebody/Basebody_Male_01.xob') at <3051.453613 56.562119 1670.672485> @"{FE65E8C60C751352}Prefabs/Characters/Factions/INDFOR/FIA/Character_FIA_PL.et" outside of the main thread. Request ignored.
19:20:13.583 DEFAULT   (E): Trying to register a signal 'LHItemSoundInfo' on @"ENTITY:4611686018427388513" ('SCR_ChimeraCharacter','Assets/Characters/Basebody/Basebody_Male_01.xob') at <3051.453613 56.562119 1670.672485> @"{FE65E8C60C751352}Prefabs/Characters/Factions/INDFOR/FIA/Character_FIA_PL.et" outside of the main thread. Request ignored.
19:20:16.916 DEFAULT   (E): Trying to register a signal 'LHItemSoundInfo' on @"ENTITY:4611686018427388513" ('SCR_ChimeraCharacter','Assets/Characters/Basebody/Basebody_Male_01.xob') at <3051.453613 56.562119 1670.672485> @"{FE65E8C60C751352}Prefabs/Characters/Factions/INDFOR/FIA/Character_FIA_PL.et" outside of the main thread. Request ignored.
19:20:24.450 DEFAULT   (E): Trying to register a signal 'LHItemSoundInfo' on @"ENTITY:4611686018427388513" ('SCR_ChimeraCharacter','Assets/Characters/Basebody/Basebody_Male_01.xob') at <3051.453613 56.562119 1670.672485> @"{FE65E8C60C751352}Prefabs/Characters/Factions/INDFOR/FIA/Character_FIA_PL.et" outside of the main thread. Request ignored.
19:21:01.097 WORLD        : UpdateEntities
19:21:01.097  WORLD        : Frame
19:21:01.097   SCRIPT    (E): Invalid SmartAction id!
19:21:13.613 DEFAULT   (E): Trying to register a signal 'LHItemSoundInfo' on @"ENTITY:4611686018427388513" ('SCR_ChimeraCharacter','Assets/Characters/Basebody/Basebody_Male_01.xob') at <3051.453613 56.562119 1670.672485> @"{FE65E8C60C751352}Prefabs/Characters/Factions/INDFOR/FIA/Character_FIA_PL.et" outside of the main thread. Request ignored.
19:21:22.713 DEFAULT   (E): Trying to register a signal 'LHItemSoundInfo' on @"ENTITY:4611686018427388513" ('SCR_ChimeraCharacter','Assets/Characters/Basebody/Basebody_Male_01.xob') at <3051.453613 56.562119 1670.672485> @"{FE65E8C60C751352}Prefabs/Characters/Factions/INDFOR/FIA/Character_FIA_PL.et" outside of the main thread. Request ignored.
19:21:32.797 DEFAULT   (E): Trying to register a signal 'LHItemSoundInfo' on @"ENTITY:4611686018427388513" ('SCR_ChimeraCharacter','Assets/Characters/Basebody/Basebody_Male_01.xob') at <3051.453613 56.562119 1670.672485> @"{FE65E8C60C751352}Prefabs/Characters/Factions/INDFOR/FIA/Character_FIA_PL.et" outside of the main thread. Request ignored.
19:21:36.128 DEFAULT   (E): Trying to register a signal 'LHItemSoundInfo' on @"ENTITY:4611686018427388513" ('SCR_ChimeraCharacter','Assets/Characters/Basebody/Basebody_Male_01.xob') at <3051.453613 56.562119 1670.672485> @"{FE65E8C60C751352}Prefabs/Characters/Factions/INDFOR/FIA/Character_FIA_PL.et" outside of the main thread. Request ignored.
19:21:39.522 ENTITY       : SpawnEntityPrefab @"{B70E6D12A8EC2410}Prefabs/Vehicles/Wheeled/Ural4320/Ural4320_FIA_transport_covered.et"
19:21:39.522  ENTITY       : Create entity @"ENTITY:4611686018427389643" ('Vehicle','Assets/Vehicles/Wheeled/Ural4320/Ural_4320_base.xob') at <1329.476196 38.000999 2902.667236> @"{B70E6D12A8EC2410}Prefabs/Vehicles/Wheeled/Ural4320/Ural4320_FIA_transport_covered.et"
19:21:39.522   ENTITY       : SpawnEntityPrefab @"{12D7EB72A88C923F}Prefabs/Vehicles/Wheeled/Ural4320/VehParts/FIA/Ural4320_FIA_cargo_canvas.et"
19:21:39.522    ENTITY       : Create entity @"ENTITY:4611686018427389676" ('GenericEntity','Assets/Vehicles/Wheeled/Ural4320/Ural_4320_cargo.xob') at <1329.476196 38.000999 2902.667236> @"{12D7EB72A88C923F}Prefabs/Vehicles/Wheeled/Ural4320/VehParts/FIA/Ural4320_FIA_cargo_canvas.et"
19:21:39.522     ENTITY    (W): Converted from old-style index parent surface, please resave
19:21:39.522     ENTITY    (W): Converted from old-style index parent surface, please resave
19:21:39.523     ENTITY    (W): Converted from old-style index parent surface, please resave
19:21:39.523     ENTITY    (W): Converted from old-style index parent surface, please resave
19:21:39.523     ENTITY    (W): Converted from old-style index parent surface, please resave
19:21:39.523     ENTITY    (W): Converted from old-style index parent surface, please resave
19:21:39.542 ENTITY       : SpawnEntityPrefab @"{B70E6D12A8EC2410}Prefabs/Vehicles/Wheeled/Ural4320/Ural4320_FIA_transport_covered.et"
19:21:39.542  ENTITY       : Create entity @"ENTITY:4611686018427389711" ('Vehicle','Assets/Vehicles/Wheeled/Ural4320/Ural_4320_base.xob') at <1250.631470 37.599998 2931.541992> @"{B70E6D12A8EC2410}Prefabs/Vehicles/Wheeled/Ural4320/Ural4320_FIA_transport_covered.et"
19:21:39.542   ENTITY       : SpawnEntityPrefab @"{12D7EB72A88C923F}Prefabs/Vehicles/Wheeled/Ural4320/VehParts/FIA/Ural4320_FIA_cargo_canvas.et"
19:21:39.542    ENTITY       : Create entity @"ENTITY:4611686018427389744" ('GenericEntity','Assets/Vehicles/Wheeled/Ural4320/Ural_4320_cargo.xob') at <1250.631470 37.599998 2931.541992> @"{12D7EB72A88C923F}Prefabs/Vehicles/Wheeled/Ural4320/VehParts/FIA/Ural4320_FIA_cargo_canvas.et"
19:21:39.542     ENTITY    (W): Converted from old-style index parent surface, please resave
19:21:39.542     ENTITY    (W): Converted from old-style index parent surface, please resave
19:21:39.542     ENTITY    (W): Converted from old-style index parent surface, please resave
19:21:39.542     ENTITY    (W): Converted from old-style index parent surface, please resave
19:21:39.542     ENTITY    (W): Converted from old-style index parent surface, please resave
19:21:39.542     ENTITY    (W): Converted from old-style index parent surface, please resave
19:21:39.556 ENTITY       : SpawnEntityPrefab @"{B70E6D12A8EC2410}Prefabs/Vehicles/Wheeled/Ural4320/Ural4320_FIA_transport_covered.et"
19:21:39.556  ENTITY       : Create entity @"ENTITY:4611686018427389779" ('Vehicle','Assets/Vehicles/Wheeled/Ural4320/Ural_4320_base.xob') at <1011.593018 38.126999 2938.087158> @"{B70E6D12A8EC2410}Prefabs/Vehicles/Wheeled/Ural4320/Ural4320_FIA_transport_covered.et"
19:21:39.556   ENTITY       : SpawnEntityPrefab @"{12D7EB72A88C923F}Prefabs/Vehicles/Wheeled/Ural4320/VehParts/FIA/Ural4320_FIA_cargo_canvas.et"
19:21:39.556    ENTITY       : Create entity @"ENTITY:4611686018427389812" ('GenericEntity','Assets/Vehicles/Wheeled/Ural4320/Ural_4320_cargo.xob') at <1011.593018 38.126999 2938.087158> @"{12D7EB72A88C923F}Prefabs/Vehicles/Wheeled/Ural4320/VehParts/FIA/Ural4320_FIA_cargo_canvas.et"
19:21:39.556     ENTITY    (W): Converted from old-style index parent surface, please resave
19:21:39.556     ENTITY    (W): Converted from old-style index parent surface, please resave
19:21:39.556     ENTITY    (W): Converted from old-style index parent surface, please resave
19:21:39.556     ENTITY    (W): Converted from old-style index parent surface, please resave
19:21:39.556     ENTITY    (W): Converted from old-style index parent surface, please resave
19:21:39.556     ENTITY    (W): Converted from old-style index parent surface, please resave
19:21:39.586 ENTITY       : SpawnEntityPrefab @"{B70E6D12A8EC2410}Prefabs/Vehicles/Wheeled/Ural4320/Ural4320_FIA_transport_covered.et"
19:21:39.586  ENTITY       : Create entity @"ENTITY:4611686018427389897" ('Vehicle','Assets/Vehicles/Wheeled/Ural4320/Ural_4320_base.xob') at <1090.631470 37.932999 2909.633789> @"{B70E6D12A8EC2410}Prefabs/Vehicles/Wheeled/Ural4320/Ural4320_FIA_transport_covered.et"
19:21:39.586   ENTITY       : SpawnEntityPrefab @"{12D7EB72A88C923F}Prefabs/Vehicles/Wheeled/Ural4320/VehParts/FIA/Ural4320_FIA_cargo_canvas.et"
19:21:39.586    ENTITY       : Create entity @"ENTITY:4611686018427389930" ('GenericEntity','Assets/Vehicles/Wheeled/Ural4320/Ural_4320_cargo.xob') at <1090.631470 37.932999 2909.633789> @"{12D7EB72A88C923F}Prefabs/Vehicles/Wheeled/Ural4320/VehParts/FIA/Ural4320_FIA_cargo_canvas.et"
19:21:39.586     ENTITY    (W): Converted from old-style index parent surface, please resave
19:21:39.586     ENTITY    (W): Converted from old-style index parent surface, please resave
19:21:39.586     ENTITY    (W): Converted from old-style index parent surface, please resave
19:21:39.586     ENTITY    (W): Converted from old-style index parent surface, please resave
19:21:39.587     ENTITY    (W): Converted from old-style index parent surface, please resave
19:21:39.587     ENTITY    (W): Converted from old-style index parent surface, please resave
19:21:39.701 ENTITY       : SpawnEntityPrefab @"{16E32C3ABEAFC2C6}Prefabs/Vehicles/Wheeled/Ural4320/Ural4320_FIA_transport.et"
19:21:39.701  ENTITY       : Create entity @"ENTITY:4611686018427390385" ('Vehicle','Assets/Vehicles/Wheeled/Ural4320/Ural_4320_base.xob') at <1495.982178 1.095000 1855.096191> @"{16E32C3ABEAFC2C6}Prefabs/Vehicles/Wheeled/Ural4320/Ural4320_FIA_transport.et"
19:21:39.702   ENTITY       : SpawnEntityPrefab @"{655D7F2D222AACA8}Prefabs/Vehicles/Wheeled/Ural4320/VehParts/FIA/Ural4320_FIA_cargo.et"
19:21:39.702    ENTITY       : Create entity @"ENTITY:4611686018427390418" ('GenericEntity','Assets/Vehicles/Wheeled/Ural4320/Ural_4320_cargo.xob') at <1495.982178 1.095000 1855.096191> @"{655D7F2D222AACA8}Prefabs/Vehicles/Wheeled/Ural4320/VehParts/FIA/Ural4320_FIA_cargo.et"
19:21:39.702     ENTITY    (W): Converted from old-style index parent surface, please resave
19:21:39.702     ENTITY    (W): Converted from old-style index parent surface, please resave
19:21:39.702     ENTITY    (W): Converted from old-style index parent surface, please resave
19:21:39.702     ENTITY    (W): Converted from old-style index parent surface, please resave
19:21:39.702     ENTITY    (W): Converted from old-style index parent surface, please resave
19:21:39.702     ENTITY    (W): Converted from old-style index parent surface, please resave
19:21:39.790 SCRIPT    (E): 'SCR_BaseSupportStationComponent' 'EOnInit': 'GenericEntity<0x0000000011A2B550> @"ENTITY:4611686018427389656" ('GenericEntity','Assets/Items/Fuel/Jerrycan_01/Jerrycan_01.xo' Support Station is set to use supplies  but it has no SCR_ResourceComponent
19:21:39.792 SCRIPT    (E): 'SCR_BaseSupportStationComponent' 'EOnInit': 'GenericEntity<0x0000000011DB49C0> @"ENTITY:4611686018427389724" ('GenericEntity','Assets/Items/Fuel/Jerrycan_01/Jerrycan_01.xo' Support Station is set to use supplies  but it has no SCR_ResourceComponent
19:21:39.792 SCRIPT    (E): 'SCR_BaseSupportStationComponent' 'EOnInit': 'GenericEntity<0x0000000011DB5AC0> @"ENTITY:4611686018427389792" ('GenericEntity','Assets/Items/Fuel/Jerrycan_01/Jerrycan_01.xo' Support Station is set to use supplies  but it has no SCR_ResourceComponent
19:21:39.793 SCRIPT    (E): 'SCR_BaseSupportStationComponent' 'EOnInit': 'GenericEntity<0x000000001183DCE0> @"ENTITY:4611686018427389862" ('GenericEntity','Assets/Items/Fuel/Jerrycan_01/Jerrycan_01.xo' Support Station is set to use supplies  but it has no SCR_ResourceComponent
19:21:39.793 SCRIPT    (E): 'SCR_BaseSupportStationComponent' 'EOnInit': 'GenericEntity<0x000000001183C360> @"ENTITY:4611686018427389910" ('GenericEntity','Assets/Items/Fuel/Jerrycan_01/Jerrycan_01.xo' Support Station is set to use supplies  but it has no SCR_ResourceComponent
19:21:39.794 SCRIPT    (E): 'SCR_BaseSupportStationComponent' 'EOnInit': 'GenericEntity<0x0000000011E65790> @"ENTITY:4611686018427389980" ('GenericEntity','Assets/Items/Fuel/Jerrycan_01/Jerrycan_01.xo' Support Station is set to use supplies  but it has no SCR_ResourceComponent
19:21:39.795 SCRIPT    (E): 'SCR_BaseSupportStationComponent' 'EOnInit': 'GenericEntity<0x000000001149D240> @"ENTITY:4611686018427390030" ('GenericEntity','Assets/Items/Fuel/Jerrycan_01/Jerrycan_01.xo' Support Station is set to use supplies  but it has no SCR_ResourceComponent
19:21:39.795 SCRIPT    (E): 'SCR_BaseSupportStationComponent' 'EOnInit': 'GenericEntity<0x000000001149E890> @"ENTITY:4611686018427390097" ('GenericEntity','Assets/Items/Fuel/Jerrycan_01/Jerrycan_01.xo' Support Station is set to use supplies  but it has no SCR_ResourceComponent
19:21:39.796 SCRIPT    (E): 'SCR_BaseSupportStationComponent' 'EOnInit': 'GenericEntity<0x0000000010670470> @"ENTITY:4611686018427390164" ('GenericEntity','Assets/Items/Fuel/Jerrycan_01/Jerrycan_01.xo' Support Station is set to use supplies  but it has no SCR_ResourceComponent
19:21:39.797 SCRIPT    (E): 'SCR_BaseSupportStationComponent' 'EOnInit': 'GenericEntity<0x00007FE68BD29680> @"ENTITY:4611686018427390231" ('GenericEntity','Assets/Items/Fuel/Jerrycan_01/Jerrycan_01.xo' Support Station is set to use supplies  but it has no SCR_ResourceComponent
19:21:39.798 SCRIPT    (E): 'SCR_BaseSupportStationComponent' 'EOnInit': 'GenericEntity<0x000000000ABD1130> @"ENTITY:4611686018427390281" ('GenericEntity','Assets/Items/Fuel/Jerrycan_01/Jerrycan_01.xo' Support Station is set to use supplies  but it has no SCR_ResourceComponent
19:21:39.798 SCRIPT    (E): 'SCR_BaseSupportStationComponent' 'EOnInit': 'GenericEntity<0x000000000ABD2670> @"ENTITY:4611686018427390333" ('GenericEntity','Assets/Items/Fuel/Jerrycan_01/Jerrycan_01.xo' Support Station is set to use supplies  but it has no SCR_ResourceComponent
19:21:39.799 SCRIPT    (E): 'SCR_BaseSupportStationComponent' 'EOnInit': 'GenericEntity<0x00000000118007A0> @"ENTITY:4611686018427390398" ('GenericEntity','Assets/Items/Fuel/Jerrycan_01/Jerrycan_01.xo' Support Station is set to use supplies  but it has no SCR_ResourceComponent
19:21:39.800 SCRIPT    (E): 'SCR_BaseSupportStationComponent' 'EOnInit': 'GenericEntity<0x0000000011802AB0> @"ENTITY:4611686018427390467" ('GenericEntity','Assets/Items/Fuel/Jerrycan_01/Jerrycan_01.xo' Support Station is set to use supplies  but it has no SCR_ResourceComponent
19:21:40.075 SCRIPT    (E): ScenarioFramework: Object GenericEntity<0x000000000B47CBE0> @"ENTITY:4611686018427388072" ('GenericEntity','Assets/Items/Misc/IntelligenceFolder_E_01/IntelligenceFolder_E_01.xob') at <1360.511963 43.720001 2966.832031> @"{6D56FED1E55A8F84}Prefabs/Items/Misc/IntelligenceFolder_E_01/IntelligenceFolder_E_01.et" already exists and won't be spawned for SlotPick_2, exiting...
19:21:43.935 DEFAULT   (E): Trying to register a signal 'LHItemSoundInfo' on @"ENTITY:4611686018427391519" ('SCR_ChimeraCharacter','Assets/Characters/Basebody/Basebody_Male_01.xob') at <1424.745972 37.321484 2683.022949> @"{BF1E43FF39AA526B}Prefabs/Characters/Factions/INDFOR/FIA/Character_FIA_Scout.et" outside of the main thread. Request ignored.
19:21:44.841 DEFAULT   (E): Trying to register a signal 'LHItemSoundInfo' on @"ENTITY:4611686018427391661" ('SCR_ChimeraCharacter','Assets/Characters/Basebody/Basebody_Male_01.xob') at <1859.661987 59.933140 2457.229980> @"{BF1E43FF39AA526B}Prefabs/Characters/Factions/INDFOR/FIA/Character_FIA_Scout.et" outside of the main thread. Request ignored.
19:21:44.959 DEFAULT   (E): Trying to register a signal 'LHItemSoundInfo' on @"ENTITY:4611686018427391233" ('SCR_ChimeraCharacter','Assets/Characters/Basebody/Basebody_Male_01.xob') at <1350.947021 8.392282 1854.059937> @"{FE65E8C60C751352}Prefabs/Characters/Factions/INDFOR/FIA/Character_FIA_PL.et" outside of the main thread. Request ignored.
19:21:48.299 DEFAULT   (E): Trying to register a signal 'LHItemSoundInfo' on @"ENTITY:4611686018427391233" ('SCR_ChimeraCharacter','Assets/Characters/Basebody/Basebody_Male_01.xob') at <1350.947021 8.393846 1854.059937> @"{FE65E8C60C751352}Prefabs/Characters/Factions/INDFOR/FIA/Character_FIA_PL.et" outside of the main thread. Request ignored.
19:21:53.867 DEFAULT   (E): Trying to register a signal 'LHItemSoundInfo' on @"ENTITY:4611686018427391519" ('SCR_ChimeraCharacter','Assets/Characters/Basebody/Basebody_Male_01.xob') at <1424.745972 37.312824 2683.022949> @"{BF1E43FF39AA526B}Prefabs/Characters/Factions/INDFOR/FIA/Character_FIA_Scout.et" outside of the main thread. Request ignored.
19:21:54.735 DEFAULT   (E): Trying to register a signal 'LHItemSoundInfo' on @"ENTITY:4611686018427391661" ('SCR_ChimeraCharacter','Assets/Characters/Basebody/Basebody_Male_01.xob') at <1859.661987 59.861214 2457.229980> @"{BF1E43FF39AA526B}Prefabs/Characters/Factions/INDFOR/FIA/Character_FIA_Scout.et" outside of the main thread. Request ignored.
19:21:55.737 PATHFINDING(W): Failed to create instance of custom link! Tile: [59, 98], link_idx: 0
19:21:55.747 PATHFINDING(W): Failed to create instance of custom link! Tile: [59, 98], link_idx: 0
19:21:59.659 PATHFINDING(W): Failed to create instance of custom link! Tile: [59, 98], link_idx: 0
19:22:08.402 PATHFINDING(W): Failed to create instance of custom link! Tile: [59, 98], link_idx: 0
19:22:10.133 PATHFINDING(W): Failed to create instance of custom link! Tile: [59, 98], link_idx: 0
19:22:11.350 PATHFINDING(W): Failed to create instance of custom link! Tile: [59, 98], link_idx: 0
19:22:31.891 PATHFINDING(W): Failed to create instance of custom link! Tile: [59, 98], link_idx: 0
19:22:34.503 DEFAULT   (E): Trying to register a signal 'LHItemSoundInfo' on @"ENTITY:4611686018427391831" ('SCR_ChimeraCharacter','Assets/Characters/Basebody/Basebody_Male_01.xob') at <1396.068359 15.156180 1935.325195> @"{677B515F119222C2}Prefabs/Characters/Factions/INDFOR/FIA/Character_FIA_SL.et" outside of the main thread. Request ignored.
19:22:35.917 DEFAULT   (E): Trying to register a signal 'LHItemSoundInfo' on @"ENTITY:4611686018427391831" ('SCR_ChimeraCharacter','Assets/Characters/Basebody/Basebody_Male_01.xob') at <1396.068359 15.156492 1935.325195> @"{677B515F119222C2}Prefabs/Characters/Factions/INDFOR/FIA/Character_FIA_SL.et" outside of the main thread. Request ignored.
19:22:52.446 DEFAULT   (E): Trying to register a signal 'LHItemSoundInfo' on @"ENTITY:4611686018427391233" ('SCR_ChimeraCharacter','Assets/Characters/Basebody/Basebody_Male_01.xob') at <1301.306396 12.616359 1900.582520> @"{FE65E8C60C751352}Prefabs/Characters/Factions/INDFOR/FIA/Character_FIA_PL.et" outside of the main thread. Request ignored.
19:22:55.611 DEFAULT   (E): Trying to register a signal 'LHItemSoundInfo' on @"ENTITY:4611686018427391233" ('SCR_ChimeraCharacter','Assets/Characters/Basebody/Basebody_Male_01.xob') at <1301.306396 12.616380 1900.582520> @"{FE65E8C60C751352}Prefabs/Characters/Factions/INDFOR/FIA/Character_FIA_PL.et" outside of the main thread. Request ignored.
19:23:34.294 DEFAULT   (E): Trying to register a signal 'LHItemSoundInfo' on @"ENTITY:4611686018427390610" ('SCR_ChimeraCharacter','Assets/Characters/Basebody/Basebody_Male_01.xob') at <1499.005493 35.365696 2535.010986> @"{84B40583F4D1B7A3}Prefabs/Characters/Factions/INDFOR/FIA/Character_FIA_Rifleman.et" outside of the main thread. Request ignored.
19:23:38.193 DEFAULT   (E): Trying to register a signal 'LHItemSoundInfo' on @"ENTITY:4611686018427390610" ('SCR_ChimeraCharacter','Assets/Characters/Basebody/Basebody_Male_01.xob') at <1499.005493 35.365696 2535.010986> @"{84B40583F4D1B7A3}Prefabs/Characters/Factions/INDFOR/FIA/Character_FIA_Rifleman.et" outside of the main thread. Request ignored.
19:23:39.460 DEFAULT   (E): Trying to register a signal 'LHItemSoundInfo' on @"ENTITY:4611686018427390575" ('SCR_ChimeraCharacter','Assets/Characters/Basebody/Basebody_Male_01.xob') at <1510.119995 38.233292 2270.842041> @"{84B40583F4D1B7A3}Prefabs/Characters/Factions/INDFOR/FIA/Character_FIA_Rifleman.et" outside of the main thread. Request ignored.
19:23:43.360 DEFAULT   (E): Trying to register a signal 'LHItemSoundInfo' on @"ENTITY:4611686018427390575" ('SCR_ChimeraCharacter','Assets/Characters/Basebody/Basebody_Male_01.xob') at <1510.119995 38.233292 2270.842041> @"{84B40583F4D1B7A3}Prefabs/Characters/Factions/INDFOR/FIA/Character_FIA_Rifleman.et" outside of the main thread. Request ignored.
19:23:54.159 DEFAULT   (E): Trying to register a signal 'LHItemSoundInfo' on @"ENTITY:4611686018427391233" ('SCR_ChimeraCharacter','Assets/Characters/Basebody/Basebody_Male_01.xob') at <1364.569824 12.488295 1894.621704> @"{FE65E8C60C751352}Prefabs/Characters/Factions/INDFOR/FIA/Character_FIA_PL.et" outside of the main thread. Request ignored.
19:23:57.495 DEFAULT   (E): Trying to register a signal 'LHItemSoundInfo' on @"ENTITY:4611686018427391233" ('SCR_ChimeraCharacter','Assets/Characters/Basebody/Basebody_Male_01.xob') at <1364.569824 12.488287 1894.621704> @"{FE65E8C60C751352}Prefabs/Characters/Factions/INDFOR/FIA/Character_FIA_PL.et" outside of the main thread. Request ignored.
19:24:15.855 WORLD        : UpdateEntities
19:24:15.855  WORLD        : Frame
19:24:15.855   SCRIPT    (W): Trying to allocate same compartment twice!
19:24:17.264 PATHFINDING(W): Failed to create instance of custom link! Tile: [59, 98], link_idx: 0
19:24:23.229 DEFAULT   (E): Trying to register a signal 'LHItemSoundInfo' on @"ENTITY:4611686018427391233" ('SCR_ChimeraCharacter','Assets/Characters/Basebody/Basebody_Male_01.xob') at <1336.609375 12.272370 1894.412720> @"{FE65E8C60C751352}Prefabs/Characters/Factions/INDFOR/FIA/Character_FIA_PL.et" outside of the main thread. Request ignored.
19:24:32.476 DEFAULT   (E): Trying to register a signal 'LHItemSoundInfo' on @"ENTITY:4611686018427391233" ('SCR_ChimeraCharacter','Assets/Characters/Basebody/Basebody_Male_01.xob') at <1336.609375 12.291983 1894.412720> @"{FE65E8C60C751352}Prefabs/Characters/Factions/INDFOR/FIA/Character_FIA_PL.et" outside of the main thread. Request ignored.
19:24:44.454 WORLD        : UpdateEntities
19:24:44.454  WORLD        : Frame
19:24:44.455   AI        (W): Stuck trying to get into vehicle. Reseting.. 
19:24:53.621 WORLD        : UpdateEntities
19:24:53.622  WORLD        : Frame
19:24:53.622   SCRIPT    (W): Trying to allocate same compartment twice!
19:25:01.977 PATHFINDING(W): Failed to create instance of custom link! Tile: [59, 98], link_idx: 0
19:25:08.659 PATHFINDING(W): Failed to create instance of custom link! Tile: [59, 98], link_idx: 0
19:25:17.190 PATHFINDING(W): Failed to create instance of custom link! Tile: [59, 98], link_idx: 0
19:26:05.803 DEFAULT   (E): Trying to register a signal 'LHItemSoundInfo' on @"ENTITY:4611686018427391796" ('SCR_ChimeraCharacter','Assets/Characters/Basebody/Basebody_Male_01.xob') at <1446.749512 35.334259 3158.667236> @"{BF1E43FF39AA526B}Prefabs/Characters/Factions/INDFOR/FIA/Character_FIA_Scout.et" outside of the main thread. Request ignored.
19:26:07.371 DEFAULT   (E): Trying to register a signal 'LHItemSoundInfo' on @"ENTITY:4611686018427391269" ('SCR_ChimeraCharacter','Assets/Characters/Basebody/Basebody_Male_01.xob') at <1467.516479 37.396317 3050.652588> @"{677B515F119222C2}Prefabs/Characters/Factions/INDFOR/FIA/Character_FIA_SL.et" outside of the main thread. Request ignored.
19:26:17.322 RPL       (E): RpcError: Calling a RPC from an unregistered item! itemType='script::Game::SCR_BudgetEditorComponent', rpc='OnEntityCoreBudgetUpdatedOwner'
