---------------------------------------------
Log /home/profile/logs/logs_2024-08-26_18-21-30/script.log started at 2024-08-26 18:21:31 (2024-08-26 18:21:31 UTC)

18:21:31.771 SCRIPT       : SCRIPT       : Initializing scripts
18:21:31.771  SCRIPT       : SCRIPT       : ScriptProjectManager init
18:21:31.965 SCRIPT       : SCRIPT       : Compiling GameLib scripts
18:21:32.034  SCRIPT       : Module: GameLib; loaded 282x files; 509x classes; used 468/2097 kB (22%) of static memory; defines: "PLATFORM_LINUX,ENF_ENABLE_VHC_OVERRIDE,ENF_ENABLE_RPLCOMPONENT_IN_GAMECODE"; CRC32: 46b6820e
18:21:32.042 SCRIPT       : SCRIPT       : Compiling Game scripts
18:21:35.341  SCRIPT       : Module: Game; loaded 4191x files; 8560x classes; used 18399/41943 kB (43%) of static memory; defines: "PLATFORM_LINUX,ENF_ENABLE_VHC_OVERRIDE,ENF_ENABLE_RPLCOMPONENT_IN_GAMECODE,ENABLE_BASE_DESTRUCTION,DEBUG,RESPAWN_TIMER_COMPONENT_DEBUG,DEBUG_NEARBY_CONTEXT_DISPLAY,DEBUG_CONFIGURABLE_DIALOGS,DISABLE_WEAPON_SWITCHING,SCRIPTED_AIM_MODIFIER_DEBUG"; CRC32: 63dd5095
18:27:25.259 SCRIPT       : SCRIPT       : Compiling GameLib scripts
18:27:25.329  SCRIPT       : Module: GameLib; loaded 282x files; 509x classes; used 462/2097 kB (22%) of static memory; defines: "PLATFORM_LINUX,ENF_ENABLE_VHC_OVERRIDE,ENF_ENABLE_RPLCOMPONENT_IN_GAMECODE"; CRC32: 46b6820e
18:27:25.339 SCRIPT       : SCRIPT       : Compiling Game scripts
18:27:29.458  SCRIPT       : Module: Game; loaded 4530x files; 9420x classes; used 20034/41943 kB (47%) of static memory; defines: "PLATFORM_LINUX,ENF_ENABLE_VHC_OVERRIDE,ENF_ENABLE_RPLCOMPONENT_IN_GAMECODE,SCRIPTED_AIM_MODIFIER_DEBUG,ENABLE_BASE_DESTRUCTION,DEBUG,RESPAWN_TIMER_COMPONENT_DEBUG,DEBUG_NEARBY_CONTEXT_DISPLAY,DEBUG_CONFIGURABLE_DIALOGS,DISABLE_WEAPON_SWITCHING"; CRC32: 00b633bc
18:27:48.667     SCRIPT    (W): Catalog Entry: '{DEBB01A41488DFF8}Prefabs/Weapons/Attachments/Muzzle/RHS_6P20_0_20.et' could not create UIinfo for inventory item. Non was found for weapon nor Inventory item data
18:27:48.667     SCRIPT    (W): Catalog Entry: '{BAC59BF0DF432D43}Prefabs/Weapons/Attachments/Muzzle/RHS_PGS64.et' could not create UIinfo for inventory item. Non was found for weapon nor Inventory item data
18:27:49.350      SCRIPT    (W): SCR_MapEntity: Cannot get the size from terrain. Using default.
18:27:50.110      SCRIPT       : ServerAdminTools.LoadConfig | Trying to load configuration file $profile:ServerAdminTools_Config.json
18:27:50.112      SCRIPT       : ServerAdminTools | Loaded 0 repeated chat messages from config.
18:27:50.112      SCRIPT       : ServerAdminTools | Loaded 0 scheduled chat messages from config.
18:27:50.113      SCRIPT    (W): ServerAdminTools_GameModeComponent.CreateEventHandlers | Events API URL or Token not specified. Events will be logged but not submitted anywhere.
18:27:50.113      SCRIPT       : ServerAdminTools_GameModeComponent.CreateEventHandlers | Events API: Initializing event serveradmintools_player_killed
18:27:50.113      SCRIPT       : ServerAdminTools_GameModeComponent.CreateEventHandlers | Events API: Initializing event serveradmintools_player_joined
18:27:50.113      SCRIPT       : ServerAdminTools_GameModeComponent.CreateEventHandlers | Events API: Initializing event serveradmintools_conflict_base_captured
18:27:50.113      SCRIPT       : ServerAdminTools_GameModeComponent.CreateEventHandlers | Events API: Initializing event serveradmintools_admin_action
18:27:50.113      SCRIPT       : ServerAdminTools_GameModeComponent.CreateEventHandlers | Events API: Initializing event serveradmintools_vote_started
18:27:50.114      SCRIPT       : ServerAdminTools_GameModeComponent.CreateEventHandlers | Events API: Initializing event serveradmintools_vote_ended
18:27:50.114      SCRIPT       : ServerAdminTools_GameModeComponent.CreateEventHandlers | Events API: Initializing event serveradmintools_server_fps_low
18:27:50.114      SCRIPT       : ServerAdminTools_GameModeComponent.CreateEventHandlers | Events API: Initializing event serveradmintools_game_ended
18:27:50.114      SCRIPT       : ServerAdminTools_GameModeComponent.CreateEventHandlers | Events API: Initializing event serveradmintools_game_started
18:27:50.114      SCRIPT       : ServerAdminTools_GamemodeComponent.EOnInit | Ready!
18:27:52.354 SCRIPT    (E): Virtual Machine Exception

Reason: NULL pointer to instance

Class:      'RHS_GPSMapCore'
Function: 'DumpMap'
Stack trace:
scripts/Game/GameCore/RHS_GPSMapCore.c:149 Function DumpMap
scripts/Game/GameCore/RHS_GPSMapCore.c:46 Function OnGameStart
scripts/Game/GameCore/SCR_GameCoresManager.c:31 Function OnGameStart
scripts/Game/game.c:667 Function OnGameStart
18:27:52.361 SCRIPT       : Map load time: 106ms
18:27:52.493 SCRIPT    (E): 'SCR_BaseSupportStationComponent' 'EOnInit': 'SCR_DestructibleBuildingEntity<0x00007FE6A56E9008> @"ENTITY:59112" ('SCR_DestructibleBuildingEntity','Assets/Structures/Commer' Support Station is set to use supplies  but it has no SCR_ResourceComponent
18:27:52.493 SCRIPT    (E): 'SCR_BaseSupportStationComponent' 'EOnInit': 'SCR_DestructibleBuildingEntity<0x00007FE6A56E9140> @"ENTITY:59118" ('SCR_DestructibleBuildingEntity','Assets/Structures/Commer' Support Station is set to use supplies  but it has no SCR_ResourceComponent
18:27:52.494 SCRIPT    (E): 'SCR_BaseSupportStationComponent' 'EOnInit': 'SCR_DestructibleBuildingEntity<0x00007FE6A56E9278> @"ENTITY:59124" ('SCR_DestructibleBuildingEntity','Assets/Structures/Commer' Support Station is set to use supplies  but it has no SCR_ResourceComponent
18:27:52.494 SCRIPT    (E): 'SCR_BaseSupportStationComponent' 'EOnInit': 'SCR_DestructibleBuildingEntity<0x00007FE6A56E93B0> @"ENTITY:59130" ('SCR_DestructibleBuildingEntity','Assets/Structures/Commer' Support Station is set to use supplies  but it has no SCR_ResourceComponent
18:27:52.495 SCRIPT    (E): 'SCR_BaseSupportStationComponent' 'EOnInit': 'SCR_DestructibleBuildingEntity<0x00007FE699960B28> @"ENTITY:109411" ('SCR_DestructibleBuildingEntity','Assets/Structures/Comme' Support Station is set to use supplies  but it has no SCR_ResourceComponent
18:27:52.495 SCRIPT    (E): 'SCR_BaseSupportStationComponent' 'EOnInit': 'SCR_DestructibleBuildingEntity<0x00007FE699960C60> @"ENTITY:109416" ('SCR_DestructibleBuildingEntity','Assets/Structures/Comme' Support Station is set to use supplies  but it has no SCR_ResourceComponent
18:27:52.557  SCRIPT       : RHS_CallInSupportSystem => OnInit => Startup
18:27:52.557  SCRIPT       : RHS_CallInSupportSystem => OnInit => Additional settings found
18:27:52.557  SCRIPT       : RHS_CallInSupportSystem => OnInit => CISS config found
18:27:52.557  SCRIPT       : RHS_CallInSupportSystem => OnInit => CISS loaded - m_aFactionCallInsContainers.Count()=5
18:27:52.557  SCRIPT       : RHS_CallInSupportSystem => OnInit => m_bUseResourceSystem=false
18:27:52.557  SCRIPT       : RHS_CallInSupportSystem => OnInit => m_bRankLimitationCanBeUsed=false
18:27:52.557  SCRIPT       : RHS_CallInSupportSystem => OnInit => End
18:27:52.563   SCRIPT       : SCR_BaseGameMode::OnGameStateChanged = GAME
18:27:52.563   SCRIPT       : ServerAdminTools | Event serveradmintools_game_started | no data
18:27:53.671 SCRIPT       : ScenarioFramework: ---------------------- Generating tasks -------------------
18:27:53.676 SCRIPT       : ScenarioFramework: Creating area Area_B with Layer Task B_Documents
18:27:53.676 SCRIPT       : ScenarioFramework: Creating area Area_C with Layer Task C_Kill
18:27:53.676 SCRIPT       : ScenarioFramework: Creating area Area_A with Layer Task A_Destroy
18:27:53.676 SCRIPT       : ScenarioFramework: ---------------------- Generation of tasks completed -------------------
18:27:54.086 SCRIPT    (E): 'SCR_BaseSupportStationComponent' 'EOnInit': 'GenericEntity<0x00007FE68BD28E00> @"ENTITY:4611686018427387993" ('GenericEntity','Assets/Items/Fuel/Jerrycan_01/Jerrycan_01.xo' Support Station is set to use supplies  but it has no SCR_ResourceComponent
18:27:54.362 SCRIPT       : ScenarioFramework: -> LayerTask: SlotTask SlotKill_5 - generating task Eliminate target. Description: ScenarioFramework: -> LayerTask: SlotTask SlotKill_5 - generating task Eliminate target. Description: 
18:27:54.654 SCRIPT       : ScenarioFramework: -> LayerTask: SlotTask SlotDestroy_2 - generating task Destroy vehicle. Description: ScenarioFramework: -> LayerTask: SlotTask SlotDestroy_2 - generating task Destroy vehicle. Description: 320 Command Truck FIA
18:27:54.856 SCRIPT       : ScenarioFramework: -> LayerTask: SlotTask SlotPick_2 - generating task Recover intel. Description: ScenarioFramework: -> LayerTask: SlotTask SlotPick_2 - generating task Recover intel. Description:  an enemy unit may be carrying it on them, or it may be securely stored away somewhere.
18:27:55.103 SCRIPT    (E): 'SCR_BaseSupportStationComponent' 'EOnInit': 'GenericEntity<0x000000000AC24BE0> @"ENTITY:4611686018427388348" ('GenericEntity','Assets/Items/Fuel/Jerrycan_01/Jerrycan_01.xo' Support Station is set to use supplies  but it has no SCR_ResourceComponent
18:29:52.884 SCRIPT       : SCR_LatestSaveDSSessionCallback: LocalSave: .LatestSave
18:31:52.906 SCRIPT       : SCR_LatestSaveDSSessionCallback: LocalSave: .LatestSave
18:33:52.920 SCRIPT       : SCR_LatestSaveDSSessionCallback: LocalSave: .LatestSave
18:35:52.923 SCRIPT       : SCR_LatestSaveDSSessionCallback: LocalSave: .LatestSave
18:37:52.944 SCRIPT       : SCR_LatestSaveDSSessionCallback: LocalSave: .LatestSave
18:39:52.946 SCRIPT       : SCR_LatestSaveDSSessionCallback: LocalSave: .LatestSave
18:41:52.961 SCRIPT       : SCR_LatestSaveDSSessionCallback: LocalSave: .LatestSave
18:43:52.970 SCRIPT       : SCR_LatestSaveDSSessionCallback: LocalSave: .LatestSave
18:45:52.983 SCRIPT       : SCR_LatestSaveDSSessionCallback: LocalSave: .LatestSave
18:47:52.999 SCRIPT       : SCR_LatestSaveDSSessionCallback: LocalSave: .LatestSave
18:49:53.008 SCRIPT       : SCR_LatestSaveDSSessionCallback: LocalSave: .LatestSave
18:51:53.020 SCRIPT       : SCR_LatestSaveDSSessionCallback: LocalSave: .LatestSave
18:53:53.032 SCRIPT       : SCR_LatestSaveDSSessionCallback: LocalSave: .LatestSave
18:55:53.038 SCRIPT       : SCR_LatestSaveDSSessionCallback: LocalSave: .LatestSave
18:57:53.053 SCRIPT       : SCR_LatestSaveDSSessionCallback: LocalSave: .LatestSave
18:59:53.068 SCRIPT       : SCR_LatestSaveDSSessionCallback: LocalSave: .LatestSave
19:01:53.078 SCRIPT       : SCR_LatestSaveDSSessionCallback: LocalSave: .LatestSave
19:03:53.101 SCRIPT       : SCR_LatestSaveDSSessionCallback: LocalSave: .LatestSave
19:05:53.104 SCRIPT       : SCR_LatestSaveDSSessionCallback: LocalSave: .LatestSave
19:07:53.112 SCRIPT       : SCR_LatestSaveDSSessionCallback: LocalSave: .LatestSave
19:09:53.129 SCRIPT       : SCR_LatestSaveDSSessionCallback: LocalSave: .LatestSave
19:11:53.139 SCRIPT       : SCR_LatestSaveDSSessionCallback: LocalSave: .LatestSave
19:13:53.152 SCRIPT       : SCR_LatestSaveDSSessionCallback: LocalSave: .LatestSave
19:15:53.159 SCRIPT       : SCR_LatestSaveDSSessionCallback: LocalSave: .LatestSave
19:16:42.145   SCRIPT       : RHS_AdditionalGameModeSettingsComponent => RplSave => Packing data
19:16:42.145   SCRIPT       : RHS_AdditionalGameModeSettingsComponent => RplSave => m_CallInSupportsConfig=SCR_CallInSupportContainerConfig<0x00007FE69EEE1050>
19:16:42.145   SCRIPT       : RHS_AdditionalGameModeSettingsComponent => RplSave => hasData=true
19:16:42.145   SCRIPT       : RHS_AdditionalGameModeSettingsComponent => RplLoad => count=6
19:16:42.145   SCRIPT       : RHS_AdditionalGameModeSettingsComponent => RplLoad => writing data for CISContainer=KH55
19:16:42.145   SCRIPT       : RHS_AdditionalGameModeSettingsComponent => RplLoad => writing data for this container finished
19:16:42.145   SCRIPT       : RHS_AdditionalGameModeSettingsComponent => RplLoad => writing data for CISContainer=KH55
19:16:42.145   SCRIPT       : RHS_AdditionalGameModeSettingsComponent => RplLoad => writing data for this container finished
19:16:42.146   SCRIPT       : RHS_AdditionalGameModeSettingsComponent => RplLoad => writing data for CISContainer=F/A-18 Bombing run
19:16:42.146   SCRIPT       : RHS_AdditionalGameModeSettingsComponent => RplLoad => writing data for this container finished
19:16:42.146   SCRIPT       : RHS_AdditionalGameModeSettingsComponent => RplLoad => writing data for CISContainer=Resupply crate
19:16:42.146   SCRIPT       : RHS_AdditionalGameModeSettingsComponent => RplLoad => writing data for this container finished
19:16:42.146   SCRIPT       : RHS_AdditionalGameModeSettingsComponent => RplLoad => writing data for CISContainer=F/A-18 Bombing run
19:16:42.146   SCRIPT       : RHS_AdditionalGameModeSettingsComponent => RplLoad => writing data for this container finished
19:16:42.146   SCRIPT       : RHS_AdditionalGameModeSettingsComponent => RplLoad => writing data for CISContainer=Resupply crate
19:16:42.146   SCRIPT       : RHS_AdditionalGameModeSettingsComponent => RplLoad => writing data for this container finished
19:16:42.335     SCRIPT       : RHS_RadialMenu Initiated
19:16:42.789   SCRIPT    (W): Ban Settings could not be loaded from BE Storage: Relying on default config
19:16:42.791   SCRIPT       : ServerAdminTools_GameModeComponent.UpdatePlayerHistory | Player joined, id: 1, RplIdentity (hex): 0, name: Reidond, identityId: 25c9bb9d-fdd7-4be9-898e-cac20a551dd2
19:16:42.791   SCRIPT       : ServerAdminTools | Event serveradmintools_player_joined | player: Reidond, identity: 25c9bb9d-fdd7-4be9-898e-cac20a551dd2
19:16:55.189 SCRIPT    (E): 'SCR_BaseSupportStationComponent' 'EOnInit': 'GenericEntity<0x00007FE68BD28E00> @"ENTITY:4611686018427388603" ('GenericEntity','Assets/Items/Fuel/Jerrycan_01/Jerrycan_01.xo' Support Station is set to use supplies  but it has no SCR_ResourceComponent
19:16:55.190 SCRIPT    (E): 'SCR_BaseSupportStationComponent' 'EOnInit': 'GenericEntity<0x000000000F213330> @"ENTITY:4611686018427388676" ('GenericEntity','Assets/Items/Fuel/Jerrycan_01/Jerrycan_01.xo' Support Station is set to use supplies  but it has no SCR_ResourceComponent
19:16:55.191 SCRIPT    (E): 'SCR_BaseSupportStationComponent' 'EOnInit': 'GenericEntity<0x0000000010670F10> @"ENTITY:4611686018427388734" ('GenericEntity','Assets/Items/Fuel/Jerrycan_01/Jerrycan_01.xo' Support Station is set to use supplies  but it has no SCR_ResourceComponent
19:16:55.415 SCRIPT    (E): 'SCR_BaseSupportStationComponent' 'EOnInit': 'GenericEntity<0x0000000011549130> @"ENTITY:4611686018427388923" ('GenericEntity','Assets/Items/Fuel/Jerrycan_01/Jerrycan_01.xo' Support Station is set to use supplies  but it has no SCR_ResourceComponent
19:16:55.415 SCRIPT    (E): 'SCR_BaseSupportStationComponent' 'EOnInit': 'GenericEntity<0x000000001154BCC0> @"ENTITY:4611686018427388988" ('GenericEntity','Assets/Items/Fuel/Jerrycan_01/Jerrycan_01.xo' Support Station is set to use supplies  but it has no SCR_ResourceComponent
19:16:55.416 SCRIPT    (E): 'SCR_BaseSupportStationComponent' 'EOnInit': 'GenericEntity<0x00000000117C6120> @"ENTITY:4611686018427389056" ('GenericEntity','Assets/Items/Fuel/Jerrycan_01/Jerrycan_01.xo' Support Station is set to use supplies  but it has no SCR_ResourceComponent
19:16:55.416 SCRIPT    (E): 'SCR_BaseSupportStationComponent' 'EOnInit': 'GenericEntity<0x000000001183C580> @"ENTITY:4611686018427389124" ('GenericEntity','Assets/Items/Fuel/Jerrycan_01/Jerrycan_01.xo' Support Station is set to use supplies  but it has no SCR_ResourceComponent
19:16:57.374   SCRIPT    (E): Virtual Machine Exception

Reason: NULL pointer to instance. Variable 'from'

Class:      'SCR_EditorSettingsEntity'
Entity id:0

Function: 'GetSkipStreamingRules'
Stack trace:
scripts/Game/Editor/Entities/SCR_EditorSettingsEntity.c:134 Function GetSkipStreamingRules
scripts/Game/Editor/Components/Editor/SCR_DynamicSimulationEditorComponent.c:56 Function EnableStreamingForEntity
scripts/Game/Editor/Components/Editor/SCR_DynamicSimulationEditorComponent.c:42 Function EnableStreaming
scripts/Game/Editor/Components/Editor/SCR_DynamicSimulationEditorComponent.c:90 Function EOnEditorActivateServer
scripts/Game/Editor/Entities/SCR_EditorModeEntity.c:153 Function ActivateModeServer
scripts/Game/Editor/Entities/SCR_EditorManagerEntity.c:177 Function ToggleServer
19:16:59.339   SCRIPT    (E): Invalid SmartAction id!
19:17:53.244 SCRIPT       : SCR_LatestSaveDSSessionCallback: LocalSave: .LatestSave
19:19:53.242 SCRIPT       : SCR_LatestSaveDSSessionCallback: LocalSave: .LatestSave
19:21:01.097   SCRIPT    (E): Invalid SmartAction id!
19:21:39.791 SCRIPT    (E): 'SCR_BaseSupportStationComponent' 'EOnInit': 'GenericEntity<0x0000000011A2B550> @"ENTITY:4611686018427389656" ('GenericEntity','Assets/Items/Fuel/Jerrycan_01/Jerrycan_01.xo' Support Station is set to use supplies  but it has no SCR_ResourceComponent
19:21:39.792 SCRIPT    (E): 'SCR_BaseSupportStationComponent' 'EOnInit': 'GenericEntity<0x0000000011DB49C0> @"ENTITY:4611686018427389724" ('GenericEntity','Assets/Items/Fuel/Jerrycan_01/Jerrycan_01.xo' Support Station is set to use supplies  but it has no SCR_ResourceComponent
19:21:39.792 SCRIPT    (E): 'SCR_BaseSupportStationComponent' 'EOnInit': 'GenericEntity<0x0000000011DB5AC0> @"ENTITY:4611686018427389792" ('GenericEntity','Assets/Items/Fuel/Jerrycan_01/Jerrycan_01.xo' Support Station is set to use supplies  but it has no SCR_ResourceComponent
19:21:39.793 SCRIPT    (E): 'SCR_BaseSupportStationComponent' 'EOnInit': 'GenericEntity<0x000000001183DCE0> @"ENTITY:4611686018427389862" ('GenericEntity','Assets/Items/Fuel/Jerrycan_01/Jerrycan_01.xo' Support Station is set to use supplies  but it has no SCR_ResourceComponent
19:21:39.793 SCRIPT    (E): 'SCR_BaseSupportStationComponent' 'EOnInit': 'GenericEntity<0x000000001183C360> @"ENTITY:4611686018427389910" ('GenericEntity','Assets/Items/Fuel/Jerrycan_01/Jerrycan_01.xo' Support Station is set to use supplies  but it has no SCR_ResourceComponent
19:21:39.794 SCRIPT    (E): 'SCR_BaseSupportStationComponent' 'EOnInit': 'GenericEntity<0x0000000011E65790> @"ENTITY:4611686018427389980" ('GenericEntity','Assets/Items/Fuel/Jerrycan_01/Jerrycan_01.xo' Support Station is set to use supplies  but it has no SCR_ResourceComponent
19:21:39.795 SCRIPT    (E): 'SCR_BaseSupportStationComponent' 'EOnInit': 'GenericEntity<0x000000001149D240> @"ENTITY:4611686018427390030" ('GenericEntity','Assets/Items/Fuel/Jerrycan_01/Jerrycan_01.xo' Support Station is set to use supplies  but it has no SCR_ResourceComponent
19:21:39.795 SCRIPT    (E): 'SCR_BaseSupportStationComponent' 'EOnInit': 'GenericEntity<0x000000001149E890> @"ENTITY:4611686018427390097" ('GenericEntity','Assets/Items/Fuel/Jerrycan_01/Jerrycan_01.xo' Support Station is set to use supplies  but it has no SCR_ResourceComponent
19:21:39.796 SCRIPT    (E): 'SCR_BaseSupportStationComponent' 'EOnInit': 'GenericEntity<0x0000000010670470> @"ENTITY:4611686018427390164" ('GenericEntity','Assets/Items/Fuel/Jerrycan_01/Jerrycan_01.xo' Support Station is set to use supplies  but it has no SCR_ResourceComponent
19:21:39.797 SCRIPT    (E): 'SCR_BaseSupportStationComponent' 'EOnInit': 'GenericEntity<0x00007FE68BD29680> @"ENTITY:4611686018427390231" ('GenericEntity','Assets/Items/Fuel/Jerrycan_01/Jerrycan_01.xo' Support Station is set to use supplies  but it has no SCR_ResourceComponent
19:21:39.798 SCRIPT    (E): 'SCR_BaseSupportStationComponent' 'EOnInit': 'GenericEntity<0x000000000ABD1130> @"ENTITY:4611686018427390281" ('GenericEntity','Assets/Items/Fuel/Jerrycan_01/Jerrycan_01.xo' Support Station is set to use supplies  but it has no SCR_ResourceComponent
19:21:39.798 SCRIPT    (E): 'SCR_BaseSupportStationComponent' 'EOnInit': 'GenericEntity<0x000000000ABD2670> @"ENTITY:4611686018427390333" ('GenericEntity','Assets/Items/Fuel/Jerrycan_01/Jerrycan_01.xo' Support Station is set to use supplies  but it has no SCR_ResourceComponent
19:21:39.799 SCRIPT    (E): 'SCR_BaseSupportStationComponent' 'EOnInit': 'GenericEntity<0x00000000118007A0> @"ENTITY:4611686018427390398" ('GenericEntity','Assets/Items/Fuel/Jerrycan_01/Jerrycan_01.xo' Support Station is set to use supplies  but it has no SCR_ResourceComponent
19:21:39.800 SCRIPT    (E): 'SCR_BaseSupportStationComponent' 'EOnInit': 'GenericEntity<0x0000000011802AB0> @"ENTITY:4611686018427390467" ('GenericEntity','Assets/Items/Fuel/Jerrycan_01/Jerrycan_01.xo' Support Station is set to use supplies  but it has no SCR_ResourceComponent
19:21:40.075 SCRIPT    (E): ScenarioFramework: Object GenericEntity<0x000000000B47CBE0> @"ENTITY:4611686018427388072" ('GenericEntity','Assets/Items/Misc/IntelligenceFolder_E_01/IntelligenceFolder_E_01.xob') at <1360.511963 43.720001 2966.832031> @"{6D56FED1E55A8F84}Prefabs/Items/Misc/IntelligenceFolder_E_01/IntelligenceFolder_E_01.et" already exists and won't be spawned for SlotPick_2, exiting...
19:21:53.585 SCRIPT       : SCR_LatestSaveDSSessionCallback: LocalSave: .LatestSave
19:23:53.605 SCRIPT       : SCR_LatestSaveDSSessionCallback: LocalSave: .LatestSave
19:24:15.855   SCRIPT    (W): Trying to allocate same compartment twice!
19:24:53.622   SCRIPT    (W): Trying to allocate same compartment twice!
19:25:38.719 SCRIPT       : ScenarioFramework: -> LayerTask: SlotTask SlotExtraction_2 - generating task Exfil. Description: ScenarioFramework: -> LayerTask: SlotTask SlotExtraction_2 - generating task Exfil. Description: icEntity','Assets/Items/Misc/IntelligenceFolder_E_01/IntelligenceFolder_E_01.xob') at <1360.511963 43.720001 2966.832031> @"{6D56FED1E55A8F84}Prefabs/Items/Misc/IntelligenceFolder_E_01/IntelligenceFolder_E_01.et" already exists and won't be spawned for SlotPick_2, exiting...
19:25:53.592 SCRIPT       : SCR_LatestSaveDSSessionCallback: LocalSave: .LatestSave
19:26:05.941   SCRIPT       : ServerAdminTools | Event serveradmintools_player_killed | player: Reidond, instigator: AI, friendly: false
