---------------------------------------------
Log /home/profile/logs/logs_2024-08-06_14-19-13/script.log started at 2024-08-06 14:19:14 (2024-08-06 14:19:14 UTC)

14:19:14.673 SCRIPT       : SCRIPT       : Initializing scripts
14:19:14.673  SCRIPT       : SCRIPT       : ScriptProjectManager init
14:19:14.758 SCRIPT       : SCRIPT       : Compiling GameLib scripts
14:19:14.826  SCRIPT       : Module: GameLib; loaded 282x files; 509x classes; used 468/2097 kB (22%) of static memory; defines: "PLATFORM_LINUX,ENF_ENABLE_VHC_OVERRIDE,ENF_ENABLE_RPLCOMPONENT_IN_GAMECODE"; CRC32: 46b6820e
14:19:14.833 SCRIPT       : SCRIPT       : Compiling Game scripts
14:19:17.617  SCRIPT       : Module: Game; loaded 4191x files; 8560x classes; used 18390/41943 kB (43%) of static memory; defines: "PLATFORM_LINUX,ENF_ENABLE_VHC_OVERRIDE,ENF_ENABLE_RPLCOMPONENT_IN_GAMECODE,ENABLE_BASE_DESTRUCTION,DEBUG,RESPAWN_TIMER_COMPONENT_DEBUG,DEBUG_NEARBY_CONTEXT_DISPLAY,DEBUG_CONFIGURABLE_DIALOGS,DISABLE_WEAPON_SWITCHING,SCRIPTED_AIM_MODIFIER_DEBUG"; CRC32: 25719fa1
14:19:23.317 SCRIPT       : SCRIPT       : Compiling GameLib scripts
14:19:23.365  SCRIPT       : Module: GameLib; loaded 282x files; 509x classes; used 462/2097 kB (22%) of static memory; defines: "PLATFORM_LINUX,ENF_ENABLE_VHC_OVERRIDE,ENF_ENABLE_RPLCOMPONENT_IN_GAMECODE"; CRC32: 46b6820e
14:19:23.371 SCRIPT       : SCRIPT       : Compiling Game scripts
14:19:26.380  SCRIPT       : Module: Game; loaded 4405x files; 9105x classes; used 19254/41943 kB (45%) of static memory; defines: "PLATFORM_LINUX,ENF_ENABLE_VHC_OVERRIDE,ENF_ENABLE_RPLCOMPONENT_IN_GAMECODE,ENABLE_BASE_DESTRUCTION,DEBUG,RESPAWN_TIMER_COMPONENT_DEBUG,DEBUG_NEARBY_CONTEXT_DISPLAY,DEBUG_CONFIGURABLE_DIALOGS,DISABLE_WEAPON_SWITCHING,SCRIPTED_AIM_MODIFIER_DEBUG"; CRC32: 69377d6d
14:20:08.883     SCRIPT    (W): Catalog Entry: '{DEBB01A41488DFF8}Prefabs/Weapons/Attachments/Muzzle/RHS_6P20_0_20.et' could not create UIinfo for inventory item. Non was found for weapon nor Inventory item data
14:20:08.884     SCRIPT    (W): Catalog Entry: '{BAC59BF0DF432D43}Prefabs/Weapons/Attachments/Muzzle/RHS_PGS64.et' could not create UIinfo for inventory item. Non was found for weapon nor Inventory item data
14:20:08.992     SCRIPT    (W): Catalog Entry: '{DEBB01A41488DFF8}Prefabs/Weapons/Attachments/Muzzle/RHS_6P20_0_20.et' could not create UIinfo for inventory item. Non was found for weapon nor Inventory item data
14:20:08.992     SCRIPT    (W): Catalog Entry: '{BAC59BF0DF432D43}Prefabs/Weapons/Attachments/Muzzle/RHS_PGS64.et' could not create UIinfo for inventory item. Non was found for weapon nor Inventory item data
14:20:10.012      SCRIPT    (W): SCR_MapEntity: Cannot get the size from terrain. Using default.
14:20:16.245    SCRIPT    (W): There is not enough of SCR_CatalogSpawnerUserAction attached to actionManager. Some assets won't appear.
14:20:16.956    SCRIPT    (W): There is not enough of SCR_CatalogSpawnerUserAction attached to actionManager. Some assets won't appear.
14:20:16.994    SCRIPT    (W): There is not enough of SCR_CatalogSpawnerUserAction attached to actionManager. Some assets won't appear.
14:20:17.352    SCRIPT    (W): There is not enough of SCR_CatalogSpawnerUserAction attached to actionManager. Some assets won't appear.
14:20:17.435    SCRIPT    (W): There is not enough of SCR_CatalogSpawnerUserAction attached to actionManager. Some assets won't appear.
14:20:17.493    SCRIPT    (W): There is not enough of SCR_CatalogSpawnerUserAction attached to actionManager. Some assets won't appear.
14:20:18.519    SCRIPT    (W): There is not enough of SCR_CatalogSpawnerUserAction attached to actionManager. Some assets won't appear.
14:20:18.950 SCRIPT    (E): 'SCR_BaseSupportStationComponent' 'EOnInit': 'SCR_DestructibleBuildingEntity<0x00007FDDD8D2BD20> @"ENTITY:272896" ('SCR_DestructibleBuildingEntity','Assets/Structures/Comme' Support Station is set to use supplies  but it has no SCR_ResourceComponent
14:20:18.951 SCRIPT    (E): 'SCR_BaseSupportStationComponent' 'EOnInit': 'SCR_DestructibleBuildingEntity<0x00007FDDC8257228> @"ENTITY:463500" ('SCR_DestructibleBuildingEntity','Assets/Structures/Comme' Support Station is set to use supplies  but it has no SCR_ResourceComponent
14:20:18.951 SCRIPT    (E): 'SCR_BaseSupportStationComponent' 'EOnInit': 'SCR_DestructibleBuildingEntity<0x00007FDDC8257360> @"ENTITY:463506" ('SCR_DestructibleBuildingEntity','Assets/Structures/Comme' Support Station is set to use supplies  but it has no SCR_ResourceComponent
14:20:18.952 SCRIPT    (E): 'SCR_BaseSupportStationComponent' 'EOnInit': 'SCR_DestructibleBuildingEntity<0x00007FDDB0AAC648> @"ENTITY:858977" ('SCR_DestructibleBuildingEntity','Assets/Structures/Comme' Support Station is set to use supplies  but it has no SCR_ResourceComponent
14:20:18.953 SCRIPT    (E): 'SCR_BaseSupportStationComponent' 'EOnInit': 'SCR_DestructibleBuildingEntity<0x00007FDDB0AAC780> @"ENTITY:858982" ('SCR_DestructibleBuildingEntity','Assets/Structures/Comme' Support Station is set to use supplies  but it has no SCR_ResourceComponent
14:20:18.953 SCRIPT    (E): 'SCR_BaseSupportStationComponent' 'EOnInit': 'SCR_DestructibleBuildingEntity<0x00007FDDB0AAC8B8> @"ENTITY:858987" ('SCR_DestructibleBuildingEntity','Assets/Structures/Comme' Support Station is set to use supplies  but it has no SCR_ResourceComponent
14:20:18.954 SCRIPT    (E): 'SCR_BaseSupportStationComponent' 'EOnInit': 'SCR_DestructibleBuildingEntity<0x00007FDDB0AAC9F0> @"ENTITY:858992" ('SCR_DestructibleBuildingEntity','Assets/Structures/Comme' Support Station is set to use supplies  but it has no SCR_ResourceComponent
14:20:18.954 SCRIPT    (E): 'SCR_BaseSupportStationComponent' 'EOnInit': 'SCR_DestructibleBuildingEntity<0x00007FDDB0AACB28> @"ENTITY:858997" ('SCR_DestructibleBuildingEntity','Assets/Structures/Comme' Support Station is set to use supplies  but it has no SCR_ResourceComponent
14:20:18.954 SCRIPT    (E): 'SCR_BaseSupportStationComponent' 'EOnInit': 'SCR_DestructibleBuildingEntity<0x00007FDDB0AACC60> @"ENTITY:859002" ('SCR_DestructibleBuildingEntity','Assets/Structures/Comme' Support Station is set to use supplies  but it has no SCR_ResourceComponent
14:20:18.955 SCRIPT    (E): 'SCR_BaseSupportStationComponent' 'EOnInit': 'SCR_DestructibleBuildingEntity<0x00007FDDB0AACD98> @"ENTITY:859007" ('SCR_DestructibleBuildingEntity','Assets/Structures/Comme' Support Station is set to use supplies  but it has no SCR_ResourceComponent
14:20:18.955 SCRIPT    (E): 'SCR_BaseSupportStationComponent' 'EOnInit': 'SCR_DestructibleBuildingEntity<0x00007FDDB0AACED0> @"ENTITY:859012" ('SCR_DestructibleBuildingEntity','Assets/Structures/Comme' Support Station is set to use supplies  but it has no SCR_ResourceComponent
14:20:18.956 SCRIPT    (E): 'SCR_BaseSupportStationComponent' 'EOnInit': 'SCR_DestructibleBuildingEntity<0x00007FDDB0AAD008> @"ENTITY:859017" ('SCR_DestructibleBuildingEntity','Assets/Structures/Comme' Support Station is set to use supplies  but it has no SCR_ResourceComponent
14:20:18.956 SCRIPT    (E): 'SCR_BaseSupportStationComponent' 'EOnInit': 'SCR_DestructibleBuildingEntity<0x00007FDDB0AAD140> @"ENTITY:859022" ('SCR_DestructibleBuildingEntity','Assets/Structures/Comme' Support Station is set to use supplies  but it has no SCR_ResourceComponent
14:20:18.956 SCRIPT    (E): 'SCR_BaseSupportStationComponent' 'EOnInit': 'SCR_DestructibleBuildingEntity<0x00007FDDB0AAD278> @"ENTITY:859027" ('SCR_DestructibleBuildingEntity','Assets/Structures/Comme' Support Station is set to use supplies  but it has no SCR_ResourceComponent
14:20:18.957 SCRIPT    (E): 'SCR_BaseSupportStationComponent' 'EOnInit': 'SCR_DestructibleBuildingEntity<0x00007FDDB0AAD3B0> @"ENTITY:859032" ('SCR_DestructibleBuildingEntity','Assets/Structures/Comme' Support Station is set to use supplies  but it has no SCR_ResourceComponent
14:20:18.957 SCRIPT    (E): 'SCR_BaseSupportStationComponent' 'EOnInit': 'SCR_DestructibleBuildingEntity<0x00007FDDB0AAD4E8> @"ENTITY:859037" ('SCR_DestructibleBuildingEntity','Assets/Structures/Comme' Support Station is set to use supplies  but it has no SCR_ResourceComponent
14:20:18.957 SCRIPT    (E): 'SCR_BaseSupportStationComponent' 'EOnInit': 'SCR_DestructibleBuildingEntity<0x00007FDDB2FFE5F8> @"ENTITY:908889" ('SCR_DestructibleBuildingEntity','Assets/Structures/Comme' Support Station is set to use supplies  but it has no SCR_ResourceComponent
14:20:18.958 SCRIPT    (E): 'SCR_BaseSupportStationComponent' 'EOnInit': 'SCR_DestructibleBuildingEntity<0x00007FDDB2FFE730> @"ENTITY:908895" ('SCR_DestructibleBuildingEntity','Assets/Structures/Comme' Support Station is set to use supplies  but it has no SCR_ResourceComponent
14:20:18.958 SCRIPT    (E): 'SCR_BaseSupportStationComponent' 'EOnInit': 'SCR_DestructibleBuildingEntity<0x00007FDDB2FFE868> @"ENTITY:908901" ('SCR_DestructibleBuildingEntity','Assets/Structures/Comme' Support Station is set to use supplies  but it has no SCR_ResourceComponent
14:20:19.126 SCRIPT    (E): 'SCR_BaseSupportStationComponent' 'EOnInit': 'GenericEntity<0x00007FDE0B50A560> @"ENTITY:6917529027641090210" ('GenericEntity','Assets/Props/Military/Fuel/FuelPump_USSR_01/' Support Station is set to use supplies  but it has no SCR_ResourceComponent
14:20:19.134 SCRIPT    (W): 'SCR_SupportStationAreaMeshComponent' (GenericEntity<0x00007FDE0B50A010> @"ENTITY:6917529027641090192" ('GenericEntity') at <3906.988037 14.413651 8498.759766>) Component must be attached to enity with SCR_BaseSupportStationComponent! BasePrefab should not have a support Station component
14:20:19.201 SCRIPT    (E): 'SCR_BaseSupportStationComponent' 'EOnInit': 'GenericEntity<0x00007FDE0B33F770> @"ENTITY:6917529027641091791" ('GenericEntity','Assets/Props/Military/Fuel/FuelPump_USSR_01/' Support Station is set to use supplies  but it has no SCR_ResourceComponent
14:20:19.210 SCRIPT    (E): 'SCR_BaseSupportStationComponent' 'EOnInit': 'GenericEntity<0x00007FDE0A62E780> @"ENTITY:6917529027641092085" ('GenericEntity','Assets/Props/Military/Fuel/FuelPump_USSR_01/' Support Station is set to use supplies  but it has no SCR_ResourceComponent
14:20:19.252 SCRIPT    (W): 'SCR_SupportStationAreaMeshComponent' (GenericEntity<0x00007FDE1B9298A0> @"ENTITY:6917529027641096562" ('GenericEntity') at <5748.053711 8.592275 9628.955078>) Component must be attached to enity with SCR_BaseSupportStationComponent! BasePrefab should not have a support Station component
14:20:19.266 SCRIPT    (E): 'SCR_BaseSupportStationComponent' 'EOnInit': 'GenericEntity<0x00007FDE3B224250> @"ENTITY:6917529027641097927" ('GenericEntity','Assets/Props/Military/Fuel/FuelPump_USSR_01/' Support Station is set to use supplies  but it has no SCR_ResourceComponent
14:20:19.357 SCRIPT    (E): 'SCR_BaseSupportStationComponent' 'EOnInit': 'GenericEntity<0x000000000D4CEEF0> @"ENTITY:6917529027641109151" ('GenericEntity','Assets/Props/Military/Fuel/FuelPump_USSR_01/' Support Station is set to use supplies  but it has no SCR_ResourceComponent
14:20:19.413   SCRIPT       : SCR_BaseGameMode::OnGameStateChanged = GAME
14:21:14.272     SCRIPT       : RHS_RadialMenu Initiated
14:21:14.503   SCRIPT    (W): Ban Settings could not be loaded from BE Storage: Relying on default config
14:21:17.306   SCRIPT    (W): Loadout: '{4F7E0952D726FB43}Prefabs/Characters/Campaign/Final/PlayerVariant/Campaign_USSR_Player_Variant_1.et' is not in catalog so supply cost is 0!
14:21:18.143   SCRIPT    (W): Loadout: '{9B452A52081470E3}Prefabs/Characters/Campaign/RHS/Conflict/Campaign_USSR_MSV_Player.et' is not in catalog so supply cost is 0!
14:21:19.154   SCRIPT    (W): Loadout: '{9B452A52081470E3}Prefabs/Characters/Campaign/RHS/Conflict/Campaign_USSR_MSV_Player.et' is not in catalog so supply cost is 0!
14:21:20.155   SCRIPT    (W): Loadout: '{4F7E0952D726FB43}Prefabs/Characters/Campaign/Final/PlayerVariant/Campaign_USSR_Player_Variant_1.et' is not in catalog so supply cost is 0!
14:21:21.154   SCRIPT    (W): Loadout: '{4F7E0952D726FB43}Prefabs/Characters/Campaign/Final/PlayerVariant/Campaign_USSR_Player_Variant_1.et' is not in catalog so supply cost is 0!
14:21:21.996   SCRIPT    (W): Loadout: '{4F7E0952D726FB43}Prefabs/Characters/Campaign/Final/PlayerVariant/Campaign_USSR_Player_Variant_1.et' is not in catalog so supply cost is 0!
14:21:22.955   SCRIPT    (W): Loadout: '{4F7E0952D726FB43}Prefabs/Characters/Campaign/Final/PlayerVariant/Campaign_USSR_Player_Variant_1.et' is not in catalog so supply cost is 0!
14:21:23.955   SCRIPT    (W): Loadout: '{4F7E0952D726FB43}Prefabs/Characters/Campaign/Final/PlayerVariant/Campaign_USSR_Player_Variant_1.et' is not in catalog so supply cost is 0!
14:21:24.953   SCRIPT    (W): Loadout: '{4F7E0952D726FB43}Prefabs/Characters/Campaign/Final/PlayerVariant/Campaign_USSR_Player_Variant_1.et' is not in catalog so supply cost is 0!
14:21:25.955   SCRIPT    (W): Loadout: '{4F7E0952D726FB43}Prefabs/Characters/Campaign/Final/PlayerVariant/Campaign_USSR_Player_Variant_1.et' is not in catalog so supply cost is 0!
14:21:26.954   SCRIPT    (W): Loadout: '{4F7E0952D726FB43}Prefabs/Characters/Campaign/Final/PlayerVariant/Campaign_USSR_Player_Variant_1.et' is not in catalog so supply cost is 0!
14:21:27.274   SCRIPT    (W): Loadout: '{9B452A52081470E3}Prefabs/Characters/Campaign/RHS/Conflict/Campaign_USSR_MSV_Player.et' is not in catalog so supply cost is 0!
14:21:30.848 SCRIPT    (W): Loadout: '{9B452A52081470E3}Prefabs/Characters/Campaign/RHS/Conflict/Campaign_USSR_MSV_Player.et' is not in catalog so supply cost is 0!
14:21:32.539 SCRIPT    (E): 'SCR_BaseSupportStationComponent' 'EOnInit': 'GenericEntity<0x00007FDE2886BBB0> @"ENTITY:6917529027641142513" ('GenericEntity','Assets/Items/Fuel/Jerrycan_01/Jerrycan_01.xo' Support Station is set to use supplies  but it has no SCR_ResourceComponent
14:21:47.039   SCRIPT    (E): Invalid SmartAction id!
14:21:53.367   SCRIPT    (E): Invalid SmartAction id!
14:21:53.370     SCRIPT       : RHS_RadialMenu Initiated
14:22:03.452   SCRIPT    (E): Invalid SmartAction id!
14:22:03.703   SCRIPT    (W): Loadout: '{9B452A52081470E3}Prefabs/Characters/Campaign/RHS/Conflict/Campaign_USSR_MSV_Player.et' is not in catalog so supply cost is 0!
14:22:04.537   SCRIPT    (W): Loadout: '{9B452A52081470E3}Prefabs/Characters/Campaign/RHS/Conflict/Campaign_USSR_MSV_Player.et' is not in catalog so supply cost is 0!
14:22:05.535   SCRIPT    (W): Loadout: '{9B452A52081470E3}Prefabs/Characters/Campaign/RHS/Conflict/Campaign_USSR_MSV_Player.et' is not in catalog so supply cost is 0!
14:22:06.569   SCRIPT    (W): Loadout: '{4F7E0952D726FB43}Prefabs/Characters/Campaign/Final/PlayerVariant/Campaign_USSR_Player_Variant_1.et' is not in catalog so supply cost is 0!
14:22:07.869   SCRIPT    (W): Loadout: '{4F7E0952D726FB43}Prefabs/Characters/Campaign/Final/PlayerVariant/Campaign_USSR_Player_Variant_1.et' is not in catalog so supply cost is 0!
14:22:08.537   SCRIPT    (W): Loadout: '{9B452A52081470E3}Prefabs/Characters/Campaign/RHS/Conflict/Campaign_USSR_MSV_Player.et' is not in catalog so supply cost is 0!
14:22:09.535   SCRIPT    (W): Loadout: '{9B452A52081470E3}Prefabs/Characters/Campaign/RHS/Conflict/Campaign_USSR_MSV_Player.et' is not in catalog so supply cost is 0!
14:22:10.836   SCRIPT    (W): Loadout: '{4F7E0952D726FB43}Prefabs/Characters/Campaign/Final/PlayerVariant/Campaign_USSR_Player_Variant_1.et' is not in catalog so supply cost is 0!
14:22:11.902   SCRIPT    (W): Loadout: '{4F7E0952D726FB43}Prefabs/Characters/Campaign/Final/PlayerVariant/Campaign_USSR_Player_Variant_1.et' is not in catalog so supply cost is 0!
14:22:12.535   SCRIPT    (W): Loadout: '{9B452A52081470E3}Prefabs/Characters/Campaign/RHS/Conflict/Campaign_USSR_MSV_Player.et' is not in catalog so supply cost is 0!
14:22:13.902   SCRIPT    (W): Loadout: '{9B452A52081470E3}Prefabs/Characters/Campaign/RHS/Conflict/Campaign_USSR_MSV_Player.et' is not in catalog so supply cost is 0!
14:22:14.536   SCRIPT    (W): Loadout: '{9B452A52081470E3}Prefabs/Characters/Campaign/RHS/Conflict/Campaign_USSR_MSV_Player.et' is not in catalog so supply cost is 0!
14:22:15.537   SCRIPT    (W): Loadout: '{9B452A52081470E3}Prefabs/Characters/Campaign/RHS/Conflict/Campaign_USSR_MSV_Player.et' is not in catalog so supply cost is 0!
14:22:16.537   SCRIPT    (W): Loadout: '{9B452A52081470E3}Prefabs/Characters/Campaign/RHS/Conflict/Campaign_USSR_MSV_Player.et' is not in catalog so supply cost is 0!
14:22:18.270   SCRIPT    (W): Loadout: '{9B452A52081470E3}Prefabs/Characters/Campaign/RHS/Conflict/Campaign_USSR_MSV_Player.et' is not in catalog so supply cost is 0!
14:22:18.535   SCRIPT    (W): Loadout: '{9B452A52081470E3}Prefabs/Characters/Campaign/RHS/Conflict/Campaign_USSR_MSV_Player.et' is not in catalog so supply cost is 0!
14:22:19.535   SCRIPT    (W): Loadout: '{9B452A52081470E3}Prefabs/Characters/Campaign/RHS/Conflict/Campaign_USSR_MSV_Player.et' is not in catalog so supply cost is 0!
14:22:20.535   SCRIPT    (W): Loadout: '{4F7E0952D726FB43}Prefabs/Characters/Campaign/Final/PlayerVariant/Campaign_USSR_Player_Variant_1.et' is not in catalog so supply cost is 0!
14:22:22.923 SCRIPT       : SCR_LatestSaveDSSessionCallback: LocalSave: .LatestSave
14:22:30.413 SCRIPT    (E): 'SCR_BaseSupportStationComponent' 'EOnInit': 'GenericEntity<0x00000000390BD240> @"ENTITY:6917529027641142720" ('GenericEntity','Assets/Items/Fuel/Jerrycan_01/Jerrycan_01.xo' Support Station is set to use supplies  but it has no SCR_ResourceComponent
14:22:31.589 SCRIPT    (E): 'SCR_BaseSupportStationComponent' 'EOnInit': 'GenericEntity<0x00000000390BF220> @"ENTITY:6917529027641142770" ('GenericEntity','Assets/Items/Fuel/Jerrycan_01/Jerrycan_01.xo' Support Station is set to use supplies  but it has no SCR_ResourceComponent
14:22:52.234     SCRIPT       : RHS_RadialMenu Initiated
14:23:07.266   SCRIPT    (W): Loadout: '{9B452A52081470E3}Prefabs/Characters/Campaign/RHS/Conflict/Campaign_USSR_MSV_Player.et' is not in catalog so supply cost is 0!
14:23:08.300   SCRIPT    (W): Loadout: '{9B452A52081470E3}Prefabs/Characters/Campaign/RHS/Conflict/Campaign_USSR_MSV_Player.et' is not in catalog so supply cost is 0!
14:23:09.433   SCRIPT    (W): Loadout: '{4F7E0952D726FB43}Prefabs/Characters/Campaign/Final/PlayerVariant/Campaign_USSR_Player_Variant_1.et' is not in catalog so supply cost is 0!
14:23:10.566   SCRIPT    (W): Loadout: '{9B452A52081470E3}Prefabs/Characters/Campaign/RHS/Conflict/Campaign_USSR_MSV_Player.et' is not in catalog so supply cost is 0!
14:23:11.699   SCRIPT    (W): Loadout: '{4F7E0952D726FB43}Prefabs/Characters/Campaign/Final/PlayerVariant/Campaign_USSR_Player_Variant_1.et' is not in catalog so supply cost is 0!
14:23:12.833   SCRIPT    (W): Loadout: '{4F7E0952D726FB43}Prefabs/Characters/Campaign/Final/PlayerVariant/Campaign_USSR_Player_Variant_1.et' is not in catalog so supply cost is 0!
14:23:13.966   SCRIPT    (W): Loadout: '{9B452A52081470E3}Prefabs/Characters/Campaign/RHS/Conflict/Campaign_USSR_MSV_Player.et' is not in catalog so supply cost is 0!
14:23:15.099   SCRIPT    (W): Loadout: '{9B452A52081470E3}Prefabs/Characters/Campaign/RHS/Conflict/Campaign_USSR_MSV_Player.et' is not in catalog so supply cost is 0!
14:23:16.233   SCRIPT    (W): Loadout: '{4F7E0952D726FB43}Prefabs/Characters/Campaign/Final/PlayerVariant/Campaign_USSR_Player_Variant_1.et' is not in catalog so supply cost is 0!
14:23:17.399   SCRIPT    (W): Loadout: '{9B452A52081470E3}Prefabs/Characters/Campaign/RHS/Conflict/Campaign_USSR_MSV_Player.et' is not in catalog so supply cost is 0!
14:23:18.499   SCRIPT    (W): Loadout: '{4F7E0952D726FB43}Prefabs/Characters/Campaign/Final/PlayerVariant/Campaign_USSR_Player_Variant_1.et' is not in catalog so supply cost is 0!
14:23:19.632   SCRIPT    (W): Loadout: '{9B452A52081470E3}Prefabs/Characters/Campaign/RHS/Conflict/Campaign_USSR_MSV_Player.et' is not in catalog so supply cost is 0!
14:23:20.766   SCRIPT    (W): Loadout: '{4F7E0952D726FB43}Prefabs/Characters/Campaign/Final/PlayerVariant/Campaign_USSR_Player_Variant_1.et' is not in catalog so supply cost is 0!
14:23:21.899   SCRIPT    (W): Loadout: '{4F7E0952D726FB43}Prefabs/Characters/Campaign/Final/PlayerVariant/Campaign_USSR_Player_Variant_1.et' is not in catalog so supply cost is 0!
14:23:23.032   SCRIPT    (W): Loadout: '{4F7E0952D726FB43}Prefabs/Characters/Campaign/Final/PlayerVariant/Campaign_USSR_Player_Variant_1.et' is not in catalog so supply cost is 0!
14:23:24.199   SCRIPT    (W): Loadout: '{9B452A52081470E3}Prefabs/Characters/Campaign/RHS/Conflict/Campaign_USSR_MSV_Player.et' is not in catalog so supply cost is 0!
14:23:25.333   SCRIPT    (W): Loadout: '{9B452A52081470E3}Prefabs/Characters/Campaign/RHS/Conflict/Campaign_USSR_MSV_Player.et' is not in catalog so supply cost is 0!
14:23:26.467   SCRIPT    (W): Loadout: '{4F7E0952D726FB43}Prefabs/Characters/Campaign/Final/PlayerVariant/Campaign_USSR_Player_Variant_1.et' is not in catalog so supply cost is 0!
14:23:27.599   SCRIPT    (W): Loadout: '{4F7E0952D726FB43}Prefabs/Characters/Campaign/Final/PlayerVariant/Campaign_USSR_Player_Variant_1.et' is not in catalog so supply cost is 0!
14:23:28.732   SCRIPT    (W): Loadout: '{9B452A52081470E3}Prefabs/Characters/Campaign/RHS/Conflict/Campaign_USSR_MSV_Player.et' is not in catalog so supply cost is 0!
14:23:29.865   SCRIPT    (W): Loadout: '{9B452A52081470E3}Prefabs/Characters/Campaign/RHS/Conflict/Campaign_USSR_MSV_Player.et' is not in catalog so supply cost is 0!
14:23:30.832   SCRIPT    (W): Loadout: '{9B452A52081470E3}Prefabs/Characters/Campaign/RHS/Conflict/Campaign_USSR_MSV_Player.et' is not in catalog so supply cost is 0!
14:23:31.965   SCRIPT    (W): Loadout: '{4F7E0952D726FB43}Prefabs/Characters/Campaign/Final/PlayerVariant/Campaign_USSR_Player_Variant_1.et' is not in catalog so supply cost is 0!
14:23:33.098   SCRIPT    (W): Loadout: '{4F7E0952D726FB43}Prefabs/Characters/Campaign/Final/PlayerVariant/Campaign_USSR_Player_Variant_1.et' is not in catalog so supply cost is 0!
14:23:34.235   SCRIPT    (W): Loadout: '{9B452A52081470E3}Prefabs/Characters/Campaign/RHS/Conflict/Campaign_USSR_MSV_Player.et' is not in catalog so supply cost is 0!
14:23:35.400   SCRIPT    (W): Loadout: '{4F7E0952D726FB43}Prefabs/Characters/Campaign/Final/PlayerVariant/Campaign_USSR_Player_Variant_1.et' is not in catalog so supply cost is 0!
14:23:36.521   SCRIPT    (W): Loadout: '{4F7E0952D726FB43}Prefabs/Characters/Campaign/Final/PlayerVariant/Campaign_USSR_Player_Variant_1.et' is not in catalog so supply cost is 0!
14:23:37.632   SCRIPT    (W): Loadout: '{4F7E0952D726FB43}Prefabs/Characters/Campaign/Final/PlayerVariant/Campaign_USSR_Player_Variant_1.et' is not in catalog so supply cost is 0!
14:23:38.765   SCRIPT    (W): Loadout: '{4F7E0952D726FB43}Prefabs/Characters/Campaign/Final/PlayerVariant/Campaign_USSR_Player_Variant_1.et' is not in catalog so supply cost is 0!
14:23:39.898   SCRIPT    (W): Loadout: '{4F7E0952D726FB43}Prefabs/Characters/Campaign/Final/PlayerVariant/Campaign_USSR_Player_Variant_1.et' is not in catalog so supply cost is 0!
14:23:41.033   SCRIPT    (W): Loadout: '{4F7E0952D726FB43}Prefabs/Characters/Campaign/Final/PlayerVariant/Campaign_USSR_Player_Variant_1.et' is not in catalog so supply cost is 0!
14:23:42.166   SCRIPT    (W): Loadout: '{4F7E0952D726FB43}Prefabs/Characters/Campaign/Final/PlayerVariant/Campaign_USSR_Player_Variant_1.et' is not in catalog so supply cost is 0!
14:23:43.301   SCRIPT    (W): Loadout: '{9B452A52081470E3}Prefabs/Characters/Campaign/RHS/Conflict/Campaign_USSR_MSV_Player.et' is not in catalog so supply cost is 0!
14:23:44.435   SCRIPT    (W): Loadout: '{4F7E0952D726FB43}Prefabs/Characters/Campaign/Final/PlayerVariant/Campaign_USSR_Player_Variant_1.et' is not in catalog so supply cost is 0!
14:23:45.583   SCRIPT    (W): Loadout: '{9B452A52081470E3}Prefabs/Characters/Campaign/RHS/Conflict/Campaign_USSR_MSV_Player.et' is not in catalog so supply cost is 0!
14:23:46.715   SCRIPT    (W): Loadout: '{4F7E0952D726FB43}Prefabs/Characters/Campaign/Final/PlayerVariant/Campaign_USSR_Player_Variant_1.et' is not in catalog so supply cost is 0!
14:23:47.848   SCRIPT    (W): Loadout: '{4F7E0952D726FB43}Prefabs/Characters/Campaign/Final/PlayerVariant/Campaign_USSR_Player_Variant_1.et' is not in catalog so supply cost is 0!
14:23:48.981   SCRIPT    (W): Loadout: '{9B452A52081470E3}Prefabs/Characters/Campaign/RHS/Conflict/Campaign_USSR_MSV_Player.et' is not in catalog so supply cost is 0!
14:23:50.114   SCRIPT    (W): Loadout: '{4F7E0952D726FB43}Prefabs/Characters/Campaign/Final/PlayerVariant/Campaign_USSR_Player_Variant_1.et' is not in catalog so supply cost is 0!
14:23:51.281   SCRIPT    (W): Loadout: '{9B452A52081470E3}Prefabs/Characters/Campaign/RHS/Conflict/Campaign_USSR_MSV_Player.et' is not in catalog so supply cost is 0!
14:23:52.415   SCRIPT    (W): Loadout: '{4F7E0952D726FB43}Prefabs/Characters/Campaign/Final/PlayerVariant/Campaign_USSR_Player_Variant_1.et' is not in catalog so supply cost is 0!
14:23:53.548   SCRIPT    (W): Loadout: '{4F7E0952D726FB43}Prefabs/Characters/Campaign/Final/PlayerVariant/Campaign_USSR_Player_Variant_1.et' is not in catalog so supply cost is 0!
14:23:54.648   SCRIPT    (W): Loadout: '{4F7E0952D726FB43}Prefabs/Characters/Campaign/Final/PlayerVariant/Campaign_USSR_Player_Variant_1.et' is not in catalog so supply cost is 0!
14:23:55.781   SCRIPT    (W): Loadout: '{9B452A52081470E3}Prefabs/Characters/Campaign/RHS/Conflict/Campaign_USSR_MSV_Player.et' is not in catalog so supply cost is 0!
14:23:56.948   SCRIPT    (W): Loadout: '{4F7E0952D726FB43}Prefabs/Characters/Campaign/Final/PlayerVariant/Campaign_USSR_Player_Variant_1.et' is not in catalog so supply cost is 0!
14:23:58.081   SCRIPT    (W): Loadout: '{4F7E0952D726FB43}Prefabs/Characters/Campaign/Final/PlayerVariant/Campaign_USSR_Player_Variant_1.et' is not in catalog so supply cost is 0!
14:23:59.214   SCRIPT    (W): Loadout: '{9B452A52081470E3}Prefabs/Characters/Campaign/RHS/Conflict/Campaign_USSR_MSV_Player.et' is not in catalog so supply cost is 0!
14:24:00.354   SCRIPT    (W): Loadout: '{4F7E0952D726FB43}Prefabs/Characters/Campaign/Final/PlayerVariant/Campaign_USSR_Player_Variant_1.et' is not in catalog so supply cost is 0!
14:24:01.515   SCRIPT    (W): Loadout: '{4F7E0952D726FB43}Prefabs/Characters/Campaign/Final/PlayerVariant/Campaign_USSR_Player_Variant_1.et' is not in catalog so supply cost is 0!
14:24:02.614   SCRIPT    (W): Loadout: '{9B452A52081470E3}Prefabs/Characters/Campaign/RHS/Conflict/Campaign_USSR_MSV_Player.et' is not in catalog so supply cost is 0!
14:24:03.747   SCRIPT    (W): Loadout: '{9B452A52081470E3}Prefabs/Characters/Campaign/RHS/Conflict/Campaign_USSR_MSV_Player.et' is not in catalog so supply cost is 0!
14:24:04.880   SCRIPT    (W): Loadout: '{4F7E0952D726FB43}Prefabs/Characters/Campaign/Final/PlayerVariant/Campaign_USSR_Player_Variant_1.et' is not in catalog so supply cost is 0!
14:24:06.014   SCRIPT    (W): Loadout: '{9B452A52081470E3}Prefabs/Characters/Campaign/RHS/Conflict/Campaign_USSR_MSV_Player.et' is not in catalog so supply cost is 0!
14:24:07.147   SCRIPT    (W): Loadout: '{4F7E0952D726FB43}Prefabs/Characters/Campaign/Final/PlayerVariant/Campaign_USSR_Player_Variant_1.et' is not in catalog so supply cost is 0!
14:24:08.269   SCRIPT    (W): Loadout: '{9B452A52081470E3}Prefabs/Characters/Campaign/RHS/Conflict/Campaign_USSR_MSV_Player.et' is not in catalog so supply cost is 0!
14:24:08.913     SCRIPT       : RHS_RadialMenu Initiated
14:24:09.448   SCRIPT    (W): Loadout: '{4F7E0952D726FB43}Prefabs/Characters/Campaign/Final/PlayerVariant/Campaign_USSR_Player_Variant_1.et' is not in catalog so supply cost is 0!
14:24:10.581   SCRIPT    (W): Loadout: '{4F7E0952D726FB43}Prefabs/Characters/Campaign/Final/PlayerVariant/Campaign_USSR_Player_Variant_1.et' is not in catalog so supply cost is 0!
14:24:11.714   SCRIPT    (W): Loadout: '{9B452A52081470E3}Prefabs/Characters/Campaign/RHS/Conflict/Campaign_USSR_MSV_Player.et' is not in catalog so supply cost is 0!
14:24:12.846   SCRIPT    (W): Loadout: '{9B452A52081470E3}Prefabs/Characters/Campaign/RHS/Conflict/Campaign_USSR_MSV_Player.et' is not in catalog so supply cost is 0!
14:24:13.981   SCRIPT    (W): Loadout: '{9B452A52081470E3}Prefabs/Characters/Campaign/RHS/Conflict/Campaign_USSR_MSV_Player.et' is not in catalog so supply cost is 0!
14:24:15.113   SCRIPT    (W): Loadout: '{4F7E0952D726FB43}Prefabs/Characters/Campaign/Final/PlayerVariant/Campaign_USSR_Player_Variant_1.et' is not in catalog so supply cost is 0!
14:24:16.246   SCRIPT    (W): Loadout: '{9B452A52081470E3}Prefabs/Characters/Campaign/RHS/Conflict/Campaign_USSR_MSV_Player.et' is not in catalog so supply cost is 0!
14:24:17.380   SCRIPT    (W): Loadout: '{9B452A52081470E3}Prefabs/Characters/Campaign/RHS/Conflict/Campaign_USSR_MSV_Player.et' is not in catalog so supply cost is 0!
14:24:18.514   SCRIPT    (W): Loadout: '{9B452A52081470E3}Prefabs/Characters/Campaign/RHS/Conflict/Campaign_USSR_MSV_Player.et' is not in catalog so supply cost is 0!
14:24:19.314   SCRIPT    (W): Loadout: '{9B452A52081470E3}Prefabs/Characters/Campaign/RHS/Conflict/Campaign_USSR_MSV_Player.et' is not in catalog so supply cost is 0!
14:24:19.649   SCRIPT    (W): Loadout: '{9B452A52081470E3}Prefabs/Characters/Campaign/RHS/Conflict/Campaign_USSR_MSV_Player.et' is not in catalog so supply cost is 0!
14:24:20.181   SCRIPT    (W): Loadout: '{9B452A52081470E3}Prefabs/Characters/Campaign/RHS/Conflict/Campaign_USSR_MSV_Player.et' is not in catalog so supply cost is 0!
14:24:20.746   SCRIPT    (W): Loadout: '{4F7E0952D726FB43}Prefabs/Characters/Campaign/Final/PlayerVariant/Campaign_USSR_Player_Variant_1.et' is not in catalog so supply cost is 0!
14:24:21.180   SCRIPT    (W): Loadout: '{9B452A52081470E3}Prefabs/Characters/Campaign/RHS/Conflict/Campaign_USSR_MSV_Player.et' is not in catalog so supply cost is 0!
14:24:21.914   SCRIPT    (W): Loadout: '{4F7E0952D726FB43}Prefabs/Characters/Campaign/Final/PlayerVariant/Campaign_USSR_Player_Variant_1.et' is not in catalog so supply cost is 0!
14:24:22.147   SCRIPT    (W): Loadout: '{4F7E0952D726FB43}Prefabs/Characters/Campaign/Final/PlayerVariant/Campaign_USSR_Player_Variant_1.et' is not in catalog so supply cost is 0!
14:24:22.984 SCRIPT       : SCR_LatestSaveDSSessionCallback: LocalSave: .LatestSave
14:24:23.046   SCRIPT    (W): Loadout: '{4F7E0952D726FB43}Prefabs/Characters/Campaign/Final/PlayerVariant/Campaign_USSR_Player_Variant_1.et' is not in catalog so supply cost is 0!
14:24:23.179   SCRIPT    (W): Loadout: '{9B452A52081470E3}Prefabs/Characters/Campaign/RHS/Conflict/Campaign_USSR_MSV_Player.et' is not in catalog so supply cost is 0!
14:24:24.181   SCRIPT    (W): Loadout: '{9B452A52081470E3}Prefabs/Characters/Campaign/RHS/Conflict/Campaign_USSR_MSV_Player.et' is not in catalog so supply cost is 0!
14:24:24.181   SCRIPT    (W): Loadout: '{9B452A52081470E3}Prefabs/Characters/Campaign/RHS/Conflict/Campaign_USSR_MSV_Player.et' is not in catalog so supply cost is 0!
14:24:24.646   SCRIPT    (W): Loadout: '{4F7E0952D726FB43}Prefabs/Characters/Campaign/Final/PlayerVariant/Campaign_USSR_Player_Variant_1.et' is not in catalog so supply cost is 0!
14:24:25.313   SCRIPT    (W): Loadout: '{4F7E0952D726FB43}Prefabs/Characters/Campaign/Final/PlayerVariant/Campaign_USSR_Player_Variant_1.et' is not in catalog so supply cost is 0!
14:24:25.647   SCRIPT    (W): Loadout: '{4F7E0952D726FB43}Prefabs/Characters/Campaign/Final/PlayerVariant/Campaign_USSR_Player_Variant_1.et' is not in catalog so supply cost is 0!
14:24:26.448   SCRIPT    (W): Loadout: '{9B452A52081470E3}Prefabs/Characters/Campaign/RHS/Conflict/Campaign_USSR_MSV_Player.et' is not in catalog so supply cost is 0!
14:24:26.613   SCRIPT    (W): Loadout: '{9B452A52081470E3}Prefabs/Characters/Campaign/RHS/Conflict/Campaign_USSR_MSV_Player.et' is not in catalog so supply cost is 0!
14:24:27.047   SCRIPT    (W): Loadout: '{4F7E0952D726FB43}Prefabs/Characters/Campaign/Final/PlayerVariant/Campaign_USSR_Player_Variant_1.et' is not in catalog so supply cost is 0!
14:24:27.579   SCRIPT    (W): Loadout: '{9B452A52081470E3}Prefabs/Characters/Campaign/RHS/Conflict/Campaign_USSR_MSV_Player.et' is not in catalog so supply cost is 0!
14:24:28.713   SCRIPT    (W): Loadout: '{9B452A52081470E3}Prefabs/Characters/Campaign/RHS/Conflict/Campaign_USSR_MSV_Player.et' is not in catalog so supply cost is 0!
14:24:29.847   SCRIPT    (W): Loadout: '{9B452A52081470E3}Prefabs/Characters/Campaign/RHS/Conflict/Campaign_USSR_MSV_Player.et' is not in catalog so supply cost is 0!
14:24:30.462 SCRIPT    (W): Loadout: '{4F7E0952D726FB43}Prefabs/Characters/Campaign/Final/PlayerVariant/Campaign_USSR_Player_Variant_1.et' is not in catalog so supply cost is 0!
14:24:31.013   SCRIPT    (W): Loadout: '{4F7E0952D726FB43}Prefabs/Characters/Campaign/Final/PlayerVariant/Campaign_USSR_Player_Variant_1.et' is not in catalog so supply cost is 0!
14:24:31.203 SCRIPT    (E): 'SCR_BaseSupportStationComponent' 'EOnInit': 'GenericEntity<0x00007FDE2886BAA0> @"ENTITY:6917529027641142906" ('GenericEntity','Assets/Items/Fuel/Jerrycan_01/Jerrycan_01.xo' Support Station is set to use supplies  but it has no SCR_ResourceComponent
14:24:32.113   SCRIPT    (W): Loadout: '{9B452A52081470E3}Prefabs/Characters/Campaign/RHS/Conflict/Campaign_USSR_MSV_Player.et' is not in catalog so supply cost is 0!
14:24:33.281   SCRIPT    (W): Loadout: '{4F7E0952D726FB43}Prefabs/Characters/Campaign/Final/PlayerVariant/Campaign_USSR_Player_Variant_1.et' is not in catalog so supply cost is 0!
14:24:34.412   SCRIPT    (W): Loadout: '{9B452A52081470E3}Prefabs/Characters/Campaign/RHS/Conflict/Campaign_USSR_MSV_Player.et' is not in catalog so supply cost is 0!
14:24:35.546   SCRIPT    (W): Loadout: '{4F7E0952D726FB43}Prefabs/Characters/Campaign/Final/PlayerVariant/Campaign_USSR_Player_Variant_1.et' is not in catalog so supply cost is 0!
14:24:36.712   SCRIPT    (W): Loadout: '{9B452A52081470E3}Prefabs/Characters/Campaign/RHS/Conflict/Campaign_USSR_MSV_Player.et' is not in catalog so supply cost is 0!
14:24:37.813   SCRIPT    (W): Loadout: '{4F7E0952D726FB43}Prefabs/Characters/Campaign/Final/PlayerVariant/Campaign_USSR_Player_Variant_1.et' is not in catalog so supply cost is 0!
14:24:38.946   SCRIPT    (W): Loadout: '{9B452A52081470E3}Prefabs/Characters/Campaign/RHS/Conflict/Campaign_USSR_MSV_Player.et' is not in catalog so supply cost is 0!
14:24:40.068   SCRIPT    (W): Loadout: '{4F7E0952D726FB43}Prefabs/Characters/Campaign/Final/PlayerVariant/Campaign_USSR_Player_Variant_1.et' is not in catalog so supply cost is 0!
14:24:41.213   SCRIPT    (W): Loadout: '{9B452A52081470E3}Prefabs/Characters/Campaign/RHS/Conflict/Campaign_USSR_MSV_Player.et' is not in catalog so supply cost is 0!
14:24:42.345   SCRIPT    (W): Loadout: '{9B452A52081470E3}Prefabs/Characters/Campaign/RHS/Conflict/Campaign_USSR_MSV_Player.et' is not in catalog so supply cost is 0!
14:24:43.512   SCRIPT    (W): Loadout: '{9B452A52081470E3}Prefabs/Characters/Campaign/RHS/Conflict/Campaign_USSR_MSV_Player.et' is not in catalog so supply cost is 0!
14:24:44.613   SCRIPT    (W): Loadout: '{4F7E0952D726FB43}Prefabs/Characters/Campaign/Final/PlayerVariant/Campaign_USSR_Player_Variant_1.et' is not in catalog so supply cost is 0!
14:24:45.746   SCRIPT    (W): Loadout: '{9B452A52081470E3}Prefabs/Characters/Campaign/RHS/Conflict/Campaign_USSR_MSV_Player.et' is not in catalog so supply cost is 0!
14:24:46.879   SCRIPT    (W): Loadout: '{9B452A52081470E3}Prefabs/Characters/Campaign/RHS/Conflict/Campaign_USSR_MSV_Player.et' is not in catalog so supply cost is 0!
14:24:48.013   SCRIPT    (W): Loadout: '{9B452A52081470E3}Prefabs/Characters/Campaign/RHS/Conflict/Campaign_USSR_MSV_Player.et' is not in catalog so supply cost is 0!
14:24:49.163   SCRIPT    (W): Loadout: '{9B452A52081470E3}Prefabs/Characters/Campaign/RHS/Conflict/Campaign_USSR_MSV_Player.et' is not in catalog so supply cost is 0!
14:24:49.277   SCRIPT    (E): Invalid SmartAction id!
14:24:50.331   SCRIPT    (W): Loadout: '{4F7E0952D726FB43}Prefabs/Characters/Campaign/Final/PlayerVariant/Campaign_USSR_Player_Variant_1.et' is not in catalog so supply cost is 0!
14:24:51.448   SCRIPT    (W): Loadout: '{9B452A52081470E3}Prefabs/Characters/Campaign/RHS/Conflict/Campaign_USSR_MSV_Player.et' is not in catalog so supply cost is 0!
14:24:52.545   SCRIPT    (W): Loadout: '{4F7E0952D726FB43}Prefabs/Characters/Campaign/Final/PlayerVariant/Campaign_USSR_Player_Variant_1.et' is not in catalog so supply cost is 0!
14:24:53.696   SCRIPT    (W): Loadout: '{9B452A52081470E3}Prefabs/Characters/Campaign/RHS/Conflict/Campaign_USSR_MSV_Player.et' is not in catalog so supply cost is 0!
14:24:54.814   SCRIPT    (W): Loadout: '{4F7E0952D726FB43}Prefabs/Characters/Campaign/Final/PlayerVariant/Campaign_USSR_Player_Variant_1.et' is not in catalog so supply cost is 0!
14:24:55.997   SCRIPT    (W): Loadout: '{4F7E0952D726FB43}Prefabs/Characters/Campaign/Final/PlayerVariant/Campaign_USSR_Player_Variant_1.et' is not in catalog so supply cost is 0!
14:24:57.097   SCRIPT    (W): Loadout: '{4F7E0952D726FB43}Prefabs/Characters/Campaign/Final/PlayerVariant/Campaign_USSR_Player_Variant_1.et' is not in catalog so supply cost is 0!
14:24:58.230   SCRIPT    (W): Loadout: '{4F7E0952D726FB43}Prefabs/Characters/Campaign/Final/PlayerVariant/Campaign_USSR_Player_Variant_1.et' is not in catalog so supply cost is 0!
14:24:58.495   SCRIPT    (W): Loadout: '{4F7E0952D726FB43}Prefabs/Characters/Campaign/Final/PlayerVariant/Campaign_USSR_Player_Variant_1.et' is not in catalog so supply cost is 0!
14:25:02.344 SCRIPT    (W): Loadout: '{9B452A52081470E3}Prefabs/Characters/Campaign/RHS/Conflict/Campaign_USSR_MSV_Player.et' is not in catalog so supply cost is 0!
14:26:22.991 SCRIPT       : SCR_LatestSaveDSSessionCallback: LocalSave: .LatestSave
14:27:36.023   SCRIPT    (E): Invalid SmartAction id!
14:27:39.553   SCRIPT    (E): Invalid SmartAction id!
14:28:23.005 SCRIPT       : SCR_LatestSaveDSSessionCallback: LocalSave: .LatestSave
14:29:27.088   SCRIPT    (E): Invalid SmartAction id!
14:30:19.831   SCRIPT    (E): Invalid SmartAction id!
14:30:23.038 SCRIPT       : SCR_LatestSaveDSSessionCallback: LocalSave: .LatestSave
14:30:38.982   SCRIPT    (E): Invalid SmartAction id!
14:32:23.024 SCRIPT       : SCR_LatestSaveDSSessionCallback: LocalSave: .LatestSave
14:32:49.975   SCRIPT    (E): Invalid SmartAction id!
14:33:32.540   SCRIPT    (E): Invalid SmartAction id!
14:33:39.540   SCRIPT    (E): Invalid SmartAction id!
14:33:41.089   SCRIPT    (E): Invalid SmartAction id!
14:34:23.037 SCRIPT       : SCR_LatestSaveDSSessionCallback: LocalSave: .LatestSave
14:35:56.050   SCRIPT    (E): Invalid SmartAction id!
14:36:08.989   SCRIPT    (E): Invalid SmartAction id!
14:36:23.051 SCRIPT       : SCR_LatestSaveDSSessionCallback: LocalSave: .LatestSave
14:38:23.057 SCRIPT       : SCR_LatestSaveDSSessionCallback: LocalSave: .LatestSave
14:38:41.572   SCRIPT    (E): Invalid SmartAction id!
14:39:03.394   SCRIPT    (E): Invalid SmartAction id!
14:39:05.210   SCRIPT    (E): Invalid SmartAction id!
14:40:23.074 SCRIPT       : SCR_LatestSaveDSSessionCallback: LocalSave: .LatestSave
14:41:17.172   SCRIPT    (E): Invalid SmartAction id!
14:41:37.805   SCRIPT    (E): Invalid SmartAction id!
14:41:43.770   SCRIPT    (E): Invalid SmartAction id!
14:42:23.092 SCRIPT       : SCR_LatestSaveDSSessionCallback: LocalSave: .LatestSave
14:44:15.518   SCRIPT    (E): Invalid SmartAction id!
14:44:23.095 SCRIPT       : SCR_LatestSaveDSSessionCallback: LocalSave: .LatestSave
14:44:28.851   SCRIPT    (E): Invalid SmartAction id!
14:44:30.314   SCRIPT    (E): Invalid SmartAction id!
14:46:23.107 SCRIPT       : SCR_LatestSaveDSSessionCallback: LocalSave: .LatestSave
