---------------------------------------------
Log /home/profile/logs/logs_2024-07-27_19-22-09/script.log started at 2024-07-27 19:22:09 (2024-07-27 19:22:09 UTC)

19:22:09.803 SCRIPT       : SCRIPT       : Initializing scripts
19:22:09.803  SCRIPT       : SCRIPT       : ScriptProjectManager init
19:22:09.950 SCRIPT       : SCRIPT       : Compiling GameLib scripts
19:22:09.981  SCRIPT       : Module: GameLib; loaded 282x files; 509x classes; used 468/2097 kB (22%) of static memory; defines: "PLATFORM_LINUX,ENF_ENABLE_VHC_OVERRIDE,ENF_ENABLE_RPLCOMPONENT_IN_GAMECODE"; CRC32: 46b6820e
19:22:09.985 SCRIPT       : SCRIPT       : Compiling Game scripts
19:22:11.649  SCRIPT       : Module: Game; loaded 4190x files; 8559x classes; used 18386/41943 kB (43%) of static memory; defines: "PLATFORM_LINUX,ENF_ENABLE_VHC_OVERRIDE,ENF_ENABLE_RPLCOMPONENT_IN_GAMECODE,ENABLE_BASE_DESTRUCTION,DEBUG,RESPAWN_TIMER_COMPONENT_DEBUG,DEBUG_NEARBY_CONTEXT_DISPLAY,DEBUG_CONFIGURABLE_DIALOGS,DISABLE_WEAPON_SWITCHING,SCRIPTED_AIM_MODIFIER_DEBUG"; CRC32: 9568150c
19:24:43.227 SCRIPT       : SCRIPT       : Compiling GameLib scripts
19:24:43.255  SCRIPT       : Module: GameLib; loaded 282x files; 509x classes; used 462/2097 kB (22%) of static memory; defines: "PLATFORM_LINUX,ENF_ENABLE_VHC_OVERRIDE,ENF_ENABLE_RPLCOMPONENT_IN_GAMECODE"; CRC32: 46b6820e
19:24:43.259 SCRIPT       : SCRIPT       : Compiling Game scripts
19:24:43.812 SCRIPT       : Compiling Game scripts
19:24:43.812  SCRIPT    (W): @"scripts/Game/GREG_WIP_NightVisionComponent.c,53": Possible variable name conflict 'a'
19:24:44.874  SCRIPT       : Module: Game; loaded 4432x files; 9148x classes; used 19310/41943 kB (46%) of static memory; defines: "PLATFORM_LINUX,ENF_ENABLE_VHC_OVERRIDE,ENF_ENABLE_RPLCOMPONENT_IN_GAMECODE,SCRIPTED_AIM_MODIFIER_DEBUG,ENABLE_BASE_DESTRUCTION,DEBUG,RESPAWN_TIMER_COMPONENT_DEBUG,DEBUG_NEARBY_CONTEXT_DISPLAY,DEBUG_CONFIGURABLE_DIALOGS,DISABLE_WEAPON_SWITCHING"; CRC32: b9c3a0d4
19:24:47.475  SCRIPT    (E): declarations(2344): error: Multiple declaration of variable 's_Layer111'
19:24:47.475  SCRIPT    (E): declarations(2345): error: Multiple declaration of variable 's_Slot1'
19:24:47.475  SCRIPT    (E): declarations(2346): error: Multiple declaration of variable 's_Layer115'
19:24:47.475  SCRIPT    (E): declarations(2347): error: Multiple declaration of variable 's_Slot62'
19:24:47.475  SCRIPT    (E): declarations(2348): error: Multiple declaration of variable 's_Layer117'
19:24:47.475  SCRIPT    (E): declarations(2349): error: Multiple declaration of variable 's_Slot66'
19:25:19.115     SCRIPT       : GetResourceName 'scripts/Game/EntityCatalog/EntityCatalogEntry/SCR_EntityCatalogInventoryItem.c,14'
19:25:19.115     SCRIPT       : GetResourceName 'scripts/Game/Components/Arsenal/SCR_ArsenalItem.c,130'
19:25:19.115     SCRIPT       : GetResourceName 'scripts/Game/EntityCatalog/EntityCatalogEntry/SCR_EntityCatalogInventoryItem.c,14'
19:25:19.115     SCRIPT       : GetResourceName 'scripts/Game/Components/Arsenal/SCR_ArsenalItem.c,130'
19:25:19.115     SCRIPT       : GetResourceName 'scripts/Game/EntityCatalog/EntityCatalogEntry/SCR_EntityCatalogInventoryItem.c,14'
19:25:19.115     SCRIPT       : GetResourceName 'scripts/Game/Components/Arsenal/SCR_ArsenalItem.c,130'
19:25:19.115     SCRIPT       : GetResourceName 'scripts/Game/EntityCatalog/EntityCatalogEntry/SCR_EntityCatalogInventoryItem.c,14'
19:25:19.115     SCRIPT       : GetResourceName 'scripts/Game/Components/Arsenal/SCR_ArsenalItem.c,130'
19:25:19.115     SCRIPT       : GetResourceName 'scripts/Game/EntityCatalog/EntityCatalogEntry/SCR_EntityCatalogInventoryItem.c,14'
19:25:19.115     SCRIPT       : GetResourceName 'scripts/Game/Components/Arsenal/SCR_ArsenalItem.c,130'
19:25:19.605     SCRIPT    (W): Catalog Entry: '{DEBB01A41488DFF8}Prefabs/Weapons/Attachments/Muzzle/RHS_6P20_0_20.et' could not create UIinfo for inventory item. Non was found for weapon nor Inventory item data
19:25:19.605     SCRIPT    (W): Catalog Entry: '{BAC59BF0DF432D43}Prefabs/Weapons/Attachments/Muzzle/RHS_PGS64.et' could not create UIinfo for inventory item. Non was found for weapon nor Inventory item data
19:25:20.701      SCRIPT    (W): SCR_MapEntity: Cannot get the size from terrain. Using default.
19:25:24.420 SCRIPT    (E): 'SCR_BaseSupportStationComponent' 'EOnInit': 'SCR_DestructibleBuildingEntity<0x00007AEB416C09F0> @"ENTITY:272896" ('SCR_DestructibleBuildingEntity','Assets/Structures/Comme' Support Station is set to use supplies  but it has no SCR_ResourceComponent
19:25:24.420 SCRIPT    (E): 'SCR_BaseSupportStationComponent' 'EOnInit': 'SCR_DestructibleBuildingEntity<0x00007AEB2CA8FE58> @"ENTITY:463500" ('SCR_DestructibleBuildingEntity','Assets/Structures/Comme' Support Station is set to use supplies  but it has no SCR_ResourceComponent
19:25:24.420 SCRIPT    (E): 'SCR_BaseSupportStationComponent' 'EOnInit': 'SCR_DestructibleBuildingEntity<0x00007AEB2CF5C030> @"ENTITY:463506" ('SCR_DestructibleBuildingEntity','Assets/Structures/Comme' Support Station is set to use supplies  but it has no SCR_ResourceComponent
19:25:24.420 SCRIPT    (E): 'SCR_BaseSupportStationComponent' 'EOnInit': 'SCR_DestructibleBuildingEntity<0x00007AEB08C31278> @"ENTITY:858977" ('SCR_DestructibleBuildingEntity','Assets/Structures/Comme' Support Station is set to use supplies  but it has no SCR_ResourceComponent
19:25:24.420 SCRIPT    (E): 'SCR_BaseSupportStationComponent' 'EOnInit': 'SCR_DestructibleBuildingEntity<0x00007AEB08C313B0> @"ENTITY:858982" ('SCR_DestructibleBuildingEntity','Assets/Structures/Comme' Support Station is set to use supplies  but it has no SCR_ResourceComponent
19:25:24.420 SCRIPT    (E): 'SCR_BaseSupportStationComponent' 'EOnInit': 'SCR_DestructibleBuildingEntity<0x00007AEB08C314E8> @"ENTITY:858987" ('SCR_DestructibleBuildingEntity','Assets/Structures/Comme' Support Station is set to use supplies  but it has no SCR_ResourceComponent
19:25:24.420 SCRIPT    (E): 'SCR_BaseSupportStationComponent' 'EOnInit': 'SCR_DestructibleBuildingEntity<0x00007AEB08C31620> @"ENTITY:858992" ('SCR_DestructibleBuildingEntity','Assets/Structures/Comme' Support Station is set to use supplies  but it has no SCR_ResourceComponent
19:25:24.420 SCRIPT    (E): 'SCR_BaseSupportStationComponent' 'EOnInit': 'SCR_DestructibleBuildingEntity<0x00007AEB08C31758> @"ENTITY:858997" ('SCR_DestructibleBuildingEntity','Assets/Structures/Comme' Support Station is set to use supplies  but it has no SCR_ResourceComponent
19:25:24.420 SCRIPT    (E): 'SCR_BaseSupportStationComponent' 'EOnInit': 'SCR_DestructibleBuildingEntity<0x00007AEB08C31890> @"ENTITY:859002" ('SCR_DestructibleBuildingEntity','Assets/Structures/Comme' Support Station is set to use supplies  but it has no SCR_ResourceComponent
19:25:24.420 SCRIPT    (E): 'SCR_BaseSupportStationComponent' 'EOnInit': 'SCR_DestructibleBuildingEntity<0x00007AEB08C319C8> @"ENTITY:859007" ('SCR_DestructibleBuildingEntity','Assets/Structures/Comme' Support Station is set to use supplies  but it has no SCR_ResourceComponent
19:25:24.420 SCRIPT    (E): 'SCR_BaseSupportStationComponent' 'EOnInit': 'SCR_DestructibleBuildingEntity<0x00007AEB08C31B00> @"ENTITY:859012" ('SCR_DestructibleBuildingEntity','Assets/Structures/Comme' Support Station is set to use supplies  but it has no SCR_ResourceComponent
19:25:24.420 SCRIPT    (E): 'SCR_BaseSupportStationComponent' 'EOnInit': 'SCR_DestructibleBuildingEntity<0x00007AEB08C31C38> @"ENTITY:859017" ('SCR_DestructibleBuildingEntity','Assets/Structures/Comme' Support Station is set to use supplies  but it has no SCR_ResourceComponent
19:25:24.420 SCRIPT    (E): 'SCR_BaseSupportStationComponent' 'EOnInit': 'SCR_DestructibleBuildingEntity<0x00007AEB08C31D70> @"ENTITY:859022" ('SCR_DestructibleBuildingEntity','Assets/Structures/Comme' Support Station is set to use supplies  but it has no SCR_ResourceComponent
19:25:24.420 SCRIPT    (E): 'SCR_BaseSupportStationComponent' 'EOnInit': 'SCR_DestructibleBuildingEntity<0x00007AEB08C31EA8> @"ENTITY:859027" ('SCR_DestructibleBuildingEntity','Assets/Structures/Comme' Support Station is set to use supplies  but it has no SCR_ResourceComponent
19:25:24.420 SCRIPT    (E): 'SCR_BaseSupportStationComponent' 'EOnInit': 'SCR_DestructibleBuildingEntity<0x00007AEB08C31FE0> @"ENTITY:859032" ('SCR_DestructibleBuildingEntity','Assets/Structures/Comme' Support Station is set to use supplies  but it has no SCR_ResourceComponent
19:25:24.420 SCRIPT    (E): 'SCR_BaseSupportStationComponent' 'EOnInit': 'SCR_DestructibleBuildingEntity<0x00007AEB08C32118> @"ENTITY:859037" ('SCR_DestructibleBuildingEntity','Assets/Structures/Comme' Support Station is set to use supplies  but it has no SCR_ResourceComponent
19:25:24.420 SCRIPT    (E): 'SCR_BaseSupportStationComponent' 'EOnInit': 'SCR_DestructibleBuildingEntity<0x00007AEB0B15B228> @"ENTITY:908889" ('SCR_DestructibleBuildingEntity','Assets/Structures/Comme' Support Station is set to use supplies  but it has no SCR_ResourceComponent
19:25:24.420 SCRIPT    (E): 'SCR_BaseSupportStationComponent' 'EOnInit': 'SCR_DestructibleBuildingEntity<0x00007AEB0B15B360> @"ENTITY:908895" ('SCR_DestructibleBuildingEntity','Assets/Structures/Comme' Support Station is set to use supplies  but it has no SCR_ResourceComponent
19:25:24.420 SCRIPT    (E): 'SCR_BaseSupportStationComponent' 'EOnInit': 'SCR_DestructibleBuildingEntity<0x00007AEB0B15B498> @"ENTITY:908901" ('SCR_DestructibleBuildingEntity','Assets/Structures/Comme' Support Station is set to use supplies  but it has no SCR_ResourceComponent
19:25:24.448 SCRIPT    (E): 'SCR_BaseSupportStationComponent' 'EOnInit': 'GenericEntity<0x00007AEAB15699B0> @"ENTITY:2305843009213700317" ('GenericEntity','Assets/Props/Military/Fuel/FuelPump_USSR_01/' Support Station is set to use supplies  but it has no SCR_ResourceComponent
19:25:24.457   SCRIPT       : SCR_BaseGameMode::OnGameStateChanged = GAME
19:25:27.606 SCRIPT       : ScenarioFramework: ---------------------- Generating tasks -------------------
19:25:27.608 SCRIPT       : ScenarioFramework: Creating area MedBaseTasks with Layer Task LayerTaskClearArea22
19:25:27.608 SCRIPT       : ScenarioFramework: Creating area AirbaseTasks with Layer Task LayerTaskClearArea3
19:25:27.608 SCRIPT       : ScenarioFramework: Creating area HQBaseTask with Layer Task HQBaseClearTask
19:25:27.608 SCRIPT       : ScenarioFramework: ---------------------- Generation of tasks completed -------------------
19:25:27.622 SCRIPT       : GetResourceName 'scripts/Game/ScenarioFramework/Components/SCR_ScenarioFrameworkSlotBase.c,558'
19:25:27.622 SCRIPT    (E): ScenarioFramework: SlotTrigger - The selected prefab is not trigger!
19:25:27.622 SCRIPT       : GetResourceName 'scripts/Game/ScenarioFramework/Components/SCR_ScenarioFrameworkSlotBase.c,558'
19:25:27.622 SCRIPT       : GetResourceName 'scripts/Game/ScenarioFramework/Components/SCR_ScenarioFrameworkSlotBase.c,558'
19:25:27.655 SCRIPT       : ScenarioFramework: -> LayerTask: SlotTask SlotClearArea11 - generating task DO NOT USE COMPONENTS TEST. Description: ScenarioFramework: -> LayerTask: SlotTask SlotClearArea11 - generating task DO NOT USE COMPONENTS TEST. Description: 
19:25:28.202     SCRIPT    (E): Missing BaseLoadoutClothComponent
19:25:28.203     SCRIPT    (E): Missing BaseLoadoutClothComponent
19:25:28.203     SCRIPT    (E): Missing BaseLoadoutClothComponent
19:25:28.203     SCRIPT    (E): Missing BaseLoadoutClothComponent
19:25:28.221 SCRIPT    (E): 'SCR_BaseSupportStationComponent' 'EOnInit': 'GenericEntity<0x00007AEB7A458F10> @"ENTITY:4611686018427389270" ('GenericEntity','Assets/Items/Fuel/Jerrycan_01/Jerrycan_01.xo' Support Station is set to use supplies  but it has no SCR_ResourceComponent
19:25:28.313   SCRIPT       : ScenarioFramework: -> LayerTask: SlotTask SlotClearArea6 - generating task OPORD 210200ZMAY24. Description: ScenarioFramework: -> LayerTask: SlotTask SlotClearArea6 - generating task OPORD 210200ZMAY24. Description: P/LZ location. 
4. Determine attack axis. 
5.  Perform reconnoiter of the AO. 
6.  Launch attack. 
NOTE: This will unlock all assets. 
19:25:28.538 SCRIPT    (E): ScenarioFramework: SlotTrigger - The selected prefab is not trigger!
19:25:30.342 SCRIPT       : ScenarioFramework: -> LayerTask: SlotTask SlotClearArea8 - generating task OPORD 210100ZMAY24. Description: ScenarioFramework: -> LayerTask: SlotTask SlotClearArea8 - generating task OPORD 210100ZMAY24. Description: rmine ORP/LZ location. 
4. Determine attack axis. 
5.  Perform reconnoiter of the AO. 
6.  Launch attack. 
NOTE: This will unlock rotary wing assets.
19:25:31.338 SCRIPT       : ScenarioFramework: -> LayerTask: SlotTask SlotClearArea2 - generating task OPORD 210400ZMAY24. Description: ScenarioFramework: -> LayerTask: SlotTask SlotClearArea2 - generating task OPORD 210400ZMAY24. Description: ne ORP/LZ location. 
4. Determine attack axis. 
5.  Perform reconnoiter of the AO. 
6.  Launch attack. 
NOTE: This will unlock medical assets. 
19:26:26.740 SCRIPT       : SCR_LatestSaveDSSessionCallback: LocalSave: .LatestSave
19:27:26.766 SCRIPT       : SCR_LatestSaveDSSessionCallback: LocalSave: .LatestSave
19:28:26.782 SCRIPT       : SCR_LatestSaveDSSessionCallback: LocalSave: .LatestSave
19:29:26.793 SCRIPT       : SCR_LatestSaveDSSessionCallback: LocalSave: .LatestSave
19:30:26.805 SCRIPT       : SCR_LatestSaveDSSessionCallback: LocalSave: .LatestSave
19:31:26.823 SCRIPT       : SCR_LatestSaveDSSessionCallback: LocalSave: .LatestSave
19:32:26.839 SCRIPT       : SCR_LatestSaveDSSessionCallback: LocalSave: .LatestSave
19:33:26.844 SCRIPT       : SCR_LatestSaveDSSessionCallback: LocalSave: .LatestSave
19:34:26.854 SCRIPT       : SCR_LatestSaveDSSessionCallback: LocalSave: .LatestSave
19:35:26.877 SCRIPT       : SCR_LatestSaveDSSessionCallback: LocalSave: .LatestSave
19:36:26.883 SCRIPT       : SCR_LatestSaveDSSessionCallback: LocalSave: .LatestSave
19:37:26.897 SCRIPT       : SCR_LatestSaveDSSessionCallback: LocalSave: .LatestSave
19:38:26.917 SCRIPT       : SCR_LatestSaveDSSessionCallback: LocalSave: .LatestSave
19:39:26.925 SCRIPT       : SCR_LatestSaveDSSessionCallback: LocalSave: .LatestSave
19:40:26.950 SCRIPT       : SCR_LatestSaveDSSessionCallback: LocalSave: .LatestSave
19:41:26.954 SCRIPT       : SCR_LatestSaveDSSessionCallback: LocalSave: .LatestSave
19:42:26.977 SCRIPT       : SCR_LatestSaveDSSessionCallback: LocalSave: .LatestSave
19:43:26.982 SCRIPT       : SCR_LatestSaveDSSessionCallback: LocalSave: .LatestSave
19:44:26.996 SCRIPT       : SCR_LatestSaveDSSessionCallback: LocalSave: .LatestSave
19:45:27.067 SCRIPT       : SCR_LatestSaveDSSessionCallback: LocalSave: .LatestSave
19:46:27.023 SCRIPT       : SCR_LatestSaveDSSessionCallback: LocalSave: .LatestSave
19:47:27.038 SCRIPT       : SCR_LatestSaveDSSessionCallback: LocalSave: .LatestSave
19:48:27.054 SCRIPT       : SCR_LatestSaveDSSessionCallback: LocalSave: .LatestSave
19:49:27.083 SCRIPT       : SCR_LatestSaveDSSessionCallback: LocalSave: .LatestSave
19:50:27.087 SCRIPT       : SCR_LatestSaveDSSessionCallback: LocalSave: .LatestSave
19:51:27.108 SCRIPT       : SCR_LatestSaveDSSessionCallback: LocalSave: .LatestSave
19:52:27.109 SCRIPT       : SCR_LatestSaveDSSessionCallback: LocalSave: .LatestSave
19:53:27.137 SCRIPT       : SCR_LatestSaveDSSessionCallback: LocalSave: .LatestSave
19:54:27.138 SCRIPT       : SCR_LatestSaveDSSessionCallback: LocalSave: .LatestSave
19:55:27.155 SCRIPT       : SCR_LatestSaveDSSessionCallback: LocalSave: .LatestSave
19:56:27.168 SCRIPT       : SCR_LatestSaveDSSessionCallback: LocalSave: .LatestSave
19:57:27.183 SCRIPT       : SCR_LatestSaveDSSessionCallback: LocalSave: .LatestSave
19:58:27.198 SCRIPT       : SCR_LatestSaveDSSessionCallback: LocalSave: .LatestSave
19:59:27.210 SCRIPT       : SCR_LatestSaveDSSessionCallback: LocalSave: .LatestSave
20:00:27.239 SCRIPT       : SCR_LatestSaveDSSessionCallback: LocalSave: .LatestSave
20:01:27.239 SCRIPT       : SCR_LatestSaveDSSessionCallback: LocalSave: .LatestSave
20:02:27.255 SCRIPT       : SCR_LatestSaveDSSessionCallback: LocalSave: .LatestSave
20:03:27.269 SCRIPT       : SCR_LatestSaveDSSessionCallback: LocalSave: .LatestSave
20:04:27.283 SCRIPT       : SCR_LatestSaveDSSessionCallback: LocalSave: .LatestSave
20:05:27.314 SCRIPT       : SCR_LatestSaveDSSessionCallback: LocalSave: .LatestSave
20:06:27.322 SCRIPT       : SCR_LatestSaveDSSessionCallback: LocalSave: .LatestSave
20:07:27.326 SCRIPT       : SCR_LatestSaveDSSessionCallback: LocalSave: .LatestSave
20:08:27.340 SCRIPT       : SCR_LatestSaveDSSessionCallback: LocalSave: .LatestSave
20:09:27.352 SCRIPT       : SCR_LatestSaveDSSessionCallback: LocalSave: .LatestSave
20:10:27.368 SCRIPT       : SCR_LatestSaveDSSessionCallback: LocalSave: .LatestSave
20:11:27.392 SCRIPT       : SCR_LatestSaveDSSessionCallback: LocalSave: .LatestSave
20:12:27.394 SCRIPT       : SCR_LatestSaveDSSessionCallback: LocalSave: .LatestSave
20:13:27.411 SCRIPT       : SCR_LatestSaveDSSessionCallback: LocalSave: .LatestSave
20:14:27.422 SCRIPT       : SCR_LatestSaveDSSessionCallback: LocalSave: .LatestSave
20:15:27.440 SCRIPT       : SCR_LatestSaveDSSessionCallback: LocalSave: .LatestSave
20:16:27.455 SCRIPT       : SCR_LatestSaveDSSessionCallback: LocalSave: .LatestSave
20:17:27.479 SCRIPT       : SCR_LatestSaveDSSessionCallback: LocalSave: .LatestSave
20:18:27.480 SCRIPT       : SCR_LatestSaveDSSessionCallback: LocalSave: .LatestSave
20:19:27.501 SCRIPT       : SCR_LatestSaveDSSessionCallback: LocalSave: .LatestSave
20:20:27.509 SCRIPT       : SCR_LatestSaveDSSessionCallback: LocalSave: .LatestSave
20:21:27.524 SCRIPT       : SCR_LatestSaveDSSessionCallback: LocalSave: .LatestSave
20:22:27.553 SCRIPT       : SCR_LatestSaveDSSessionCallback: LocalSave: .LatestSave
20:23:27.581 SCRIPT       : SCR_LatestSaveDSSessionCallback: LocalSave: .LatestSave
20:24:27.568 SCRIPT       : SCR_LatestSaveDSSessionCallback: LocalSave: .LatestSave
20:25:27.589 SCRIPT       : SCR_LatestSaveDSSessionCallback: LocalSave: .LatestSave
20:26:27.604 SCRIPT       : SCR_LatestSaveDSSessionCallback: LocalSave: .LatestSave
20:27:27.614 SCRIPT       : SCR_LatestSaveDSSessionCallback: LocalSave: .LatestSave
20:28:27.645 SCRIPT       : SCR_LatestSaveDSSessionCallback: LocalSave: .LatestSave
20:29:27.640 SCRIPT       : SCR_LatestSaveDSSessionCallback: LocalSave: .LatestSave
20:30:27.655 SCRIPT       : SCR_LatestSaveDSSessionCallback: LocalSave: .LatestSave
20:31:27.673 SCRIPT       : SCR_LatestSaveDSSessionCallback: LocalSave: .LatestSave
20:32:27.679 SCRIPT       : SCR_LatestSaveDSSessionCallback: LocalSave: .LatestSave
20:33:27.701 SCRIPT       : SCR_LatestSaveDSSessionCallback: LocalSave: .LatestSave
20:34:27.721 SCRIPT       : SCR_LatestSaveDSSessionCallback: LocalSave: .LatestSave
20:35:27.728 SCRIPT       : SCR_LatestSaveDSSessionCallback: LocalSave: .LatestSave
20:36:27.743 SCRIPT       : SCR_LatestSaveDSSessionCallback: LocalSave: .LatestSave
20:37:27.758 SCRIPT       : SCR_LatestSaveDSSessionCallback: LocalSave: .LatestSave
20:38:27.794 SCRIPT       : SCR_LatestSaveDSSessionCallback: LocalSave: .LatestSave
20:39:27.781 SCRIPT       : SCR_LatestSaveDSSessionCallback: LocalSave: .LatestSave
20:40:27.799 SCRIPT       : SCR_LatestSaveDSSessionCallback: LocalSave: .LatestSave
20:41:27.820 SCRIPT       : SCR_LatestSaveDSSessionCallback: LocalSave: .LatestSave
20:42:27.823 SCRIPT       : SCR_LatestSaveDSSessionCallback: LocalSave: .LatestSave
20:43:27.865 SCRIPT       : SCR_LatestSaveDSSessionCallback: LocalSave: .LatestSave
20:44:27.847 SCRIPT       : SCR_LatestSaveDSSessionCallback: LocalSave: .LatestSave
20:45:27.851 SCRIPT       : SCR_LatestSaveDSSessionCallback: LocalSave: .LatestSave
20:46:27.864 SCRIPT       : SCR_LatestSaveDSSessionCallback: LocalSave: .LatestSave
20:47:27.894 SCRIPT       : SCR_LatestSaveDSSessionCallback: LocalSave: .LatestSave
20:48:27.893 SCRIPT       : SCR_LatestSaveDSSessionCallback: LocalSave: .LatestSave
20:49:27.918 SCRIPT       : SCR_LatestSaveDSSessionCallback: LocalSave: .LatestSave
20:50:27.923 SCRIPT       : SCR_LatestSaveDSSessionCallback: LocalSave: .LatestSave
20:51:27.939 SCRIPT       : SCR_LatestSaveDSSessionCallback: LocalSave: .LatestSave
20:52:27.949 SCRIPT       : SCR_LatestSaveDSSessionCallback: LocalSave: .LatestSave
20:53:27.963 SCRIPT       : SCR_LatestSaveDSSessionCallback: LocalSave: .LatestSave
20:54:27.977 SCRIPT       : SCR_LatestSaveDSSessionCallback: LocalSave: .LatestSave
20:55:28.003 SCRIPT       : SCR_LatestSaveDSSessionCallback: LocalSave: .LatestSave
20:56:28.006 SCRIPT       : SCR_LatestSaveDSSessionCallback: LocalSave: .LatestSave
20:57:28.021 SCRIPT       : SCR_LatestSaveDSSessionCallback: LocalSave: .LatestSave
20:58:28.040 SCRIPT       : SCR_LatestSaveDSSessionCallback: LocalSave: .LatestSave
20:59:28.060 SCRIPT       : SCR_LatestSaveDSSessionCallback: LocalSave: .LatestSave
21:00:28.073 SCRIPT       : SCR_LatestSaveDSSessionCallback: LocalSave: .LatestSave
21:01:28.095 SCRIPT       : SCR_LatestSaveDSSessionCallback: LocalSave: .LatestSave
21:02:28.100 SCRIPT       : SCR_LatestSaveDSSessionCallback: LocalSave: .LatestSave
21:03:28.109 SCRIPT       : SCR_LatestSaveDSSessionCallback: LocalSave: .LatestSave
21:04:28.121 SCRIPT       : SCR_LatestSaveDSSessionCallback: LocalSave: .LatestSave
21:05:28.118 SCRIPT       : SCR_LatestSaveDSSessionCallback: LocalSave: .LatestSave
21:06:28.134 SCRIPT       : SCR_LatestSaveDSSessionCallback: LocalSave: .LatestSave
21:07:28.147 SCRIPT       : SCR_LatestSaveDSSessionCallback: LocalSave: .LatestSave
21:08:28.167 SCRIPT       : SCR_LatestSaveDSSessionCallback: LocalSave: .LatestSave
21:09:28.177 SCRIPT       : SCR_LatestSaveDSSessionCallback: LocalSave: .LatestSave
21:10:28.201 SCRIPT       : SCR_LatestSaveDSSessionCallback: LocalSave: .LatestSave
21:11:28.209 SCRIPT       : SCR_LatestSaveDSSessionCallback: LocalSave: .LatestSave
21:12:28.220 SCRIPT       : SCR_LatestSaveDSSessionCallback: LocalSave: .LatestSave
21:13:28.239 SCRIPT       : SCR_LatestSaveDSSessionCallback: LocalSave: .LatestSave
21:14:28.253 SCRIPT       : SCR_LatestSaveDSSessionCallback: LocalSave: .LatestSave
21:15:28.271 SCRIPT       : SCR_LatestSaveDSSessionCallback: LocalSave: .LatestSave
21:16:28.280 SCRIPT       : SCR_LatestSaveDSSessionCallback: LocalSave: .LatestSave
21:17:28.292 SCRIPT       : SCR_LatestSaveDSSessionCallback: LocalSave: .LatestSave
21:18:28.315 SCRIPT       : SCR_LatestSaveDSSessionCallback: LocalSave: .LatestSave
21:19:28.321 SCRIPT       : SCR_LatestSaveDSSessionCallback: LocalSave: .LatestSave
21:20:28.334 SCRIPT       : SCR_LatestSaveDSSessionCallback: LocalSave: .LatestSave
21:21:28.346 SCRIPT       : SCR_LatestSaveDSSessionCallback: LocalSave: .LatestSave
21:22:28.362 SCRIPT       : SCR_LatestSaveDSSessionCallback: LocalSave: .LatestSave
21:23:28.394 SCRIPT       : SCR_LatestSaveDSSessionCallback: LocalSave: .LatestSave
21:24:28.396 SCRIPT       : SCR_LatestSaveDSSessionCallback: LocalSave: .LatestSave
21:25:28.409 SCRIPT       : SCR_LatestSaveDSSessionCallback: LocalSave: .LatestSave
21:26:28.432 SCRIPT       : SCR_LatestSaveDSSessionCallback: LocalSave: .LatestSave
21:27:28.459 SCRIPT       : SCR_LatestSaveDSSessionCallback: LocalSave: .LatestSave
21:28:28.466 SCRIPT       : SCR_LatestSaveDSSessionCallback: LocalSave: .LatestSave
21:29:28.468 SCRIPT       : SCR_LatestSaveDSSessionCallback: LocalSave: .LatestSave
21:30:28.481 SCRIPT       : SCR_LatestSaveDSSessionCallback: LocalSave: .LatestSave
21:31:28.492 SCRIPT       : SCR_LatestSaveDSSessionCallback: LocalSave: .LatestSave
21:32:28.518 SCRIPT       : SCR_LatestSaveDSSessionCallback: LocalSave: .LatestSave
21:33:28.523 SCRIPT       : SCR_LatestSaveDSSessionCallback: LocalSave: .LatestSave
21:34:28.559 SCRIPT       : SCR_LatestSaveDSSessionCallback: LocalSave: .LatestSave
21:35:28.565 SCRIPT       : SCR_LatestSaveDSSessionCallback: LocalSave: .LatestSave
21:36:28.565 SCRIPT       : SCR_LatestSaveDSSessionCallback: LocalSave: .LatestSave
21:37:28.589 SCRIPT       : SCR_LatestSaveDSSessionCallback: LocalSave: .LatestSave
21:38:28.592 SCRIPT       : SCR_LatestSaveDSSessionCallback: LocalSave: .LatestSave
21:39:28.605 SCRIPT       : SCR_LatestSaveDSSessionCallback: LocalSave: .LatestSave
21:40:28.617 SCRIPT       : SCR_LatestSaveDSSessionCallback: LocalSave: .LatestSave
21:41:28.634 SCRIPT       : SCR_LatestSaveDSSessionCallback: LocalSave: .LatestSave
21:42:28.650 SCRIPT       : SCR_LatestSaveDSSessionCallback: LocalSave: .LatestSave
21:43:28.661 SCRIPT       : SCR_LatestSaveDSSessionCallback: LocalSave: .LatestSave
21:44:28.690 SCRIPT       : SCR_LatestSaveDSSessionCallback: LocalSave: .LatestSave
21:45:28.723 SCRIPT       : SCR_LatestSaveDSSessionCallback: LocalSave: .LatestSave
21:46:28.704 SCRIPT       : SCR_LatestSaveDSSessionCallback: LocalSave: .LatestSave
21:47:28.725 SCRIPT       : SCR_LatestSaveDSSessionCallback: LocalSave: .LatestSave
21:48:28.746 SCRIPT       : SCR_LatestSaveDSSessionCallback: LocalSave: .LatestSave
21:49:28.761 SCRIPT       : SCR_LatestSaveDSSessionCallback: LocalSave: .LatestSave
21:50:28.784 SCRIPT       : SCR_LatestSaveDSSessionCallback: LocalSave: .LatestSave
21:51:28.774 SCRIPT       : SCR_LatestSaveDSSessionCallback: LocalSave: .LatestSave
21:52:28.804 SCRIPT       : SCR_LatestSaveDSSessionCallback: LocalSave: .LatestSave
21:53:28.815 SCRIPT       : SCR_LatestSaveDSSessionCallback: LocalSave: .LatestSave
21:54:28.817 SCRIPT       : SCR_LatestSaveDSSessionCallback: LocalSave: .LatestSave
21:55:28.832 SCRIPT       : SCR_LatestSaveDSSessionCallback: LocalSave: .LatestSave
21:56:28.848 SCRIPT       : SCR_LatestSaveDSSessionCallback: LocalSave: .LatestSave
21:57:28.889 SCRIPT       : SCR_LatestSaveDSSessionCallback: LocalSave: .LatestSave
21:58:28.889 SCRIPT       : SCR_LatestSaveDSSessionCallback: LocalSave: .LatestSave
21:59:28.901 SCRIPT       : SCR_LatestSaveDSSessionCallback: LocalSave: .LatestSave
22:00:28.909 SCRIPT       : SCR_LatestSaveDSSessionCallback: LocalSave: .LatestSave
22:01:28.919 SCRIPT       : SCR_LatestSaveDSSessionCallback: LocalSave: .LatestSave
22:02:28.936 SCRIPT       : SCR_LatestSaveDSSessionCallback: LocalSave: .LatestSave
22:03:28.960 SCRIPT       : SCR_LatestSaveDSSessionCallback: LocalSave: .LatestSave
22:04:28.965 SCRIPT       : SCR_LatestSaveDSSessionCallback: LocalSave: .LatestSave
22:05:28.979 SCRIPT       : SCR_LatestSaveDSSessionCallback: LocalSave: .LatestSave
22:06:28.993 SCRIPT       : SCR_LatestSaveDSSessionCallback: LocalSave: .LatestSave
22:07:29.005 SCRIPT       : SCR_LatestSaveDSSessionCallback: LocalSave: .LatestSave
22:08:29.028 SCRIPT       : SCR_LatestSaveDSSessionCallback: LocalSave: .LatestSave
22:09:29.032 SCRIPT       : SCR_LatestSaveDSSessionCallback: LocalSave: .LatestSave
22:10:29.052 SCRIPT       : SCR_LatestSaveDSSessionCallback: LocalSave: .LatestSave
22:11:29.044 SCRIPT       : SCR_LatestSaveDSSessionCallback: LocalSave: .LatestSave
22:12:29.065 SCRIPT       : SCR_LatestSaveDSSessionCallback: LocalSave: .LatestSave
22:13:29.080 SCRIPT       : SCR_LatestSaveDSSessionCallback: LocalSave: .LatestSave
22:14:29.096 SCRIPT       : SCR_LatestSaveDSSessionCallback: LocalSave: .LatestSave
22:15:29.112 SCRIPT       : SCR_LatestSaveDSSessionCallback: LocalSave: .LatestSave
22:16:29.126 SCRIPT       : SCR_LatestSaveDSSessionCallback: LocalSave: .LatestSave
22:17:29.129 SCRIPT       : SCR_LatestSaveDSSessionCallback: LocalSave: .LatestSave
22:18:29.154 SCRIPT       : SCR_LatestSaveDSSessionCallback: LocalSave: .LatestSave
22:19:29.158 SCRIPT       : SCR_LatestSaveDSSessionCallback: LocalSave: .LatestSave
22:20:29.172 SCRIPT       : SCR_LatestSaveDSSessionCallback: LocalSave: .LatestSave
22:21:29.187 SCRIPT       : SCR_LatestSaveDSSessionCallback: LocalSave: .LatestSave
22:22:29.213 SCRIPT       : SCR_LatestSaveDSSessionCallback: LocalSave: .LatestSave
22:23:29.217 SCRIPT       : SCR_LatestSaveDSSessionCallback: LocalSave: .LatestSave
22:24:29.238 SCRIPT       : SCR_LatestSaveDSSessionCallback: LocalSave: .LatestSave
22:25:29.244 SCRIPT       : SCR_LatestSaveDSSessionCallback: LocalSave: .LatestSave
22:26:29.257 SCRIPT       : SCR_LatestSaveDSSessionCallback: LocalSave: .LatestSave
22:27:29.277 SCRIPT       : SCR_LatestSaveDSSessionCallback: LocalSave: .LatestSave
22:28:29.302 SCRIPT       : SCR_LatestSaveDSSessionCallback: LocalSave: .LatestSave
22:29:29.310 SCRIPT       : SCR_LatestSaveDSSessionCallback: LocalSave: .LatestSave
22:30:29.314 SCRIPT       : SCR_LatestSaveDSSessionCallback: LocalSave: .LatestSave
22:31:29.330 SCRIPT       : SCR_LatestSaveDSSessionCallback: LocalSave: .LatestSave
22:32:29.343 SCRIPT       : SCR_LatestSaveDSSessionCallback: LocalSave: .LatestSave
22:33:29.357 SCRIPT       : SCR_LatestSaveDSSessionCallback: LocalSave: .LatestSave
22:34:29.371 SCRIPT       : SCR_LatestSaveDSSessionCallback: LocalSave: .LatestSave
22:35:29.392 SCRIPT       : SCR_LatestSaveDSSessionCallback: LocalSave: .LatestSave
22:36:29.405 SCRIPT       : SCR_LatestSaveDSSessionCallback: LocalSave: .LatestSave
22:37:29.417 SCRIPT       : SCR_LatestSaveDSSessionCallback: LocalSave: .LatestSave
22:38:29.428 SCRIPT       : SCR_LatestSaveDSSessionCallback: LocalSave: .LatestSave
22:39:29.453 SCRIPT       : SCR_LatestSaveDSSessionCallback: LocalSave: .LatestSave
22:40:29.456 SCRIPT       : SCR_LatestSaveDSSessionCallback: LocalSave: .LatestSave
22:41:29.481 SCRIPT       : SCR_LatestSaveDSSessionCallback: LocalSave: .LatestSave
22:42:29.491 SCRIPT       : SCR_LatestSaveDSSessionCallback: LocalSave: .LatestSave
22:43:29.509 SCRIPT       : SCR_LatestSaveDSSessionCallback: LocalSave: .LatestSave
22:44:29.518 SCRIPT       : SCR_LatestSaveDSSessionCallback: LocalSave: .LatestSave
22:45:29.536 SCRIPT       : SCR_LatestSaveDSSessionCallback: LocalSave: .LatestSave
22:46:29.542 SCRIPT       : SCR_LatestSaveDSSessionCallback: LocalSave: .LatestSave
22:47:29.556 SCRIPT       : SCR_LatestSaveDSSessionCallback: LocalSave: .LatestSave
22:48:29.570 SCRIPT       : SCR_LatestSaveDSSessionCallback: LocalSave: .LatestSave
22:49:29.610 SCRIPT       : SCR_LatestSaveDSSessionCallback: LocalSave: .LatestSave
22:50:29.600 SCRIPT       : SCR_LatestSaveDSSessionCallback: LocalSave: .LatestSave
22:51:29.625 SCRIPT       : SCR_LatestSaveDSSessionCallback: LocalSave: .LatestSave
22:52:29.629 SCRIPT       : SCR_LatestSaveDSSessionCallback: LocalSave: .LatestSave
22:53:29.647 SCRIPT       : SCR_LatestSaveDSSessionCallback: LocalSave: .LatestSave
22:54:29.667 SCRIPT       : SCR_LatestSaveDSSessionCallback: LocalSave: .LatestSave
22:55:29.681 SCRIPT       : SCR_LatestSaveDSSessionCallback: LocalSave: .LatestSave
22:56:29.689 SCRIPT       : SCR_LatestSaveDSSessionCallback: LocalSave: .LatestSave
22:57:29.700 SCRIPT       : SCR_LatestSaveDSSessionCallback: LocalSave: .LatestSave
22:58:29.721 SCRIPT       : SCR_LatestSaveDSSessionCallback: LocalSave: .LatestSave
22:59:29.729 SCRIPT       : SCR_LatestSaveDSSessionCallback: LocalSave: .LatestSave
23:00:29.744 SCRIPT       : SCR_LatestSaveDSSessionCallback: LocalSave: .LatestSave
23:01:29.757 SCRIPT       : SCR_LatestSaveDSSessionCallback: LocalSave: .LatestSave
23:02:29.777 SCRIPT       : SCR_LatestSaveDSSessionCallback: LocalSave: .LatestSave
23:03:29.804 SCRIPT       : SCR_LatestSaveDSSessionCallback: LocalSave: .LatestSave
23:04:29.811 SCRIPT       : SCR_LatestSaveDSSessionCallback: LocalSave: .LatestSave
23:05:29.826 SCRIPT       : SCR_LatestSaveDSSessionCallback: LocalSave: .LatestSave
23:06:29.829 SCRIPT       : SCR_LatestSaveDSSessionCallback: LocalSave: .LatestSave
23:07:29.847 SCRIPT       : SCR_LatestSaveDSSessionCallback: LocalSave: .LatestSave
23:08:29.857 SCRIPT       : SCR_LatestSaveDSSessionCallback: LocalSave: .LatestSave
23:09:29.875 SCRIPT       : SCR_LatestSaveDSSessionCallback: LocalSave: .LatestSave
23:10:29.886 SCRIPT       : SCR_LatestSaveDSSessionCallback: LocalSave: .LatestSave
23:11:29.899 SCRIPT       : SCR_LatestSaveDSSessionCallback: LocalSave: .LatestSave
23:12:29.914 SCRIPT       : SCR_LatestSaveDSSessionCallback: LocalSave: .LatestSave
23:13:29.933 SCRIPT       : SCR_LatestSaveDSSessionCallback: LocalSave: .LatestSave
23:14:29.953 SCRIPT       : SCR_LatestSaveDSSessionCallback: LocalSave: .LatestSave
23:15:29.975 SCRIPT       : SCR_LatestSaveDSSessionCallback: LocalSave: .LatestSave
23:16:29.970 SCRIPT       : SCR_LatestSaveDSSessionCallback: LocalSave: .LatestSave
23:17:29.998 SCRIPT       : SCR_LatestSaveDSSessionCallback: LocalSave: .LatestSave
23:18:30.015 SCRIPT       : SCR_LatestSaveDSSessionCallback: LocalSave: .LatestSave
23:19:30.029 SCRIPT       : SCR_LatestSaveDSSessionCallback: LocalSave: .LatestSave
23:20:30.036 SCRIPT       : SCR_LatestSaveDSSessionCallback: LocalSave: .LatestSave
23:21:30.050 SCRIPT       : SCR_LatestSaveDSSessionCallback: LocalSave: .LatestSave
23:22:30.085 SCRIPT       : SCR_LatestSaveDSSessionCallback: LocalSave: .LatestSave
23:23:30.087 SCRIPT       : SCR_LatestSaveDSSessionCallback: LocalSave: .LatestSave
23:24:30.101 SCRIPT       : SCR_LatestSaveDSSessionCallback: LocalSave: .LatestSave
23:25:30.100 SCRIPT       : SCR_LatestSaveDSSessionCallback: LocalSave: .LatestSave
23:26:30.127 SCRIPT       : SCR_LatestSaveDSSessionCallback: LocalSave: .LatestSave
23:27:30.130 SCRIPT       : SCR_LatestSaveDSSessionCallback: LocalSave: .LatestSave
23:28:30.147 SCRIPT       : SCR_LatestSaveDSSessionCallback: LocalSave: .LatestSave
23:29:30.157 SCRIPT       : SCR_LatestSaveDSSessionCallback: LocalSave: .LatestSave
23:30:30.194 SCRIPT       : SCR_LatestSaveDSSessionCallback: LocalSave: .LatestSave
23:31:30.188 SCRIPT       : SCR_LatestSaveDSSessionCallback: LocalSave: .LatestSave
23:32:30.217 SCRIPT       : SCR_LatestSaveDSSessionCallback: LocalSave: .LatestSave
23:33:30.216 SCRIPT       : SCR_LatestSaveDSSessionCallback: LocalSave: .LatestSave
23:34:30.228 SCRIPT       : SCR_LatestSaveDSSessionCallback: LocalSave: .LatestSave
23:35:30.230 SCRIPT       : SCR_LatestSaveDSSessionCallback: LocalSave: .LatestSave
23:36:30.249 SCRIPT       : SCR_LatestSaveDSSessionCallback: LocalSave: .LatestSave
23:37:30.258 SCRIPT       : SCR_LatestSaveDSSessionCallback: LocalSave: .LatestSave
23:38:30.271 SCRIPT       : SCR_LatestSaveDSSessionCallback: LocalSave: .LatestSave
23:39:30.294 SCRIPT       : SCR_LatestSaveDSSessionCallback: LocalSave: .LatestSave
23:40:30.306 SCRIPT       : SCR_LatestSaveDSSessionCallback: LocalSave: .LatestSave
23:41:30.313 SCRIPT       : SCR_LatestSaveDSSessionCallback: LocalSave: .LatestSave
23:42:30.332 SCRIPT       : SCR_LatestSaveDSSessionCallback: LocalSave: .LatestSave
23:43:30.352 SCRIPT       : SCR_LatestSaveDSSessionCallback: LocalSave: .LatestSave
23:44:30.363 SCRIPT       : SCR_LatestSaveDSSessionCallback: LocalSave: .LatestSave
23:45:30.378 SCRIPT       : SCR_LatestSaveDSSessionCallback: LocalSave: .LatestSave
23:46:30.382 SCRIPT       : SCR_LatestSaveDSSessionCallback: LocalSave: .LatestSave
23:47:30.396 SCRIPT       : SCR_LatestSaveDSSessionCallback: LocalSave: .LatestSave
23:48:30.410 SCRIPT       : SCR_LatestSaveDSSessionCallback: LocalSave: .LatestSave
23:49:30.442 SCRIPT       : SCR_LatestSaveDSSessionCallback: LocalSave: .LatestSave
23:50:30.449 SCRIPT       : SCR_LatestSaveDSSessionCallback: LocalSave: .LatestSave
23:51:30.459 SCRIPT       : SCR_LatestSaveDSSessionCallback: LocalSave: .LatestSave
23:52:30.475 SCRIPT       : SCR_LatestSaveDSSessionCallback: LocalSave: .LatestSave
23:53:30.524 SCRIPT       : SCR_LatestSaveDSSessionCallback: LocalSave: .LatestSave
23:54:30.505 SCRIPT       : SCR_LatestSaveDSSessionCallback: LocalSave: .LatestSave
23:55:30.514 SCRIPT       : SCR_LatestSaveDSSessionCallback: LocalSave: .LatestSave
23:56:30.538 SCRIPT       : SCR_LatestSaveDSSessionCallback: LocalSave: .LatestSave
23:57:30.542 SCRIPT       : SCR_LatestSaveDSSessionCallback: LocalSave: .LatestSave
23:58:30.562 SCRIPT       : SCR_LatestSaveDSSessionCallback: LocalSave: .LatestSave
23:59:30.567 SCRIPT       : SCR_LatestSaveDSSessionCallback: LocalSave: .LatestSave
00:00:30.585 SCRIPT       : SCR_LatestSaveDSSessionCallback: LocalSave: .LatestSave
00:01:30.600 SCRIPT       : SCR_LatestSaveDSSessionCallback: LocalSave: .LatestSave
00:02:30.622 SCRIPT       : SCR_LatestSaveDSSessionCallback: LocalSave: .LatestSave
00:02:58.943     SCRIPT       : RHS_RadialMenu Initiated
00:03:00.429   SCRIPT    (W): Ban Settings could not be loaded from BE Storage: Relying on default config
00:03:12.750       SCRIPT       : Weapon is already equipped!
