---------------------------------------------
Log /home/profile/logs/logs_2024-08-21_12-45-56/script.log started at 2024-08-21 12:45:58 (2024-08-21 12:45:58 UTC)

12:45:58.232 SCRIPT       : SCRIPT       : Initializing scripts
12:45:58.232  SCRIPT       : SCRIPT       : ScriptProjectManager init
12:45:58.467 SCRIPT       : SCRIPT       : Compiling GameLib scripts
12:45:58.558  SCRIPT       : Module: GameLib; loaded 282x files; 509x classes; used 468/2097 kB (22%) of static memory; defines: "PLATFORM_LINUX,ENF_ENABLE_VHC_OVERRIDE,ENF_ENABLE_RPLCOMPONENT_IN_GAMECODE"; CRC32: 46b6820e
12:45:58.565 SCRIPT       : SCRIPT       : Compiling Game scripts
12:46:01.933  SCRIPT       : Module: Game; loaded 4191x files; 8560x classes; used 18390/41943 kB (43%) of static memory; defines: "PLATFORM_LINUX,ENF_ENABLE_VHC_OVERRIDE,ENF_ENABLE_RPLCOMPONENT_IN_GAMECODE,ENABLE_BASE_DESTRUCTION,DEBUG,RESPAWN_TIMER_COMPONENT_DEBUG,DEBUG_NEARBY_CONTEXT_DISPLAY,DEBUG_CONFIGURABLE_DIALOGS,DISABLE_WEAPON_SWITCHING,SCRIPTED_AIM_MODIFIER_DEBUG"; CRC32: 25719fa1
12:51:31.943 SCRIPT       : SCRIPT       : Compiling GameLib scripts
12:51:32.008  SCRIPT       : Module: GameLib; loaded 282x files; 509x classes; used 462/2097 kB (22%) of static memory; defines: "PLATFORM_LINUX,ENF_ENABLE_VHC_OVERRIDE,ENF_ENABLE_RPLCOMPONENT_IN_GAMECODE"; CRC32: 46b6820e
12:51:32.022 SCRIPT       : SCRIPT       : Compiling Game scripts
12:51:35.356  SCRIPT       : Module: Game; loaded 4457x files; 9078x classes; used 19112/41943 kB (45%) of static memory; defines: "PLATFORM_LINUX,ENF_ENABLE_VHC_OVERRIDE,ENF_ENABLE_RPLCOMPONENT_IN_GAMECODE,ENABLE_BASE_DESTRUCTION,DEBUG,RESPAWN_TIMER_COMPONENT_DEBUG,DEBUG_NEARBY_CONTEXT_DISPLAY,DEBUG_CONFIGURABLE_DIALOGS,DISABLE_WEAPON_SWITCHING,SCRIPTED_AIM_MODIFIER_DEBUG"; CRC32: 8f5c7376
12:53:07.198      SCRIPT    (W): SCR_MapEntity: Cannot get the size from terrain. Using default.
12:53:11.438      SCRIPT       : [Escapists] Initializing Ambient Camera Director.
12:53:11.438      SCRIPT       : [Escapists] Ambient Camera initalized.
12:53:11.438      SCRIPT       : [Escapists] -------------------------------------------------
12:53:11.438      SCRIPT       : [Escapists] Applying default/setup menu Escapists config values...
12:53:11.438      SCRIPT       : [Escapists] Weather: Clear
12:53:11.438      SCRIPT       : [Escapists] Civilian Presence: true
12:53:11.438      SCRIPT       : [Escapists] Insurgency: true
12:53:11.438      SCRIPT       : [Escapists] AI Skill: REGULAR
12:53:11.439      SCRIPT       : [Escapists] Health Type: Default
12:53:11.439      SCRIPT       : [Escapists] Starting hours: 8
12:53:11.439      SCRIPT       : [Escapists] Time Acceleration: 1
12:53:11.439      SCRIPT       : [Escapists] Disabled Locations Ratio: 0
12:53:11.439      SCRIPT       : [Escapists] Ambient Patrol Spawn Chance: 0.5
12:53:11.439      SCRIPT       : [Escapists] Static Location Spawn Chance: 0.35
12:53:11.439      SCRIPT       : [Escapists] Item Spawn Chance: 0.4
12:53:11.439      SCRIPT       : [Escapists] Character Spawn Chance: 0.35
12:53:11.439      SCRIPT       : [Escapists] Vehicle Spawn Chance: 0.35
12:53:11.439      SCRIPT       : [Escapists] Map Item Chance: 0.3
12:53:11.439      SCRIPT       : [Escapists] Car Alarm Chance: 0.4
12:53:11.439      SCRIPT       : [Escapists] Enemy Faction Key : US
12:53:11.439      SCRIPT       : [Escapists] Enemy Faction Key : USSR
12:53:11.439      SCRIPT       : [Escapists] [ESCT_FactionManager] Faction data set | Enemy: US | Player: USSR | Insurgents: FIA
12:53:11.439      SCRIPT       : [Escapists] Escapists default/setup menu config values applied.
12:53:11.439      SCRIPT       : [Escapists] -------------------------------------------------
12:53:11.439      SCRIPT       : [Escapists] Initializing Game State Manager.
12:53:11.439      SCRIPT       : [Escapists] Game State Manager initialized.
12:53:11.440      SCRIPT       : [Escapists] Initializing Screen Fade.
12:53:11.441      SCRIPT       : [Escapists] Screen Fade initalized.
12:53:11.441      SCRIPT       : [Escapists] Initializing startup UI handler...
12:53:11.441      SCRIPT       : [Escapists] [ESCT_WinLoseHandlerComponent] Initializing Win/Lose Handler.
12:53:11.441      SCRIPT       : [Escapists] [ESCT_WinLoseHandlerComponent] Win/Lose Handler initialized.
12:53:11.451      SCRIPT       : [Escapists] Game Mode Init process starts.
12:53:11.451      SCRIPT       : [Escapists] Escapists version: 1.3.17
12:53:11.451      SCRIPT       : [Escapists] Game Mode initialized.
12:53:17.101 SCRIPT    (E): 'SCR_BaseSupportStationComponent' 'EOnInit': 'SCR_DestructibleBuildingEntity<0x00007F032F3F5890> @"ENTITY:12988" ('SCR_DestructibleBuildingEntity','Assets/Structures/Commer' Support Station is set to use supplies  but it has no SCR_ResourceComponent
12:53:17.101 SCRIPT    (E): 'SCR_BaseSupportStationComponent' 'EOnInit': 'SCR_DestructibleBuildingEntity<0x00007F032F3F59C8> @"ENTITY:12993" ('SCR_DestructibleBuildingEntity','Assets/Structures/Commer' Support Station is set to use supplies  but it has no SCR_ResourceComponent
12:53:17.102 SCRIPT    (E): 'SCR_BaseSupportStationComponent' 'EOnInit': 'SCR_DestructibleBuildingEntity<0x00007F032F3F5B00> @"ENTITY:12998" ('SCR_DestructibleBuildingEntity','Assets/Structures/Commer' Support Station is set to use supplies  but it has no SCR_ResourceComponent
12:53:17.102 SCRIPT    (E): 'SCR_BaseSupportStationComponent' 'EOnInit': 'SCR_DestructibleBuildingEntity<0x00007F032F3F5C38> @"ENTITY:13003" ('SCR_DestructibleBuildingEntity','Assets/Structures/Commer' Support Station is set to use supplies  but it has no SCR_ResourceComponent
12:53:17.102 SCRIPT    (E): 'SCR_BaseSupportStationComponent' 'EOnInit': 'SCR_DestructibleBuildingEntity<0x00007F032F3F5D70> @"ENTITY:13008" ('SCR_DestructibleBuildingEntity','Assets/Structures/Commer' Support Station is set to use supplies  but it has no SCR_ResourceComponent
12:53:17.102 SCRIPT    (E): 'SCR_BaseSupportStationComponent' 'EOnInit': 'SCR_DestructibleBuildingEntity<0x00007F031A6214E8> @"ENTITY:115796" ('SCR_DestructibleBuildingEntity','Assets/Structures/Comme' Support Station is set to use supplies  but it has no SCR_ResourceComponent
12:53:17.103 SCRIPT    (E): 'SCR_BaseSupportStationComponent' 'EOnInit': 'SCR_DestructibleBuildingEntity<0x00007F031A621620> @"ENTITY:115801" ('SCR_DestructibleBuildingEntity','Assets/Structures/Comme' Support Station is set to use supplies  but it has no SCR_ResourceComponent
12:53:17.103 SCRIPT    (E): 'SCR_BaseSupportStationComponent' 'EOnInit': 'SCR_DestructibleBuildingEntity<0x00007F031A621758> @"ENTITY:115806" ('SCR_DestructibleBuildingEntity','Assets/Structures/Comme' Support Station is set to use supplies  but it has no SCR_ResourceComponent
12:53:17.103 SCRIPT    (E): 'SCR_BaseSupportStationComponent' 'EOnInit': 'SCR_DestructibleBuildingEntity<0x00007F031A621890> @"ENTITY:115811" ('SCR_DestructibleBuildingEntity','Assets/Structures/Comme' Support Station is set to use supplies  but it has no SCR_ResourceComponent
12:53:17.103 SCRIPT    (E): 'SCR_BaseSupportStationComponent' 'EOnInit': 'SCR_DestructibleBuildingEntity<0x00007F031A6219C8> @"ENTITY:115816" ('SCR_DestructibleBuildingEntity','Assets/Structures/Comme' Support Station is set to use supplies  but it has no SCR_ResourceComponent
12:53:17.103 SCRIPT    (E): 'SCR_BaseSupportStationComponent' 'EOnInit': 'SCR_DestructibleBuildingEntity<0x00007F031A621B00> @"ENTITY:115821" ('SCR_DestructibleBuildingEntity','Assets/Structures/Comme' Support Station is set to use supplies  but it has no SCR_ResourceComponent
12:53:17.104 SCRIPT    (E): 'SCR_BaseSupportStationComponent' 'EOnInit': 'SCR_DestructibleBuildingEntity<0x00007F031A621C38> @"ENTITY:115826" ('SCR_DestructibleBuildingEntity','Assets/Structures/Comme' Support Station is set to use supplies  but it has no SCR_ResourceComponent
12:53:17.104 SCRIPT    (E): 'SCR_BaseSupportStationComponent' 'EOnInit': 'SCR_DestructibleBuildingEntity<0x00007F031A621D70> @"ENTITY:115831" ('SCR_DestructibleBuildingEntity','Assets/Structures/Comme' Support Station is set to use supplies  but it has no SCR_ResourceComponent
12:53:17.104 SCRIPT    (E): 'SCR_BaseSupportStationComponent' 'EOnInit': 'SCR_DestructibleBuildingEntity<0x00007F031A621EA8> @"ENTITY:115836" ('SCR_DestructibleBuildingEntity','Assets/Structures/Comme' Support Station is set to use supplies  but it has no SCR_ResourceComponent
12:53:17.104 SCRIPT    (E): 'SCR_BaseSupportStationComponent' 'EOnInit': 'SCR_DestructibleBuildingEntity<0x00007F031A621FE0> @"ENTITY:115841" ('SCR_DestructibleBuildingEntity','Assets/Structures/Comme' Support Station is set to use supplies  but it has no SCR_ResourceComponent
12:53:17.104 SCRIPT    (E): 'SCR_BaseSupportStationComponent' 'EOnInit': 'SCR_DestructibleBuildingEntity<0x00007F031A622118> @"ENTITY:115846" ('SCR_DestructibleBuildingEntity','Assets/Structures/Comme' Support Station is set to use supplies  but it has no SCR_ResourceComponent
12:53:17.104 SCRIPT    (E): 'SCR_BaseSupportStationComponent' 'EOnInit': 'SCR_DestructibleBuildingEntity<0x00007F031A622250> @"ENTITY:115851" ('SCR_DestructibleBuildingEntity','Assets/Structures/Comme' Support Station is set to use supplies  but it has no SCR_ResourceComponent
12:53:17.105 SCRIPT    (E): 'SCR_BaseSupportStationComponent' 'EOnInit': 'SCR_DestructibleBuildingEntity<0x00007F031A622388> @"ENTITY:115856" ('SCR_DestructibleBuildingEntity','Assets/Structures/Comme' Support Station is set to use supplies  but it has no SCR_ResourceComponent
12:53:17.105 SCRIPT    (E): 'SCR_BaseSupportStationComponent' 'EOnInit': 'SCR_DestructibleBuildingEntity<0x00007F031A6224C0> @"ENTITY:115861" ('SCR_DestructibleBuildingEntity','Assets/Structures/Comme' Support Station is set to use supplies  but it has no SCR_ResourceComponent
12:53:17.105 SCRIPT    (E): 'SCR_BaseSupportStationComponent' 'EOnInit': 'SCR_DestructibleBuildingEntity<0x00007F031A6225F8> @"ENTITY:115866" ('SCR_DestructibleBuildingEntity','Assets/Structures/Comme' Support Station is set to use supplies  but it has no SCR_ResourceComponent
12:53:17.118 SCRIPT    (E): 'SCR_BaseSupportStationComponent' 'EOnInit': 'SCR_DestructibleBuildingEntity<0x00007F031A622730> @"ENTITY:115871" ('SCR_DestructibleBuildingEntity','Assets/Structures/Comme' Support Station is set to use supplies  but it has no SCR_ResourceComponent
12:53:17.119 SCRIPT    (E): 'SCR_BaseSupportStationComponent' 'EOnInit': 'SCR_DestructibleBuildingEntity<0x00007F031A622868> @"ENTITY:115876" ('SCR_DestructibleBuildingEntity','Assets/Structures/Comme' Support Station is set to use supplies  but it has no SCR_ResourceComponent
12:53:17.119 SCRIPT    (E): 'SCR_BaseSupportStationComponent' 'EOnInit': 'SCR_DestructibleBuildingEntity<0x00007F031A6229A0> @"ENTITY:115881" ('SCR_DestructibleBuildingEntity','Assets/Structures/Comme' Support Station is set to use supplies  but it has no SCR_ResourceComponent
12:53:17.119 SCRIPT    (E): 'SCR_BaseSupportStationComponent' 'EOnInit': 'SCR_DestructibleBuildingEntity<0x00007F031A622AD8> @"ENTITY:115886" ('SCR_DestructibleBuildingEntity','Assets/Structures/Comme' Support Station is set to use supplies  but it has no SCR_ResourceComponent
12:53:17.119 SCRIPT    (E): 'SCR_BaseSupportStationComponent' 'EOnInit': 'SCR_DestructibleBuildingEntity<0x00007F031A622C10> @"ENTITY:115891" ('SCR_DestructibleBuildingEntity','Assets/Structures/Comme' Support Station is set to use supplies  but it has no SCR_ResourceComponent
12:53:17.119 SCRIPT    (E): 'SCR_BaseSupportStationComponent' 'EOnInit': 'SCR_DestructibleBuildingEntity<0x00007F031A622D48> @"ENTITY:115896" ('SCR_DestructibleBuildingEntity','Assets/Structures/Comme' Support Station is set to use supplies  but it has no SCR_ResourceComponent
12:53:17.120 SCRIPT    (E): 'SCR_BaseSupportStationComponent' 'EOnInit': 'SCR_DestructibleBuildingEntity<0x00007F031A622E80> @"ENTITY:115901" ('SCR_DestructibleBuildingEntity','Assets/Structures/Comme' Support Station is set to use supplies  but it has no SCR_ResourceComponent
12:53:17.120 SCRIPT    (E): 'SCR_BaseSupportStationComponent' 'EOnInit': 'SCR_DestructibleBuildingEntity<0x00007F031A622FB8> @"ENTITY:115906" ('SCR_DestructibleBuildingEntity','Assets/Structures/Comme' Support Station is set to use supplies  but it has no SCR_ResourceComponent
12:53:17.120 SCRIPT    (E): 'SCR_BaseSupportStationComponent' 'EOnInit': 'SCR_DestructibleBuildingEntity<0x00007F0318052D48> @"ENTITY:2243655" ('SCR_DestructibleBuildingEntity','Assets/Structures/Comm' Support Station is set to use supplies  but it has no SCR_ResourceComponent
12:53:17.121 SCRIPT    (E): 'SCR_BaseSupportStationComponent' 'EOnInit': 'SCR_DestructibleBuildingEntity<0x00007F02A6191EA8> @"ENTITY:2290126" ('SCR_DestructibleBuildingEntity','Assets/Structures/Comm' Support Station is set to use supplies  but it has no SCR_ResourceComponent
12:53:17.121 SCRIPT    (E): 'SCR_BaseSupportStationComponent' 'EOnInit': 'SCR_DestructibleBuildingEntity<0x00007F02AF641620> @"ENTITY:2509935" ('SCR_DestructibleBuildingEntity','Assets/Structures/Comm' Support Station is set to use supplies  but it has no SCR_ResourceComponent
12:53:17.121 SCRIPT    (E): 'SCR_BaseSupportStationComponent' 'EOnInit': 'SCR_DestructibleBuildingEntity<0x00007F02AF641758> @"ENTITY:2509940" ('SCR_DestructibleBuildingEntity','Assets/Structures/Comm' Support Station is set to use supplies  but it has no SCR_ResourceComponent
12:53:17.122 SCRIPT    (E): 'SCR_BaseSupportStationComponent' 'EOnInit': 'SCR_DestructibleBuildingEntity<0x00007F02AF641890> @"ENTITY:2509945" ('SCR_DestructibleBuildingEntity','Assets/Structures/Comm' Support Station is set to use supplies  but it has no SCR_ResourceComponent
12:53:17.122 SCRIPT    (E): 'SCR_BaseSupportStationComponent' 'EOnInit': 'SCR_DestructibleBuildingEntity<0x00007F02AF6419C8> @"ENTITY:2509950" ('SCR_DestructibleBuildingEntity','Assets/Structures/Comm' Support Station is set to use supplies  but it has no SCR_ResourceComponent
12:53:17.122 SCRIPT    (E): 'SCR_BaseSupportStationComponent' 'EOnInit': 'SCR_DestructibleBuildingEntity<0x00007F0290C9D278> @"ENTITY:2666047" ('SCR_DestructibleBuildingEntity','Assets/Structures/Comm' Support Station is set to use supplies  but it has no SCR_ResourceComponent
12:53:17.123 SCRIPT    (E): 'SCR_BaseSupportStationComponent' 'EOnInit': 'SCR_DestructibleBuildingEntity<0x00007F0290C9D3B0> @"ENTITY:2666052" ('SCR_DestructibleBuildingEntity','Assets/Structures/Comm' Support Station is set to use supplies  but it has no SCR_ResourceComponent
12:53:17.123 SCRIPT    (E): 'SCR_BaseSupportStationComponent' 'EOnInit': 'SCR_DestructibleBuildingEntity<0x00007F0290C9D4E8> @"ENTITY:2666057" ('SCR_DestructibleBuildingEntity','Assets/Structures/Comm' Support Station is set to use supplies  but it has no SCR_ResourceComponent
12:53:17.123 SCRIPT    (E): 'SCR_BaseSupportStationComponent' 'EOnInit': 'SCR_DestructibleBuildingEntity<0x00007F0290C9D620> @"ENTITY:2666062" ('SCR_DestructibleBuildingEntity','Assets/Structures/Comm' Support Station is set to use supplies  but it has no SCR_ResourceComponent
12:53:17.123 SCRIPT    (E): 'SCR_BaseSupportStationComponent' 'EOnInit': 'SCR_DestructibleBuildingEntity<0x00007F0290C9D758> @"ENTITY:2666067" ('SCR_DestructibleBuildingEntity','Assets/Structures/Comm' Support Station is set to use supplies  but it has no SCR_ResourceComponent
12:53:17.123 SCRIPT    (E): 'SCR_BaseSupportStationComponent' 'EOnInit': 'SCR_DestructibleBuildingEntity<0x00007F0290C9D890> @"ENTITY:2666072" ('SCR_DestructibleBuildingEntity','Assets/Structures/Comm' Support Station is set to use supplies  but it has no SCR_ResourceComponent
12:53:17.124 SCRIPT    (E): 'SCR_BaseSupportStationComponent' 'EOnInit': 'SCR_DestructibleBuildingEntity<0x00007F0290C9D9C8> @"ENTITY:2666077" ('SCR_DestructibleBuildingEntity','Assets/Structures/Comm' Support Station is set to use supplies  but it has no SCR_ResourceComponent
12:53:17.124 SCRIPT    (E): 'SCR_BaseSupportStationComponent' 'EOnInit': 'SCR_DestructibleBuildingEntity<0x00007F02864E0D98> @"ENTITY:2754279" ('SCR_DestructibleBuildingEntity','Assets/Structures/Comm' Support Station is set to use supplies  but it has no SCR_ResourceComponent
12:53:17.124 SCRIPT    (E): 'SCR_BaseSupportStationComponent' 'EOnInit': 'SCR_DestructibleBuildingEntity<0x00007F02864E0ED0> @"ENTITY:2754284" ('SCR_DestructibleBuildingEntity','Assets/Structures/Comm' Support Station is set to use supplies  but it has no SCR_ResourceComponent
12:53:17.124 SCRIPT    (E): 'SCR_BaseSupportStationComponent' 'EOnInit': 'SCR_DestructibleBuildingEntity<0x00007F02864E1008> @"ENTITY:2754289" ('SCR_DestructibleBuildingEntity','Assets/Structures/Comm' Support Station is set to use supplies  but it has no SCR_ResourceComponent
12:53:17.172  SCRIPT       : [Escapists] Initializing Location System.
12:53:17.172  SCRIPT       : [Escapists] Location Manager initialized.
12:53:17.172  SCRIPT       : [Escapists] Initializing Support System.
12:53:17.172  SCRIPT       : [Escapists] [ESCT_SupportSystem] QRF support added to support types map.
12:53:17.172  SCRIPT       : [Escapists] [ESCT_SupportSystem] QRF_VEHICLE support added to support types map.
12:53:17.172  SCRIPT       : [Escapists] Support System initialized.
12:53:17.172  SCRIPT       : [Escapists] [ESCT_AmbientEventSystem] Initializing Ambient Event System.
12:53:17.172  SCRIPT       : [Escapists] [ESCT_AmbientEventSystem] HeliFlyBy ambient event added to event types map.
12:53:17.172  SCRIPT       : [Escapists] [ESCT_AmbientEventSystem] VehiclePatrol ambient event added to event types map.
12:53:17.172  SCRIPT       : [Escapists] [ESCT_AmbientEventSystem] Ambient Event System initialized.
12:53:29.088 SCRIPT       : [Escapists] Waiting for players to start...
12:53:34.104 SCRIPT       : [Escapists] Waiting for players to start...
12:53:39.121 SCRIPT       : [Escapists] Waiting for players to start...
12:53:44.121 SCRIPT       : [Escapists] Waiting for players to start...
12:53:49.121 SCRIPT       : [Escapists] Waiting for players to start...
12:53:54.121 SCRIPT       : [Escapists] Waiting for players to start...
12:53:59.121 SCRIPT       : [Escapists] Waiting for players to start...
12:54:04.137 SCRIPT       : [Escapists] Waiting for players to start...
12:54:09.137 SCRIPT       : [Escapists] Waiting for players to start...
12:54:14.154 SCRIPT       : [Escapists] Waiting for players to start...
12:54:19.153 SCRIPT       : [Escapists] Waiting for players to start...
12:54:24.169 SCRIPT       : [Escapists] Waiting for players to start...
12:54:29.169 SCRIPT       : [Escapists] Waiting for players to start...
12:54:34.169 SCRIPT       : [Escapists] Waiting for players to start...
12:54:39.168 SCRIPT       : [Escapists] Waiting for players to start...
12:54:42.233   SCRIPT    (W): Ban Settings could not be loaded from BE Storage: Relying on default config
12:54:44.168 SCRIPT       : [Escapists] Waiting for players to start...
12:54:44.168 SCRIPT       : [Escapists] Players found, proceeding to game start!
12:54:44.169 SCRIPT       : [Escapists] -------------------------------------------------
12:54:44.169 SCRIPT       : [Escapists] Setting mission header options...
12:54:44.169 SCRIPT       : [Escapists] Starting Hours: 8
12:54:44.169 SCRIPT       : [Escapists] AI Skill: EXPERT
12:54:44.169 SCRIPT       : [Escapists] Weather: RANDOM
12:54:44.169 SCRIPT       : [Escapists] Time Acceleration: 10
12:54:44.169 SCRIPT       : [Escapists] Disabled Locations Ratio: 0.35
12:54:44.169 SCRIPT       : [Escapists] Patrol Spawn Chance: 0.8
12:54:44.169 SCRIPT       : [Escapists] Civilian Presence: 1
12:54:44.169 SCRIPT       : [Escapists] -------------------------------------------------
12:54:44.169 SCRIPT       : [Escapists] Applying default/setup menu Escapists config values...
12:54:44.169 SCRIPT       : [Escapists] Weather: Cloudy
12:54:44.169 SCRIPT       : [Escapists] Civilian Presence: true
12:54:44.169 SCRIPT       : [Escapists] Insurgency: true
12:54:44.169 SCRIPT       : [Escapists] AI Skill: EXPERT
12:54:44.169 SCRIPT       : [Escapists] Health Type: Default
12:54:44.169 SCRIPT       : [Escapists] Starting hours: 8
12:54:44.169 SCRIPT       : [Escapists] Time Acceleration: 10
12:54:44.169 SCRIPT       : [Escapists] Disabled Locations Ratio: 0.35
12:54:44.170 SCRIPT       : [Escapists] Ambient Patrol Spawn Chance: 0.8
12:54:44.170 SCRIPT       : [Escapists] Static Location Spawn Chance: 0.35
12:54:44.170 SCRIPT       : [Escapists] Item Spawn Chance: 0.4
12:54:44.170 SCRIPT       : [Escapists] Character Spawn Chance: 0.35
12:54:44.170 SCRIPT       : [Escapists] Vehicle Spawn Chance: 0.35
12:54:44.170 SCRIPT       : [Escapists] Map Item Chance: 0.3
12:54:44.170 SCRIPT       : [Escapists] Car Alarm Chance: 0.4
12:54:44.170 SCRIPT       : [Escapists] Enemy Faction Key : US
12:54:44.170 SCRIPT       : [Escapists] Enemy Faction Key : USSR
12:54:44.170 SCRIPT       : [Escapists] [ESCT_FactionManager] Faction data set | Enemy: US | Player: USSR | Insurgents: FIA
12:54:44.170 SCRIPT       : [Escapists] Escapists default/setup menu config values applied.
12:54:44.170 SCRIPT       : [Escapists] -------------------------------------------------
12:54:44.170 SCRIPT       : [Escapists] Mission header options are set.
12:54:44.170 SCRIPT       : [Escapists] -------------------------------------------------
12:54:44.186 SCRIPT    (W): [AnimateWidget.PrepareAnimation] AnimateWidget entity instance is missing ImageWidget<0x00007F027F61A550> { Name: 'FadeOut' }.FadeOut
12:54:46.670   SCRIPT       : SCR_BaseGameMode::OnGameStateChanged = GAME
12:54:46.671   SCRIPT       : [Escapists] Received new game state: Prison
12:54:46.690   SCRIPT       : [Escapists] Total start locations: 28
12:54:48.647 SCRIPT       : [Escapists] Buildings for location StartArea: 0
12:54:48.674 SCRIPT       : [Escapists] [ESCT_StorageArsenalComponent] Selected US faction for location on <5731.607910, 475.379517, 15180.860352> position.
12:54:48.675 SCRIPT       : [Escapists] [ESCT_StorageArsenalComponent] Storage on <5731.607910, 475.379517, 15180.860352> position - 44 available item count.
12:54:48.675 SCRIPT       : [Escapists] [ESCT_StorageArsenalComponent] About to fill storage on <5731.607910, 475.379517, 15180.860352> position with 4 items.
12:54:48.675 SCRIPT       : [Escapists] [ESCT_StorageArsenalComponent] Selected US faction for location on <5734.376465, 475.379517, 15177.765625> position.
12:54:48.676 SCRIPT       : [Escapists] [ESCT_StorageArsenalComponent] Storage on <5734.376465, 475.379517, 15177.765625> position - 39 available item count.
12:54:48.676 SCRIPT       : [Escapists] [ESCT_StorageArsenalComponent] About to fill storage on <5734.376465, 475.379517, 15177.765625> position with 2 items.
12:54:48.676 SCRIPT       : [Escapists] [ESCT_StorageArsenalComponent] Selected US faction for location on <5733.592773, 475.379517, 15177.589844> position.
12:54:48.677 SCRIPT       : [Escapists] [ESCT_StorageArsenalComponent] Storage on <5733.592773, 475.379517, 15177.589844> position - 39 available item count.
12:54:48.677 SCRIPT       : [Escapists] [ESCT_StorageArsenalComponent] About to fill storage on <5733.592773, 475.379517, 15177.589844> position with 2 items.
12:54:49.403 SCRIPT    (E): 'SCR_BaseSupportStationComponent' 'EOnInit': 'Vehicle<0x00007F027F75CA08> @"ENTITY:4611686018427392819" ('Vehicle','Assets/Vehicles/Wheeled/Ural4320/Ural_4320_base.xob') at' Support Station is set to use supplies but the consumer configuration in m_ResourceConsumer is missing
12:54:51.068 SCRIPT    (W): [AnimateWidget.PrepareAnimation] AnimateWidget entity instance is missing ImageWidget<0x00007F027F61A550> { Name: 'FadeOut' }.FadeOut
12:54:51.525 SCRIPT    (E): 'SCR_BaseSupportStationComponent' 'EOnInit': 'GenericEntity<0x00007F0355785AC0> @"ENTITY:4611686018427392911" ('GenericEntity','Assets/Items/Fuel/Jerrycan_01/Jerrycan_01.xo' Support Station is set to use supplies  but it has no SCR_ResourceComponent
12:54:51.526 SCRIPT    (E): 'SCR_BaseSupportStationComponent' 'EOnInit': 'Vehicle<0x00007F027F75CFA8> @"ENTITY:4611686018427392889" ('Vehicle','Assets/Vehicles/Wheeled/S105/S105_base.xob') at <5805.19' Support Station is set to use supplies but the consumer configuration in m_ResourceConsumer is missing
12:54:51.641 SCRIPT    (E): 'SCR_BaseSupportStationComponent' 'EOnInit': 'GenericEntity<0x00007F0355787330> @"ENTITY:4611686018427392961" ('GenericEntity','Assets/Items/Fuel/Jerrycan_01/Jerrycan_01.xo' Support Station is set to use supplies  but it has no SCR_ResourceComponent
12:54:51.641 SCRIPT    (E): 'SCR_BaseSupportStationComponent' 'EOnInit': 'Vehicle<0x00007F027F75D818> @"ENTITY:4611686018427392947" ('Vehicle','Assets/Vehicles/Wheeled/UAZ469/UAZ469_base.xob') at <578' Support Station is set to use supplies but the consumer configuration in m_ResourceConsumer is missing
12:54:51.672 SCRIPT    (E): 'SCR_BaseSupportStationComponent' 'EOnInit': 'GenericEntity<0x00007F0332166010> @"ENTITY:4611686018427393034" ('GenericEntity','Assets/Items/Fuel/Jerrycan_01/Jerrycan_01.xo' Support Station is set to use supplies  but it has no SCR_ResourceComponent
12:54:51.673 SCRIPT    (E): 'SCR_BaseSupportStationComponent' 'EOnInit': 'Vehicle<0x00007F027F740468> @"ENTITY:4611686018427393012" ('Vehicle','Assets/Vehicles/Wheeled/S105/S105_base.xob') at <5681.10' Support Station is set to use supplies but the consumer configuration in m_ResourceConsumer is missing
12:55:47.066 SCRIPT       : [Escapists] [ESCT_AmbientEventSystem] Idle tick - event 0.031357 chance.
12:56:47.081 SCRIPT       : [Escapists] [ESCT_AmbientEventSystem] Idle tick - event 0.079722 chance.
12:57:47.095 SCRIPT       : [Escapists] [ESCT_AmbientEventSystem] Trying to create ambient event, chance was 0.079722
12:57:47.095 SCRIPT       : [Escapists] [ESCT_AmbientEventSystem] Picked event of VehiclePatrol to create on <5714.855957, 479.200012, 15182.776367> position.
12:57:47.851 SCRIPT       : [Escapists] Character_US_Ammo.et attached support call on damage event handler at <3868.529053, 379.796082, 14975.910156>.
12:57:47.918 SCRIPT       : [Escapists] Character_US_Sergeant.et attached support call on damage event handler at <3868.529053, 379.796082, 14975.910156>.
12:57:47.945 SCRIPT       : [Escapists] Character_US_Rifleman.et attached support call on damage event handler at <3868.529053, 379.796082, 14975.910156>.
12:57:47.947 SCRIPT       : [Escapists] [ESCT_VehiclePatrolEvent] Spawned M1025_armed_M2HB.et vehicle patrol on <3868.529053, 379.796082, 14975.910156> position.
12:57:47.957 SCRIPT    (E): 'SCR_BaseSupportStationComponent' 'EOnInit': 'GenericEntity<0x00007F0332167990> @"ENTITY:4611686018427393085" ('GenericEntity','Assets/Items/Fuel/Jerrycan_01/Jerrycan_01.xo' Support Station is set to use supplies  but it has no SCR_ResourceComponent
12:57:47.958 SCRIPT    (E): 'SCR_BaseSupportStationComponent' 'EOnInit': 'Vehicle<0x00007F027F743870> @"ENTITY:4611686018427393073" ('Vehicle','Assets/Vehicles/Wheeled/M998/M998_Base.xob') at <3868.52' Support Station is set to use supplies but the consumer configuration in m_ResourceConsumer is missing
12:58:47.775 SCRIPT       : [Escapists] [ESCT_AmbientEventSystem] Idle tick - event 0.073402 chance.
12:59:47.790 SCRIPT       : [Escapists] [ESCT_AmbientEventSystem] Idle tick - event 0.103608 chance.
13:00:47.787 SCRIPT       : [Escapists] [ESCT_AmbientEventSystem] Idle tick - event 0.158801 chance.
13:01:47.802 SCRIPT       : [Escapists] [ESCT_AmbientEventSystem] Idle tick - event 0.196661 chance.
13:02:30.153   SCRIPT       : [Escapists] Received new game state: RadioStationSearch
13:02:37.814   SCRIPT    (E): 'SCR_EntityCatalog' Function: 'GetCatalogEntry()'. index: '14' is invalid for catalog type 'GROUP'.
13:02:37.814   SCRIPT    (E): 'SCR_EntityCatalog' Function: 'GetCatalogEntry()'. index: '15' is invalid for catalog type 'GROUP'.
13:02:37.944   SCRIPT    (E): 'SCR_EntityCatalog' Function: 'GetCatalogEntry()'. index: '14' is invalid for catalog type 'GROUP'.
13:02:37.944   SCRIPT    (E): 'SCR_EntityCatalog' Function: 'GetCatalogEntry()'. index: '15' is invalid for catalog type 'GROUP'.
13:02:38.052   SCRIPT    (E): 'SCR_EntityCatalog' Function: 'GetCatalogEntry()'. index: '14' is invalid for catalog type 'GROUP'.
13:02:38.052   SCRIPT    (E): 'SCR_EntityCatalog' Function: 'GetCatalogEntry()'. index: '15' is invalid for catalog type 'GROUP'.
13:02:38.141   SCRIPT    (E): 'SCR_EntityCatalog' Function: 'GetCatalogEntry()'. index: '14' is invalid for catalog type 'GROUP'.
13:02:38.141   SCRIPT    (E): 'SCR_EntityCatalog' Function: 'GetCatalogEntry()'. index: '15' is invalid for catalog type 'GROUP'.
13:02:38.198   SCRIPT    (E): 'SCR_EntityCatalog' Function: 'GetCatalogEntry()'. index: '14' is invalid for catalog type 'GROUP'.
13:02:38.198   SCRIPT    (E): 'SCR_EntityCatalog' Function: 'GetCatalogEntry()'. index: '15' is invalid for catalog type 'GROUP'.
13:02:38.468   SCRIPT    (E): 'SCR_EntityCatalog' Function: 'GetCatalogEntry()'. index: '14' is invalid for catalog type 'GROUP'.
13:02:38.468   SCRIPT    (E): 'SCR_EntityCatalog' Function: 'GetCatalogEntry()'. index: '15' is invalid for catalog type 'GROUP'.
13:02:38.624   SCRIPT    (E): 'SCR_EntityCatalog' Function: 'GetCatalogEntry()'. index: '14' is invalid for catalog type 'GROUP'.
13:02:38.624   SCRIPT    (E): 'SCR_EntityCatalog' Function: 'GetCatalogEntry()'. index: '15' is invalid for catalog type 'GROUP'.
13:02:38.726   SCRIPT    (E): 'SCR_EntityCatalog' Function: 'GetCatalogEntry()'. index: '14' is invalid for catalog type 'GROUP'.
13:02:38.726   SCRIPT    (E): 'SCR_EntityCatalog' Function: 'GetCatalogEntry()'. index: '15' is invalid for catalog type 'GROUP'.
13:02:38.919   SCRIPT    (E): 'SCR_EntityCatalog' Function: 'GetCatalogEntry()'. index: '14' is invalid for catalog type 'GROUP'.
13:02:38.919   SCRIPT    (E): 'SCR_EntityCatalog' Function: 'GetCatalogEntry()'. index: '15' is invalid for catalog type 'GROUP'.
13:02:39.051   SCRIPT    (E): 'SCR_EntityCatalog' Function: 'GetCatalogEntry()'. index: '14' is invalid for catalog type 'GROUP'.
13:02:39.051   SCRIPT    (E): 'SCR_EntityCatalog' Function: 'GetCatalogEntry()'. index: '15' is invalid for catalog type 'GROUP'.
13:02:39.151   SCRIPT    (E): 'SCR_EntityCatalog' Function: 'GetCatalogEntry()'. index: '14' is invalid for catalog type 'GROUP'.
13:02:39.151   SCRIPT    (E): 'SCR_EntityCatalog' Function: 'GetCatalogEntry()'. index: '15' is invalid for catalog type 'GROUP'.
13:02:39.307   SCRIPT    (E): 'SCR_EntityCatalog' Function: 'GetCatalogEntry()'. index: '14' is invalid for catalog type 'GROUP'.
13:02:39.307   SCRIPT    (E): 'SCR_EntityCatalog' Function: 'GetCatalogEntry()'. index: '15' is invalid for catalog type 'GROUP'.
13:02:39.413   SCRIPT    (E): 'SCR_EntityCatalog' Function: 'GetCatalogEntry()'. index: '14' is invalid for catalog type 'GROUP'.
13:02:39.413   SCRIPT    (E): 'SCR_EntityCatalog' Function: 'GetCatalogEntry()'. index: '15' is invalid for catalog type 'GROUP'.
13:02:39.545   SCRIPT    (E): 'SCR_EntityCatalog' Function: 'GetCatalogEntry()'. index: '14' is invalid for catalog type 'GROUP'.
13:02:39.545   SCRIPT    (E): 'SCR_EntityCatalog' Function: 'GetCatalogEntry()'. index: '15' is invalid for catalog type 'GROUP'.
13:02:39.648   SCRIPT    (E): 'SCR_EntityCatalog' Function: 'GetCatalogEntry()'. index: '14' is invalid for catalog type 'GROUP'.
13:02:39.648   SCRIPT    (E): 'SCR_EntityCatalog' Function: 'GetCatalogEntry()'. index: '15' is invalid for catalog type 'GROUP'.
13:02:39.867   SCRIPT    (E): 'SCR_EntityCatalog' Function: 'GetCatalogEntry()'. index: '14' is invalid for catalog type 'GROUP'.
13:02:39.867   SCRIPT    (E): 'SCR_EntityCatalog' Function: 'GetCatalogEntry()'. index: '15' is invalid for catalog type 'GROUP'.
13:02:48.416 SCRIPT       : [Escapists] [ESCT_AmbientEventSystem] Idle tick - event 0.224833 chance.
13:03:48.430 SCRIPT       : [Escapists] [ESCT_AmbientEventSystem] Idle tick - event 0.275846 chance.
13:04:48.445 SCRIPT       : [Escapists] [ESCT_AmbientEventSystem] Trying to create ambient event, chance was 0.275846
13:04:48.446 SCRIPT       : [Escapists] [ESCT_AmbientEventSystem] Picked event of VehiclePatrol to create on <5722.251953, 475.399994, 15187.227539> position.
13:04:48.589 SCRIPT       : [Escapists] Character_US_GL.et attached support call on damage event handler at <5172.874023, 481.084015, 15161.521484>.
13:04:48.591 SCRIPT       : [Escapists] [ESCT_VehiclePatrolEvent] Spawned M998_covered.et vehicle patrol on <5172.874023, 481.084015, 15161.521484> position.
13:04:48.612 SCRIPT    (E): 'SCR_BaseSupportStationComponent' 'EOnInit': 'GenericEntity<0x000000002714BDD0> @"ENTITY:4611686018427405503" ('GenericEntity','Assets/Items/Fuel/Jerrycan_01/Jerrycan_01.xo' Support Station is set to use supplies  but it has no SCR_ResourceComponent
13:04:48.613 SCRIPT    (E): 'SCR_BaseSupportStationComponent' 'EOnInit': 'Vehicle<0x00000000266845D0> @"ENTITY:4611686018427405491" ('Vehicle','Assets/Vehicles/Wheeled/M998/M998_Base.xob') at <5172.87' Support Station is set to use supplies but the consumer configuration in m_ResourceConsumer is missing
13:05:48.442 SCRIPT       : [Escapists] [ESCT_AmbientEventSystem] Idle tick - event 0.048561 chance.
13:05:52.239 SCRIPT    (E): 'SCR_BaseSupportStationComponent' 'EOnInit': 'GenericEntity<0x00007F027F710690> @"ENTITY:4611686018427405685" ('GenericEntity','Assets/Items/Fuel/Jerrycan_01/Jerrycan_01.xo' Support Station is set to use supplies  but it has no SCR_ResourceComponent
13:05:52.241 SCRIPT    (E): 'SCR_BaseSupportStationComponent' 'EOnInit': 'Vehicle<0x00007F027F75CA08> @"ENTITY:4611686018427405675" ('Vehicle','Assets/Vehicles/Wheeled/M151A2/m151a2_base.xob') at <629' Support Station is set to use supplies but the consumer configuration in m_ResourceConsumer is missing
13:06:48.490 SCRIPT       : [Escapists] [ESCT_AmbientEventSystem] Idle tick - event 0.048992 chance.
13:07:14.000 SCRIPT    (E): 'SCR_BaseSupportStationComponent' 'EOnInit': 'Vehicle<0x00007F027F75EBC8> @"ENTITY:4611686018427405901" ('Vehicle','Assets/Vehicles/Wheeled/Ural4320/Ural_4320_base.xob') at' Support Station is set to use supplies but the consumer configuration in m_ResourceConsumer is missing
13:07:46.145   SCRIPT       : [Escapists] ESCT_VehiclePatrolEvent<0x00007F027F72B5A0> @"ENTITY:4611686018427405490" ('ESCT_VehiclePatrolEvent') at <5722.251953 475.3999 event will be despawned - VehiclePatrol type.
13:07:48.504 SCRIPT       : [Escapists] [ESCT_AmbientEventSystem] Idle tick - event 0.101378 chance.
13:08:48.519 SCRIPT       : [Escapists] [ESCT_AmbientEventSystem] Idle tick - event 0.106434 chance.
13:09:48.532 SCRIPT       : [Escapists] [ESCT_AmbientEventSystem] Idle tick - event 0.171236 chance.
13:10:13.283   SCRIPT    (E): Invalid SmartAction id!
13:10:48.546 SCRIPT       : [Escapists] [ESCT_AmbientEventSystem] Idle tick - event 0.201930 chance.
13:11:05.380 SCRIPT    (E): 'SCR_BaseSupportStationComponent' 'EOnInit': 'Vehicle<0x00007F027F75EBC8> @"ENTITY:4611686018427406645" ('Vehicle','Assets/Vehicles/Wheeled/Ural4320/Ural_4320_base.xob') at' Support Station is set to use supplies but the consumer configuration in m_ResourceConsumer is missing
13:11:48.561 SCRIPT       : [Escapists] [ESCT_AmbientEventSystem] Trying to create ambient event, chance was 0.201930
13:11:48.561 SCRIPT       : [Escapists] [ESCT_AmbientEventSystem] Picked event of HeliFlyBy to create on <5681.788574, 481.962128, 14887.295898> position.
13:11:48.992 SCRIPT    (E): 'SCR_BaseSupportStationComponent' 'EOnInit': 'Vehicle<0x0000000026686088> @"ENTITY:4611686018427406712" ('Vehicle','Assets/Vehicles/Helicopters/UH1H/UH1H_base.xob') at <676' Support Station is set to use supplies but the consumer configuration in m_ResourceConsumer is missing
13:12:06.177 SCRIPT    (E): 'SCR_BaseSupportStationComponent' 'EOnInit': 'GenericEntity<0x000000002FC84030> @"ENTITY:4611686018427407036" ('GenericEntity','Assets/Items/Fuel/Jerrycan_01/Jerrycan_01.xo' Support Station is set to use supplies  but it has no SCR_ResourceComponent
13:12:06.178 SCRIPT    (E): 'SCR_BaseSupportStationComponent' 'EOnInit': 'Vehicle<0x000000002F4AD818> @"ENTITY:4611686018427407022" ('Vehicle','Assets/Vehicles/Wheeled/UAZ469/UAZ469_base.xob') at <495' Support Station is set to use supplies but the consumer configuration in m_ResourceConsumer is missing
13:12:06.182 SCRIPT    (E): 'SCR_BaseSupportStationComponent' 'EOnInit': 'GenericEntity<0x000000002FC87110> @"ENTITY:4611686018427407123" ('GenericEntity','Assets/Items/Fuel/Jerrycan_01/Jerrycan_01.xo' Support Station is set to use supplies  but it has no SCR_ResourceComponent
13:12:06.182 SCRIPT    (E): 'SCR_BaseSupportStationComponent' 'EOnInit': 'Vehicle<0x000000002F4AE628> @"ENTITY:4611686018427407109" ('Vehicle','Assets/Vehicles/Wheeled/UAZ469/UAZ469_base.xob') at <490' Support Station is set to use supplies but the consumer configuration in m_ResourceConsumer is missing
13:12:06.279 SCRIPT       : [Escapists] Buildings for location City: 0
13:12:22.466 SCRIPT    (E): [Escapists] Failed to find valid position for <4656.974121, 445.255005, 14890.148438> center!
13:12:26.278 SCRIPT    (E): 'SCR_BaseSupportStationComponent' 'EOnInit': 'GenericEntity<0x00007F0354726780> @"ENTITY:4611686018427408001" ('GenericEntity','Assets/Items/Fuel/Jerrycan_01/Jerrycan_01.xo' Support Station is set to use supplies  but it has no SCR_ResourceComponent
13:12:26.279 SCRIPT    (E): 'SCR_BaseSupportStationComponent' 'EOnInit': 'Vehicle<0x0000000026684B70> @"ENTITY:4611686018427407981" ('Vehicle','Assets/Vehicles/Wheeled/S1203/S1203_base.xob') at <4460.' Support Station is set to use supplies but the consumer configuration in m_ResourceConsumer is missing
13:12:43.929   SCRIPT    (E): Invalid SmartAction id!
13:12:48.843 SCRIPT       : [Escapists] [ESCT_AmbientEventSystem] Idle tick - event 0.060684 chance.
13:13:34.725   SCRIPT    (E): Invalid SmartAction id!
13:13:43.617   SCRIPT       : [Escapists] ESCT_HeliFlybyEvent<0x000000002E1B79F0> @"ENTITY:4611686018427406711" ('ESCT_HeliFlybyEvent') at <5681.788574 481.962128 14887 event will be despawned - HeliFlyBy type.
13:13:48.847 SCRIPT       : [Escapists] [ESCT_AmbientEventSystem] Idle tick - event 0.070448 chance.
13:14:29.556   SCRIPT    (E): Invalid SmartAction id!
13:14:48.854 SCRIPT       : [Escapists] [ESCT_AmbientEventSystem] Idle tick - event 0.144904 chance.
13:14:53.418 SCRIPT    (E): 'SCR_BaseSupportStationComponent' 'EOnInit': 'Vehicle<0x00000000307E32D0> @"ENTITY:4611686018427408902" ('Vehicle','Assets/Vehicles/Helicopters/UH1H/UH1H_base.xob') at <210' Support Station is set to use supplies but the consumer configuration in m_ResourceConsumer is missing
13:14:53.419 SCRIPT    (E): 'SCR_BaseSupportStationComponent' 'EOnInit': 'Vehicle<0x00000000307E3B40> @"ENTITY:4611686018427408982" ('Vehicle','Assets/Vehicles/Helicopters/UH1H/UH1H_base.xob') at <211' Support Station is set to use supplies but the consumer configuration in m_ResourceConsumer is missing
13:14:54.708   SCRIPT    (E): Virtual Machine Exception

Reason: NULL pointer to instance. Variable 'character'

Class:      'SCR_CallsignGroupComponent'
Function: 'OnAIAddedToGroup'
Stack trace:
Scripts/Game/Callsign/SCR_CallsignGroupComponent.c:285 Function OnAIAddedToGroup
Scripts/Game/Entities/SCR_AIGroup.c:2009 Function OnAgentAdded
Scripts/Game/Entities/SCR_AIGroup.c:1524 Function AddAIEntityToGroup
Scripts/Game/Entities/SCR_AIGroup.c:1356 Function SpawnGroupMember
Scripts/Game/Entities/SCR_AIGroup.c:226 Function SpawnDelayedGroupMember
Scripts/Game/Entities/SCR_AIGroup.c:211 Function EOnFrame
13:14:55.038   SCRIPT    (E): Virtual Machine Exception

Reason: NULL pointer to instance. Variable 'character'

Class:      'SCR_CallsignGroupComponent'
Function: 'OnAIAddedToGroup'
Stack trace:
Scripts/Game/Callsign/SCR_CallsignGroupComponent.c:285 Function OnAIAddedToGroup
Scripts/Game/Entities/SCR_AIGroup.c:2009 Function OnAgentAdded
Scripts/Game/Entities/SCR_AIGroup.c:1524 Function AddAIEntityToGroup
Scripts/Game/Entities/SCR_AIGroup.c:1356 Function SpawnGroupMember
Scripts/Game/Entities/SCR_AIGroup.c:226 Function SpawnDelayedGroupMember
Scripts/Game/Entities/SCR_AIGroup.c:211 Function EOnFrame
13:15:27.918   SCRIPT    (E): Invalid SmartAction id!
13:15:48.862 SCRIPT       : [Escapists] [ESCT_AmbientEventSystem] Idle tick - event 0.198045 chance.
13:15:54.493   SCRIPT    (E): Invalid SmartAction id!
13:16:38.861   SCRIPT    (E): Virtual Machine Exception

Reason: NULL pointer to instance

Class:      'Bacon_ParachuteTestLmao'
Function: 'OnLanded'
Stack trace:
Scripts/Game/Bacon_ParachuteTestLmao.c:357 Function OnLanded
Scripts/Game/Bacon_ParachuteTestLmao.c:362 Function Undeploy
Scripts/Game/EM/SpecialEvents/EM_ParadropEvent.c:221 Function EOnPostFrame
13:16:39.096   SCRIPT    (E): Virtual Machine Exception

Reason: NULL pointer to instance

Class:      'Bacon_ParachuteTestLmao'
Function: 'OnLanded'
Stack trace:
Scripts/Game/Bacon_ParachuteTestLmao.c:357 Function OnLanded
Scripts/Game/Bacon_ParachuteTestLmao.c:362 Function Undeploy
Scripts/Game/EM/SpecialEvents/EM_ParadropEvent.c:221 Function EOnPostFrame
13:16:41.135   SCRIPT    (E): Virtual Machine Exception

Reason: NULL pointer to instance

Class:      'Bacon_ParachuteTestLmao'
Function: 'OnLanded'
Stack trace:
Scripts/Game/Bacon_ParachuteTestLmao.c:357 Function OnLanded
Scripts/Game/Bacon_ParachuteTestLmao.c:362 Function Undeploy
Scripts/Game/EM/SpecialEvents/EM_ParadropEvent.c:221 Function EOnPostFrame
13:16:41.734   SCRIPT    (E): Virtual Machine Exception

Reason: NULL pointer to instance

Class:      'Bacon_ParachuteTestLmao'
Function: 'OnLanded'
Stack trace:
Scripts/Game/Bacon_ParachuteTestLmao.c:357 Function OnLanded
Scripts/Game/Bacon_ParachuteTestLmao.c:362 Function Undeploy
Scripts/Game/EM/SpecialEvents/EM_ParadropEvent.c:221 Function EOnPostFrame
13:16:43.804   SCRIPT    (E): Virtual Machine Exception

Reason: NULL pointer to instance

Class:      'Bacon_ParachuteTestLmao'
Function: 'OnLanded'
Stack trace:
Scripts/Game/Bacon_ParachuteTestLmao.c:357 Function OnLanded
Scripts/Game/Bacon_ParachuteTestLmao.c:362 Function Undeploy
Scripts/Game/EM/SpecialEvents/EM_ParadropEvent.c:221 Function EOnPostFrame
13:16:44.440   SCRIPT    (E): Virtual Machine Exception

Reason: NULL pointer to instance

Class:      'Bacon_ParachuteTestLmao'
Function: 'OnLanded'
Stack trace:
Scripts/Game/Bacon_ParachuteTestLmao.c:357 Function OnLanded
Scripts/Game/Bacon_ParachuteTestLmao.c:362 Function Undeploy
Scripts/Game/EM/SpecialEvents/EM_ParadropEvent.c:221 Function EOnPostFrame
13:16:46.200   SCRIPT    (E): Virtual Machine Exception

Reason: NULL pointer to instance

Class:      'Bacon_ParachuteTestLmao'
Function: 'OnLanded'
Stack trace:
Scripts/Game/Bacon_ParachuteTestLmao.c:357 Function OnLanded
Scripts/Game/Bacon_ParachuteTestLmao.c:362 Function Undeploy
Scripts/Game/EM/SpecialEvents/EM_ParadropEvent.c:221 Function EOnPostFrame
13:16:46.938   SCRIPT    (E): Virtual Machine Exception

Reason: NULL pointer to instance

Class:      'Bacon_ParachuteTestLmao'
Function: 'OnLanded'
Stack trace:
Scripts/Game/Bacon_ParachuteTestLmao.c:357 Function OnLanded
Scripts/Game/Bacon_ParachuteTestLmao.c:362 Function Undeploy
Scripts/Game/EM/SpecialEvents/EM_ParadropEvent.c:221 Function EOnPostFrame
13:16:48.764   SCRIPT    (E): Virtual Machine Exception

Reason: NULL pointer to instance

Class:      'Bacon_ParachuteTestLmao'
Function: 'OnLanded'
Stack trace:
Scripts/Game/Bacon_ParachuteTestLmao.c:357 Function OnLanded
Scripts/Game/Bacon_ParachuteTestLmao.c:362 Function Undeploy
Scripts/Game/EM/SpecialEvents/EM_ParadropEvent.c:221 Function EOnPostFrame
13:16:48.880 SCRIPT       : [Escapists] [ESCT_AmbientEventSystem] Idle tick - event 0.234253 chance.
13:16:49.402   SCRIPT    (E): Virtual Machine Exception

Reason: NULL pointer to instance

Class:      'Bacon_ParachuteTestLmao'
Function: 'OnLanded'
Stack trace:
Scripts/Game/Bacon_ParachuteTestLmao.c:357 Function OnLanded
Scripts/Game/Bacon_ParachuteTestLmao.c:362 Function Undeploy
Scripts/Game/EM/SpecialEvents/EM_ParadropEvent.c:221 Function EOnPostFrame
13:17:44.602   SCRIPT       : [Escapists] Lose conditions met, losing the game.
13:17:44.617 SCRIPT    (W): [AnimateWidget.PrepareAnimation] AnimateWidget entity instance is missing ImageWidget<0x00007F027F61A550> { Name: 'FadeOut' }.FadeOut
13:17:47.099 SCRIPT       : [Escapists] Received new game state: Ending
13:17:47.185 SCRIPT       : [Escapists] Forcing game end!
13:17:47.185 SCRIPT       : [Escapists] Defeat ending.
13:17:47.185 SCRIPT       : SCR_BaseGameMode::OnGameStateChanged = POSTGAME
13:17:47.999 SCRIPT    (E): 'SCR_BaseSupportStationComponent' 'EOnInit': 'GenericEntity<0x0000000030337990> @"ENTITY:4611686018427410691" ('GenericEntity','Assets/Items/Fuel/Jerrycan_01/Jerrycan_01.xo' Support Station is set to use supplies  but it has no SCR_ResourceComponent
13:17:48.000 SCRIPT    (E): 'SCR_BaseSupportStationComponent' 'EOnInit': 'Vehicle<0x00000000300F4198> @"ENTITY:4611686018427410677" ('Vehicle','Assets/Vehicles/Wheeled/UAZ469/UAZ469_base.xob') at <492' Support Station is set to use supplies but the consumer configuration in m_ResourceConsumer is missing
13:17:48.004 SCRIPT    (E): 'SCR_BaseSupportStationComponent' 'EOnInit': 'GenericEntity<0x000000003052A780> @"ENTITY:4611686018427410788" ('GenericEntity','Assets/Items/Fuel/Jerrycan_01/Jerrycan_01.xo' Support Station is set to use supplies  but it has no SCR_ResourceComponent
13:17:48.004 SCRIPT    (E): 'SCR_BaseSupportStationComponent' 'EOnInit': 'Vehicle<0x00000000323028F8> @"ENTITY:4611686018427410766" ('Vehicle','Assets/Vehicles/Wheeled/S105/S105_base.xob') at <4957.53' Support Station is set to use supplies but the consumer configuration in m_ResourceConsumer is missing
13:17:48.920 SCRIPT       : [Escapists] [ESCT_AmbientEventSystem] Idle tick - event 0.225046 chance.
13:17:51.148 SCRIPT    (W): [AnimateWidget.PrepareAnimation] AnimateWidget entity instance is missing ImageWidget<0x00007F027F61A550> { Name: 'FadeOut' }.FadeOut
13:17:55.016   SCRIPT       : [Escapists] ESCT_VehiclePatrolEvent<0x00007F027F742A60> @"ENTITY:4611686018427393072" ('ESCT_VehiclePatrolEvent') at <5714.855957 479.2000 event will be despawned - VehiclePatrol type.
