---------------------------------------------
Log /home/profile/logs/logs_2024-08-22_13-19-02/crash.log started at 2024-08-22 13:44:16 (2024-08-22 13:44:16 UTC)



------------------------------------
22.08 2024 13:44:16
Virtual Machine Exception

Reason: NULL pointer to instance. Variable 'from'

Class:      'SCR_EditorSettingsEntity'
Entity id:0

Function: 'GetSkipStreamingRules'
Stack trace:
Scripts/Game/Editor/Entities/SCR_EditorSettingsEntity.c:134 Function GetSkipStreamingRules
Scripts/Game/Editor/Components/Editor/SCR_DynamicSimulationEditorComponent.c:56 Function EnableStreamingForEntity
Scripts/Game/Editor/Components/Editor/SCR_DynamicSimulationEditorComponent.c:42 Function EnableStreaming
Scripts/Game/Editor/Components/Editor/SCR_DynamicSimulationEditorComponent.c:90 Function EOnEditorActivateServer
Scripts/Game/Editor/Entities/SCR_EditorModeEntity.c:153 Function ActivateModeServer
Scripts/Game/Editor/Entities/SCR_EditorManagerEntity.c:177 Function ToggleServer

Runtime mode
CLI params: config /reforger/Configs/escapists.json backendlog  nothrow  maxFPS 60 profile /home/profile addonDownloadDir /reforger/workshop addonsDir /reforger/workshop autoreload 10 loadSessionSave  


------------------------------------
22.08 2024 14:53:12
Virtual Machine Exception

Reason: NULL pointer to instance. Variable 'user'

Class:      'SCR_ConsumableItemComponent'
Function: 'ApplyItemEffect'
Stack trace:
Scripts/Game/Components/Gadgets/SCR_ConsumableItemComponent.c:36 Function ApplyItemEffect
Scripts/Game/Components/Gadgets/SCR_ConsumableItemComponent.c:87 Function OnApplyToCharacter
Scripts/Game/Character/SCR_CharacterControllerComponent.c:189 Function OnItemUseEnded

Runtime mode
CLI params: config /reforger/Configs/escapists.json backendlog  nothrow  maxFPS 60 profile /home/profile addonDownloadDir /reforger/workshop addonsDir /reforger/workshop autoreload 10 loadSessionSave  


------------------------------------
22.08 2024 14:57:29
Virtual Machine Exception

Reason: NULL pointer to instance. Variable 'character'

Class:      'SCR_CallsignGroupComponent'
Function: 'OnAIAddedToGroup'
Stack trace:
Scripts/Game/Callsign/SCR_CallsignGroupComponent.c:285 Function OnAIAddedToGroup
Scripts/Game/Entities/SCR_AIGroup.c:2009 Function OnAgentAdded
Scripts/Game/Entities/SCR_AIGroup.c:1524 Function AddAIEntityToGroup
Scripts/Game/Entities/SCR_AIGroup.c:1356 Function SpawnGroupMember
Scripts/Game/Entities/SCR_AIGroup.c:226 Function SpawnDelayedGroupMember
Scripts/Game/Entities/SCR_AIGroup.c:211 Function EOnFrame

Runtime mode
CLI params: config /reforger/Configs/escapists.json backendlog  nothrow  maxFPS 60 profile /home/profile addonDownloadDir /reforger/workshop addonsDir /reforger/workshop autoreload 10 loadSessionSave  


------------------------------------
22.08 2024 14:59:06
Virtual Machine Exception

Reason: NULL pointer to instance. Variable 'passenger'

Function: 'EjectStep'
Stack trace:
Scripts/Game/EM/SpecialEvents/EM_ParadropEvent.c:155 Function EjectStep
Scripts/Game/game.c:927 Function OnUpdate

Runtime mode
CLI params: config /reforger/Configs/escapists.json backendlog  nothrow  maxFPS 60 profile /home/profile addonDownloadDir /reforger/workshop addonsDir /reforger/workshop autoreload 10 loadSessionSave  


------------------------------------
22.08 2024 15:21:49
Virtual Machine Exception

Reason: NULL pointer to instance. Variable 'character'

Class:      'SCR_CallsignGroupComponent'
Function: 'OnAIAddedToGroup'
Stack trace:
Scripts/Game/Callsign/SCR_CallsignGroupComponent.c:285 Function OnAIAddedToGroup
Scripts/Game/Entities/SCR_AIGroup.c:2009 Function OnAgentAdded
Scripts/Game/Entities/SCR_AIGroup.c:1524 Function AddAIEntityToGroup
Scripts/Game/Entities/SCR_AIGroup.c:1356 Function SpawnGroupMember
Scripts/Game/Entities/SCR_AIGroup.c:226 Function SpawnDelayedGroupMember
Scripts/Game/Entities/SCR_AIGroup.c:211 Function EOnFrame

Runtime mode
CLI params: config /reforger/Configs/escapists.json backendlog  nothrow  maxFPS 60 profile /home/profile addonDownloadDir /reforger/workshop addonsDir /reforger/workshop autoreload 10 loadSessionSave  


------------------------------------
22.08 2024 15:21:49
Virtual Machine Exception

Reason: NULL pointer to instance. Variable 'character'

Class:      'SCR_CallsignGroupComponent'
Function: 'OnAIAddedToGroup'
Stack trace:
Scripts/Game/Callsign/SCR_CallsignGroupComponent.c:285 Function OnAIAddedToGroup
Scripts/Game/Entities/SCR_AIGroup.c:2009 Function OnAgentAdded
Scripts/Game/Entities/SCR_AIGroup.c:1524 Function AddAIEntityToGroup
Scripts/Game/Entities/SCR_AIGroup.c:1356 Function SpawnGroupMember
Scripts/Game/Entities/SCR_AIGroup.c:226 Function SpawnDelayedGroupMember
Scripts/Game/Entities/SCR_AIGroup.c:211 Function EOnFrame

Runtime mode
CLI params: config /reforger/Configs/escapists.json backendlog  nothrow  maxFPS 60 profile /home/profile addonDownloadDir /reforger/workshop addonsDir /reforger/workshop autoreload 10 loadSessionSave  


------------------------------------
22.08 2024 15:34:26
Virtual Machine Exception

Reason: NULL pointer to instance. Variable 'from'

Class:      'SCR_EditorSettingsEntity'
Entity id:0

Function: 'GetSkipStreamingRules'
Stack trace:
Scripts/Game/Editor/Entities/SCR_EditorSettingsEntity.c:134 Function GetSkipStreamingRules
Scripts/Game/Editor/Components/Editor/SCR_DynamicSimulationEditorComponent.c:56 Function EnableStreamingForEntity
Scripts/Game/Editor/Components/Editor/SCR_DynamicSimulationEditorComponent.c:42 Function EnableStreaming
Scripts/Game/Editor/Components/Editor/SCR_DynamicSimulationEditorComponent.c:90 Function EOnEditorActivateServer
Scripts/Game/Editor/Entities/SCR_EditorModeEntity.c:153 Function ActivateModeServer
Scripts/Game/Editor/Entities/SCR_EditorManagerEntity.c:177 Function ToggleServer

Runtime mode
CLI params: config /reforger/Configs/escapists.json backendlog  nothrow  maxFPS 60 profile /home/profile addonDownloadDir /reforger/workshop addonsDir /reforger/workshop autoreload 10 loadSessionSave  


------------------------------------
22.08 2024 15:43:46
Virtual Machine Exception

Reason: NULL pointer to instance. Variable 'anim'

Function: 'GetPivotName'
Stack trace:
Scripts/Game/Entities/Preview/SCR_GenericPreviewEntity.c:147 Function GetPivotName
Scripts/Game/Entities/Preview/SCR_EditablePreviewEntity.c:166 Function GetPreviewEntries#786754
Scripts/Game/Entities/Preview/SCR_EditablePreviewEntity.c:91 Function SpawnPreviewFromEditableEntities
Scripts/Game/Editor/Components/Editor/SCR_TransformingEditorComponent.c:178 Function StartEditingServer

Runtime mode
CLI params: config /reforger/Configs/escapists.json backendlog  nothrow  maxFPS 60 profile /home/profile addonDownloadDir /reforger/workshop addonsDir /reforger/workshop autoreload 10 loadSessionSave  
