---------------------------------------------
Log /home/profile/logs/logs_2024-07-24_20-08-36/script.log started at 2024-07-24 20:08:36 (2024-07-24 20:08:36 UTC)

20:08:36.975 SCRIPT       : SCRIPT       : Initializing scripts
20:08:36.975  SCRIPT       : SCRIPT       : ScriptProjectManager init
20:08:37.025 SCRIPT       : SCRIPT       : Compiling GameLib scripts
20:08:37.058  SCRIPT       : Module: GameLib; loaded 282x files; 509x classes; used 468/2097 kB (22%) of static memory; defines: "PLATFORM_LINUX,ENF_ENABLE_VHC_OVERRIDE,ENF_ENABLE_RPLCOMPONENT_IN_GAMECODE"; CRC32: 46b6820e
20:08:37.061 SCRIPT       : SCRIPT       : Compiling Game scripts
20:08:38.622  SCRIPT       : Module: Game; loaded 4190x files; 8559x classes; used 18386/41943 kB (43%) of static memory; defines: "PLATFORM_LINUX,ENF_ENABLE_VHC_OVERRIDE,ENF_ENABLE_RPLCOMPONENT_IN_GAMECODE,ENABLE_BASE_DESTRUCTION,DEBUG,RESPAWN_TIMER_COMPONENT_DEBUG,DEBUG_NEARBY_CONTEXT_DISPLAY,DEBUG_CONFIGURABLE_DIALOGS,DISABLE_WEAPON_SWITCHING,SCRIPTED_AIM_MODIFIER_DEBUG"; CRC32: 26229ce5
20:08:42.077 SCRIPT       : SCRIPT       : Compiling GameLib scripts
20:08:42.106  SCRIPT       : Module: GameLib; loaded 282x files; 509x classes; used 462/2097 kB (22%) of static memory; defines: "PLATFORM_LINUX,ENF_ENABLE_VHC_OVERRIDE,ENF_ENABLE_RPLCOMPONENT_IN_GAMECODE"; CRC32: 46b6820e
20:08:42.109 SCRIPT       : SCRIPT       : Compiling Game scripts
20:08:43.756  SCRIPT       : Module: Game; loaded 4404x files; 9101x classes; used 19244/41943 kB (45%) of static memory; defines: "PLATFORM_LINUX,ENF_ENABLE_VHC_OVERRIDE,ENF_ENABLE_RPLCOMPONENT_IN_GAMECODE,ENABLE_BASE_DESTRUCTION,DEBUG,RESPAWN_TIMER_COMPONENT_DEBUG,DEBUG_NEARBY_CONTEXT_DISPLAY,DEBUG_CONFIGURABLE_DIALOGS,DISABLE_WEAPON_SWITCHING,SCRIPTED_AIM_MODIFIER_DEBUG"; CRC32: 63b6be8a
20:09:11.658     SCRIPT    (W): Catalog Entry: '{DEBB01A41488DFF8}Prefabs/Weapons/Attachments/Muzzle/RHS_6P20_0_20.et' could not create UIinfo for inventory item. Non was found for weapon nor Inventory item data
20:09:11.658     SCRIPT    (W): Catalog Entry: '{BAC59BF0DF432D43}Prefabs/Weapons/Attachments/Muzzle/RHS_PGS64.et' could not create UIinfo for inventory item. Non was found for weapon nor Inventory item data
20:09:11.691     SCRIPT    (W): Catalog Entry: '{DEBB01A41488DFF8}Prefabs/Weapons/Attachments/Muzzle/RHS_6P20_0_20.et' could not create UIinfo for inventory item. Non was found for weapon nor Inventory item data
20:09:11.691     SCRIPT    (W): Catalog Entry: '{BAC59BF0DF432D43}Prefabs/Weapons/Attachments/Muzzle/RHS_PGS64.et' could not create UIinfo for inventory item. Non was found for weapon nor Inventory item data
20:09:12.367      SCRIPT    (W): SCR_MapEntity: Cannot get the size from terrain. Using default.
20:09:16.366 SCRIPT    (E): 'SCR_BaseSupportStationComponent' 'EOnInit': 'SCR_DestructibleBuildingEntity<0x00007ED5F0D17D20> @"ENTITY:272896" ('SCR_DestructibleBuildingEntity','Assets/Structures/Comme' Support Station is set to use supplies  but it has no SCR_ResourceComponent
20:09:16.366 SCRIPT    (E): 'SCR_BaseSupportStationComponent' 'EOnInit': 'SCR_DestructibleBuildingEntity<0x00007ED5DC233228> @"ENTITY:463500" ('SCR_DestructibleBuildingEntity','Assets/Structures/Comme' Support Station is set to use supplies  but it has no SCR_ResourceComponent
20:09:16.366 SCRIPT    (E): 'SCR_BaseSupportStationComponent' 'EOnInit': 'SCR_DestructibleBuildingEntity<0x00007ED5DC233360> @"ENTITY:463506" ('SCR_DestructibleBuildingEntity','Assets/Structures/Comme' Support Station is set to use supplies  but it has no SCR_ResourceComponent
20:09:16.367 SCRIPT    (E): 'SCR_BaseSupportStationComponent' 'EOnInit': 'SCR_DestructibleBuildingEntity<0x00007ED5B8A94648> @"ENTITY:858977" ('SCR_DestructibleBuildingEntity','Assets/Structures/Comme' Support Station is set to use supplies  but it has no SCR_ResourceComponent
20:09:16.367 SCRIPT    (E): 'SCR_BaseSupportStationComponent' 'EOnInit': 'SCR_DestructibleBuildingEntity<0x00007ED5B8A94780> @"ENTITY:858982" ('SCR_DestructibleBuildingEntity','Assets/Structures/Comme' Support Station is set to use supplies  but it has no SCR_ResourceComponent
20:09:16.367 SCRIPT    (E): 'SCR_BaseSupportStationComponent' 'EOnInit': 'SCR_DestructibleBuildingEntity<0x00007ED5B8A948B8> @"ENTITY:858987" ('SCR_DestructibleBuildingEntity','Assets/Structures/Comme' Support Station is set to use supplies  but it has no SCR_ResourceComponent
20:09:16.367 SCRIPT    (E): 'SCR_BaseSupportStationComponent' 'EOnInit': 'SCR_DestructibleBuildingEntity<0x00007ED5B8A949F0> @"ENTITY:858992" ('SCR_DestructibleBuildingEntity','Assets/Structures/Comme' Support Station is set to use supplies  but it has no SCR_ResourceComponent
20:09:16.367 SCRIPT    (E): 'SCR_BaseSupportStationComponent' 'EOnInit': 'SCR_DestructibleBuildingEntity<0x00007ED5B8A94B28> @"ENTITY:858997" ('SCR_DestructibleBuildingEntity','Assets/Structures/Comme' Support Station is set to use supplies  but it has no SCR_ResourceComponent
20:09:16.367 SCRIPT    (E): 'SCR_BaseSupportStationComponent' 'EOnInit': 'SCR_DestructibleBuildingEntity<0x00007ED5B8A94C60> @"ENTITY:859002" ('SCR_DestructibleBuildingEntity','Assets/Structures/Comme' Support Station is set to use supplies  but it has no SCR_ResourceComponent
20:09:16.367 SCRIPT    (E): 'SCR_BaseSupportStationComponent' 'EOnInit': 'SCR_DestructibleBuildingEntity<0x00007ED5B8A94D98> @"ENTITY:859007" ('SCR_DestructibleBuildingEntity','Assets/Structures/Comme' Support Station is set to use supplies  but it has no SCR_ResourceComponent
20:09:16.367 SCRIPT    (E): 'SCR_BaseSupportStationComponent' 'EOnInit': 'SCR_DestructibleBuildingEntity<0x00007ED5B8A94ED0> @"ENTITY:859012" ('SCR_DestructibleBuildingEntity','Assets/Structures/Comme' Support Station is set to use supplies  but it has no SCR_ResourceComponent
20:09:16.367 SCRIPT    (E): 'SCR_BaseSupportStationComponent' 'EOnInit': 'SCR_DestructibleBuildingEntity<0x00007ED5B8A95008> @"ENTITY:859017" ('SCR_DestructibleBuildingEntity','Assets/Structures/Comme' Support Station is set to use supplies  but it has no SCR_ResourceComponent
20:09:16.367 SCRIPT    (E): 'SCR_BaseSupportStationComponent' 'EOnInit': 'SCR_DestructibleBuildingEntity<0x00007ED5B8A95140> @"ENTITY:859022" ('SCR_DestructibleBuildingEntity','Assets/Structures/Comme' Support Station is set to use supplies  but it has no SCR_ResourceComponent
20:09:16.367 SCRIPT    (E): 'SCR_BaseSupportStationComponent' 'EOnInit': 'SCR_DestructibleBuildingEntity<0x00007ED5B8A95278> @"ENTITY:859027" ('SCR_DestructibleBuildingEntity','Assets/Structures/Comme' Support Station is set to use supplies  but it has no SCR_ResourceComponent
20:09:16.367 SCRIPT    (E): 'SCR_BaseSupportStationComponent' 'EOnInit': 'SCR_DestructibleBuildingEntity<0x00007ED5B8A953B0> @"ENTITY:859032" ('SCR_DestructibleBuildingEntity','Assets/Structures/Comme' Support Station is set to use supplies  but it has no SCR_ResourceComponent
20:09:16.367 SCRIPT    (E): 'SCR_BaseSupportStationComponent' 'EOnInit': 'SCR_DestructibleBuildingEntity<0x00007ED5B8A954E8> @"ENTITY:859037" ('SCR_DestructibleBuildingEntity','Assets/Structures/Comme' Support Station is set to use supplies  but it has no SCR_ResourceComponent
20:09:16.367 SCRIPT    (E): 'SCR_BaseSupportStationComponent' 'EOnInit': 'SCR_DestructibleBuildingEntity<0x00007ED5BAFE65F8> @"ENTITY:908889" ('SCR_DestructibleBuildingEntity','Assets/Structures/Comme' Support Station is set to use supplies  but it has no SCR_ResourceComponent
20:09:16.367 SCRIPT    (E): 'SCR_BaseSupportStationComponent' 'EOnInit': 'SCR_DestructibleBuildingEntity<0x00007ED5BAFE6730> @"ENTITY:908895" ('SCR_DestructibleBuildingEntity','Assets/Structures/Comme' Support Station is set to use supplies  but it has no SCR_ResourceComponent
20:09:16.367 SCRIPT    (E): 'SCR_BaseSupportStationComponent' 'EOnInit': 'SCR_DestructibleBuildingEntity<0x00007ED5BAFE6868> @"ENTITY:908901" ('SCR_DestructibleBuildingEntity','Assets/Structures/Comme' Support Station is set to use supplies  but it has no SCR_ResourceComponent
20:09:16.445   SCRIPT       : SCR_BaseGameMode::OnGameStateChanged = GAME
20:09:21.261 SCRIPT    (E): 'SCR_BaseSupportStationComponent' 'EOnInit': 'GenericEntity<0x00007ED6333D7660> @"ENTITY:6917529027641092070" ('GenericEntity','Assets/Items/Fuel/Jerrycan_01/Jerrycan_01.xo' Support Station is set to use supplies  but it has no SCR_ResourceComponent
20:09:21.261 SCRIPT    (E): 'SCR_BaseSupportStationComponent' 'EOnInit': 'GenericEntity<0x00007ED6334C9680> @"ENTITY:6917529027641092122" ('GenericEntity','Assets/Items/Fuel/Jerrycan_01/Jerrycan_01.xo' Support Station is set to use supplies  but it has no SCR_ResourceComponent
20:09:21.261 SCRIPT    (E): 'SCR_BaseSupportStationComponent' 'EOnInit': 'GenericEntity<0x00007ED625F73440> @"ENTITY:6917529027641092235" ('GenericEntity','Assets/Items/Fuel/Jerrycan_01/Jerrycan_01.xo' Support Station is set to use supplies  but it has no SCR_ResourceComponent
20:09:21.261 SCRIPT    (E): 'SCR_BaseSupportStationComponent' 'EOnInit': 'GenericEntity<0x00007ED6326E5240> @"ENTITY:6917529027641092349" ('GenericEntity','Assets/Items/Fuel/Jerrycan_01/Jerrycan_01.xo' Support Station is set to use supplies  but it has no SCR_ResourceComponent
20:09:21.262 SCRIPT    (E): 'SCR_BaseSupportStationComponent' 'EOnInit': 'GenericEntity<0x00007ED632587EE0> @"ENTITY:6917529027641092495" ('GenericEntity','Assets/Items/Fuel/Jerrycan_01/Jerrycan_01.xo' Support Station is set to use supplies  but it has no SCR_ResourceComponent
20:11:19.599 SCRIPT       : SCR_LatestSaveDSSessionCallback: LocalSave: .LatestSave
20:13:19.598 SCRIPT       : SCR_LatestSaveDSSessionCallback: LocalSave: .LatestSave
20:15:19.596 SCRIPT       : SCR_LatestSaveDSSessionCallback: LocalSave: .LatestSave
20:17:19.614 SCRIPT       : SCR_LatestSaveDSSessionCallback: LocalSave: .LatestSave
20:19:19.610 SCRIPT       : SCR_LatestSaveDSSessionCallback: LocalSave: .LatestSave
20:21:19.614 SCRIPT       : SCR_LatestSaveDSSessionCallback: LocalSave: .LatestSave
20:23:19.623 SCRIPT       : SCR_LatestSaveDSSessionCallback: LocalSave: .LatestSave
20:25:19.625 SCRIPT       : SCR_LatestSaveDSSessionCallback: LocalSave: .LatestSave
20:27:19.633 SCRIPT       : SCR_LatestSaveDSSessionCallback: LocalSave: .LatestSave
20:29:19.632 SCRIPT       : SCR_LatestSaveDSSessionCallback: LocalSave: .LatestSave
20:31:19.622 SCRIPT       : SCR_LatestSaveDSSessionCallback: LocalSave: .LatestSave
20:33:19.627 SCRIPT       : SCR_LatestSaveDSSessionCallback: LocalSave: .LatestSave
20:35:19.630 SCRIPT       : SCR_LatestSaveDSSessionCallback: LocalSave: .LatestSave
20:37:19.633 SCRIPT       : SCR_LatestSaveDSSessionCallback: LocalSave: .LatestSave
20:39:19.649 SCRIPT       : SCR_LatestSaveDSSessionCallback: LocalSave: .LatestSave
20:41:19.647 SCRIPT       : SCR_LatestSaveDSSessionCallback: LocalSave: .LatestSave
20:43:19.644 SCRIPT       : SCR_LatestSaveDSSessionCallback: LocalSave: .LatestSave
20:45:19.659 SCRIPT       : SCR_LatestSaveDSSessionCallback: LocalSave: .LatestSave
20:47:19.656 SCRIPT       : SCR_LatestSaveDSSessionCallback: LocalSave: .LatestSave
20:49:19.666 SCRIPT       : SCR_LatestSaveDSSessionCallback: LocalSave: .LatestSave
20:51:19.663 SCRIPT       : SCR_LatestSaveDSSessionCallback: LocalSave: .LatestSave
20:53:19.663 SCRIPT       : SCR_LatestSaveDSSessionCallback: LocalSave: .LatestSave
20:55:19.666 SCRIPT       : SCR_LatestSaveDSSessionCallback: LocalSave: .LatestSave
20:57:19.672 SCRIPT       : SCR_LatestSaveDSSessionCallback: LocalSave: .LatestSave
20:59:19.687 SCRIPT       : SCR_LatestSaveDSSessionCallback: LocalSave: .LatestSave
21:01:19.677 SCRIPT       : SCR_LatestSaveDSSessionCallback: LocalSave: .LatestSave
21:03:19.693 SCRIPT       : SCR_LatestSaveDSSessionCallback: LocalSave: .LatestSave
21:05:19.684 SCRIPT       : SCR_LatestSaveDSSessionCallback: LocalSave: .LatestSave
21:07:19.686 SCRIPT       : SCR_LatestSaveDSSessionCallback: LocalSave: .LatestSave
21:09:19.699 SCRIPT       : SCR_LatestSaveDSSessionCallback: LocalSave: .LatestSave
21:11:19.700 SCRIPT       : SCR_LatestSaveDSSessionCallback: LocalSave: .LatestSave
21:13:19.703 SCRIPT       : SCR_LatestSaveDSSessionCallback: LocalSave: .LatestSave
21:15:19.702 SCRIPT       : SCR_LatestSaveDSSessionCallback: LocalSave: .LatestSave
21:17:19.707 SCRIPT       : SCR_LatestSaveDSSessionCallback: LocalSave: .LatestSave
21:19:19.723 SCRIPT       : SCR_LatestSaveDSSessionCallback: LocalSave: .LatestSave
21:21:19.724 SCRIPT       : SCR_LatestSaveDSSessionCallback: LocalSave: .LatestSave
21:23:19.715 SCRIPT       : SCR_LatestSaveDSSessionCallback: LocalSave: .LatestSave
21:25:19.725 SCRIPT       : SCR_LatestSaveDSSessionCallback: LocalSave: .LatestSave
21:27:19.722 SCRIPT       : SCR_LatestSaveDSSessionCallback: LocalSave: .LatestSave
21:29:19.736 SCRIPT       : SCR_LatestSaveDSSessionCallback: LocalSave: .LatestSave
21:31:19.740 SCRIPT       : SCR_LatestSaveDSSessionCallback: LocalSave: .LatestSave
21:33:19.734 SCRIPT       : SCR_LatestSaveDSSessionCallback: LocalSave: .LatestSave
21:35:19.747 SCRIPT       : SCR_LatestSaveDSSessionCallback: LocalSave: .LatestSave
21:37:19.741 SCRIPT       : SCR_LatestSaveDSSessionCallback: LocalSave: .LatestSave
21:39:19.743 SCRIPT       : SCR_LatestSaveDSSessionCallback: LocalSave: .LatestSave
21:41:19.748 SCRIPT       : SCR_LatestSaveDSSessionCallback: LocalSave: .LatestSave
21:43:19.753 SCRIPT       : SCR_LatestSaveDSSessionCallback: LocalSave: .LatestSave
21:45:19.755 SCRIPT       : SCR_LatestSaveDSSessionCallback: LocalSave: .LatestSave
21:47:19.759 SCRIPT       : SCR_LatestSaveDSSessionCallback: LocalSave: .LatestSave
21:49:19.763 SCRIPT       : SCR_LatestSaveDSSessionCallback: LocalSave: .LatestSave
21:51:19.767 SCRIPT       : SCR_LatestSaveDSSessionCallback: LocalSave: .LatestSave
21:53:19.780 SCRIPT       : SCR_LatestSaveDSSessionCallback: LocalSave: .LatestSave
21:55:19.773 SCRIPT       : SCR_LatestSaveDSSessionCallback: LocalSave: .LatestSave
21:57:19.777 SCRIPT       : SCR_LatestSaveDSSessionCallback: LocalSave: .LatestSave
21:59:19.780 SCRIPT       : SCR_LatestSaveDSSessionCallback: LocalSave: .LatestSave
22:01:19.794 SCRIPT       : SCR_LatestSaveDSSessionCallback: LocalSave: .LatestSave
22:03:19.792 SCRIPT       : SCR_LatestSaveDSSessionCallback: LocalSave: .LatestSave
22:05:19.789 SCRIPT       : SCR_LatestSaveDSSessionCallback: LocalSave: .LatestSave
22:07:19.800 SCRIPT       : SCR_LatestSaveDSSessionCallback: LocalSave: .LatestSave
22:09:19.813 SCRIPT       : SCR_LatestSaveDSSessionCallback: LocalSave: .LatestSave
22:11:19.805 SCRIPT       : SCR_LatestSaveDSSessionCallback: LocalSave: .LatestSave
22:13:19.804 SCRIPT       : SCR_LatestSaveDSSessionCallback: LocalSave: .LatestSave
22:15:19.819 SCRIPT       : SCR_LatestSaveDSSessionCallback: LocalSave: .LatestSave
22:17:19.813 SCRIPT       : SCR_LatestSaveDSSessionCallback: LocalSave: .LatestSave
22:19:19.827 SCRIPT       : SCR_LatestSaveDSSessionCallback: LocalSave: .LatestSave
22:21:19.832 SCRIPT       : SCR_LatestSaveDSSessionCallback: LocalSave: .LatestSave
22:23:19.839 SCRIPT       : SCR_LatestSaveDSSessionCallback: LocalSave: .LatestSave
22:25:19.827 SCRIPT       : SCR_LatestSaveDSSessionCallback: LocalSave: .LatestSave
22:27:19.836 SCRIPT       : SCR_LatestSaveDSSessionCallback: LocalSave: .LatestSave
22:29:19.832 SCRIPT       : SCR_LatestSaveDSSessionCallback: LocalSave: .LatestSave
22:31:19.835 SCRIPT       : SCR_LatestSaveDSSessionCallback: LocalSave: .LatestSave
22:33:19.854 SCRIPT       : SCR_LatestSaveDSSessionCallback: LocalSave: .LatestSave
22:35:19.854 SCRIPT       : SCR_LatestSaveDSSessionCallback: LocalSave: .LatestSave
22:37:19.845 SCRIPT       : SCR_LatestSaveDSSessionCallback: LocalSave: .LatestSave
22:39:19.852 SCRIPT       : SCR_LatestSaveDSSessionCallback: LocalSave: .LatestSave
22:41:19.853 SCRIPT       : SCR_LatestSaveDSSessionCallback: LocalSave: .LatestSave
22:43:19.869 SCRIPT       : SCR_LatestSaveDSSessionCallback: LocalSave: .LatestSave
22:45:19.877 SCRIPT       : SCR_LatestSaveDSSessionCallback: LocalSave: .LatestSave
22:47:19.873 SCRIPT       : SCR_LatestSaveDSSessionCallback: LocalSave: .LatestSave
22:49:19.880 SCRIPT       : SCR_LatestSaveDSSessionCallback: LocalSave: .LatestSave
22:51:19.879 SCRIPT       : SCR_LatestSaveDSSessionCallback: LocalSave: .LatestSave
22:53:19.879 SCRIPT       : SCR_LatestSaveDSSessionCallback: LocalSave: .LatestSave
22:55:19.884 SCRIPT       : SCR_LatestSaveDSSessionCallback: LocalSave: .LatestSave
22:57:19.881 SCRIPT       : SCR_LatestSaveDSSessionCallback: LocalSave: .LatestSave
22:59:19.886 SCRIPT       : SCR_LatestSaveDSSessionCallback: LocalSave: .LatestSave
23:01:19.902 SCRIPT       : SCR_LatestSaveDSSessionCallback: LocalSave: .LatestSave
23:03:19.903 SCRIPT       : SCR_LatestSaveDSSessionCallback: LocalSave: .LatestSave
23:05:19.906 SCRIPT       : SCR_LatestSaveDSSessionCallback: LocalSave: .LatestSave
23:07:19.899 SCRIPT       : SCR_LatestSaveDSSessionCallback: LocalSave: .LatestSave
23:09:19.905 SCRIPT       : SCR_LatestSaveDSSessionCallback: LocalSave: .LatestSave
23:11:19.904 SCRIPT       : SCR_LatestSaveDSSessionCallback: LocalSave: .LatestSave
23:13:19.910 SCRIPT       : SCR_LatestSaveDSSessionCallback: LocalSave: .LatestSave
23:15:19.928 SCRIPT       : SCR_LatestSaveDSSessionCallback: LocalSave: .LatestSave
23:17:19.918 SCRIPT       : SCR_LatestSaveDSSessionCallback: LocalSave: .LatestSave
23:19:19.932 SCRIPT       : SCR_LatestSaveDSSessionCallback: LocalSave: .LatestSave
23:21:19.925 SCRIPT       : SCR_LatestSaveDSSessionCallback: LocalSave: .LatestSave
23:23:19.936 SCRIPT       : SCR_LatestSaveDSSessionCallback: LocalSave: .LatestSave
23:25:19.932 SCRIPT       : SCR_LatestSaveDSSessionCallback: LocalSave: .LatestSave
23:27:19.933 SCRIPT       : SCR_LatestSaveDSSessionCallback: LocalSave: .LatestSave
23:29:19.951 SCRIPT       : SCR_LatestSaveDSSessionCallback: LocalSave: .LatestSave
23:31:19.955 SCRIPT       : SCR_LatestSaveDSSessionCallback: LocalSave: .LatestSave
23:33:19.962 SCRIPT       : SCR_LatestSaveDSSessionCallback: LocalSave: .LatestSave
23:35:19.948 SCRIPT       : SCR_LatestSaveDSSessionCallback: LocalSave: .LatestSave
23:37:19.963 SCRIPT       : SCR_LatestSaveDSSessionCallback: LocalSave: .LatestSave
23:39:19.970 SCRIPT       : SCR_LatestSaveDSSessionCallback: LocalSave: .LatestSave
23:41:19.972 SCRIPT       : SCR_LatestSaveDSSessionCallback: LocalSave: .LatestSave
23:43:19.964 SCRIPT       : SCR_LatestSaveDSSessionCallback: LocalSave: .LatestSave
23:45:19.967 SCRIPT       : SCR_LatestSaveDSSessionCallback: LocalSave: .LatestSave
23:47:19.982 SCRIPT       : SCR_LatestSaveDSSessionCallback: LocalSave: .LatestSave
23:49:19.973 SCRIPT       : SCR_LatestSaveDSSessionCallback: LocalSave: .LatestSave
23:51:19.977 SCRIPT       : SCR_LatestSaveDSSessionCallback: LocalSave: .LatestSave
23:53:19.982 SCRIPT       : SCR_LatestSaveDSSessionCallback: LocalSave: .LatestSave
23:55:19.989 SCRIPT       : SCR_LatestSaveDSSessionCallback: LocalSave: .LatestSave
23:57:19.988 SCRIPT       : SCR_LatestSaveDSSessionCallback: LocalSave: .LatestSave
23:59:20.005 SCRIPT       : SCR_LatestSaveDSSessionCallback: LocalSave: .LatestSave
00:01:19.994 SCRIPT       : SCR_LatestSaveDSSessionCallback: LocalSave: .LatestSave
00:03:19.997 SCRIPT       : SCR_LatestSaveDSSessionCallback: LocalSave: .LatestSave
00:05:20.002 SCRIPT       : SCR_LatestSaveDSSessionCallback: LocalSave: .LatestSave
00:07:20.006 SCRIPT       : SCR_LatestSaveDSSessionCallback: LocalSave: .LatestSave
00:09:20.010 SCRIPT       : SCR_LatestSaveDSSessionCallback: LocalSave: .LatestSave
00:11:20.013 SCRIPT       : SCR_LatestSaveDSSessionCallback: LocalSave: .LatestSave
00:13:20.017 SCRIPT       : SCR_LatestSaveDSSessionCallback: LocalSave: .LatestSave
00:15:20.031 SCRIPT       : SCR_LatestSaveDSSessionCallback: LocalSave: .LatestSave
00:17:20.023 SCRIPT       : SCR_LatestSaveDSSessionCallback: LocalSave: .LatestSave
00:19:20.027 SCRIPT       : SCR_LatestSaveDSSessionCallback: LocalSave: .LatestSave
00:21:20.031 SCRIPT       : SCR_LatestSaveDSSessionCallback: LocalSave: .LatestSave
00:23:20.033 SCRIPT       : SCR_LatestSaveDSSessionCallback: LocalSave: .LatestSave
00:25:20.039 SCRIPT       : SCR_LatestSaveDSSessionCallback: LocalSave: .LatestSave
00:27:20.057 SCRIPT       : SCR_LatestSaveDSSessionCallback: LocalSave: .LatestSave
00:29:20.059 SCRIPT       : SCR_LatestSaveDSSessionCallback: LocalSave: .LatestSave
00:31:20.050 SCRIPT       : SCR_LatestSaveDSSessionCallback: LocalSave: .LatestSave
00:33:20.061 SCRIPT       : SCR_LatestSaveDSSessionCallback: LocalSave: .LatestSave
00:35:20.057 SCRIPT       : SCR_LatestSaveDSSessionCallback: LocalSave: .LatestSave
00:37:20.058 SCRIPT       : SCR_LatestSaveDSSessionCallback: LocalSave: .LatestSave
00:39:20.064 SCRIPT       : SCR_LatestSaveDSSessionCallback: LocalSave: .LatestSave
00:41:20.070 SCRIPT       : SCR_LatestSaveDSSessionCallback: LocalSave: .LatestSave
00:43:20.085 SCRIPT       : SCR_LatestSaveDSSessionCallback: LocalSave: .LatestSave
00:45:20.080 SCRIPT       : SCR_LatestSaveDSSessionCallback: LocalSave: .LatestSave
00:47:20.077 SCRIPT       : SCR_LatestSaveDSSessionCallback: LocalSave: .LatestSave
00:49:20.619 SCRIPT       : SCR_LatestSaveDSSessionCallback: LocalSave: .LatestSave
00:51:23.876 SCRIPT       : SCR_LatestSaveDSSessionCallback: LocalSave: .LatestSave
00:53:26.988 SCRIPT       : SCR_LatestSaveDSSessionCallback: LocalSave: .LatestSave
00:55:30.165 SCRIPT       : SCR_LatestSaveDSSessionCallback: LocalSave: .LatestSave
00:57:33.232 SCRIPT       : SCR_LatestSaveDSSessionCallback: LocalSave: .LatestSave
00:59:36.449 SCRIPT       : SCR_LatestSaveDSSessionCallback: LocalSave: .LatestSave
01:01:39.253 SCRIPT       : SCR_LatestSaveDSSessionCallback: LocalSave: .LatestSave
01:03:42.225 SCRIPT       : SCR_LatestSaveDSSessionCallback: LocalSave: .LatestSave
01:05:45.221 SCRIPT       : SCR_LatestSaveDSSessionCallback: LocalSave: .LatestSave
01:07:48.021 SCRIPT       : SCR_LatestSaveDSSessionCallback: LocalSave: .LatestSave
01:09:50.858 SCRIPT       : SCR_LatestSaveDSSessionCallback: LocalSave: .LatestSave
01:11:53.460 SCRIPT       : SCR_LatestSaveDSSessionCallback: LocalSave: .LatestSave
01:13:56.663 SCRIPT       : SCR_LatestSaveDSSessionCallback: LocalSave: .LatestSave
01:15:59.702 SCRIPT       : SCR_LatestSaveDSSessionCallback: LocalSave: .LatestSave
01:18:02.592 SCRIPT       : SCR_LatestSaveDSSessionCallback: LocalSave: .LatestSave
01:20:05.490 SCRIPT       : SCR_LatestSaveDSSessionCallback: LocalSave: .LatestSave
01:22:08.645 SCRIPT       : SCR_LatestSaveDSSessionCallback: LocalSave: .LatestSave
01:24:11.754 SCRIPT       : SCR_LatestSaveDSSessionCallback: LocalSave: .LatestSave
01:26:14.603 SCRIPT       : SCR_LatestSaveDSSessionCallback: LocalSave: .LatestSave
01:28:17.934 SCRIPT       : SCR_LatestSaveDSSessionCallback: LocalSave: .LatestSave
01:30:21.039 SCRIPT       : SCR_LatestSaveDSSessionCallback: LocalSave: .LatestSave
01:32:24.061 SCRIPT       : SCR_LatestSaveDSSessionCallback: LocalSave: .LatestSave
01:34:27.217 SCRIPT       : SCR_LatestSaveDSSessionCallback: LocalSave: .LatestSave
01:36:30.133 SCRIPT       : SCR_LatestSaveDSSessionCallback: LocalSave: .LatestSave
01:38:32.889 SCRIPT       : SCR_LatestSaveDSSessionCallback: LocalSave: .LatestSave
01:40:36.066 SCRIPT       : SCR_LatestSaveDSSessionCallback: LocalSave: .LatestSave
01:42:39.161 SCRIPT       : SCR_LatestSaveDSSessionCallback: LocalSave: .LatestSave
01:44:42.199 SCRIPT       : SCR_LatestSaveDSSessionCallback: LocalSave: .LatestSave
01:46:45.132 SCRIPT       : SCR_LatestSaveDSSessionCallback: LocalSave: .LatestSave
01:48:48.298 SCRIPT       : SCR_LatestSaveDSSessionCallback: LocalSave: .LatestSave
01:50:51.539 SCRIPT       : SCR_LatestSaveDSSessionCallback: LocalSave: .LatestSave
01:52:54.501 SCRIPT       : SCR_LatestSaveDSSessionCallback: LocalSave: .LatestSave
01:54:57.238 SCRIPT       : SCR_LatestSaveDSSessionCallback: LocalSave: .LatestSave
01:57:00.383 SCRIPT       : SCR_LatestSaveDSSessionCallback: LocalSave: .LatestSave
01:59:03.374 SCRIPT       : SCR_LatestSaveDSSessionCallback: LocalSave: .LatestSave
02:01:06.165 SCRIPT       : SCR_LatestSaveDSSessionCallback: LocalSave: .LatestSave
02:03:09.569 SCRIPT       : SCR_LatestSaveDSSessionCallback: LocalSave: .LatestSave
02:05:12.419 SCRIPT       : SCR_LatestSaveDSSessionCallback: LocalSave: .LatestSave
02:07:15.274 SCRIPT       : SCR_LatestSaveDSSessionCallback: LocalSave: .LatestSave
02:09:18.494 SCRIPT       : SCR_LatestSaveDSSessionCallback: LocalSave: .LatestSave
02:11:20.908 SCRIPT       : SCR_LatestSaveDSSessionCallback: LocalSave: .LatestSave
02:13:23.755 SCRIPT       : SCR_LatestSaveDSSessionCallback: LocalSave: .LatestSave
02:15:26.656 SCRIPT       : SCR_LatestSaveDSSessionCallback: LocalSave: .LatestSave
02:17:29.680 SCRIPT       : SCR_LatestSaveDSSessionCallback: LocalSave: .LatestSave
02:19:32.830 SCRIPT       : SCR_LatestSaveDSSessionCallback: LocalSave: .LatestSave
02:21:35.723 SCRIPT       : SCR_LatestSaveDSSessionCallback: LocalSave: .LatestSave
02:23:38.886 SCRIPT       : SCR_LatestSaveDSSessionCallback: LocalSave: .LatestSave
02:25:42.088 SCRIPT       : SCR_LatestSaveDSSessionCallback: LocalSave: .LatestSave
02:27:45.262 SCRIPT       : SCR_LatestSaveDSSessionCallback: LocalSave: .LatestSave
02:29:48.399 SCRIPT       : SCR_LatestSaveDSSessionCallback: LocalSave: .LatestSave
02:31:51.533 SCRIPT       : SCR_LatestSaveDSSessionCallback: LocalSave: .LatestSave
02:33:54.504 SCRIPT       : SCR_LatestSaveDSSessionCallback: LocalSave: .LatestSave
02:35:57.526 SCRIPT       : SCR_LatestSaveDSSessionCallback: LocalSave: .LatestSave
02:38:00.509 SCRIPT       : SCR_LatestSaveDSSessionCallback: LocalSave: .LatestSave
02:40:03.304 SCRIPT       : SCR_LatestSaveDSSessionCallback: LocalSave: .LatestSave
02:42:06.020 SCRIPT       : SCR_LatestSaveDSSessionCallback: LocalSave: .LatestSave
02:44:09.013 SCRIPT       : SCR_LatestSaveDSSessionCallback: LocalSave: .LatestSave
02:46:11.796 SCRIPT       : SCR_LatestSaveDSSessionCallback: LocalSave: .LatestSave
02:48:14.514 SCRIPT       : SCR_LatestSaveDSSessionCallback: LocalSave: .LatestSave
02:50:16.783 SCRIPT       : SCR_LatestSaveDSSessionCallback: LocalSave: .LatestSave
02:52:19.469 SCRIPT       : SCR_LatestSaveDSSessionCallback: LocalSave: .LatestSave
02:54:22.666 SCRIPT       : SCR_LatestSaveDSSessionCallback: LocalSave: .LatestSave
02:56:25.483 SCRIPT       : SCR_LatestSaveDSSessionCallback: LocalSave: .LatestSave
02:58:28.545 SCRIPT       : SCR_LatestSaveDSSessionCallback: LocalSave: .LatestSave
03:00:31.273 SCRIPT       : SCR_LatestSaveDSSessionCallback: LocalSave: .LatestSave
03:02:34.334 SCRIPT       : SCR_LatestSaveDSSessionCallback: LocalSave: .LatestSave
03:04:37.216 SCRIPT       : SCR_LatestSaveDSSessionCallback: LocalSave: .LatestSave
03:06:40.281 SCRIPT       : SCR_LatestSaveDSSessionCallback: LocalSave: .LatestSave
03:08:43.541 SCRIPT       : SCR_LatestSaveDSSessionCallback: LocalSave: .LatestSave
03:10:46.583 SCRIPT       : SCR_LatestSaveDSSessionCallback: LocalSave: .LatestSave
03:12:49.588 SCRIPT       : SCR_LatestSaveDSSessionCallback: LocalSave: .LatestSave
03:14:52.166 SCRIPT       : SCR_LatestSaveDSSessionCallback: LocalSave: .LatestSave
03:16:54.928 SCRIPT       : SCR_LatestSaveDSSessionCallback: LocalSave: .LatestSave
03:18:57.567 SCRIPT       : SCR_LatestSaveDSSessionCallback: LocalSave: .LatestSave
03:21:00.284 SCRIPT       : SCR_LatestSaveDSSessionCallback: LocalSave: .LatestSave
03:23:03.481 SCRIPT       : SCR_LatestSaveDSSessionCallback: LocalSave: .LatestSave
03:25:06.125 SCRIPT       : SCR_LatestSaveDSSessionCallback: LocalSave: .LatestSave
03:27:08.729 SCRIPT       : SCR_LatestSaveDSSessionCallback: LocalSave: .LatestSave
03:29:11.527 SCRIPT       : SCR_LatestSaveDSSessionCallback: LocalSave: .LatestSave
03:31:14.433 SCRIPT       : SCR_LatestSaveDSSessionCallback: LocalSave: .LatestSave
03:33:17.457 SCRIPT       : SCR_LatestSaveDSSessionCallback: LocalSave: .LatestSave
03:35:20.031 SCRIPT       : SCR_LatestSaveDSSessionCallback: LocalSave: .LatestSave
03:37:22.882 SCRIPT       : SCR_LatestSaveDSSessionCallback: LocalSave: .LatestSave
03:39:25.848 SCRIPT       : SCR_LatestSaveDSSessionCallback: LocalSave: .LatestSave
03:41:28.332 SCRIPT       : SCR_LatestSaveDSSessionCallback: LocalSave: .LatestSave
03:43:30.929 SCRIPT       : SCR_LatestSaveDSSessionCallback: LocalSave: .LatestSave
03:45:33.740 SCRIPT       : SCR_LatestSaveDSSessionCallback: LocalSave: .LatestSave
03:47:36.586 SCRIPT       : SCR_LatestSaveDSSessionCallback: LocalSave: .LatestSave
03:49:39.188 SCRIPT       : SCR_LatestSaveDSSessionCallback: LocalSave: .LatestSave
03:51:41.543 SCRIPT       : SCR_LatestSaveDSSessionCallback: LocalSave: .LatestSave
03:53:43.814 SCRIPT       : SCR_LatestSaveDSSessionCallback: LocalSave: .LatestSave
03:55:46.908 SCRIPT       : SCR_LatestSaveDSSessionCallback: LocalSave: .LatestSave
03:57:49.809 SCRIPT       : SCR_LatestSaveDSSessionCallback: LocalSave: .LatestSave
03:59:51.622 SCRIPT       : SCR_LatestSaveDSSessionCallback: LocalSave: .LatestSave
04:01:53.594 SCRIPT       : SCR_LatestSaveDSSessionCallback: LocalSave: .LatestSave
04:03:55.451 SCRIPT       : SCR_LatestSaveDSSessionCallback: LocalSave: .LatestSave
04:05:57.633 SCRIPT       : SCR_LatestSaveDSSessionCallback: LocalSave: .LatestSave
04:07:59.891 SCRIPT       : SCR_LatestSaveDSSessionCallback: LocalSave: .LatestSave
04:10:02.211 SCRIPT       : SCR_LatestSaveDSSessionCallback: LocalSave: .LatestSave
04:12:04.114 SCRIPT       : SCR_LatestSaveDSSessionCallback: LocalSave: .LatestSave
04:14:06.037 SCRIPT       : SCR_LatestSaveDSSessionCallback: LocalSave: .LatestSave
04:16:07.887 SCRIPT       : SCR_LatestSaveDSSessionCallback: LocalSave: .LatestSave
04:18:10.342 SCRIPT       : SCR_LatestSaveDSSessionCallback: LocalSave: .LatestSave
04:20:12.616 SCRIPT       : SCR_LatestSaveDSSessionCallback: LocalSave: .LatestSave
04:22:14.665 SCRIPT       : SCR_LatestSaveDSSessionCallback: LocalSave: .LatestSave
04:24:16.980 SCRIPT       : SCR_LatestSaveDSSessionCallback: LocalSave: .LatestSave
04:26:19.395 SCRIPT       : SCR_LatestSaveDSSessionCallback: LocalSave: .LatestSave
04:28:21.898 SCRIPT       : SCR_LatestSaveDSSessionCallback: LocalSave: .LatestSave
04:30:24.457 SCRIPT       : SCR_LatestSaveDSSessionCallback: LocalSave: .LatestSave
04:32:27.078 SCRIPT       : SCR_LatestSaveDSSessionCallback: LocalSave: .LatestSave
04:34:29.548 SCRIPT       : SCR_LatestSaveDSSessionCallback: LocalSave: .LatestSave
04:36:31.883 SCRIPT       : SCR_LatestSaveDSSessionCallback: LocalSave: .LatestSave
04:38:34.142 SCRIPT       : SCR_LatestSaveDSSessionCallback: LocalSave: .LatestSave
04:40:36.288 SCRIPT       : SCR_LatestSaveDSSessionCallback: LocalSave: .LatestSave
04:42:38.406 SCRIPT       : SCR_LatestSaveDSSessionCallback: LocalSave: .LatestSave
04:44:40.738 SCRIPT       : SCR_LatestSaveDSSessionCallback: LocalSave: .LatestSave
04:46:42.856 SCRIPT       : SCR_LatestSaveDSSessionCallback: LocalSave: .LatestSave
04:48:45.149 SCRIPT       : SCR_LatestSaveDSSessionCallback: LocalSave: .LatestSave
04:50:47.417 SCRIPT       : SCR_LatestSaveDSSessionCallback: LocalSave: .LatestSave
04:52:49.724 SCRIPT       : SCR_LatestSaveDSSessionCallback: LocalSave: .LatestSave
04:54:52.088 SCRIPT       : SCR_LatestSaveDSSessionCallback: LocalSave: .LatestSave
04:56:54.396 SCRIPT       : SCR_LatestSaveDSSessionCallback: LocalSave: .LatestSave
04:58:56.909 SCRIPT       : SCR_LatestSaveDSSessionCallback: LocalSave: .LatestSave
05:00:59.286 SCRIPT       : SCR_LatestSaveDSSessionCallback: LocalSave: .LatestSave
05:03:01.892 SCRIPT       : SCR_LatestSaveDSSessionCallback: LocalSave: .LatestSave
05:05:04.386 SCRIPT       : SCR_LatestSaveDSSessionCallback: LocalSave: .LatestSave
05:07:06.828 SCRIPT       : SCR_LatestSaveDSSessionCallback: LocalSave: .LatestSave
05:09:09.227 SCRIPT       : SCR_LatestSaveDSSessionCallback: LocalSave: .LatestSave
05:11:11.589 SCRIPT       : SCR_LatestSaveDSSessionCallback: LocalSave: .LatestSave
05:13:14.073 SCRIPT       : SCR_LatestSaveDSSessionCallback: LocalSave: .LatestSave
05:15:16.219 SCRIPT       : SCR_LatestSaveDSSessionCallback: LocalSave: .LatestSave
05:17:18.513 SCRIPT       : SCR_LatestSaveDSSessionCallback: LocalSave: .LatestSave
05:19:21.352 SCRIPT       : SCR_LatestSaveDSSessionCallback: LocalSave: .LatestSave
05:21:23.949 SCRIPT       : SCR_LatestSaveDSSessionCallback: LocalSave: .LatestSave
05:23:26.548 SCRIPT       : SCR_LatestSaveDSSessionCallback: LocalSave: .LatestSave
05:25:28.942 SCRIPT       : SCR_LatestSaveDSSessionCallback: LocalSave: .LatestSave
05:27:31.448 SCRIPT       : SCR_LatestSaveDSSessionCallback: LocalSave: .LatestSave
05:29:33.883 SCRIPT       : SCR_LatestSaveDSSessionCallback: LocalSave: .LatestSave
05:31:36.250 SCRIPT       : SCR_LatestSaveDSSessionCallback: LocalSave: .LatestSave
05:33:38.909 SCRIPT       : SCR_LatestSaveDSSessionCallback: LocalSave: .LatestSave
05:35:41.853 SCRIPT       : SCR_LatestSaveDSSessionCallback: LocalSave: .LatestSave
05:37:45.367 SCRIPT       : SCR_LatestSaveDSSessionCallback: LocalSave: .LatestSave
05:39:48.973 SCRIPT       : SCR_LatestSaveDSSessionCallback: LocalSave: .LatestSave
05:41:52.635 SCRIPT       : SCR_LatestSaveDSSessionCallback: LocalSave: .LatestSave
05:43:56.186 SCRIPT       : SCR_LatestSaveDSSessionCallback: LocalSave: .LatestSave
05:45:59.941 SCRIPT       : SCR_LatestSaveDSSessionCallback: LocalSave: .LatestSave
05:48:03.467 SCRIPT       : SCR_LatestSaveDSSessionCallback: LocalSave: .LatestSave
05:50:07.175 SCRIPT       : SCR_LatestSaveDSSessionCallback: LocalSave: .LatestSave
05:52:10.556 SCRIPT       : SCR_LatestSaveDSSessionCallback: LocalSave: .LatestSave
05:54:14.060 SCRIPT       : SCR_LatestSaveDSSessionCallback: LocalSave: .LatestSave
05:56:17.396 SCRIPT       : SCR_LatestSaveDSSessionCallback: LocalSave: .LatestSave
05:58:20.967 SCRIPT       : SCR_LatestSaveDSSessionCallback: LocalSave: .LatestSave
06:00:24.603 SCRIPT       : SCR_LatestSaveDSSessionCallback: LocalSave: .LatestSave
06:02:28.104 SCRIPT       : SCR_LatestSaveDSSessionCallback: LocalSave: .LatestSave
06:04:31.658 SCRIPT       : SCR_LatestSaveDSSessionCallback: LocalSave: .LatestSave
06:06:35.296 SCRIPT       : SCR_LatestSaveDSSessionCallback: LocalSave: .LatestSave
06:08:39.212 SCRIPT       : SCR_LatestSaveDSSessionCallback: LocalSave: .LatestSave
06:10:42.861 SCRIPT       : SCR_LatestSaveDSSessionCallback: LocalSave: .LatestSave
06:12:46.323 SCRIPT       : SCR_LatestSaveDSSessionCallback: LocalSave: .LatestSave
06:14:50.007 SCRIPT       : SCR_LatestSaveDSSessionCallback: LocalSave: .LatestSave
06:16:53.163 SCRIPT       : SCR_LatestSaveDSSessionCallback: LocalSave: .LatestSave
06:18:56.507 SCRIPT       : SCR_LatestSaveDSSessionCallback: LocalSave: .LatestSave
06:21:00.091 SCRIPT       : SCR_LatestSaveDSSessionCallback: LocalSave: .LatestSave
06:23:03.566 SCRIPT       : SCR_LatestSaveDSSessionCallback: LocalSave: .LatestSave
06:25:07.368 SCRIPT       : SCR_LatestSaveDSSessionCallback: LocalSave: .LatestSave
06:27:10.778 SCRIPT       : SCR_LatestSaveDSSessionCallback: LocalSave: .LatestSave
06:29:14.321 SCRIPT       : SCR_LatestSaveDSSessionCallback: LocalSave: .LatestSave
06:31:17.983 SCRIPT       : SCR_LatestSaveDSSessionCallback: LocalSave: .LatestSave
06:33:21.487 SCRIPT       : SCR_LatestSaveDSSessionCallback: LocalSave: .LatestSave
06:35:24.612 SCRIPT       : SCR_LatestSaveDSSessionCallback: LocalSave: .LatestSave
06:37:28.151 SCRIPT       : SCR_LatestSaveDSSessionCallback: LocalSave: .LatestSave
06:39:31.822 SCRIPT       : SCR_LatestSaveDSSessionCallback: LocalSave: .LatestSave
06:41:35.285 SCRIPT       : SCR_LatestSaveDSSessionCallback: LocalSave: .LatestSave
06:43:38.912 SCRIPT       : SCR_LatestSaveDSSessionCallback: LocalSave: .LatestSave
06:45:42.362 SCRIPT       : SCR_LatestSaveDSSessionCallback: LocalSave: .LatestSave
06:47:45.965 SCRIPT       : SCR_LatestSaveDSSessionCallback: LocalSave: .LatestSave
06:49:49.772 SCRIPT       : SCR_LatestSaveDSSessionCallback: LocalSave: .LatestSave
06:51:53.008 SCRIPT       : SCR_LatestSaveDSSessionCallback: LocalSave: .LatestSave
06:53:56.659 SCRIPT       : SCR_LatestSaveDSSessionCallback: LocalSave: .LatestSave
06:56:00.271 SCRIPT       : SCR_LatestSaveDSSessionCallback: LocalSave: .LatestSave
06:58:04.010 SCRIPT       : SCR_LatestSaveDSSessionCallback: LocalSave: .LatestSave
07:00:07.710 SCRIPT       : SCR_LatestSaveDSSessionCallback: LocalSave: .LatestSave
07:02:11.354 SCRIPT       : SCR_LatestSaveDSSessionCallback: LocalSave: .LatestSave
07:04:15.230 SCRIPT       : SCR_LatestSaveDSSessionCallback: LocalSave: .LatestSave
07:06:19.019 SCRIPT       : SCR_LatestSaveDSSessionCallback: LocalSave: .LatestSave
07:08:22.953 SCRIPT       : SCR_LatestSaveDSSessionCallback: LocalSave: .LatestSave
07:10:26.773 SCRIPT       : SCR_LatestSaveDSSessionCallback: LocalSave: .LatestSave
07:12:30.396 SCRIPT       : SCR_LatestSaveDSSessionCallback: LocalSave: .LatestSave
07:14:34.122 SCRIPT       : SCR_LatestSaveDSSessionCallback: LocalSave: .LatestSave
07:16:37.919 SCRIPT       : SCR_LatestSaveDSSessionCallback: LocalSave: .LatestSave
07:18:41.812 SCRIPT       : SCR_LatestSaveDSSessionCallback: LocalSave: .LatestSave
07:20:45.644 SCRIPT       : SCR_LatestSaveDSSessionCallback: LocalSave: .LatestSave
07:22:48.980 SCRIPT       : SCR_LatestSaveDSSessionCallback: LocalSave: .LatestSave
07:24:52.710 SCRIPT       : SCR_LatestSaveDSSessionCallback: LocalSave: .LatestSave
07:26:56.541 SCRIPT       : SCR_LatestSaveDSSessionCallback: LocalSave: .LatestSave
07:29:00.287 SCRIPT       : SCR_LatestSaveDSSessionCallback: LocalSave: .LatestSave
07:31:04.011 SCRIPT       : SCR_LatestSaveDSSessionCallback: LocalSave: .LatestSave
07:33:07.760 SCRIPT       : SCR_LatestSaveDSSessionCallback: LocalSave: .LatestSave
07:35:11.352 SCRIPT       : SCR_LatestSaveDSSessionCallback: LocalSave: .LatestSave
07:37:15.111 SCRIPT       : SCR_LatestSaveDSSessionCallback: LocalSave: .LatestSave
07:39:18.895 SCRIPT       : SCR_LatestSaveDSSessionCallback: LocalSave: .LatestSave
07:41:22.599 SCRIPT       : SCR_LatestSaveDSSessionCallback: LocalSave: .LatestSave
07:43:26.360 SCRIPT       : SCR_LatestSaveDSSessionCallback: LocalSave: .LatestSave
07:45:29.942 SCRIPT       : SCR_LatestSaveDSSessionCallback: LocalSave: .LatestSave
07:47:33.856 SCRIPT       : SCR_LatestSaveDSSessionCallback: LocalSave: .LatestSave
07:49:37.853 SCRIPT       : SCR_LatestSaveDSSessionCallback: LocalSave: .LatestSave
07:51:41.733 SCRIPT       : SCR_LatestSaveDSSessionCallback: LocalSave: .LatestSave
07:53:45.604 SCRIPT       : SCR_LatestSaveDSSessionCallback: LocalSave: .LatestSave
07:55:49.388 SCRIPT       : SCR_LatestSaveDSSessionCallback: LocalSave: .LatestSave
07:57:53.244 SCRIPT       : SCR_LatestSaveDSSessionCallback: LocalSave: .LatestSave
07:59:57.058 SCRIPT       : SCR_LatestSaveDSSessionCallback: LocalSave: .LatestSave
08:02:00.818 SCRIPT       : SCR_LatestSaveDSSessionCallback: LocalSave: .LatestSave
08:04:04.705 SCRIPT       : SCR_LatestSaveDSSessionCallback: LocalSave: .LatestSave
08:06:08.614 SCRIPT       : SCR_LatestSaveDSSessionCallback: LocalSave: .LatestSave
08:08:12.172 SCRIPT       : SCR_LatestSaveDSSessionCallback: LocalSave: .LatestSave
08:10:15.889 SCRIPT       : SCR_LatestSaveDSSessionCallback: LocalSave: .LatestSave
08:12:19.658 SCRIPT       : SCR_LatestSaveDSSessionCallback: LocalSave: .LatestSave
08:14:23.477 SCRIPT       : SCR_LatestSaveDSSessionCallback: LocalSave: .LatestSave
08:16:26.767 SCRIPT       : SCR_LatestSaveDSSessionCallback: LocalSave: .LatestSave
08:18:30.152 SCRIPT       : SCR_LatestSaveDSSessionCallback: LocalSave: .LatestSave
08:20:33.913 SCRIPT       : SCR_LatestSaveDSSessionCallback: LocalSave: .LatestSave
08:22:37.637 SCRIPT       : SCR_LatestSaveDSSessionCallback: LocalSave: .LatestSave
08:24:41.544 SCRIPT       : SCR_LatestSaveDSSessionCallback: LocalSave: .LatestSave
08:26:45.437 SCRIPT       : SCR_LatestSaveDSSessionCallback: LocalSave: .LatestSave
08:28:49.427 SCRIPT       : SCR_LatestSaveDSSessionCallback: LocalSave: .LatestSave
08:30:53.149 SCRIPT       : SCR_LatestSaveDSSessionCallback: LocalSave: .LatestSave
08:32:57.065 SCRIPT       : SCR_LatestSaveDSSessionCallback: LocalSave: .LatestSave
08:35:01.041 SCRIPT       : SCR_LatestSaveDSSessionCallback: LocalSave: .LatestSave
08:37:04.864 SCRIPT       : SCR_LatestSaveDSSessionCallback: LocalSave: .LatestSave
08:39:08.780 SCRIPT       : SCR_LatestSaveDSSessionCallback: LocalSave: .LatestSave
08:41:12.494 SCRIPT       : SCR_LatestSaveDSSessionCallback: LocalSave: .LatestSave
08:43:16.380 SCRIPT       : SCR_LatestSaveDSSessionCallback: LocalSave: .LatestSave
08:45:19.896 SCRIPT       : SCR_LatestSaveDSSessionCallback: LocalSave: .LatestSave
08:47:23.701 SCRIPT       : SCR_LatestSaveDSSessionCallback: LocalSave: .LatestSave
08:49:27.456 SCRIPT       : SCR_LatestSaveDSSessionCallback: LocalSave: .LatestSave
08:51:31.164 SCRIPT       : SCR_LatestSaveDSSessionCallback: LocalSave: .LatestSave
08:53:34.983 SCRIPT       : SCR_LatestSaveDSSessionCallback: LocalSave: .LatestSave
08:55:38.662 SCRIPT       : SCR_LatestSaveDSSessionCallback: LocalSave: .LatestSave
08:57:42.560 SCRIPT       : SCR_LatestSaveDSSessionCallback: LocalSave: .LatestSave
08:59:46.524 SCRIPT       : SCR_LatestSaveDSSessionCallback: LocalSave: .LatestSave
09:01:49.968 SCRIPT       : SCR_LatestSaveDSSessionCallback: LocalSave: .LatestSave
09:03:53.772 SCRIPT       : SCR_LatestSaveDSSessionCallback: LocalSave: .LatestSave
09:05:57.313 SCRIPT       : SCR_LatestSaveDSSessionCallback: LocalSave: .LatestSave
09:08:01.096 SCRIPT       : SCR_LatestSaveDSSessionCallback: LocalSave: .LatestSave
09:10:04.792 SCRIPT       : SCR_LatestSaveDSSessionCallback: LocalSave: .LatestSave
09:12:08.341 SCRIPT       : SCR_LatestSaveDSSessionCallback: LocalSave: .LatestSave
09:14:12.156 SCRIPT       : SCR_LatestSaveDSSessionCallback: LocalSave: .LatestSave
09:16:15.744 SCRIPT       : SCR_LatestSaveDSSessionCallback: LocalSave: .LatestSave
09:17:44.713     SCRIPT       : RHS_RadialMenu Initiated
09:17:44.924   SCRIPT    (W): Ban Settings could not be loaded from BE Storage: Relying on default config
09:18:19.436 SCRIPT       : SCR_LatestSaveDSSessionCallback: LocalSave: .LatestSave
09:20:23.061 SCRIPT       : SCR_LatestSaveDSSessionCallback: LocalSave: .LatestSave
09:22:26.703 SCRIPT       : SCR_LatestSaveDSSessionCallback: LocalSave: .LatestSave
09:24:30.389 SCRIPT       : SCR_LatestSaveDSSessionCallback: LocalSave: .LatestSave
09:26:33.705 SCRIPT       : SCR_LatestSaveDSSessionCallback: LocalSave: .LatestSave
09:28:36.908 SCRIPT       : SCR_LatestSaveDSSessionCallback: LocalSave: .LatestSave
09:30:40.492 SCRIPT       : SCR_LatestSaveDSSessionCallback: LocalSave: .LatestSave
09:32:44.235 SCRIPT       : SCR_LatestSaveDSSessionCallback: LocalSave: .LatestSave
09:34:47.916 SCRIPT       : SCR_LatestSaveDSSessionCallback: LocalSave: .LatestSave
09:36:51.187 SCRIPT       : SCR_LatestSaveDSSessionCallback: LocalSave: .LatestSave
09:38:55.094 SCRIPT       : SCR_LatestSaveDSSessionCallback: LocalSave: .LatestSave
09:40:58.189 SCRIPT       : SCR_LatestSaveDSSessionCallback: LocalSave: .LatestSave
09:43:01.783 SCRIPT       : SCR_LatestSaveDSSessionCallback: LocalSave: .LatestSave
09:45:04.878 SCRIPT       : SCR_LatestSaveDSSessionCallback: LocalSave: .LatestSave
09:47:08.321 SCRIPT       : SCR_LatestSaveDSSessionCallback: LocalSave: .LatestSave
09:49:11.597 SCRIPT       : SCR_LatestSaveDSSessionCallback: LocalSave: .LatestSave
09:51:15.192 SCRIPT       : SCR_LatestSaveDSSessionCallback: LocalSave: .LatestSave
09:53:18.585 SCRIPT       : SCR_LatestSaveDSSessionCallback: LocalSave: .LatestSave
09:55:22.178 SCRIPT       : SCR_LatestSaveDSSessionCallback: LocalSave: .LatestSave
09:57:25.894 SCRIPT       : SCR_LatestSaveDSSessionCallback: LocalSave: .LatestSave
09:59:29.660 SCRIPT       : SCR_LatestSaveDSSessionCallback: LocalSave: .LatestSave
10:01:33.599 SCRIPT       : SCR_LatestSaveDSSessionCallback: LocalSave: .LatestSave
10:03:37.393 SCRIPT       : SCR_LatestSaveDSSessionCallback: LocalSave: .LatestSave
10:05:41.426 SCRIPT       : SCR_LatestSaveDSSessionCallback: LocalSave: .LatestSave
10:07:45.397 SCRIPT       : SCR_LatestSaveDSSessionCallback: LocalSave: .LatestSave
10:09:49.347 SCRIPT       : SCR_LatestSaveDSSessionCallback: LocalSave: .LatestSave
10:11:52.990 SCRIPT       : SCR_LatestSaveDSSessionCallback: LocalSave: .LatestSave
10:13:56.549 SCRIPT       : SCR_LatestSaveDSSessionCallback: LocalSave: .LatestSave
10:16:00.352 SCRIPT       : SCR_LatestSaveDSSessionCallback: LocalSave: .LatestSave
10:18:04.529 SCRIPT       : SCR_LatestSaveDSSessionCallback: LocalSave: .LatestSave
10:20:08.643 SCRIPT       : SCR_LatestSaveDSSessionCallback: LocalSave: .LatestSave
10:22:12.895 SCRIPT       : SCR_LatestSaveDSSessionCallback: LocalSave: .LatestSave
10:24:17.261 SCRIPT       : SCR_LatestSaveDSSessionCallback: LocalSave: .LatestSave
10:26:21.292 SCRIPT       : SCR_LatestSaveDSSessionCallback: LocalSave: .LatestSave
10:28:25.473 SCRIPT       : SCR_LatestSaveDSSessionCallback: LocalSave: .LatestSave
10:30:29.443 SCRIPT       : SCR_LatestSaveDSSessionCallback: LocalSave: .LatestSave
10:32:33.340 SCRIPT       : SCR_LatestSaveDSSessionCallback: LocalSave: .LatestSave
10:34:37.159 SCRIPT       : SCR_LatestSaveDSSessionCallback: LocalSave: .LatestSave
10:36:40.913 SCRIPT       : SCR_LatestSaveDSSessionCallback: LocalSave: .LatestSave
10:38:44.808 SCRIPT       : SCR_LatestSaveDSSessionCallback: LocalSave: .LatestSave
10:40:48.753 SCRIPT       : SCR_LatestSaveDSSessionCallback: LocalSave: .LatestSave
10:42:52.675 SCRIPT       : SCR_LatestSaveDSSessionCallback: LocalSave: .LatestSave
10:44:56.934 SCRIPT       : SCR_LatestSaveDSSessionCallback: LocalSave: .LatestSave
10:47:00.969 SCRIPT       : SCR_LatestSaveDSSessionCallback: LocalSave: .LatestSave
10:49:05.001 SCRIPT       : SCR_LatestSaveDSSessionCallback: LocalSave: .LatestSave
10:51:09.277 SCRIPT       : SCR_LatestSaveDSSessionCallback: LocalSave: .LatestSave
10:53:13.305 SCRIPT       : SCR_LatestSaveDSSessionCallback: LocalSave: .LatestSave
10:55:17.283 SCRIPT       : SCR_LatestSaveDSSessionCallback: LocalSave: .LatestSave
10:57:21.287 SCRIPT       : SCR_LatestSaveDSSessionCallback: LocalSave: .LatestSave
10:59:25.369 SCRIPT       : SCR_LatestSaveDSSessionCallback: LocalSave: .LatestSave
11:01:29.328 SCRIPT       : SCR_LatestSaveDSSessionCallback: LocalSave: .LatestSave
11:03:33.122 SCRIPT       : SCR_LatestSaveDSSessionCallback: LocalSave: .LatestSave
11:05:37.101 SCRIPT       : SCR_LatestSaveDSSessionCallback: LocalSave: .LatestSave
11:07:41.070 SCRIPT       : SCR_LatestSaveDSSessionCallback: LocalSave: .LatestSave
11:09:45.260 SCRIPT       : SCR_LatestSaveDSSessionCallback: LocalSave: .LatestSave
11:11:49.401 SCRIPT       : SCR_LatestSaveDSSessionCallback: LocalSave: .LatestSave
11:13:53.397 SCRIPT       : SCR_LatestSaveDSSessionCallback: LocalSave: .LatestSave
11:15:57.676 SCRIPT       : SCR_LatestSaveDSSessionCallback: LocalSave: .LatestSave
11:18:01.718 SCRIPT       : SCR_LatestSaveDSSessionCallback: LocalSave: .LatestSave
11:20:05.735 SCRIPT       : SCR_LatestSaveDSSessionCallback: LocalSave: .LatestSave
11:22:09.588 SCRIPT       : SCR_LatestSaveDSSessionCallback: LocalSave: .LatestSave
11:24:13.835 SCRIPT       : SCR_LatestSaveDSSessionCallback: LocalSave: .LatestSave
11:26:17.626 SCRIPT       : SCR_LatestSaveDSSessionCallback: LocalSave: .LatestSave
11:28:21.318 SCRIPT       : SCR_LatestSaveDSSessionCallback: LocalSave: .LatestSave
11:30:25.295 SCRIPT       : SCR_LatestSaveDSSessionCallback: LocalSave: .LatestSave
11:32:29.219 SCRIPT       : SCR_LatestSaveDSSessionCallback: LocalSave: .LatestSave
11:34:33.183 SCRIPT       : SCR_LatestSaveDSSessionCallback: LocalSave: .LatestSave
11:36:37.217 SCRIPT       : SCR_LatestSaveDSSessionCallback: LocalSave: .LatestSave
11:38:41.264 SCRIPT       : SCR_LatestSaveDSSessionCallback: LocalSave: .LatestSave
11:40:45.188 SCRIPT       : SCR_LatestSaveDSSessionCallback: LocalSave: .LatestSave
11:42:49.242 SCRIPT       : SCR_LatestSaveDSSessionCallback: LocalSave: .LatestSave
11:44:53.222 SCRIPT       : SCR_LatestSaveDSSessionCallback: LocalSave: .LatestSave
11:46:57.004 SCRIPT       : SCR_LatestSaveDSSessionCallback: LocalSave: .LatestSave
11:49:01.067 SCRIPT       : SCR_LatestSaveDSSessionCallback: LocalSave: .LatestSave
11:51:04.934 SCRIPT       : SCR_LatestSaveDSSessionCallback: LocalSave: .LatestSave
11:53:08.770 SCRIPT       : SCR_LatestSaveDSSessionCallback: LocalSave: .LatestSave
11:55:12.941 SCRIPT       : SCR_LatestSaveDSSessionCallback: LocalSave: .LatestSave
11:57:16.993 SCRIPT       : SCR_LatestSaveDSSessionCallback: LocalSave: .LatestSave
11:59:21.009 SCRIPT       : SCR_LatestSaveDSSessionCallback: LocalSave: .LatestSave
12:01:24.891 SCRIPT       : SCR_LatestSaveDSSessionCallback: LocalSave: .LatestSave
12:03:29.027 SCRIPT       : SCR_LatestSaveDSSessionCallback: LocalSave: .LatestSave
12:05:32.979 SCRIPT       : SCR_LatestSaveDSSessionCallback: LocalSave: .LatestSave
12:07:36.743 SCRIPT       : SCR_LatestSaveDSSessionCallback: LocalSave: .LatestSave
12:09:40.696 SCRIPT       : SCR_LatestSaveDSSessionCallback: LocalSave: .LatestSave
12:11:44.853 SCRIPT       : SCR_LatestSaveDSSessionCallback: LocalSave: .LatestSave
12:13:49.087 SCRIPT       : SCR_LatestSaveDSSessionCallback: LocalSave: .LatestSave
12:15:53.107 SCRIPT       : SCR_LatestSaveDSSessionCallback: LocalSave: .LatestSave
12:17:57.286 SCRIPT       : SCR_LatestSaveDSSessionCallback: LocalSave: .LatestSave
12:20:01.549 SCRIPT       : SCR_LatestSaveDSSessionCallback: LocalSave: .LatestSave
12:22:05.613 SCRIPT       : SCR_LatestSaveDSSessionCallback: LocalSave: .LatestSave
12:24:09.815 SCRIPT       : SCR_LatestSaveDSSessionCallback: LocalSave: .LatestSave
12:26:13.804 SCRIPT       : SCR_LatestSaveDSSessionCallback: LocalSave: .LatestSave
12:28:17.693 SCRIPT       : SCR_LatestSaveDSSessionCallback: LocalSave: .LatestSave
12:30:21.317 SCRIPT       : SCR_LatestSaveDSSessionCallback: LocalSave: .LatestSave
12:32:25.098 SCRIPT       : SCR_LatestSaveDSSessionCallback: LocalSave: .LatestSave
12:34:28.743 SCRIPT       : SCR_LatestSaveDSSessionCallback: LocalSave: .LatestSave
12:36:32.365 SCRIPT       : SCR_LatestSaveDSSessionCallback: LocalSave: .LatestSave
12:38:36.369 SCRIPT       : SCR_LatestSaveDSSessionCallback: LocalSave: .LatestSave
12:40:40.466 SCRIPT       : SCR_LatestSaveDSSessionCallback: LocalSave: .LatestSave
12:42:44.585 SCRIPT       : SCR_LatestSaveDSSessionCallback: LocalSave: .LatestSave
12:44:48.390 SCRIPT       : SCR_LatestSaveDSSessionCallback: LocalSave: .LatestSave
12:46:52.142 SCRIPT       : SCR_LatestSaveDSSessionCallback: LocalSave: .LatestSave
12:48:56.422 SCRIPT       : SCR_LatestSaveDSSessionCallback: LocalSave: .LatestSave
12:51:00.358 SCRIPT       : SCR_LatestSaveDSSessionCallback: LocalSave: .LatestSave
12:53:04.566 SCRIPT       : SCR_LatestSaveDSSessionCallback: LocalSave: .LatestSave
12:55:08.428 SCRIPT       : SCR_LatestSaveDSSessionCallback: LocalSave: .LatestSave
12:57:12.760 SCRIPT       : SCR_LatestSaveDSSessionCallback: LocalSave: .LatestSave
12:59:16.856 SCRIPT       : SCR_LatestSaveDSSessionCallback: LocalSave: .LatestSave
13:01:20.941 SCRIPT       : SCR_LatestSaveDSSessionCallback: LocalSave: .LatestSave
13:03:24.854 SCRIPT       : SCR_LatestSaveDSSessionCallback: LocalSave: .LatestSave
13:05:28.780 SCRIPT       : SCR_LatestSaveDSSessionCallback: LocalSave: .LatestSave
13:07:32.948 SCRIPT       : SCR_LatestSaveDSSessionCallback: LocalSave: .LatestSave
13:09:37.193 SCRIPT       : SCR_LatestSaveDSSessionCallback: LocalSave: .LatestSave
13:11:41.273 SCRIPT       : SCR_LatestSaveDSSessionCallback: LocalSave: .LatestSave
13:13:45.395 SCRIPT       : SCR_LatestSaveDSSessionCallback: LocalSave: .LatestSave
13:15:49.368 SCRIPT       : SCR_LatestSaveDSSessionCallback: LocalSave: .LatestSave
13:17:53.426 SCRIPT       : SCR_LatestSaveDSSessionCallback: LocalSave: .LatestSave
13:19:57.370 SCRIPT       : SCR_LatestSaveDSSessionCallback: LocalSave: .LatestSave
13:22:01.243 SCRIPT       : SCR_LatestSaveDSSessionCallback: LocalSave: .LatestSave
13:24:04.951 SCRIPT       : SCR_LatestSaveDSSessionCallback: LocalSave: .LatestSave
13:26:08.845 SCRIPT       : SCR_LatestSaveDSSessionCallback: LocalSave: .LatestSave
13:28:13.057 SCRIPT       : SCR_LatestSaveDSSessionCallback: LocalSave: .LatestSave
13:30:16.995 SCRIPT       : SCR_LatestSaveDSSessionCallback: LocalSave: .LatestSave
13:32:20.839 SCRIPT       : SCR_LatestSaveDSSessionCallback: LocalSave: .LatestSave
13:34:24.880 SCRIPT       : SCR_LatestSaveDSSessionCallback: LocalSave: .LatestSave
13:36:28.648 SCRIPT       : SCR_LatestSaveDSSessionCallback: LocalSave: .LatestSave
13:38:32.793 SCRIPT       : SCR_LatestSaveDSSessionCallback: LocalSave: .LatestSave
13:40:36.765 SCRIPT       : SCR_LatestSaveDSSessionCallback: LocalSave: .LatestSave
13:42:40.854 SCRIPT       : SCR_LatestSaveDSSessionCallback: LocalSave: .LatestSave
13:44:44.971 SCRIPT       : SCR_LatestSaveDSSessionCallback: LocalSave: .LatestSave
13:46:49.082 SCRIPT       : SCR_LatestSaveDSSessionCallback: LocalSave: .LatestSave
13:48:53.258 SCRIPT       : SCR_LatestSaveDSSessionCallback: LocalSave: .LatestSave
13:50:57.323 SCRIPT       : SCR_LatestSaveDSSessionCallback: LocalSave: .LatestSave
13:53:01.268 SCRIPT       : SCR_LatestSaveDSSessionCallback: LocalSave: .LatestSave
13:55:05.257 SCRIPT       : SCR_LatestSaveDSSessionCallback: LocalSave: .LatestSave
13:57:09.124 SCRIPT       : SCR_LatestSaveDSSessionCallback: LocalSave: .LatestSave
13:59:13.365 SCRIPT       : SCR_LatestSaveDSSessionCallback: LocalSave: .LatestSave
14:01:17.227 SCRIPT       : SCR_LatestSaveDSSessionCallback: LocalSave: .LatestSave
14:03:21.124 SCRIPT       : SCR_LatestSaveDSSessionCallback: LocalSave: .LatestSave
14:05:25.242 SCRIPT       : SCR_LatestSaveDSSessionCallback: LocalSave: .LatestSave
14:07:29.405 SCRIPT       : SCR_LatestSaveDSSessionCallback: LocalSave: .LatestSave
14:09:33.739 SCRIPT       : SCR_LatestSaveDSSessionCallback: LocalSave: .LatestSave
14:11:37.791 SCRIPT       : SCR_LatestSaveDSSessionCallback: LocalSave: .LatestSave
14:13:41.710 SCRIPT       : SCR_LatestSaveDSSessionCallback: LocalSave: .LatestSave
14:15:45.571 SCRIPT       : SCR_LatestSaveDSSessionCallback: LocalSave: .LatestSave
14:17:49.529 SCRIPT       : SCR_LatestSaveDSSessionCallback: LocalSave: .LatestSave
14:19:53.594 SCRIPT       : SCR_LatestSaveDSSessionCallback: LocalSave: .LatestSave
14:21:57.661 SCRIPT       : SCR_LatestSaveDSSessionCallback: LocalSave: .LatestSave
14:24:01.733 SCRIPT       : SCR_LatestSaveDSSessionCallback: LocalSave: .LatestSave
14:26:05.264 SCRIPT       : SCR_LatestSaveDSSessionCallback: LocalSave: .LatestSave
14:28:09.491 SCRIPT       : SCR_LatestSaveDSSessionCallback: LocalSave: .LatestSave
14:30:13.609 SCRIPT       : SCR_LatestSaveDSSessionCallback: LocalSave: .LatestSave
14:32:17.666 SCRIPT       : SCR_LatestSaveDSSessionCallback: LocalSave: .LatestSave
14:34:21.750 SCRIPT       : SCR_LatestSaveDSSessionCallback: LocalSave: .LatestSave
14:36:25.903 SCRIPT       : SCR_LatestSaveDSSessionCallback: LocalSave: .LatestSave
14:38:29.730 SCRIPT       : SCR_LatestSaveDSSessionCallback: LocalSave: .LatestSave
14:40:33.598 SCRIPT       : SCR_LatestSaveDSSessionCallback: LocalSave: .LatestSave
14:42:37.795 SCRIPT       : SCR_LatestSaveDSSessionCallback: LocalSave: .LatestSave
14:44:41.763 SCRIPT       : SCR_LatestSaveDSSessionCallback: LocalSave: .LatestSave
14:46:45.842 SCRIPT       : SCR_LatestSaveDSSessionCallback: LocalSave: .LatestSave
14:48:49.511 SCRIPT       : SCR_LatestSaveDSSessionCallback: LocalSave: .LatestSave
14:50:53.585 SCRIPT       : SCR_LatestSaveDSSessionCallback: LocalSave: .LatestSave
14:52:57.489 SCRIPT       : SCR_LatestSaveDSSessionCallback: LocalSave: .LatestSave
14:55:01.629 SCRIPT       : SCR_LatestSaveDSSessionCallback: LocalSave: .LatestSave
14:57:05.456 SCRIPT       : SCR_LatestSaveDSSessionCallback: LocalSave: .LatestSave
14:59:09.724 SCRIPT       : SCR_LatestSaveDSSessionCallback: LocalSave: .LatestSave
15:01:13.716 SCRIPT       : SCR_LatestSaveDSSessionCallback: LocalSave: .LatestSave
15:03:17.750 SCRIPT       : SCR_LatestSaveDSSessionCallback: LocalSave: .LatestSave
15:05:21.782 SCRIPT       : SCR_LatestSaveDSSessionCallback: LocalSave: .LatestSave
15:07:25.852 SCRIPT       : SCR_LatestSaveDSSessionCallback: LocalSave: .LatestSave
15:09:30.123 SCRIPT       : SCR_LatestSaveDSSessionCallback: LocalSave: .LatestSave
15:11:34.156 SCRIPT       : SCR_LatestSaveDSSessionCallback: LocalSave: .LatestSave
15:13:38.592 SCRIPT       : SCR_LatestSaveDSSessionCallback: LocalSave: .LatestSave
15:15:43.183 SCRIPT       : SCR_LatestSaveDSSessionCallback: LocalSave: .LatestSave
15:17:47.836 SCRIPT       : SCR_LatestSaveDSSessionCallback: LocalSave: .LatestSave
15:19:52.289 SCRIPT       : SCR_LatestSaveDSSessionCallback: LocalSave: .LatestSave
15:21:56.867 SCRIPT       : SCR_LatestSaveDSSessionCallback: LocalSave: .LatestSave
15:24:01.463 SCRIPT       : SCR_LatestSaveDSSessionCallback: LocalSave: .LatestSave
15:26:05.763 SCRIPT       : SCR_LatestSaveDSSessionCallback: LocalSave: .LatestSave
15:28:10.256 SCRIPT       : SCR_LatestSaveDSSessionCallback: LocalSave: .LatestSave
15:30:14.787 SCRIPT       : SCR_LatestSaveDSSessionCallback: LocalSave: .LatestSave
15:32:19.205 SCRIPT       : SCR_LatestSaveDSSessionCallback: LocalSave: .LatestSave
15:34:23.898 SCRIPT       : SCR_LatestSaveDSSessionCallback: LocalSave: .LatestSave
15:36:28.516 SCRIPT       : SCR_LatestSaveDSSessionCallback: LocalSave: .LatestSave
15:38:33.254 SCRIPT       : SCR_LatestSaveDSSessionCallback: LocalSave: .LatestSave
15:40:37.690 SCRIPT       : SCR_LatestSaveDSSessionCallback: LocalSave: .LatestSave
15:42:42.309 SCRIPT       : SCR_LatestSaveDSSessionCallback: LocalSave: .LatestSave
15:44:46.813 SCRIPT       : SCR_LatestSaveDSSessionCallback: LocalSave: .LatestSave
15:46:51.243 SCRIPT       : SCR_LatestSaveDSSessionCallback: LocalSave: .LatestSave
15:48:55.871 SCRIPT       : SCR_LatestSaveDSSessionCallback: LocalSave: .LatestSave
15:51:00.492 SCRIPT       : SCR_LatestSaveDSSessionCallback: LocalSave: .LatestSave
15:53:04.995 SCRIPT       : SCR_LatestSaveDSSessionCallback: LocalSave: .LatestSave
15:55:09.406 SCRIPT       : SCR_LatestSaveDSSessionCallback: LocalSave: .LatestSave
15:57:14.049 SCRIPT       : SCR_LatestSaveDSSessionCallback: LocalSave: .LatestSave
15:59:18.663 SCRIPT       : SCR_LatestSaveDSSessionCallback: LocalSave: .LatestSave
16:01:23.163 SCRIPT       : SCR_LatestSaveDSSessionCallback: LocalSave: .LatestSave
16:03:27.621 SCRIPT       : SCR_LatestSaveDSSessionCallback: LocalSave: .LatestSave
16:05:32.235 SCRIPT       : SCR_LatestSaveDSSessionCallback: LocalSave: .LatestSave
16:07:36.850 SCRIPT       : SCR_LatestSaveDSSessionCallback: LocalSave: .LatestSave
16:09:41.424 SCRIPT       : SCR_LatestSaveDSSessionCallback: LocalSave: .LatestSave
16:11:46.046 SCRIPT       : SCR_LatestSaveDSSessionCallback: LocalSave: .LatestSave
16:13:50.687 SCRIPT       : SCR_LatestSaveDSSessionCallback: LocalSave: .LatestSave
16:15:55.116 SCRIPT       : SCR_LatestSaveDSSessionCallback: LocalSave: .LatestSave
16:17:59.336 SCRIPT       : SCR_LatestSaveDSSessionCallback: LocalSave: .LatestSave
16:20:03.856 SCRIPT       : SCR_LatestSaveDSSessionCallback: LocalSave: .LatestSave
16:22:08.362 SCRIPT       : SCR_LatestSaveDSSessionCallback: LocalSave: .LatestSave
16:24:13.061 SCRIPT       : SCR_LatestSaveDSSessionCallback: LocalSave: .LatestSave
16:26:17.576 SCRIPT       : SCR_LatestSaveDSSessionCallback: LocalSave: .LatestSave
16:28:22.226 SCRIPT       : SCR_LatestSaveDSSessionCallback: LocalSave: .LatestSave
16:30:26.817 SCRIPT       : SCR_LatestSaveDSSessionCallback: LocalSave: .LatestSave
16:32:31.494 SCRIPT       : SCR_LatestSaveDSSessionCallback: LocalSave: .LatestSave
16:34:35.971 SCRIPT       : SCR_LatestSaveDSSessionCallback: LocalSave: .LatestSave
16:36:40.420 SCRIPT       : SCR_LatestSaveDSSessionCallback: LocalSave: .LatestSave
16:38:45.061 SCRIPT       : SCR_LatestSaveDSSessionCallback: LocalSave: .LatestSave
16:40:49.739 SCRIPT       : SCR_LatestSaveDSSessionCallback: LocalSave: .LatestSave
16:42:54.156 SCRIPT       : SCR_LatestSaveDSSessionCallback: LocalSave: .LatestSave
16:44:58.753 SCRIPT       : SCR_LatestSaveDSSessionCallback: LocalSave: .LatestSave
16:47:03.291 SCRIPT       : SCR_LatestSaveDSSessionCallback: LocalSave: .LatestSave
16:49:07.761 SCRIPT       : SCR_LatestSaveDSSessionCallback: LocalSave: .LatestSave
16:51:12.190 SCRIPT       : SCR_LatestSaveDSSessionCallback: LocalSave: .LatestSave
16:53:16.812 SCRIPT       : SCR_LatestSaveDSSessionCallback: LocalSave: .LatestSave
16:55:21.395 SCRIPT       : SCR_LatestSaveDSSessionCallback: LocalSave: .LatestSave
16:57:25.890 SCRIPT       : SCR_LatestSaveDSSessionCallback: LocalSave: .LatestSave
16:59:30.421 SCRIPT       : SCR_LatestSaveDSSessionCallback: LocalSave: .LatestSave
17:01:34.872 SCRIPT       : SCR_LatestSaveDSSessionCallback: LocalSave: .LatestSave
17:03:39.428 SCRIPT       : SCR_LatestSaveDSSessionCallback: LocalSave: .LatestSave
17:05:43.940 SCRIPT       : SCR_LatestSaveDSSessionCallback: LocalSave: .LatestSave
17:07:48.503 SCRIPT       : SCR_LatestSaveDSSessionCallback: LocalSave: .LatestSave
17:09:53.075 SCRIPT       : SCR_LatestSaveDSSessionCallback: LocalSave: .LatestSave
17:11:57.618 SCRIPT       : SCR_LatestSaveDSSessionCallback: LocalSave: .LatestSave
17:14:02.018 SCRIPT       : SCR_LatestSaveDSSessionCallback: LocalSave: .LatestSave
17:16:06.478 SCRIPT       : SCR_LatestSaveDSSessionCallback: LocalSave: .LatestSave
17:18:11.057 SCRIPT       : SCR_LatestSaveDSSessionCallback: LocalSave: .LatestSave
17:20:15.669 SCRIPT       : SCR_LatestSaveDSSessionCallback: LocalSave: .LatestSave
17:22:20.266 SCRIPT       : SCR_LatestSaveDSSessionCallback: LocalSave: .LatestSave
17:24:24.811 SCRIPT       : SCR_LatestSaveDSSessionCallback: LocalSave: .LatestSave
17:26:29.293 SCRIPT       : SCR_LatestSaveDSSessionCallback: LocalSave: .LatestSave
17:28:33.913 SCRIPT       : SCR_LatestSaveDSSessionCallback: LocalSave: .LatestSave
17:30:38.476 SCRIPT       : SCR_LatestSaveDSSessionCallback: LocalSave: .LatestSave
17:32:43.062 SCRIPT       : SCR_LatestSaveDSSessionCallback: LocalSave: .LatestSave
17:34:47.618 SCRIPT       : SCR_LatestSaveDSSessionCallback: LocalSave: .LatestSave
17:36:52.098 SCRIPT       : SCR_LatestSaveDSSessionCallback: LocalSave: .LatestSave
17:38:56.747 SCRIPT       : SCR_LatestSaveDSSessionCallback: LocalSave: .LatestSave
17:41:01.171 SCRIPT       : SCR_LatestSaveDSSessionCallback: LocalSave: .LatestSave
17:43:05.614 SCRIPT       : SCR_LatestSaveDSSessionCallback: LocalSave: .LatestSave
17:45:10.211 SCRIPT       : SCR_LatestSaveDSSessionCallback: LocalSave: .LatestSave
17:47:14.638 SCRIPT       : SCR_LatestSaveDSSessionCallback: LocalSave: .LatestSave
17:49:19.196 SCRIPT       : SCR_LatestSaveDSSessionCallback: LocalSave: .LatestSave
17:51:23.784 SCRIPT       : SCR_LatestSaveDSSessionCallback: LocalSave: .LatestSave
17:53:28.312 SCRIPT       : SCR_LatestSaveDSSessionCallback: LocalSave: .LatestSave
17:55:32.881 SCRIPT       : SCR_LatestSaveDSSessionCallback: LocalSave: .LatestSave
17:57:37.444 SCRIPT       : SCR_LatestSaveDSSessionCallback: LocalSave: .LatestSave
17:59:41.985 SCRIPT       : SCR_LatestSaveDSSessionCallback: LocalSave: .LatestSave
18:01:46.471 SCRIPT       : SCR_LatestSaveDSSessionCallback: LocalSave: .LatestSave
18:03:51.109 SCRIPT       : SCR_LatestSaveDSSessionCallback: LocalSave: .LatestSave
18:05:55.627 SCRIPT       : SCR_LatestSaveDSSessionCallback: LocalSave: .LatestSave
18:08:00.152 SCRIPT       : SCR_LatestSaveDSSessionCallback: LocalSave: .LatestSave
18:10:04.375 SCRIPT       : SCR_LatestSaveDSSessionCallback: LocalSave: .LatestSave
18:12:08.970 SCRIPT       : SCR_LatestSaveDSSessionCallback: LocalSave: .LatestSave
18:14:13.573 SCRIPT       : SCR_LatestSaveDSSessionCallback: LocalSave: .LatestSave
18:16:18.068 SCRIPT       : SCR_LatestSaveDSSessionCallback: LocalSave: .LatestSave
18:18:22.671 SCRIPT       : SCR_LatestSaveDSSessionCallback: LocalSave: .LatestSave
18:20:27.024 SCRIPT       : SCR_LatestSaveDSSessionCallback: LocalSave: .LatestSave
18:22:31.594 SCRIPT       : SCR_LatestSaveDSSessionCallback: LocalSave: .LatestSave
18:24:36.090 SCRIPT       : SCR_LatestSaveDSSessionCallback: LocalSave: .LatestSave
18:26:40.529 SCRIPT       : SCR_LatestSaveDSSessionCallback: LocalSave: .LatestSave
18:28:45.093 SCRIPT       : SCR_LatestSaveDSSessionCallback: LocalSave: .LatestSave
18:30:49.325 SCRIPT       : SCR_LatestSaveDSSessionCallback: LocalSave: .LatestSave
18:32:53.338 SCRIPT       : SCR_LatestSaveDSSessionCallback: LocalSave: .LatestSave
18:34:57.839 SCRIPT       : SCR_LatestSaveDSSessionCallback: LocalSave: .LatestSave
18:37:02.379 SCRIPT       : SCR_LatestSaveDSSessionCallback: LocalSave: .LatestSave
18:39:06.845 SCRIPT       : SCR_LatestSaveDSSessionCallback: LocalSave: .LatestSave
18:41:11.237 SCRIPT       : SCR_LatestSaveDSSessionCallback: LocalSave: .LatestSave
18:43:15.812 SCRIPT       : SCR_LatestSaveDSSessionCallback: LocalSave: .LatestSave
18:45:20.333 SCRIPT       : SCR_LatestSaveDSSessionCallback: LocalSave: .LatestSave
18:47:24.943 SCRIPT       : SCR_LatestSaveDSSessionCallback: LocalSave: .LatestSave
18:49:29.426 SCRIPT       : SCR_LatestSaveDSSessionCallback: LocalSave: .LatestSave
18:51:33.984 SCRIPT       : SCR_LatestSaveDSSessionCallback: LocalSave: .LatestSave
18:53:38.531 SCRIPT       : SCR_LatestSaveDSSessionCallback: LocalSave: .LatestSave
18:55:42.904 SCRIPT       : SCR_LatestSaveDSSessionCallback: LocalSave: .LatestSave
18:57:47.461 SCRIPT       : SCR_LatestSaveDSSessionCallback: LocalSave: .LatestSave
18:59:52.119 SCRIPT       : SCR_LatestSaveDSSessionCallback: LocalSave: .LatestSave
19:01:56.523 SCRIPT       : SCR_LatestSaveDSSessionCallback: LocalSave: .LatestSave
19:04:01.000 SCRIPT       : SCR_LatestSaveDSSessionCallback: LocalSave: .LatestSave
19:06:05.468 SCRIPT       : SCR_LatestSaveDSSessionCallback: LocalSave: .LatestSave
19:08:09.986 SCRIPT       : SCR_LatestSaveDSSessionCallback: LocalSave: .LatestSave
