---------------------------------------------
Log /home/profile/logs/logs_2024-07-24_13-21-27/error.log started at 2024-07-24 13:21:28 (2024-07-24 13:21:28 UTC)

13:21:28.161 ENGINE       : GameProject load
13:21:28.161  INIT         : GameProject load project data @"./addons/data/ArmaReforger.gproj"
13:21:28.161   RESOURCES (E): Wrong GUID/name for resource @"{C014582791ECBF24}Language/localization.st" in property "StringTableSource"
13:21:30.658 PLATFORM     : InputManager user settings load from profile @"InputUserSettings.conf"
13:21:30.658  DEFAULT   (W): Loading input settings from legacy file, which will be soon unsupported
13:21:31.155 PLATFORM     : InputManager user settings load from profile @"InputUserSettings.conf"
13:21:31.155  DEFAULT   (W): Loading input settings from legacy file, which will be soon unsupported
13:21:31.422 WORLD        : Entities load 'worlds/MP/Coop_CombatOps_Arland.ent'
13:21:31.422  RESOURCES (E): Wrong GUID/name for resource @"{5A0197D1FAEE1585}(null)" in property "Road Network File"
13:21:31.433  RESOURCES (E): Wrong GUID/name for resource @"{0000000000000000}(null)" in property "m_sTriggerResource"
13:21:31.433  RESOURCES (E): Wrong GUID/name for resource @"{0000000000000000}(null)" in property "m_sTriggerResource"
13:21:31.433  RESOURCES (E): Wrong GUID/name for resource @"{0000000000000000}(null)" in property "m_sTriggerResource"
13:21:31.434  RESOURCES (E): Wrong GUID/name for resource @"{0000000000000000}(null)" in property "m_sTriggerResource"
13:21:31.434  RESOURCES (E): Wrong GUID/name for resource @"{0000000000000000}(null)" in property "m_sTriggerResource"
13:21:31.434  RESOURCES (E): Wrong GUID/name for resource @"{0000000000000000}(null)" in property "m_sTriggerResource"
13:21:31.434  RESOURCES (E): Wrong GUID/name for resource @"{0000000000000000}(null)" in property "m_sTriggerResource"
13:21:31.435  RESOURCES (E): Wrong GUID/name for resource @"{0000000000000000}(null)" in property "m_sTriggerResource"
13:21:31.435  RESOURCES (E): Wrong GUID/name for resource @"{0000000000000000}(null)" in property "m_sTriggerResource"
13:21:31.435  RESOURCES (E): Wrong GUID/name for resource @"{0000000000000000}(null)" in property "m_sTriggerResource"
13:21:31.435  RESOURCES (E): Wrong GUID/name for resource @"{0000000000000000}(null)" in property "m_sTriggerResource"
13:21:35.375 WORLD        : Game::LoadEntities
13:21:35.375  WORLD        : CreateEntities
13:21:35.375   WORLD        : CreateEntities
13:21:35.375    ENTITY       : Create entity @"ENTITY:1" ('world', GenericWorldEntity) at <0.000000 0.000000 0.000000> @"{08A95D735ECC517F}Prefabs/World/DefaultWorld/GenericWorld_Default.et"
13:21:35.375     RESOURCES (E):   Failed to decompress memory image data. Data is not DXT.
13:21:35.375     WORLD     (E): Shore map CPU data creation failed - decompression of DF near atlas texture failed.
13:21:35.375     WORLD     (E): Loading of shore map failed - creation of CPU data failed
13:21:35.375     WORLD     (E): Loading of shore map failed - post load checks failed
13:21:35.544    ENTITY       : Create entity @"ENTITY:8" ('GenericWorldPPEffect') at <0.000000 0.000000 0.000000> @"GodRays"
13:21:35.544     MATERIAL     : Material load @"{90C363AB5243A434}Common/Postprocess/Sun_GodRays.emat"
13:21:35.544      MATERIAL     : Material load @"{90C363AB5243A434}Common/Postprocess/Sun_GodRays.emat"
13:21:35.544       MATERIAL  (E): Unknown keyword/data 'HorizonDisableY' at offset 46(0x2e)
13:21:36.099    ENTITY       : Create entity @"ENTITY:14694" ('PreloadManager1', BasePreloadManager) at <0.005000 0.000000 0.047000> @"{104F8505FD1871EF}Prefabs/World/Game/PreloadManager.et"
13:21:36.099     ENTITY       : SpawnEntityPrefab @"{6058AB54781A0C52}Prefabs/Characters/Factions/BLUFOR/US_Army/Character_US_AMG.et"
13:21:36.099      WORLD        : InitEntities 'PreloadWorld'
13:21:36.099       ENTITY       : Init entity @"ENTITY:1" ('SCR_ChimeraCharacter','Assets/Characters/Basebody/Basebody_Male_01.xob') at <0.000000 0.000000 0.000000> @"{6058AB54781A0C52}Prefabs/Characters/Factions/BLUFOR/US_Army/Character_US_AMG.et"
13:21:36.099        INVENTORY (E): Couldn't insert item @"ENTITY:55" ('GenericEntity','Assets/Weapons/Magazines/STANAG/Magazine_30rnd_STANAG.xob') at <0.000000 0.000000 0.000000> @"{D8F2CA92583B23D3}Prefabs/Weapons/Magazines/Magazine_556x45_STANAG_30rnd_Last_5Tracer.et" into storage @"ENTITY:22" ('GenericEntity','Assets/Items/Equipment/Accessories/Pouch_ALICE_30rnd_STANAG/Pouch_ALICE_30rnd_STANAG.xob') at <-0.144399 1.162750 0.105744> @"{E3154E0EAC48D67B}Prefabs/Items/Equipment/Accessories/Pouch_ALICE_30rnd_STANAG/Pouch_ALICE_30rnd_STANAG.et" while spawning initial items inside the storage.
13:21:36.099        NETWORK   (W): Replication: RplComponent on entity @"ENTITY:55" ('GenericEntity','Assets/Weapons/Magazines/STANAG/Magazine_30rnd_STANAG.xob') at <0.000000 0.000000 0.000000> @"{D8F2CA92583B23D3}Prefabs/Weapons/Magazines/Magazine_556x45_STANAG_30rnd_Last_5Tracer.et" destroyed during loading of the world. This might cause issues with startup sync!
13:21:36.099        INVENTORY (E): Couldn't insert item @"ENTITY:56" ('GenericEntity','Assets/Weapons/Magazines/STANAG/Magazine_30rnd_STANAG.xob') at <0.000000 0.000000 0.000000> @"{D8F2CA92583B23D3}Prefabs/Weapons/Magazines/Magazine_556x45_STANAG_30rnd_Last_5Tracer.et" into storage @"ENTITY:22" ('GenericEntity','Assets/Items/Equipment/Accessories/Pouch_ALICE_30rnd_STANAG/Pouch_ALICE_30rnd_STANAG.xob') at <-0.144399 1.162750 0.105744> @"{E3154E0EAC48D67B}Prefabs/Items/Equipment/Accessories/Pouch_ALICE_30rnd_STANAG/Pouch_ALICE_30rnd_STANAG.et" while spawning initial items inside the storage.
13:21:36.099        NETWORK   (W): Replication: RplComponent on entity @"ENTITY:56" ('GenericEntity','Assets/Weapons/Magazines/STANAG/Magazine_30rnd_STANAG.xob') at <0.000000 0.000000 0.000000> @"{D8F2CA92583B23D3}Prefabs/Weapons/Magazines/Magazine_556x45_STANAG_30rnd_Last_5Tracer.et" destroyed during loading of the world. This might cause issues with startup sync!
13:21:36.099        INVENTORY (E): Couldn't insert item @"ENTITY:57" ('GenericEntity','Assets/Weapons/Magazines/STANAG/Magazine_30rnd_STANAG.xob') at <0.000000 0.000000 0.000000> @"{D8F2CA92583B23D3}Prefabs/Weapons/Magazines/Magazine_556x45_STANAG_30rnd_Last_5Tracer.et" into storage @"ENTITY:22" ('GenericEntity','Assets/Items/Equipment/Accessories/Pouch_ALICE_30rnd_STANAG/Pouch_ALICE_30rnd_STANAG.xob') at <-0.144399 1.162750 0.105744> @"{E3154E0EAC48D67B}Prefabs/Items/Equipment/Accessories/Pouch_ALICE_30rnd_STANAG/Pouch_ALICE_30rnd_STANAG.et" while spawning initial items inside the storage.
13:21:36.099        NETWORK   (W): Replication: RplComponent on entity @"ENTITY:57" ('GenericEntity','Assets/Weapons/Magazines/STANAG/Magazine_30rnd_STANAG.xob') at <0.000000 0.000000 0.000000> @"{D8F2CA92583B23D3}Prefabs/Weapons/Magazines/Magazine_556x45_STANAG_30rnd_Last_5Tracer.et" destroyed during loading of the world. This might cause issues with startup sync!
13:21:36.192     ENTITY       : SpawnEntityPrefab @"{5B1996C05B1E51A4}Prefabs/Characters/Factions/BLUFOR/US_Army/Character_US_AR.et"
13:21:36.192      WORLD        : InitEntities 'PreloadWorld'
13:21:36.192       ENTITY       : Init entity @"ENTITY:61" ('SCR_ChimeraCharacter','Assets/Characters/Basebody/Basebody_Male_01.xob') at <0.000000 0.000000 0.000000> @"{5B1996C05B1E51A4}Prefabs/Characters/Factions/BLUFOR/US_Army/Character_US_AR.et"
13:21:36.192        INVENTORY (E): Couldn't insert item @"ENTITY:103" ('GenericEntity','Assets/Weapons/Magazines/M249/Magazine_200rnd_M249_item.xob') at <0.000000 0.000000 0.000000> @"{06D722FC2666EB83}Prefabs/Weapons/Magazines/Box_556x45_M249_200rnd_4Ball_1Tracer.et" into storage @"ENTITY:78" ('GenericEntity','Assets/Items/Equipment/Accessories/Pouch_ALICE_200rnd_M249/Pouch_ALICE_200rnd_M249.xob') at <-0.160200 1.020957 0.135574> @"{4F018E3CF74D8636}Prefabs/Items/Equipment/Accessories/Pouch_ALICE_200rnd_M249/Pouch_ALICE_200rnd_M249.et" while spawning initial items inside the storage.
13:21:36.192        NETWORK   (W): Replication: RplComponent on entity @"ENTITY:103" ('GenericEntity','Assets/Weapons/Magazines/M249/Magazine_200rnd_M249_item.xob') at <0.000000 0.000000 0.000000> @"{06D722FC2666EB83}Prefabs/Weapons/Magazines/Box_556x45_M249_200rnd_4Ball_1Tracer.et" destroyed during loading of the world. This might cause issues with startup sync!
13:21:36.258     ENTITY       : SpawnEntityPrefab @"{84029128FA6F6BB9}Prefabs/Characters/Factions/BLUFOR/US_Army/Character_US_GL.et"
13:21:36.258      WORLD        : InitEntities 'PreloadWorld'
13:21:36.258       ENTITY       : Init entity @"ENTITY:105" ('SCR_ChimeraCharacter','Assets/Characters/Basebody/Basebody_Male_01.xob') at <0.000000 0.000000 0.000000> @"{84029128FA6F6BB9}Prefabs/Characters/Factions/BLUFOR/US_Army/Character_US_GL.et"
13:21:36.258        INVENTORY (E): Couldn't insert item @"ENTITY:153" ('GenericEntity','Assets/Weapons/Magazines/STANAG/Magazine_30rnd_STANAG.xob') at <0.000000 0.000000 0.000000> @"{D8F2CA92583B23D3}Prefabs/Weapons/Magazines/Magazine_556x45_STANAG_30rnd_Last_5Tracer.et" into storage @"ENTITY:124" ('GenericEntity','Assets/Items/Equipment/Accessories/Pouch_ALICE_30rnd_STANAG/Pouch_ALICE_30rnd_STANAG.xob') at <-0.104999 1.129537 0.050875> @"{0B0D67BC8F43A052}Prefabs/Items/Equipment/Accessories/Pouch_ALICE_30rnd_STANAG/Pouch_ALICE_30rnd_STANAG_base.et" while spawning initial items inside the storage.
13:21:36.258        NETWORK   (W): Replication: RplComponent on entity @"ENTITY:153" ('GenericEntity','Assets/Weapons/Magazines/STANAG/Magazine_30rnd_STANAG.xob') at <0.000000 0.000000 0.000000> @"{D8F2CA92583B23D3}Prefabs/Weapons/Magazines/Magazine_556x45_STANAG_30rnd_Last_5Tracer.et" destroyed during loading of the world. This might cause issues with startup sync!
13:21:36.258        INVENTORY (E): Couldn't insert item @"ENTITY:154" ('GenericEntity','Assets/Weapons/Magazines/STANAG/Magazine_30rnd_STANAG.xob') at <0.000000 0.000000 0.000000> @"{D8F2CA92583B23D3}Prefabs/Weapons/Magazines/Magazine_556x45_STANAG_30rnd_Last_5Tracer.et" into storage @"ENTITY:124" ('GenericEntity','Assets/Items/Equipment/Accessories/Pouch_ALICE_30rnd_STANAG/Pouch_ALICE_30rnd_STANAG.xob') at <-0.104999 1.129537 0.050875> @"{0B0D67BC8F43A052}Prefabs/Items/Equipment/Accessories/Pouch_ALICE_30rnd_STANAG/Pouch_ALICE_30rnd_STANAG_base.et" while spawning initial items inside the storage.
13:21:36.258        NETWORK   (W): Replication: RplComponent on entity @"ENTITY:154" ('GenericEntity','Assets/Weapons/Magazines/STANAG/Magazine_30rnd_STANAG.xob') at <0.000000 0.000000 0.000000> @"{D8F2CA92583B23D3}Prefabs/Weapons/Magazines/Magazine_556x45_STANAG_30rnd_Last_5Tracer.et" destroyed during loading of the world. This might cause issues with startup sync!
13:21:36.258        INVENTORY (E): Couldn't insert item @"ENTITY:155" ('GenericEntity','Assets/Weapons/Grenades/M67/Grenade_M67.xob') at <0.000000 0.000000 0.000000> @"{E8F00BF730225B00}Prefabs/Weapons/Grenades/Grenade_M67.et" into storage @"ENTITY:124" ('GenericEntity','Assets/Items/Equipment/Accessories/Pouch_ALICE_30rnd_STANAG/Pouch_ALICE_30rnd_STANAG.xob') at <-0.104999 1.129537 0.050875> @"{0B0D67BC8F43A052}Prefabs/Items/Equipment/Accessories/Pouch_ALICE_30rnd_STANAG/Pouch_ALICE_30rnd_STANAG_base.et" while spawning initial items inside the storage.
13:21:36.258        NETWORK   (W): Replication: RplComponent on entity @"ENTITY:155" ('GenericEntity','Assets/Weapons/Grenades/M67/Grenade_M67.xob') at <0.000000 0.000000 0.000000> @"{E8F00BF730225B00}Prefabs/Weapons/Grenades/Grenade_M67.et" destroyed during loading of the world. This might cause issues with startup sync!
13:21:36.258        INVENTORY (E): Couldn't insert item @"ENTITY:156" ('GenericEntity','Assets/Weapons/Grenades/M67/Grenade_M67.xob') at <0.000000 0.000000 0.000000> @"{E8F00BF730225B00}Prefabs/Weapons/Grenades/Grenade_M67.et" into storage @"ENTITY:124" ('GenericEntity','Assets/Items/Equipment/Accessories/Pouch_ALICE_30rnd_STANAG/Pouch_ALICE_30rnd_STANAG.xob') at <-0.104999 1.129537 0.050875> @"{0B0D67BC8F43A052}Prefabs/Items/Equipment/Accessories/Pouch_ALICE_30rnd_STANAG/Pouch_ALICE_30rnd_STANAG_base.et" while spawning initial items inside the storage.
13:21:36.258        NETWORK   (W): Replication: RplComponent on entity @"ENTITY:156" ('GenericEntity','Assets/Weapons/Grenades/M67/Grenade_M67.xob') at <0.000000 0.000000 0.000000> @"{E8F00BF730225B00}Prefabs/Weapons/Grenades/Grenade_M67.et" destroyed during loading of the world. This might cause issues with startup sync!
13:21:36.258        INVENTORY (E): Couldn't insert item @"ENTITY:157" ('GenericEntity','Assets/Weapons/Grenades/M67/Grenade_M67.xob') at <0.000000 0.000000 0.000000> @"{E8F00BF730225B00}Prefabs/Weapons/Grenades/Grenade_M67.et" into storage @"ENTITY:124" ('GenericEntity','Assets/Items/Equipment/Accessories/Pouch_ALICE_30rnd_STANAG/Pouch_ALICE_30rnd_STANAG.xob') at <-0.104999 1.129537 0.050875> @"{0B0D67BC8F43A052}Prefabs/Items/Equipment/Accessories/Pouch_ALICE_30rnd_STANAG/Pouch_ALICE_30rnd_STANAG_base.et" while spawning initial items inside the storage.
13:21:36.258        NETWORK   (W): Replication: RplComponent on entity @"ENTITY:157" ('GenericEntity','Assets/Weapons/Grenades/M67/Grenade_M67.xob') at <0.000000 0.000000 0.000000> @"{E8F00BF730225B00}Prefabs/Weapons/Grenades/Grenade_M67.et" destroyed during loading of the world. This might cause issues with startup sync!
13:21:36.300     ENTITY       : SpawnEntityPrefab @"{27BF1FF235DD6036}Prefabs/Characters/Factions/BLUFOR/US_Army/Character_US_LAT.et"
13:21:36.300      WORLD        : InitEntities 'PreloadWorld'
13:21:36.300       ENTITY       : Init entity @"ENTITY:178" ('SCR_ChimeraCharacter','Assets/Characters/Basebody/Basebody_Male_01.xob') at <0.000000 0.000000 0.000000> @"{27BF1FF235DD6036}Prefabs/Characters/Factions/BLUFOR/US_Army/Character_US_LAT.et"
13:21:36.300        INVENTORY (E): Couldn't insert item @"ENTITY:228" ('GenericEntity','Assets/Weapons/Magazines/STANAG/Magazine_30rnd_STANAG.xob') at <0.000000 0.000000 0.000000> @"{D8F2CA92583B23D3}Prefabs/Weapons/Magazines/Magazine_556x45_STANAG_30rnd_Last_5Tracer.et" into storage @"ENTITY:199" ('GenericEntity','Assets/Items/Equipment/Accessories/Pouch_ALICE_30rnd_STANAG/Pouch_ALICE_30rnd_STANAG.xob') at <-0.144399 1.162750 0.105744> @"{E3154E0EAC48D67B}Prefabs/Items/Equipment/Accessories/Pouch_ALICE_30rnd_STANAG/Pouch_ALICE_30rnd_STANAG.et" while spawning initial items inside the storage.
13:21:36.300        NETWORK   (W): Replication: RplComponent on entity @"ENTITY:228" ('GenericEntity','Assets/Weapons/Magazines/STANAG/Magazine_30rnd_STANAG.xob') at <0.000000 0.000000 0.000000> @"{D8F2CA92583B23D3}Prefabs/Weapons/Magazines/Magazine_556x45_STANAG_30rnd_Last_5Tracer.et" destroyed during loading of the world. This might cause issues with startup sync!
13:21:36.300        INVENTORY (E): Couldn't insert item @"ENTITY:229" ('GenericEntity','Assets/Weapons/Magazines/STANAG/Magazine_30rnd_STANAG.xob') at <0.000000 0.000000 0.000000> @"{D8F2CA92583B23D3}Prefabs/Weapons/Magazines/Magazine_556x45_STANAG_30rnd_Last_5Tracer.et" into storage @"ENTITY:199" ('GenericEntity','Assets/Items/Equipment/Accessories/Pouch_ALICE_30rnd_STANAG/Pouch_ALICE_30rnd_STANAG.xob') at <-0.144399 1.162750 0.105744> @"{E3154E0EAC48D67B}Prefabs/Items/Equipment/Accessories/Pouch_ALICE_30rnd_STANAG/Pouch_ALICE_30rnd_STANAG.et" while spawning initial items inside the storage.
13:21:36.300        NETWORK   (W): Replication: RplComponent on entity @"ENTITY:229" ('GenericEntity','Assets/Weapons/Magazines/STANAG/Magazine_30rnd_STANAG.xob') at <0.000000 0.000000 0.000000> @"{D8F2CA92583B23D3}Prefabs/Weapons/Magazines/Magazine_556x45_STANAG_30rnd_Last_5Tracer.et" destroyed during loading of the world. This might cause issues with startup sync!
13:21:36.300        INVENTORY (E): Couldn't insert item @"ENTITY:230" ('GenericEntity','Assets/Weapons/Magazines/STANAG/Magazine_30rnd_STANAG.xob') at <0.000000 0.000000 0.000000> @"{D8F2CA92583B23D3}Prefabs/Weapons/Magazines/Magazine_556x45_STANAG_30rnd_Last_5Tracer.et" into storage @"ENTITY:199" ('GenericEntity','Assets/Items/Equipment/Accessories/Pouch_ALICE_30rnd_STANAG/Pouch_ALICE_30rnd_STANAG.xob') at <-0.144399 1.162750 0.105744> @"{E3154E0EAC48D67B}Prefabs/Items/Equipment/Accessories/Pouch_ALICE_30rnd_STANAG/Pouch_ALICE_30rnd_STANAG.et" while spawning initial items inside the storage.
13:21:36.300        NETWORK   (W): Replication: RplComponent on entity @"ENTITY:230" ('GenericEntity','Assets/Weapons/Magazines/STANAG/Magazine_30rnd_STANAG.xob') at <0.000000 0.000000 0.000000> @"{D8F2CA92583B23D3}Prefabs/Weapons/Magazines/Magazine_556x45_STANAG_30rnd_Last_5Tracer.et" destroyed during loading of the world. This might cause issues with startup sync!
13:21:36.330     ENTITY       : SpawnEntityPrefab @"{C9E4FEAF5AAC8D8C}Prefabs/Characters/Factions/BLUFOR/US_Army/Character_US_Medic.et"
13:21:36.330      WORLD        : InitEntities 'PreloadWorld'
13:21:36.330       ENTITY       : Init entity @"ENTITY:234" ('SCR_ChimeraCharacter','Assets/Characters/Basebody/Basebody_Male_01.xob') at <0.000000 0.000000 0.000000> @"{C9E4FEAF5AAC8D8C}Prefabs/Characters/Factions/BLUFOR/US_Army/Character_US_Medic.et"
13:21:36.330        INVENTORY (E): Couldn't insert item @"ENTITY:307" ('GenericEntity','Assets/Weapons/Magazines/STANAG/Magazine_30rnd_STANAG.xob') at <0.000000 0.000000 0.000000> @"{D8F2CA92583B23D3}Prefabs/Weapons/Magazines/Magazine_556x45_STANAG_30rnd_Last_5Tracer.et" into storage @"ENTITY:255" ('GenericEntity','Assets/Items/Equipment/Accessories/Pouch_ALICE_30rnd_STANAG/Pouch_ALICE_30rnd_STANAG.xob') at <-0.144399 1.162750 0.105744> @"{E3154E0EAC48D67B}Prefabs/Items/Equipment/Accessories/Pouch_ALICE_30rnd_STANAG/Pouch_ALICE_30rnd_STANAG.et" while spawning initial items inside the storage.
13:21:36.330        NETWORK   (W): Replication: RplComponent on entity @"ENTITY:307" ('GenericEntity','Assets/Weapons/Magazines/STANAG/Magazine_30rnd_STANAG.xob') at <0.000000 0.000000 0.000000> @"{D8F2CA92583B23D3}Prefabs/Weapons/Magazines/Magazine_556x45_STANAG_30rnd_Last_5Tracer.et" destroyed during loading of the world. This might cause issues with startup sync!
13:21:36.330        INVENTORY (E): Couldn't insert item @"ENTITY:308" ('GenericEntity','Assets/Weapons/Magazines/STANAG/Magazine_30rnd_STANAG.xob') at <0.000000 0.000000 0.000000> @"{D8F2CA92583B23D3}Prefabs/Weapons/Magazines/Magazine_556x45_STANAG_30rnd_Last_5Tracer.et" into storage @"ENTITY:255" ('GenericEntity','Assets/Items/Equipment/Accessories/Pouch_ALICE_30rnd_STANAG/Pouch_ALICE_30rnd_STANAG.xob') at <-0.144399 1.162750 0.105744> @"{E3154E0EAC48D67B}Prefabs/Items/Equipment/Accessories/Pouch_ALICE_30rnd_STANAG/Pouch_ALICE_30rnd_STANAG.et" while spawning initial items inside the storage.
13:21:36.330        NETWORK   (W): Replication: RplComponent on entity @"ENTITY:308" ('GenericEntity','Assets/Weapons/Magazines/STANAG/Magazine_30rnd_STANAG.xob') at <0.000000 0.000000 0.000000> @"{D8F2CA92583B23D3}Prefabs/Weapons/Magazines/Magazine_556x45_STANAG_30rnd_Last_5Tracer.et" destroyed during loading of the world. This might cause issues with startup sync!
13:21:36.360     ENTITY       : SpawnEntityPrefab @"{26A9756790131354}Prefabs/Characters/Factions/BLUFOR/US_Army/Character_US_Rifleman.et"
13:21:36.360      WORLD        : InitEntities 'PreloadWorld'
13:21:36.360       ENTITY       : Init entity @"ENTITY:357" ('SCR_ChimeraCharacter','Assets/Characters/Basebody/Basebody_Male_01.xob') at <0.000000 0.000000 0.000000> @"{26A9756790131354}Prefabs/Characters/Factions/BLUFOR/US_Army/Character_US_Rifleman.et"
13:21:36.360        INVENTORY (E): Couldn't insert item @"ENTITY:405" ('GenericEntity','Assets/Weapons/Magazines/STANAG/Magazine_30rnd_STANAG.xob') at <0.000000 0.000000 0.000000> @"{D8F2CA92583B23D3}Prefabs/Weapons/Magazines/Magazine_556x45_STANAG_30rnd_Last_5Tracer.et" into storage @"ENTITY:376" ('GenericEntity','Assets/Items/Equipment/Accessories/Pouch_ALICE_30rnd_STANAG/Pouch_ALICE_30rnd_STANAG.xob') at <-0.144399 1.162750 0.105744> @"{E3154E0EAC48D67B}Prefabs/Items/Equipment/Accessories/Pouch_ALICE_30rnd_STANAG/Pouch_ALICE_30rnd_STANAG.et" while spawning initial items inside the storage.
13:21:36.360        NETWORK   (W): Replication: RplComponent on entity @"ENTITY:405" ('GenericEntity','Assets/Weapons/Magazines/STANAG/Magazine_30rnd_STANAG.xob') at <0.000000 0.000000 0.000000> @"{D8F2CA92583B23D3}Prefabs/Weapons/Magazines/Magazine_556x45_STANAG_30rnd_Last_5Tracer.et" destroyed during loading of the world. This might cause issues with startup sync!
13:21:36.360        INVENTORY (E): Couldn't insert item @"ENTITY:406" ('GenericEntity','Assets/Weapons/Magazines/STANAG/Magazine_30rnd_STANAG.xob') at <0.000000 0.000000 0.000000> @"{D8F2CA92583B23D3}Prefabs/Weapons/Magazines/Magazine_556x45_STANAG_30rnd_Last_5Tracer.et" into storage @"ENTITY:376" ('GenericEntity','Assets/Items/Equipment/Accessories/Pouch_ALICE_30rnd_STANAG/Pouch_ALICE_30rnd_STANAG.xob') at <-0.144399 1.162750 0.105744> @"{E3154E0EAC48D67B}Prefabs/Items/Equipment/Accessories/Pouch_ALICE_30rnd_STANAG/Pouch_ALICE_30rnd_STANAG.et" while spawning initial items inside the storage.
13:21:36.360        NETWORK   (W): Replication: RplComponent on entity @"ENTITY:406" ('GenericEntity','Assets/Weapons/Magazines/STANAG/Magazine_30rnd_STANAG.xob') at <0.000000 0.000000 0.000000> @"{D8F2CA92583B23D3}Prefabs/Weapons/Magazines/Magazine_556x45_STANAG_30rnd_Last_5Tracer.et" destroyed during loading of the world. This might cause issues with startup sync!
13:21:36.360        INVENTORY (E): Couldn't insert item @"ENTITY:407" ('GenericEntity','Assets/Weapons/Magazines/STANAG/Magazine_30rnd_STANAG.xob') at <0.000000 0.000000 0.000000> @"{D8F2CA92583B23D3}Prefabs/Weapons/Magazines/Magazine_556x45_STANAG_30rnd_Last_5Tracer.et" into storage @"ENTITY:376" ('GenericEntity','Assets/Items/Equipment/Accessories/Pouch_ALICE_30rnd_STANAG/Pouch_ALICE_30rnd_STANAG.xob') at <-0.144399 1.162750 0.105744> @"{E3154E0EAC48D67B}Prefabs/Items/Equipment/Accessories/Pouch_ALICE_30rnd_STANAG/Pouch_ALICE_30rnd_STANAG.et" while spawning initial items inside the storage.
13:21:36.360        NETWORK   (W): Replication: RplComponent on entity @"ENTITY:407" ('GenericEntity','Assets/Weapons/Magazines/STANAG/Magazine_30rnd_STANAG.xob') at <0.000000 0.000000 0.000000> @"{D8F2CA92583B23D3}Prefabs/Weapons/Magazines/Magazine_556x45_STANAG_30rnd_Last_5Tracer.et" destroyed during loading of the world. This might cause issues with startup sync!
13:21:36.370     ENTITY       : SpawnEntityPrefab @"{1CA3D30464EE4674}Prefabs/Characters/Factions/BLUFOR/US_Army/Character_US_Spotter.et"
13:21:36.370      WORLD        : InitEntities 'PreloadWorld'
13:21:36.370       ENTITY       : Init entity @"ENTITY:411" ('SCR_ChimeraCharacter','Assets/Characters/Basebody/Basebody_Male_01.xob') at <0.000000 0.000000 0.000000> @"{1CA3D30464EE4674}Prefabs/Characters/Factions/BLUFOR/US_Army/Character_US_Spotter.et"
13:21:36.370        INVENTORY (E): Couldn't insert item @"ENTITY:461" ('GenericEntity','Assets/Weapons/Magazines/STANAG/Magazine_30rnd_STANAG.xob') at <0.000000 0.000000 0.000000> @"{D8F2CA92583B23D3}Prefabs/Weapons/Magazines/Magazine_556x45_STANAG_30rnd_Last_5Tracer.et" into storage @"ENTITY:432" ('GenericEntity','Assets/Items/Equipment/Accessories/Pouch_ALICE_30rnd_STANAG/Pouch_ALICE_30rnd_STANAG.xob') at <-0.104999 1.129537 0.050875> @"{0B0D67BC8F43A052}Prefabs/Items/Equipment/Accessories/Pouch_ALICE_30rnd_STANAG/Pouch_ALICE_30rnd_STANAG_base.et" while spawning initial items inside the storage.
13:21:36.370        NETWORK   (W): Replication: RplComponent on entity @"ENTITY:461" ('GenericEntity','Assets/Weapons/Magazines/STANAG/Magazine_30rnd_STANAG.xob') at <0.000000 0.000000 0.000000> @"{D8F2CA92583B23D3}Prefabs/Weapons/Magazines/Magazine_556x45_STANAG_30rnd_Last_5Tracer.et" destroyed during loading of the world. This might cause issues with startup sync!
13:21:36.371        INVENTORY (E): Couldn't insert item @"ENTITY:462" ('GenericEntity','Assets/Weapons/Magazines/STANAG/Magazine_30rnd_STANAG.xob') at <0.000000 0.000000 0.000000> @"{D8F2CA92583B23D3}Prefabs/Weapons/Magazines/Magazine_556x45_STANAG_30rnd_Last_5Tracer.et" into storage @"ENTITY:432" ('GenericEntity','Assets/Items/Equipment/Accessories/Pouch_ALICE_30rnd_STANAG/Pouch_ALICE_30rnd_STANAG.xob') at <-0.104999 1.129537 0.050875> @"{0B0D67BC8F43A052}Prefabs/Items/Equipment/Accessories/Pouch_ALICE_30rnd_STANAG/Pouch_ALICE_30rnd_STANAG_base.et" while spawning initial items inside the storage.
13:21:36.371        NETWORK   (W): Replication: RplComponent on entity @"ENTITY:462" ('GenericEntity','Assets/Weapons/Magazines/STANAG/Magazine_30rnd_STANAG.xob') at <0.000000 0.000000 0.000000> @"{D8F2CA92583B23D3}Prefabs/Weapons/Magazines/Magazine_556x45_STANAG_30rnd_Last_5Tracer.et" destroyed during loading of the world. This might cause issues with startup sync!
13:21:36.371        INVENTORY (E): Couldn't insert item @"ENTITY:463" ('GenericEntity','Assets/Weapons/Grenades/M67/Grenade_M67.xob') at <0.000000 0.000000 0.000000> @"{E8F00BF730225B00}Prefabs/Weapons/Grenades/Grenade_M67.et" into storage @"ENTITY:432" ('GenericEntity','Assets/Items/Equipment/Accessories/Pouch_ALICE_30rnd_STANAG/Pouch_ALICE_30rnd_STANAG.xob') at <-0.104999 1.129537 0.050875> @"{0B0D67BC8F43A052}Prefabs/Items/Equipment/Accessories/Pouch_ALICE_30rnd_STANAG/Pouch_ALICE_30rnd_STANAG_base.et" while spawning initial items inside the storage.
13:21:36.371        NETWORK   (W): Replication: RplComponent on entity @"ENTITY:463" ('GenericEntity','Assets/Weapons/Grenades/M67/Grenade_M67.xob') at <0.000000 0.000000 0.000000> @"{E8F00BF730225B00}Prefabs/Weapons/Grenades/Grenade_M67.et" destroyed during loading of the world. This might cause issues with startup sync!
13:21:36.371        INVENTORY (E): Couldn't insert item @"ENTITY:464" ('GenericEntity','Assets/Weapons/Grenades/M67/Grenade_M67.xob') at <0.000000 0.000000 0.000000> @"{E8F00BF730225B00}Prefabs/Weapons/Grenades/Grenade_M67.et" into storage @"ENTITY:432" ('GenericEntity','Assets/Items/Equipment/Accessories/Pouch_ALICE_30rnd_STANAG/Pouch_ALICE_30rnd_STANAG.xob') at <-0.104999 1.129537 0.050875> @"{0B0D67BC8F43A052}Prefabs/Items/Equipment/Accessories/Pouch_ALICE_30rnd_STANAG/Pouch_ALICE_30rnd_STANAG_base.et" while spawning initial items inside the storage.
13:21:36.371        NETWORK   (W): Replication: RplComponent on entity @"ENTITY:464" ('GenericEntity','Assets/Weapons/Grenades/M67/Grenade_M67.xob') at <0.000000 0.000000 0.000000> @"{E8F00BF730225B00}Prefabs/Weapons/Grenades/Grenade_M67.et" destroyed during loading of the world. This might cause issues with startup sync!
13:21:36.371        INVENTORY (E): Couldn't insert item @"ENTITY:465" ('GenericEntity','Assets/Weapons/Grenades/M67/Grenade_M67.xob') at <0.000000 0.000000 0.000000> @"{E8F00BF730225B00}Prefabs/Weapons/Grenades/Grenade_M67.et" into storage @"ENTITY:432" ('GenericEntity','Assets/Items/Equipment/Accessories/Pouch_ALICE_30rnd_STANAG/Pouch_ALICE_30rnd_STANAG.xob') at <-0.104999 1.129537 0.050875> @"{0B0D67BC8F43A052}Prefabs/Items/Equipment/Accessories/Pouch_ALICE_30rnd_STANAG/Pouch_ALICE_30rnd_STANAG_base.et" while spawning initial items inside the storage.
13:21:36.371        NETWORK   (W): Replication: RplComponent on entity @"ENTITY:465" ('GenericEntity','Assets/Weapons/Grenades/M67/Grenade_M67.xob') at <0.000000 0.000000 0.000000> @"{E8F00BF730225B00}Prefabs/Weapons/Grenades/Grenade_M67.et" destroyed during loading of the world. This might cause issues with startup sync!
13:21:36.460     ENTITY       : SpawnEntityPrefab @"{23ADBBC31B6A3DC6}Prefabs/Characters/Factions/OPFOR/USSR_Army/Character_USSR_AR.et"
13:21:36.460      WORLD        : InitEntities 'PreloadWorld'
13:21:36.460       ENTITY       : Init entity @"ENTITY:533" ('SCR_ChimeraCharacter','Assets/Characters/Basebody/Basebody_Male_01.xob') at <0.000000 0.000000 0.000000> @"{23ADBBC31B6A3DC6}Prefabs/Characters/Factions/OPFOR/USSR_Army/Character_USSR_AR.et"
13:21:36.460        INVENTORY (E): Couldn't insert item @"ENTITY:573" ('GenericEntity','Assets/Weapons/Magazines/RPK74/Magazine_45rnd_RPK74.xob') at <0.000000 0.000000 0.000000> @"{D78C667F59829717}Prefabs/Weapons/Magazines/Magazine_545x39_RPK_45rnd_4Ball_1Tracer.et" into storage @"ENTITY:550" ('GenericEntity','Assets/Items/Equipment/Accessories/Pouch_Soviet_45rnd_RPK74/Pouch_Soviet_45rnd_RPK74.xob') at <-0.128100 1.112072 0.103191> @"{B6EEF03975F21E4E}Prefabs/Items/Equipment/Accessories/Pouch_Soviet_45rnd_RPK74/Pouch_Soviet_45rnd_RPK74.et" while spawning initial items inside the storage.
13:21:36.460        NETWORK   (W): Replication: RplComponent on entity @"ENTITY:573" ('GenericEntity','Assets/Weapons/Magazines/RPK74/Magazine_45rnd_RPK74.xob') at <0.000000 0.000000 0.000000> @"{D78C667F59829717}Prefabs/Weapons/Magazines/Magazine_545x39_RPK_45rnd_4Ball_1Tracer.et" destroyed during loading of the world. This might cause issues with startup sync!
13:21:36.460        INVENTORY (E): Couldn't insert item @"ENTITY:574" ('GenericEntity','Assets/Weapons/Magazines/RPK74/Magazine_45rnd_RPK74.xob') at <0.000000 0.000000 0.000000> @"{D78C667F59829717}Prefabs/Weapons/Magazines/Magazine_545x39_RPK_45rnd_4Ball_1Tracer.et" into storage @"ENTITY:550" ('GenericEntity','Assets/Items/Equipment/Accessories/Pouch_Soviet_45rnd_RPK74/Pouch_Soviet_45rnd_RPK74.xob') at <-0.128100 1.112072 0.103191> @"{B6EEF03975F21E4E}Prefabs/Items/Equipment/Accessories/Pouch_Soviet_45rnd_RPK74/Pouch_Soviet_45rnd_RPK74.et" while spawning initial items inside the storage.
13:21:36.460        NETWORK   (W): Replication: RplComponent on entity @"ENTITY:574" ('GenericEntity','Assets/Weapons/Magazines/RPK74/Magazine_45rnd_RPK74.xob') at <0.000000 0.000000 0.000000> @"{D78C667F59829717}Prefabs/Weapons/Magazines/Magazine_545x39_RPK_45rnd_4Ball_1Tracer.et" destroyed during loading of the world. This might cause issues with startup sync!
13:21:36.460        INVENTORY (E): Couldn't insert item @"ENTITY:575" ('GenericEntity','Assets/Weapons/Magazines/RPK74/Magazine_45rnd_RPK74.xob') at <0.000000 0.000000 0.000000> @"{D78C667F59829717}Prefabs/Weapons/Magazines/Magazine_545x39_RPK_45rnd_4Ball_1Tracer.et" into storage @"ENTITY:550" ('GenericEntity','Assets/Items/Equipment/Accessories/Pouch_Soviet_45rnd_RPK74/Pouch_Soviet_45rnd_RPK74.xob') at <-0.128100 1.112072 0.103191> @"{B6EEF03975F21E4E}Prefabs/Items/Equipment/Accessories/Pouch_Soviet_45rnd_RPK74/Pouch_Soviet_45rnd_RPK74.et" while spawning initial items inside the storage.
13:21:36.460        NETWORK   (W): Replication: RplComponent on entity @"ENTITY:575" ('GenericEntity','Assets/Weapons/Magazines/RPK74/Magazine_45rnd_RPK74.xob') at <0.000000 0.000000 0.000000> @"{D78C667F59829717}Prefabs/Weapons/Magazines/Magazine_545x39_RPK_45rnd_4Ball_1Tracer.et" destroyed during loading of the world. This might cause issues with startup sync!
13:21:36.460        INVENTORY (E): Couldn't insert item @"ENTITY:576" ('GenericEntity','Assets/Weapons/Magazines/RPK74/Magazine_45rnd_RPK74.xob') at <0.000000 0.000000 0.000000> @"{D78C667F59829717}Prefabs/Weapons/Magazines/Magazine_545x39_RPK_45rnd_4Ball_1Tracer.et" into storage @"ENTITY:550" ('GenericEntity','Assets/Items/Equipment/Accessories/Pouch_Soviet_45rnd_RPK74/Pouch_Soviet_45rnd_RPK74.xob') at <-0.128100 1.112072 0.103191> @"{B6EEF03975F21E4E}Prefabs/Items/Equipment/Accessories/Pouch_Soviet_45rnd_RPK74/Pouch_Soviet_45rnd_RPK74.et" while spawning initial items inside the storage.
13:21:36.460        NETWORK   (W): Replication: RplComponent on entity @"ENTITY:576" ('GenericEntity','Assets/Weapons/Magazines/RPK74/Magazine_45rnd_RPK74.xob') at <0.000000 0.000000 0.000000> @"{D78C667F59829717}Prefabs/Weapons/Magazines/Magazine_545x39_RPK_45rnd_4Ball_1Tracer.et" destroyed during loading of the world. This might cause issues with startup sync!
13:21:37.350    ENTITY       : Create entity @"ENTITY:61189" ('GenericEntity','Assets/Props/Military/Antennas/Antenna_R161_01/Antenna_R161_01.xob') at <1361.318970 36.590000 2335.080078> @"{5B8922E61D8DF345}Prefabs/Props/Military/Antennas/Antenna_R161_01.et"
13:21:37.350     DEFAULT   (W): BaseRadioComponent does not have any transceiver. (Entity: @"ENTITY:61189" ('GenericEntity','Assets/Props/Military/Antennas/Antenna_R161_01/Antenna_R161_01.xob') at <1361.318970 36.590000 2335.080078> @"{5B8922E61D8DF345}Prefabs/Props/Military/Antennas/Antenna_R161_01.et"). Only printing this message once. There're possibly more nodes with this requirement.
13:21:37.553    ENTITY       : Create entity @"ENTITY:73660" ('StaticModelEntity','Assets/Structures/Infrastructure/Towers/TransmitterTower_01/TransmitterTower_01_small.xob') at <3052.833008 47.772999 2401.170898> @"{6A004A8F0571D456}Prefabs/Structures/Infrastructure/Towers/TransmitterTower_01/TransmitterTower_01_small.et"
13:21:37.553     DEFAULT   (W): World doesn't contain RadioManagerEntity to support any BaseRadioComponent.
13:21:39.855    ENTITY       : Create entity @"ENTITY:2305843009213693956" ('FactionManager_USxUSSR1', SCR_FactionManager) at <11.000000 0.000000 11.000000> @"{589540B35EBA8CDC}Prefabs/MP/Managers/Factions/FactionManager_USxUSSR.et"
13:21:39.855     RESOURCES    : GetResourceObject @"{DDDD9B51F1234DF3}Prefabs/Vehicles/Helicopters/UH1H/UH1H_armed.et"
13:21:39.855      WORLD        : Entity prefab load @"{DDDD9B51F1234DF3}Prefabs/Vehicles/Helicopters/UH1H/UH1H_armed.et"
13:21:39.855       RESOURCES    : GetResourceObject @"{70BAEEFC2D3FEE64}Prefabs/Vehicles/Helicopters/UH1H/UH1H.et"
13:21:39.855        WORLD        : Entity prefab load @"{70BAEEFC2D3FEE64}Prefabs/Vehicles/Helicopters/UH1H/UH1H.et"
13:21:39.855         RESOURCES    : GetResourceObject @"{D03C0F6044DB5208}Prefabs/Vehicles/Helicopters/UH1H/UH1H_base.et"
13:21:39.856          WORLD        : Entity prefab load @"{D03C0F6044DB5208}Prefabs/Vehicles/Helicopters/UH1H/UH1H_base.et"
13:21:39.856           WORLD     (E): Unknown keyword/data 'm_bShowEffectInWB' at offset 16561(0x40b1)
13:21:39.927     RESOURCES    : GetResourceObject @"{7BD282AF716ED639}Prefabs/Vehicles/Helicopters/Mi8MT/Mi8MT_armed.et"
13:21:39.927      WORLD        : Entity prefab load @"{7BD282AF716ED639}Prefabs/Vehicles/Helicopters/Mi8MT/Mi8MT_armed.et"
13:21:39.927       RESOURCES    : GetResourceObject @"{20C37D5090E4E0E6}Prefabs/Vehicles/Helicopters/Mi8MT/Mi8MT_armed_base.et"
13:21:39.927        WORLD        : Entity prefab load @"{20C37D5090E4E0E6}Prefabs/Vehicles/Helicopters/Mi8MT/Mi8MT_armed_base.et"
13:21:39.927         RESOURCES    : GetResourceObject @"{AFF6067A5CE8A853}Prefabs/Vehicles/Helicopters/Mi8MT/Mi8MT_base.et"
13:21:39.927          WORLD        : Entity prefab load @"{AFF6067A5CE8A853}Prefabs/Vehicles/Helicopters/Mi8MT/Mi8MT_base.et"
13:21:39.927           RESOURCES    : GetResourceObject @"{AFF6067A5CE8A852}Prefabs/Vehicles/Helicopters/Mi8MT/Mi8_base.et"
13:21:39.927            WORLD        : Entity prefab load @"{AFF6067A5CE8A852}Prefabs/Vehicles/Helicopters/Mi8MT/Mi8_base.et"
13:21:39.927             WORLD     (E): Unknown keyword/data 'm_bShowEffectInWB' at offset 19148(0x4acc)
13:21:40.090    WORLD        : InitEntities 'world'
13:21:40.090     ENTITY       : Init entity @"ENTITY:3" ('MapEntity1', SCR_MapEntity) at <2237.496094 53.673000 2875.002930> @"{66FBC1063149819B}Prefabs/World/Game/Arland/MapEntity_Arland.et"
13:21:40.090      SCRIPT    (W): SCR_MapEntity: Cannot get the size from terrain. Using default.
13:21:43.007 SCRIPT    (E): 'SCR_BaseSupportStationComponent' 'EOnInit': 'SCR_DestructibleBuildingEntity<0x000078DBFE2A2AD8> @"ENTITY:59112" ('SCR_DestructibleBuildingEntity','Assets/Structures/Commer' Support Station is set to use supplies  but it has no SCR_ResourceComponent
13:21:43.007 SCRIPT    (E): 'SCR_BaseSupportStationComponent' 'EOnInit': 'SCR_DestructibleBuildingEntity<0x000078DBFE2A2C10> @"ENTITY:59118" ('SCR_DestructibleBuildingEntity','Assets/Structures/Commer' Support Station is set to use supplies  but it has no SCR_ResourceComponent
13:21:43.007 SCRIPT    (E): 'SCR_BaseSupportStationComponent' 'EOnInit': 'SCR_DestructibleBuildingEntity<0x000078DBFE2A2D48> @"ENTITY:59124" ('SCR_DestructibleBuildingEntity','Assets/Structures/Commer' Support Station is set to use supplies  but it has no SCR_ResourceComponent
13:21:43.007 SCRIPT    (E): 'SCR_BaseSupportStationComponent' 'EOnInit': 'SCR_DestructibleBuildingEntity<0x000078DBFE2A2E80> @"ENTITY:59130" ('SCR_DestructibleBuildingEntity','Assets/Structures/Commer' Support Station is set to use supplies  but it has no SCR_ResourceComponent
13:21:43.008 SCRIPT    (E): 'SCR_BaseSupportStationComponent' 'EOnInit': 'SCR_DestructibleBuildingEntity<0x000078DBF639A5F8> @"ENTITY:109411" ('SCR_DestructibleBuildingEntity','Assets/Structures/Comme' Support Station is set to use supplies  but it has no SCR_ResourceComponent
13:21:43.008 SCRIPT    (E): 'SCR_BaseSupportStationComponent' 'EOnInit': 'SCR_DestructibleBuildingEntity<0x000078DBF639A730> @"ENTITY:109416" ('SCR_DestructibleBuildingEntity','Assets/Structures/Comme' Support Station is set to use supplies  but it has no SCR_ResourceComponent
13:21:44.347 ENTITY       : SpawnEntityPrefab @"{26A9756790131354}Prefabs/Characters/Factions/BLUFOR/US_Army/Character_US_Rifleman.et"
13:21:44.347  WORLD        : InitEntities 'world'
13:21:44.347   ENTITY       : Init entity @"ENTITY:4611686018427387977" ('SCR_ChimeraCharacter','Assets/Characters/Basebody/Basebody_Male_01.xob') at <1928.772705 59.213001 2321.015869> @"{26A9756790131354}Prefabs/Characters/Factions/BLUFOR/US_Army/Character_US_Rifleman.et"
13:21:44.347    INVENTORY (E): Couldn't insert item @"ENTITY:4611686018427388026" ('GenericEntity','Assets/Weapons/Magazines/STANAG/Magazine_30rnd_STANAG.xob') at <0.000000 0.000000 0.000000> @"{D8F2CA92583B23D3}Prefabs/Weapons/Magazines/Magazine_556x45_STANAG_30rnd_Last_5Tracer.et" into storage @"ENTITY:4611686018427387997" ('GenericEntity','Assets/Items/Equipment/Accessories/Pouch_ALICE_30rnd_STANAG/Pouch_ALICE_30rnd_STANAG.xob') at <1928.827759 60.375751 2321.186035> @"{E3154E0EAC48D67B}Prefabs/Items/Equipment/Accessories/Pouch_ALICE_30rnd_STANAG/Pouch_ALICE_30rnd_STANAG.et" while spawning initial items inside the storage.
13:21:44.347    INVENTORY (E): Couldn't insert item @"ENTITY:4611686018427388027" ('GenericEntity','Assets/Weapons/Magazines/STANAG/Magazine_30rnd_STANAG.xob') at <0.000000 0.000000 0.000000> @"{D8F2CA92583B23D3}Prefabs/Weapons/Magazines/Magazine_556x45_STANAG_30rnd_Last_5Tracer.et" into storage @"ENTITY:4611686018427387997" ('GenericEntity','Assets/Items/Equipment/Accessories/Pouch_ALICE_30rnd_STANAG/Pouch_ALICE_30rnd_STANAG.xob') at <1928.827759 60.375751 2321.186035> @"{E3154E0EAC48D67B}Prefabs/Items/Equipment/Accessories/Pouch_ALICE_30rnd_STANAG/Pouch_ALICE_30rnd_STANAG.et" while spawning initial items inside the storage.
13:21:44.347    INVENTORY (E): Couldn't insert item @"ENTITY:4611686018427388028" ('GenericEntity','Assets/Weapons/Magazines/STANAG/Magazine_30rnd_STANAG.xob') at <0.000000 0.000000 0.000000> @"{D8F2CA92583B23D3}Prefabs/Weapons/Magazines/Magazine_556x45_STANAG_30rnd_Last_5Tracer.et" into storage @"ENTITY:4611686018427387997" ('GenericEntity','Assets/Items/Equipment/Accessories/Pouch_ALICE_30rnd_STANAG/Pouch_ALICE_30rnd_STANAG.xob') at <1928.827759 60.375751 2321.186035> @"{E3154E0EAC48D67B}Prefabs/Items/Equipment/Accessories/Pouch_ALICE_30rnd_STANAG/Pouch_ALICE_30rnd_STANAG.et" while spawning initial items inside the storage.
13:21:44.530 ENTITY       : SpawnEntityPrefab @"{C012BB3488BEA0C2}Prefabs/Vehicles/Wheeled/BTR70/BTR70.et"
13:21:44.530  ENTITY       : Create entity @"ENTITY:4611686018427388074" ('Vehicle','Assets/Vehicles/Wheeled/BTR70/BTR70_body.xob') at <1418.565186 11.022000 1877.415039> @"{C012BB3488BEA0C2}Prefabs/Vehicles/Wheeled/BTR70/BTR70.et"
13:21:44.530   ENTITY       : SpawnEntityPrefab @"{66596659FB0F645B}Prefabs/Vehicles/Wheeled/BTR70/VehParts/Turret/BTR70_Turret.et"
13:21:44.530    ENTITY       : Create entity @"ENTITY:4611686018427388207" ('Turret','Assets/Vehicles/Wheeled/BTR70/BTR70_turret.xob') at <1418.565186 11.022000 1877.415039> @"{66596659FB0F645B}Prefabs/Vehicles/Wheeled/BTR70/VehParts/Turret/BTR70_Turret.et"
13:21:44.530     ENTITY       : SpawnEntityPrefab @"{4FD1A5A6670E015A}Prefabs/Weapons/MachineGuns/PKM/MG_PKMT.et"
13:21:44.530      ENTITY       : Create entity @"ENTITY:4611686018427388208" ('GenericEntity','Assets/Weapons/MachineGuns/PKMT/PKMT_body.xob') at <1418.565186 11.022000 1877.415039> @"{4FD1A5A6670E015A}Prefabs/Weapons/MachineGuns/PKM/MG_PKMT.et"
13:21:44.530       ANIMATION (E): @"ENTITY:4611686018427388208" ('GenericEntity','Assets/Weapons/MachineGuns/PKMT/PKMT_body.xob') at <1418.565186 11.022000 1877.415039> @"{4FD1A5A6670E015A}Prefabs/Weapons/MachineGuns/PKM/MG_PKMT.et": anim controller initialization data is invalid (graph , node MasterControl, instance )
13:21:44.544 SCRIPT    (E): 'SCR_BaseSupportStationComponent' 'EOnInit': 'GenericEntity<0x000078DBE7B72340> @"ENTITY:4611686018427388165" ('GenericEntity','Assets/Items/Fuel/Jerrycan_01/Jerrycan_01.xo' Support Station is set to use supplies  but it has no SCR_ResourceComponent
13:21:44.552 ENTITY       : SpawnEntityPrefab @"{26A9756790131354}Prefabs/Characters/Factions/BLUFOR/US_Army/Character_US_Rifleman.et"
13:21:44.552  WORLD        : InitEntities 'world'
13:21:44.552   ENTITY       : Init entity @"ENTITY:4611686018427388256" ('SCR_ChimeraCharacter','Assets/Characters/Basebody/Basebody_Male_01.xob') at <1909.340576 59.634003 2335.909180> @"{26A9756790131354}Prefabs/Characters/Factions/BLUFOR/US_Army/Character_US_Rifleman.et"
13:21:44.552    INVENTORY (E): Couldn't insert item @"ENTITY:4611686018427388305" ('GenericEntity','Assets/Weapons/Magazines/STANAG/Magazine_30rnd_STANAG.xob') at <0.000000 0.000000 0.000000> @"{D8F2CA92583B23D3}Prefabs/Weapons/Magazines/Magazine_556x45_STANAG_30rnd_Last_5Tracer.et" into storage @"ENTITY:4611686018427388276" ('GenericEntity','Assets/Items/Equipment/Accessories/Pouch_ALICE_30rnd_STANAG/Pouch_ALICE_30rnd_STANAG.xob') at <1909.212891 60.796753 2335.783691> @"{E3154E0EAC48D67B}Prefabs/Items/Equipment/Accessories/Pouch_ALICE_30rnd_STANAG/Pouch_ALICE_30rnd_STANAG.et" while spawning initial items inside the storage.
13:21:44.552    INVENTORY (E): Couldn't insert item @"ENTITY:4611686018427388306" ('GenericEntity','Assets/Weapons/Magazines/STANAG/Magazine_30rnd_STANAG.xob') at <0.000000 0.000000 0.000000> @"{D8F2CA92583B23D3}Prefabs/Weapons/Magazines/Magazine_556x45_STANAG_30rnd_Last_5Tracer.et" into storage @"ENTITY:4611686018427388276" ('GenericEntity','Assets/Items/Equipment/Accessories/Pouch_ALICE_30rnd_STANAG/Pouch_ALICE_30rnd_STANAG.xob') at <1909.212891 60.796753 2335.783691> @"{E3154E0EAC48D67B}Prefabs/Items/Equipment/Accessories/Pouch_ALICE_30rnd_STANAG/Pouch_ALICE_30rnd_STANAG.et" while spawning initial items inside the storage.
13:21:44.552    INVENTORY (E): Couldn't insert item @"ENTITY:4611686018427388307" ('GenericEntity','Assets/Weapons/Magazines/STANAG/Magazine_30rnd_STANAG.xob') at <0.000000 0.000000 0.000000> @"{D8F2CA92583B23D3}Prefabs/Weapons/Magazines/Magazine_556x45_STANAG_30rnd_Last_5Tracer.et" into storage @"ENTITY:4611686018427388276" ('GenericEntity','Assets/Items/Equipment/Accessories/Pouch_ALICE_30rnd_STANAG/Pouch_ALICE_30rnd_STANAG.xob') at <1909.212891 60.796753 2335.783691> @"{E3154E0EAC48D67B}Prefabs/Items/Equipment/Accessories/Pouch_ALICE_30rnd_STANAG/Pouch_ALICE_30rnd_STANAG.et" while spawning initial items inside the storage.
13:21:45.019 SCRIPT    (E): 'SCR_BaseSupportStationComponent' 'EOnInit': 'GenericEntity<0x000000000EC41350> @"ENTITY:4611686018427388357" ('GenericEntity','Assets/Items/Fuel/Jerrycan_01/Jerrycan_01.xo' Support Station is set to use supplies  but it has no SCR_ResourceComponent
14:02:05.817 WORLD        : UpdateEntities
14:02:05.817  RPL          : rpl::Pip::ProcessNetToGame
14:02:05.817   ENTITY       : SpawnEntityPrefab @"{07B92B5E1A781635}Prefabs/Characters/Campaign/Final/PlayerVariant/Campaign_US_Player_Variant_1.et"
14:02:05.817    WORLD        : InitEntities 'world'
14:02:05.817     ENTITY       : Init entity @"ENTITY:4611686018427388398" ('SCR_ChimeraCharacter','Assets/Characters/Basebody/Basebody_Male_01.xob') at <2069.758057 66.688004 2263.315918> @"{07B92B5E1A781635}Prefabs/Characters/Campaign/Final/PlayerVariant/Campaign_US_Player_Variant_1.et"
14:02:05.817      INVENTORY (E): Couldn't insert item @"ENTITY:4611686018427388448" ('GenericEntity','Assets/Weapons/Magazines/STANAG/Magazine_30rnd_STANAG.xob') at <0.000000 0.000000 0.000000> @"{D8F2CA92583B23D3}Prefabs/Weapons/Magazines/Magazine_556x45_STANAG_30rnd_Last_5Tracer.et" into storage @"ENTITY:4611686018427388419" ('GenericEntity','Assets/Items/Equipment/Accessories/Pouch_ALICE_30rnd_STANAG/Pouch_ALICE_30rnd_STANAG.xob') at <2069.618408 67.850754 2263.203857> @"{E3154E0EAC48D67B}Prefabs/Items/Equipment/Accessories/Pouch_ALICE_30rnd_STANAG/Pouch_ALICE_30rnd_STANAG.et" while spawning initial items inside the storage.
14:02:05.817      INVENTORY (E): Couldn't insert item @"ENTITY:4611686018427388449" ('GenericEntity','Assets/Weapons/Magazines/STANAG/Magazine_30rnd_STANAG.xob') at <0.000000 0.000000 0.000000> @"{D8F2CA92583B23D3}Prefabs/Weapons/Magazines/Magazine_556x45_STANAG_30rnd_Last_5Tracer.et" into storage @"ENTITY:4611686018427388419" ('GenericEntity','Assets/Items/Equipment/Accessories/Pouch_ALICE_30rnd_STANAG/Pouch_ALICE_30rnd_STANAG.xob') at <2069.618408 67.850754 2263.203857> @"{E3154E0EAC48D67B}Prefabs/Items/Equipment/Accessories/Pouch_ALICE_30rnd_STANAG/Pouch_ALICE_30rnd_STANAG.et" while spawning initial items inside the storage.
14:02:05.817      INVENTORY (E): Couldn't insert item @"ENTITY:4611686018427388450" ('GenericEntity','Assets/Weapons/Magazines/STANAG/Magazine_30rnd_STANAG.xob') at <0.000000 0.000000 0.000000> @"{D8F2CA92583B23D3}Prefabs/Weapons/Magazines/Magazine_556x45_STANAG_30rnd_Last_5Tracer.et" into storage @"ENTITY:4611686018427388419" ('GenericEntity','Assets/Items/Equipment/Accessories/Pouch_ALICE_30rnd_STANAG/Pouch_ALICE_30rnd_STANAG.xob') at <2069.618408 67.850754 2263.203857> @"{E3154E0EAC48D67B}Prefabs/Items/Equipment/Accessories/Pouch_ALICE_30rnd_STANAG/Pouch_ALICE_30rnd_STANAG.et" while spawning initial items inside the storage.
14:02:10.125 SCRIPT    (E): 'SCR_BaseSupportStationComponent' 'EOnInit': 'GenericEntity<0x000078DC31563CC0> @"ENTITY:4611686018427388478" ('GenericEntity','Assets/Items/Fuel/Jerrycan_01/Jerrycan_01.xo' Support Station is set to use supplies  but it has no SCR_ResourceComponent
14:02:10.439 ENTITY       : SpawnEntityPrefab @"{D9B91FAB817A6033}Prefabs/Vehicles/Wheeled/Ural4320/Ural4320_transport_covered.et"
14:02:10.439  ENTITY       : Create entity @"ENTITY:4611686018427388788" ('Vehicle','Assets/Vehicles/Wheeled/Ural4320/Ural_4320_base.xob') at <1411.750000 35.834999 2346.619873> @"{D9B91FAB817A6033}Prefabs/Vehicles/Wheeled/Ural4320/Ural4320_transport_covered.et"
14:02:10.439   ENTITY       : SpawnEntityPrefab @"{5F533EBE61514610}Prefabs/Vehicles/Wheeled/Ural4320/VehParts/Ural4320_cargo_canvas.et"
14:02:10.439    ENTITY       : Create entity @"ENTITY:4611686018427388821" ('GenericEntity','Assets/Vehicles/Wheeled/Ural4320/Ural_4320_cargo.xob') at <1411.750000 35.834999 2346.619873> @"{5F533EBE61514610}Prefabs/Vehicles/Wheeled/Ural4320/VehParts/Ural4320_cargo_canvas.et"
14:02:10.439     ENTITY    (W): Converted from old-style index parent surface, please resave
14:02:10.439     ENTITY    (W): Converted from old-style index parent surface, please resave
14:02:10.439     ENTITY    (W): Converted from old-style index parent surface, please resave
14:02:10.439     ENTITY    (W): Converted from old-style index parent surface, please resave
14:02:10.439     ENTITY    (W): Converted from old-style index parent surface, please resave
14:02:10.439     ENTITY    (W): Converted from old-style index parent surface, please resave
14:02:10.453 ENTITY       : SpawnEntityPrefab @"{16C1F16C9B053801}Prefabs/Vehicles/Wheeled/Ural4320/Ural4320_transport.et"
14:02:10.453  ENTITY       : Create entity @"ENTITY:4611686018427388855" ('Vehicle','Assets/Vehicles/Wheeled/Ural4320/Ural_4320_base.xob') at <1377.398926 36.345001 2368.321045> @"{16C1F16C9B053801}Prefabs/Vehicles/Wheeled/Ural4320/Ural4320_transport.et"
14:02:10.453   ENTITY       : SpawnEntityPrefab @"{58B3FB7F102A8B1B}Prefabs/Vehicles/Wheeled/Ural4320/VehParts/Ural4320_cargo.et"
14:02:10.453    ENTITY       : Create entity @"ENTITY:4611686018427388888" ('GenericEntity','Assets/Vehicles/Wheeled/Ural4320/Ural_4320_cargo.xob') at <1377.398926 36.345001 2368.321045> @"{58B3FB7F102A8B1B}Prefabs/Vehicles/Wheeled/Ural4320/VehParts/Ural4320_cargo.et"
14:02:10.453     ENTITY    (W): Converted from old-style index parent surface, please resave
14:02:10.453     ENTITY    (W): Converted from old-style index parent surface, please resave
14:02:10.453     ENTITY    (W): Converted from old-style index parent surface, please resave
14:02:10.453     ENTITY    (W): Converted from old-style index parent surface, please resave
14:02:10.453     ENTITY    (W): Converted from old-style index parent surface, please resave
14:02:10.453     ENTITY    (W): Converted from old-style index parent surface, please resave
14:02:10.555 ENTITY       : SpawnEntityPrefab @"{43C4AF1EEBD001CE}Prefabs/Vehicles/Wheeled/UAZ452/UAZ452_ambulance.et"
14:02:10.555  ENTITY       : Create entity @"ENTITY:4611686018427388987" ('Vehicle','Assets/Vehicles/Wheeled/UAZ452/UAZ452_base.xob') at <1334.052979 37.045002 2386.149902> @"{43C4AF1EEBD001CE}Prefabs/Vehicles/Wheeled/UAZ452/UAZ452_ambulance.et"
14:02:10.555   ENTITY       : SpawnEntityPrefab @"{04961647B69E22F0}Prefabs/Vehicles/Wheeled/UAZ452/Lights/RRearIndicator_UAZ452_ES.et"
14:02:10.555    ENTITY       : Create entity @"ENTITY:4611686018427388999" ('GameEntity') at <1334.052979 37.045002 2386.149902>
14:02:10.555     RESOURCES    : GetResourceObject @"{7E71B1E7086625DD}Assets/Vehicles/Wheeled/UAZ452/Lights/UAZ_Indicator_RR.xob"
14:02:10.555      RESOURCES (E): Wrong GUID/name for resource @"{536BF67B2052B869}material/metal.gamemat" in property "UBX_FG_Indicator_RR"
14:02:10.555      RESOURCES    : GetResourceObject @"{536BF67B2052B869}material/metal.gamemat"
14:02:10.555       RESOURCES (E): Failed to open
14:02:10.568   ENTITY       : SpawnEntityPrefab @"{65F17676960CBF58}Prefabs/Vehicles/Core/VirtualSlots/Ambulance_VirtualArsenalSlot.et"
14:02:10.568    WORLD        : InitEntities 'world'
14:02:10.568     ENTITY       : Init entity @"ENTITY:4611686018427389030" ('GenericEntity') at <1334.052979 37.045002 2386.149902> @"{65F17676960CBF58}Prefabs/Vehicles/Core/VirtualSlots/Ambulance_VirtualArsenalSlot.et"
14:02:10.568      RPL       (E): RpcError: Calling a RPC from an unregistered item! itemType='script::Game::SCR_ArsenalComponent', rpc='SetArsenalEnabledBroadcast'
14:02:10.596 SCRIPT    (E): 'SCR_BaseSupportStationComponent' 'EOnInit': 'GenericEntity<0x000000000EC43990> @"ENTITY:4611686018427388688" ('GenericEntity','Assets/Items/Fuel/Jerrycan_01/Jerrycan_01.xo' Support Station is set to use supplies  but it has no SCR_ResourceComponent
14:02:10.596 SCRIPT    (E): 'SCR_BaseSupportStationComponent' 'EOnInit': 'GenericEntity<0x000000000FA85240> @"ENTITY:4611686018427388737" ('GenericEntity','Assets/Items/Fuel/Jerrycan_01/Jerrycan_01.xo' Support Station is set to use supplies  but it has no SCR_ResourceComponent
14:02:10.597 SCRIPT    (E): 'SCR_BaseSupportStationComponent' 'EOnInit': 'GenericEntity<0x000000000FA87CC0> @"ENTITY:4611686018427388801" ('GenericEntity','Assets/Items/Fuel/Jerrycan_01/Jerrycan_01.xo' Support Station is set to use supplies  but it has no SCR_ResourceComponent
14:02:10.597 SCRIPT    (E): 'SCR_BaseSupportStationComponent' 'EOnInit': 'GenericEntity<0x000000000FE1E010> @"ENTITY:4611686018427388868" ('GenericEntity','Assets/Items/Fuel/Jerrycan_01/Jerrycan_01.xo' Support Station is set to use supplies  but it has no SCR_ResourceComponent
14:02:10.597 SCRIPT    (E): 'SCR_BaseSupportStationComponent' 'EOnInit': 'GenericEntity<0x000000000FEA8250> @"ENTITY:4611686018427388936" ('GenericEntity','Assets/Items/Fuel/Jerrycan_01/Jerrycan_01.xo' Support Station is set to use supplies  but it has no SCR_ResourceComponent
14:02:10.598 SCRIPT    (E): 'SCR_BaseSupportStationComponent' 'EOnInit': 'GenericEntity<0x000000000FEAABC0> @"ENTITY:4611686018427389006" ('GenericEntity','Assets/Items/Fuel/Jerrycan_01/Jerrycan_01.xo' Support Station is set to use supplies  but it has no SCR_ResourceComponent
14:02:10.605 ENTITY       : SpawnEntityPrefab @"{D9B91FAB817A6033}Prefabs/Vehicles/Wheeled/Ural4320/Ural4320_transport_covered.et"
14:02:10.605  ENTITY       : Create entity @"ENTITY:4611686018427389054" ('Vehicle','Assets/Vehicles/Wheeled/Ural4320/Ural_4320_base.xob') at <2208.583984 53.418999 2880.057373> @"{D9B91FAB817A6033}Prefabs/Vehicles/Wheeled/Ural4320/Ural4320_transport_covered.et"
14:02:10.605   ENTITY       : SpawnEntityPrefab @"{5F533EBE61514610}Prefabs/Vehicles/Wheeled/Ural4320/VehParts/Ural4320_cargo_canvas.et"
14:02:10.605    ENTITY       : Create entity @"ENTITY:4611686018427389087" ('GenericEntity','Assets/Vehicles/Wheeled/Ural4320/Ural_4320_cargo.xob') at <2208.583984 53.418999 2880.057373> @"{5F533EBE61514610}Prefabs/Vehicles/Wheeled/Ural4320/VehParts/Ural4320_cargo_canvas.et"
14:02:10.605     ENTITY    (W): Converted from old-style index parent surface, please resave
14:02:10.605     ENTITY    (W): Converted from old-style index parent surface, please resave
14:02:10.605     ENTITY    (W): Converted from old-style index parent surface, please resave
14:02:10.605     ENTITY    (W): Converted from old-style index parent surface, please resave
14:02:10.605     ENTITY    (W): Converted from old-style index parent surface, please resave
14:02:10.605     ENTITY    (W): Converted from old-style index parent surface, please resave
14:02:10.708 SCRIPT    (E): 'SCR_BaseSupportStationComponent' 'EOnInit': 'GenericEntity<0x00000000103DCCF0> @"ENTITY:4611686018427389067" ('GenericEntity','Assets/Items/Fuel/Jerrycan_01/Jerrycan_01.xo' Support Station is set to use supplies  but it has no SCR_ResourceComponent
14:02:10.832 WORLD        : UpdateEntities
14:02:10.832  WORLD        : Frame
14:02:10.832   ENTITY       : SpawnEntityPrefab @"{23ADBBC31B6A3DC6}Prefabs/Characters/Factions/OPFOR/USSR_Army/Character_USSR_AR.et"
14:02:10.832    WORLD        : InitEntities 'world'
14:02:10.832     ENTITY       : Init entity @"ENTITY:4611686018427389705" ('SCR_ChimeraCharacter','Assets/Characters/Basebody/Basebody_Male_01.xob') at <1398.094971 36.102112 2340.093018> @"{23ADBBC31B6A3DC6}Prefabs/Characters/Factions/OPFOR/USSR_Army/Character_USSR_AR.et"
14:02:10.832      INVENTORY (E): Couldn't insert item @"ENTITY:4611686018427389746" ('GenericEntity','Assets/Weapons/Magazines/RPK74/Magazine_45rnd_RPK74.xob') at <0.000000 0.000000 0.000000> @"{D78C667F59829717}Prefabs/Weapons/Magazines/Magazine_545x39_RPK_45rnd_4Ball_1Tracer.et" into storage @"ENTITY:4611686018427389723" ('GenericEntity','Assets/Items/Equipment/Accessories/Pouch_Soviet_45rnd_RPK74/Pouch_Soviet_45rnd_RPK74.xob') at <1397.966919 37.214184 2340.196289> @"{B6EEF03975F21E4E}Prefabs/Items/Equipment/Accessories/Pouch_Soviet_45rnd_RPK74/Pouch_Soviet_45rnd_RPK74.et" while spawning initial items inside the storage.
14:02:10.832      INVENTORY (E): Couldn't insert item @"ENTITY:4611686018427389747" ('GenericEntity','Assets/Weapons/Magazines/RPK74/Magazine_45rnd_RPK74.xob') at <0.000000 0.000000 0.000000> @"{D78C667F59829717}Prefabs/Weapons/Magazines/Magazine_545x39_RPK_45rnd_4Ball_1Tracer.et" into storage @"ENTITY:4611686018427389723" ('GenericEntity','Assets/Items/Equipment/Accessories/Pouch_Soviet_45rnd_RPK74/Pouch_Soviet_45rnd_RPK74.xob') at <1397.966919 37.214184 2340.196289> @"{B6EEF03975F21E4E}Prefabs/Items/Equipment/Accessories/Pouch_Soviet_45rnd_RPK74/Pouch_Soviet_45rnd_RPK74.et" while spawning initial items inside the storage.
14:02:10.832      INVENTORY (E): Couldn't insert item @"ENTITY:4611686018427389748" ('GenericEntity','Assets/Weapons/Magazines/RPK74/Magazine_45rnd_RPK74.xob') at <0.000000 0.000000 0.000000> @"{D78C667F59829717}Prefabs/Weapons/Magazines/Magazine_545x39_RPK_45rnd_4Ball_1Tracer.et" into storage @"ENTITY:4611686018427389723" ('GenericEntity','Assets/Items/Equipment/Accessories/Pouch_Soviet_45rnd_RPK74/Pouch_Soviet_45rnd_RPK74.xob') at <1397.966919 37.214184 2340.196289> @"{B6EEF03975F21E4E}Prefabs/Items/Equipment/Accessories/Pouch_Soviet_45rnd_RPK74/Pouch_Soviet_45rnd_RPK74.et" while spawning initial items inside the storage.
14:02:10.832      INVENTORY (E): Couldn't insert item @"ENTITY:4611686018427389749" ('GenericEntity','Assets/Weapons/Magazines/RPK74/Magazine_45rnd_RPK74.xob') at <0.000000 0.000000 0.000000> @"{D78C667F59829717}Prefabs/Weapons/Magazines/Magazine_545x39_RPK_45rnd_4Ball_1Tracer.et" into storage @"ENTITY:4611686018427389723" ('GenericEntity','Assets/Items/Equipment/Accessories/Pouch_Soviet_45rnd_RPK74/Pouch_Soviet_45rnd_RPK74.xob') at <1397.966919 37.214184 2340.196289> @"{B6EEF03975F21E4E}Prefabs/Items/Equipment/Accessories/Pouch_Soviet_45rnd_RPK74/Pouch_Soviet_45rnd_RPK74.et" while spawning initial items inside the storage.
14:02:10.851   ENTITY       : SpawnEntityPrefab @"{23ADBBC31B6A3DC6}Prefabs/Characters/Factions/OPFOR/USSR_Army/Character_USSR_AR.et"
14:02:10.851    WORLD        : InitEntities 'world'
14:02:10.851     ENTITY       : Init entity @"ENTITY:4611686018427389754" ('SCR_ChimeraCharacter','Assets/Characters/Basebody/Basebody_Male_01.xob') at <2517.732910 146.241531 2290.345215> @"{23ADBBC31B6A3DC6}Prefabs/Characters/Factions/OPFOR/USSR_Army/Character_USSR_AR.et"
14:02:10.851      INVENTORY (E): Couldn't insert item @"ENTITY:4611686018427389795" ('GenericEntity','Assets/Weapons/Magazines/RPK74/Magazine_45rnd_RPK74.xob') at <0.000000 0.000000 0.000000> @"{D78C667F59829717}Prefabs/Weapons/Magazines/Magazine_545x39_RPK_45rnd_4Ball_1Tracer.et" into storage @"ENTITY:4611686018427389772" ('GenericEntity','Assets/Items/Equipment/Accessories/Pouch_Soviet_45rnd_RPK74/Pouch_Soviet_45rnd_RPK74.xob') at <2517.604736 147.353607 2290.448486> @"{B6EEF03975F21E4E}Prefabs/Items/Equipment/Accessories/Pouch_Soviet_45rnd_RPK74/Pouch_Soviet_45rnd_RPK74.et" while spawning initial items inside the storage.
14:02:10.851      INVENTORY (E): Couldn't insert item @"ENTITY:4611686018427389796" ('GenericEntity','Assets/Weapons/Magazines/RPK74/Magazine_45rnd_RPK74.xob') at <0.000000 0.000000 0.000000> @"{D78C667F59829717}Prefabs/Weapons/Magazines/Magazine_545x39_RPK_45rnd_4Ball_1Tracer.et" into storage @"ENTITY:4611686018427389772" ('GenericEntity','Assets/Items/Equipment/Accessories/Pouch_Soviet_45rnd_RPK74/Pouch_Soviet_45rnd_RPK74.xob') at <2517.604736 147.353607 2290.448486> @"{B6EEF03975F21E4E}Prefabs/Items/Equipment/Accessories/Pouch_Soviet_45rnd_RPK74/Pouch_Soviet_45rnd_RPK74.et" while spawning initial items inside the storage.
14:02:10.851      INVENTORY (E): Couldn't insert item @"ENTITY:4611686018427389797" ('GenericEntity','Assets/Weapons/Magazines/RPK74/Magazine_45rnd_RPK74.xob') at <0.000000 0.000000 0.000000> @"{D78C667F59829717}Prefabs/Weapons/Magazines/Magazine_545x39_RPK_45rnd_4Ball_1Tracer.et" into storage @"ENTITY:4611686018427389772" ('GenericEntity','Assets/Items/Equipment/Accessories/Pouch_Soviet_45rnd_RPK74/Pouch_Soviet_45rnd_RPK74.xob') at <2517.604736 147.353607 2290.448486> @"{B6EEF03975F21E4E}Prefabs/Items/Equipment/Accessories/Pouch_Soviet_45rnd_RPK74/Pouch_Soviet_45rnd_RPK74.et" while spawning initial items inside the storage.
14:02:10.851      INVENTORY (E): Couldn't insert item @"ENTITY:4611686018427389798" ('GenericEntity','Assets/Weapons/Magazines/RPK74/Magazine_45rnd_RPK74.xob') at <0.000000 0.000000 0.000000> @"{D78C667F59829717}Prefabs/Weapons/Magazines/Magazine_545x39_RPK_45rnd_4Ball_1Tracer.et" into storage @"ENTITY:4611686018427389772" ('GenericEntity','Assets/Items/Equipment/Accessories/Pouch_Soviet_45rnd_RPK74/Pouch_Soviet_45rnd_RPK74.xob') at <2517.604736 147.353607 2290.448486> @"{B6EEF03975F21E4E}Prefabs/Items/Equipment/Accessories/Pouch_Soviet_45rnd_RPK74/Pouch_Soviet_45rnd_RPK74.et" while spawning initial items inside the storage.
14:02:10.866   ENTITY       : SpawnEntityPrefab @"{23ADBBC31B6A3DC6}Prefabs/Characters/Factions/OPFOR/USSR_Army/Character_USSR_AR.et"
14:02:10.866    WORLD        : InitEntities 'world'
14:02:10.866     ENTITY       : Init entity @"ENTITY:4611686018427389844" ('SCR_ChimeraCharacter','Assets/Characters/Basebody/Basebody_Male_01.xob') at <2218.996826 53.358700 2882.053955> @"{23ADBBC31B6A3DC6}Prefabs/Characters/Factions/OPFOR/USSR_Army/Character_USSR_AR.et"
14:02:10.866      INVENTORY (E): Couldn't insert item @"ENTITY:4611686018427389885" ('GenericEntity','Assets/Weapons/Magazines/RPK74/Magazine_45rnd_RPK74.xob') at <0.000000 0.000000 0.000000> @"{D78C667F59829717}Prefabs/Weapons/Magazines/Magazine_545x39_RPK_45rnd_4Ball_1Tracer.et" into storage @"ENTITY:4611686018427389862" ('GenericEntity','Assets/Items/Equipment/Accessories/Pouch_Soviet_45rnd_RPK74/Pouch_Soviet_45rnd_RPK74.xob') at <2218.868652 54.470772 2882.157227> @"{B6EEF03975F21E4E}Prefabs/Items/Equipment/Accessories/Pouch_Soviet_45rnd_RPK74/Pouch_Soviet_45rnd_RPK74.et" while spawning initial items inside the storage.
14:02:10.866      INVENTORY (E): Couldn't insert item @"ENTITY:4611686018427389886" ('GenericEntity','Assets/Weapons/Magazines/RPK74/Magazine_45rnd_RPK74.xob') at <0.000000 0.000000 0.000000> @"{D78C667F59829717}Prefabs/Weapons/Magazines/Magazine_545x39_RPK_45rnd_4Ball_1Tracer.et" into storage @"ENTITY:4611686018427389862" ('GenericEntity','Assets/Items/Equipment/Accessories/Pouch_Soviet_45rnd_RPK74/Pouch_Soviet_45rnd_RPK74.xob') at <2218.868652 54.470772 2882.157227> @"{B6EEF03975F21E4E}Prefabs/Items/Equipment/Accessories/Pouch_Soviet_45rnd_RPK74/Pouch_Soviet_45rnd_RPK74.et" while spawning initial items inside the storage.
14:02:10.866      INVENTORY (E): Couldn't insert item @"ENTITY:4611686018427389887" ('GenericEntity','Assets/Weapons/Magazines/RPK74/Magazine_45rnd_RPK74.xob') at <0.000000 0.000000 0.000000> @"{D78C667F59829717}Prefabs/Weapons/Magazines/Magazine_545x39_RPK_45rnd_4Ball_1Tracer.et" into storage @"ENTITY:4611686018427389862" ('GenericEntity','Assets/Items/Equipment/Accessories/Pouch_Soviet_45rnd_RPK74/Pouch_Soviet_45rnd_RPK74.xob') at <2218.868652 54.470772 2882.157227> @"{B6EEF03975F21E4E}Prefabs/Items/Equipment/Accessories/Pouch_Soviet_45rnd_RPK74/Pouch_Soviet_45rnd_RPK74.et" while spawning initial items inside the storage.
14:02:10.866      INVENTORY (E): Couldn't insert item @"ENTITY:4611686018427389888" ('GenericEntity','Assets/Weapons/Magazines/RPK74/Magazine_45rnd_RPK74.xob') at <0.000000 0.000000 0.000000> @"{D78C667F59829717}Prefabs/Weapons/Magazines/Magazine_545x39_RPK_45rnd_4Ball_1Tracer.et" into storage @"ENTITY:4611686018427389862" ('GenericEntity','Assets/Items/Equipment/Accessories/Pouch_Soviet_45rnd_RPK74/Pouch_Soviet_45rnd_RPK74.xob') at <2218.868652 54.470772 2882.157227> @"{B6EEF03975F21E4E}Prefabs/Items/Equipment/Accessories/Pouch_Soviet_45rnd_RPK74/Pouch_Soviet_45rnd_RPK74.et" while spawning initial items inside the storage.
14:02:15.676 PATHFINDING(W): Failed to create instance of custom link! Tile: [93, 120], link_idx: 0
14:03:00.617 RPL       (E): RpcError: Calling a RPC from an unregistered item! itemType='script::Game::SCR_BudgetEditorComponent', rpc='OnEntityCoreBudgetUpdatedOwner'
