---------------------------------------------
Log /home/profile/logs/logs_2024-08-04_15-18-28/script.log started at 2024-08-04 15:18:29 (2024-08-04 15:18:29 UTC)

15:18:29.876 SCRIPT       : SCRIPT       : Initializing scripts
15:18:29.876  SCRIPT       : SCRIPT       : ScriptProjectManager init
15:18:29.983 SCRIPT       : SCRIPT       : Compiling GameLib scripts
15:18:30.067  SCRIPT       : Module: GameLib; loaded 282x files; 509x classes; used 468/2097 kB (22%) of static memory; defines: "PLATFORM_LINUX,ENF_ENABLE_VHC_OVERRIDE,ENF_ENABLE_RPLCOMPONENT_IN_GAMECODE"; CRC32: 46b6820e
15:18:30.074 SCRIPT       : SCRIPT       : Compiling Game scripts
15:18:33.451  SCRIPT       : Module: Game; loaded 4191x files; 8560x classes; used 18390/41943 kB (43%) of static memory; defines: "PLATFORM_LINUX,ENF_ENABLE_VHC_OVERRIDE,ENF_ENABLE_RPLCOMPONENT_IN_GAMECODE,ENABLE_BASE_DESTRUCTION,DEBUG,RESPAWN_TIMER_COMPONENT_DEBUG,DEBUG_NEARBY_CONTEXT_DISPLAY,DEBUG_CONFIGURABLE_DIALOGS,DISABLE_WEAPON_SWITCHING,SCRIPTED_AIM_MODIFIER_DEBUG"; CRC32: 25719fa1
15:23:33.755 SCRIPT       : SCRIPT       : Compiling GameLib scripts
15:23:33.823  SCRIPT       : Module: GameLib; loaded 282x files; 509x classes; used 462/2097 kB (22%) of static memory; defines: "PLATFORM_LINUX,ENF_ENABLE_VHC_OVERRIDE,ENF_ENABLE_RPLCOMPONENT_IN_GAMECODE"; CRC32: 46b6820e
15:23:33.832 SCRIPT       : SCRIPT       : Compiling Game scripts
15:23:37.459  SCRIPT       : Module: Game; loaded 4405x files; 9105x classes; used 19254/41943 kB (45%) of static memory; defines: "PLATFORM_LINUX,ENF_ENABLE_VHC_OVERRIDE,ENF_ENABLE_RPLCOMPONENT_IN_GAMECODE,ENABLE_BASE_DESTRUCTION,DEBUG,RESPAWN_TIMER_COMPONENT_DEBUG,DEBUG_NEARBY_CONTEXT_DISPLAY,DEBUG_CONFIGURABLE_DIALOGS,DISABLE_WEAPON_SWITCHING,SCRIPTED_AIM_MODIFIER_DEBUG"; CRC32: 69377d6d
15:24:39.179     SCRIPT    (W): Catalog Entry: '{DEBB01A41488DFF8}Prefabs/Weapons/Attachments/Muzzle/RHS_6P20_0_20.et' could not create UIinfo for inventory item. Non was found for weapon nor Inventory item data
15:24:39.180     SCRIPT    (W): Catalog Entry: '{BAC59BF0DF432D43}Prefabs/Weapons/Attachments/Muzzle/RHS_PGS64.et' could not create UIinfo for inventory item. Non was found for weapon nor Inventory item data
15:24:39.338     SCRIPT    (W): Catalog Entry: '{DEBB01A41488DFF8}Prefabs/Weapons/Attachments/Muzzle/RHS_6P20_0_20.et' could not create UIinfo for inventory item. Non was found for weapon nor Inventory item data
15:24:39.339     SCRIPT    (W): Catalog Entry: '{BAC59BF0DF432D43}Prefabs/Weapons/Attachments/Muzzle/RHS_PGS64.et' could not create UIinfo for inventory item. Non was found for weapon nor Inventory item data
15:24:40.650      SCRIPT    (W): SCR_MapEntity: Cannot get the size from terrain. Using default.
15:24:47.301    SCRIPT    (W): There is not enough of SCR_CatalogSpawnerUserAction attached to actionManager. Some assets won't appear.
15:24:47.720    SCRIPT    (W): There is not enough of SCR_CatalogSpawnerUserAction attached to actionManager. Some assets won't appear.
15:24:47.767    SCRIPT    (W): There is not enough of SCR_CatalogSpawnerUserAction attached to actionManager. Some assets won't appear.
15:24:47.905    SCRIPT    (W): There is not enough of SCR_CatalogSpawnerUserAction attached to actionManager. Some assets won't appear.
15:24:48.341    SCRIPT    (W): There is not enough of SCR_CatalogSpawnerUserAction attached to actionManager. Some assets won't appear.
15:24:48.415    SCRIPT    (W): There is not enough of SCR_CatalogSpawnerUserAction attached to actionManager. Some assets won't appear.
15:24:48.862    SCRIPT    (W): There is not enough of SCR_CatalogSpawnerUserAction attached to actionManager. Some assets won't appear.
15:24:50.322 SCRIPT    (E): 'SCR_BaseSupportStationComponent' 'EOnInit': 'SCR_DestructibleBuildingEntity<0x00007F74D4D17D20> @"ENTITY:272896" ('SCR_DestructibleBuildingEntity','Assets/Structures/Comme' Support Station is set to use supplies  but it has no SCR_ResourceComponent
15:24:50.323 SCRIPT    (E): 'SCR_BaseSupportStationComponent' 'EOnInit': 'SCR_DestructibleBuildingEntity<0x00007F74C0233228> @"ENTITY:463500" ('SCR_DestructibleBuildingEntity','Assets/Structures/Comme' Support Station is set to use supplies  but it has no SCR_ResourceComponent
15:24:50.323 SCRIPT    (E): 'SCR_BaseSupportStationComponent' 'EOnInit': 'SCR_DestructibleBuildingEntity<0x00007F74C0233360> @"ENTITY:463506" ('SCR_DestructibleBuildingEntity','Assets/Structures/Comme' Support Station is set to use supplies  but it has no SCR_ResourceComponent
15:24:50.324 SCRIPT    (E): 'SCR_BaseSupportStationComponent' 'EOnInit': 'SCR_DestructibleBuildingEntity<0x00007F74A8AB0648> @"ENTITY:858977" ('SCR_DestructibleBuildingEntity','Assets/Structures/Comme' Support Station is set to use supplies  but it has no SCR_ResourceComponent
15:24:50.324 SCRIPT    (E): 'SCR_BaseSupportStationComponent' 'EOnInit': 'SCR_DestructibleBuildingEntity<0x00007F74A8AB0780> @"ENTITY:858982" ('SCR_DestructibleBuildingEntity','Assets/Structures/Comme' Support Station is set to use supplies  but it has no SCR_ResourceComponent
15:24:50.325 SCRIPT    (E): 'SCR_BaseSupportStationComponent' 'EOnInit': 'SCR_DestructibleBuildingEntity<0x00007F74A8AB08B8> @"ENTITY:858987" ('SCR_DestructibleBuildingEntity','Assets/Structures/Comme' Support Station is set to use supplies  but it has no SCR_ResourceComponent
15:24:50.325 SCRIPT    (E): 'SCR_BaseSupportStationComponent' 'EOnInit': 'SCR_DestructibleBuildingEntity<0x00007F74A8AB09F0> @"ENTITY:858992" ('SCR_DestructibleBuildingEntity','Assets/Structures/Comme' Support Station is set to use supplies  but it has no SCR_ResourceComponent
15:24:50.325 SCRIPT    (E): 'SCR_BaseSupportStationComponent' 'EOnInit': 'SCR_DestructibleBuildingEntity<0x00007F74A8AB0B28> @"ENTITY:858997" ('SCR_DestructibleBuildingEntity','Assets/Structures/Comme' Support Station is set to use supplies  but it has no SCR_ResourceComponent
15:24:50.326 SCRIPT    (E): 'SCR_BaseSupportStationComponent' 'EOnInit': 'SCR_DestructibleBuildingEntity<0x00007F74A8AB0C60> @"ENTITY:859002" ('SCR_DestructibleBuildingEntity','Assets/Structures/Comme' Support Station is set to use supplies  but it has no SCR_ResourceComponent
15:24:50.326 SCRIPT    (E): 'SCR_BaseSupportStationComponent' 'EOnInit': 'SCR_DestructibleBuildingEntity<0x00007F74A8AB0D98> @"ENTITY:859007" ('SCR_DestructibleBuildingEntity','Assets/Structures/Comme' Support Station is set to use supplies  but it has no SCR_ResourceComponent
15:24:50.326 SCRIPT    (E): 'SCR_BaseSupportStationComponent' 'EOnInit': 'SCR_DestructibleBuildingEntity<0x00007F74A8AB0ED0> @"ENTITY:859012" ('SCR_DestructibleBuildingEntity','Assets/Structures/Comme' Support Station is set to use supplies  but it has no SCR_ResourceComponent
15:24:50.327 SCRIPT    (E): 'SCR_BaseSupportStationComponent' 'EOnInit': 'SCR_DestructibleBuildingEntity<0x00007F74A8AB1008> @"ENTITY:859017" ('SCR_DestructibleBuildingEntity','Assets/Structures/Comme' Support Station is set to use supplies  but it has no SCR_ResourceComponent
15:24:50.327 SCRIPT    (E): 'SCR_BaseSupportStationComponent' 'EOnInit': 'SCR_DestructibleBuildingEntity<0x00007F74A8AB1140> @"ENTITY:859022" ('SCR_DestructibleBuildingEntity','Assets/Structures/Comme' Support Station is set to use supplies  but it has no SCR_ResourceComponent
15:24:50.327 SCRIPT    (E): 'SCR_BaseSupportStationComponent' 'EOnInit': 'SCR_DestructibleBuildingEntity<0x00007F74A8AB1278> @"ENTITY:859027" ('SCR_DestructibleBuildingEntity','Assets/Structures/Comme' Support Station is set to use supplies  but it has no SCR_ResourceComponent
15:24:50.328 SCRIPT    (E): 'SCR_BaseSupportStationComponent' 'EOnInit': 'SCR_DestructibleBuildingEntity<0x00007F74A8AB13B0> @"ENTITY:859032" ('SCR_DestructibleBuildingEntity','Assets/Structures/Comme' Support Station is set to use supplies  but it has no SCR_ResourceComponent
15:24:50.328 SCRIPT    (E): 'SCR_BaseSupportStationComponent' 'EOnInit': 'SCR_DestructibleBuildingEntity<0x00007F74A8AB14E8> @"ENTITY:859037" ('SCR_DestructibleBuildingEntity','Assets/Structures/Comme' Support Station is set to use supplies  but it has no SCR_ResourceComponent
15:24:50.328 SCRIPT    (E): 'SCR_BaseSupportStationComponent' 'EOnInit': 'SCR_DestructibleBuildingEntity<0x00007F74AAFEE5F8> @"ENTITY:908889" ('SCR_DestructibleBuildingEntity','Assets/Structures/Comme' Support Station is set to use supplies  but it has no SCR_ResourceComponent
15:24:50.329 SCRIPT    (E): 'SCR_BaseSupportStationComponent' 'EOnInit': 'SCR_DestructibleBuildingEntity<0x00007F74AAFEE730> @"ENTITY:908895" ('SCR_DestructibleBuildingEntity','Assets/Structures/Comme' Support Station is set to use supplies  but it has no SCR_ResourceComponent
15:24:50.329 SCRIPT    (E): 'SCR_BaseSupportStationComponent' 'EOnInit': 'SCR_DestructibleBuildingEntity<0x00007F74AAFEE868> @"ENTITY:908901" ('SCR_DestructibleBuildingEntity','Assets/Structures/Comme' Support Station is set to use supplies  but it has no SCR_ResourceComponent
15:24:50.508 SCRIPT    (E): 'SCR_BaseSupportStationComponent' 'EOnInit': 'GenericEntity<0x00007F74EC4909C0> @"ENTITY:6917529027641085423" ('GenericEntity','Assets/Props/Military/Fuel/FuelPump_USSR_01/' Support Station is set to use supplies  but it has no SCR_ResourceComponent
15:24:50.516 SCRIPT    (W): 'SCR_SupportStationAreaMeshComponent' (GenericEntity<0x00007F74EC490470> @"ENTITY:6917529027641085405" ('GenericEntity') at <3906.988037 14.413651 8498.759766>) Component must be attached to enity with SCR_BaseSupportStationComponent! BasePrefab should not have a support Station component
15:24:50.552 SCRIPT    (E): 'SCR_BaseSupportStationComponent' 'EOnInit': 'GenericEntity<0x00007F74FB2A19B0> @"ENTITY:6917529027641088194" ('GenericEntity','Assets/Props/Military/Fuel/FuelPump_USSR_01/' Support Station is set to use supplies  but it has no SCR_ResourceComponent
15:24:50.575 SCRIPT    (W): 'SCR_SupportStationAreaMeshComponent' (GenericEntity<0x00007F74FA4AC140> @"ENTITY:6917529027641089503" ('GenericEntity') at <5748.053711 8.592275 9628.955078>) Component must be attached to enity with SCR_BaseSupportStationComponent! BasePrefab should not have a support Station component
15:24:50.613 SCRIPT    (E): 'SCR_BaseSupportStationComponent' 'EOnInit': 'GenericEntity<0x00007F74F65D7440> @"ENTITY:6917529027641094036" ('GenericEntity','Assets/Props/Military/Fuel/FuelPump_USSR_01/' Support Station is set to use supplies  but it has no SCR_ResourceComponent
15:24:50.638 SCRIPT    (E): 'SCR_BaseSupportStationComponent' 'EOnInit': 'GenericEntity<0x00007F74F65299B0> @"ENTITY:6917529027641094492" ('GenericEntity','Assets/Props/Military/Fuel/FuelPump_USSR_01/' Support Station is set to use supplies  but it has no SCR_ResourceComponent
15:24:50.687 SCRIPT    (E): 'SCR_BaseSupportStationComponent' 'EOnInit': 'GenericEntity<0x00007F753B23C470> @"ENTITY:6917529027641097874" ('GenericEntity','Assets/Props/Military/Fuel/FuelPump_USSR_01/' Support Station is set to use supplies  but it has no SCR_ResourceComponent
15:24:50.799   SCRIPT       : SCR_BaseGameMode::OnGameStateChanged = GAME
15:26:54.890 SCRIPT       : SCR_LatestSaveDSSessionCallback: LocalSave: .LatestSave
15:28:54.899 SCRIPT       : SCR_LatestSaveDSSessionCallback: LocalSave: .LatestSave
15:30:54.915 SCRIPT       : SCR_LatestSaveDSSessionCallback: LocalSave: .LatestSave
15:32:54.953 SCRIPT       : SCR_LatestSaveDSSessionCallback: LocalSave: .LatestSave
15:34:54.958 SCRIPT       : SCR_LatestSaveDSSessionCallback: LocalSave: .LatestSave
15:36:54.965 SCRIPT       : SCR_LatestSaveDSSessionCallback: LocalSave: .LatestSave
15:38:54.999 SCRIPT       : SCR_LatestSaveDSSessionCallback: LocalSave: .LatestSave
15:40:55.006 SCRIPT       : SCR_LatestSaveDSSessionCallback: LocalSave: .LatestSave
15:42:55.053 SCRIPT       : SCR_LatestSaveDSSessionCallback: LocalSave: .LatestSave
15:44:55.088 SCRIPT       : SCR_LatestSaveDSSessionCallback: LocalSave: .LatestSave
15:46:55.093 SCRIPT       : SCR_LatestSaveDSSessionCallback: LocalSave: .LatestSave
15:48:55.126 SCRIPT       : SCR_LatestSaveDSSessionCallback: LocalSave: .LatestSave
15:50:55.129 SCRIPT       : SCR_LatestSaveDSSessionCallback: LocalSave: .LatestSave
15:52:55.146 SCRIPT       : SCR_LatestSaveDSSessionCallback: LocalSave: .LatestSave
15:54:55.156 SCRIPT       : SCR_LatestSaveDSSessionCallback: LocalSave: .LatestSave
15:56:55.186 SCRIPT       : SCR_LatestSaveDSSessionCallback: LocalSave: .LatestSave
15:58:55.199 SCRIPT       : SCR_LatestSaveDSSessionCallback: LocalSave: .LatestSave
16:00:55.221 SCRIPT       : SCR_LatestSaveDSSessionCallback: LocalSave: .LatestSave
16:02:55.239 SCRIPT       : SCR_LatestSaveDSSessionCallback: LocalSave: .LatestSave
16:04:55.245 SCRIPT       : SCR_LatestSaveDSSessionCallback: LocalSave: .LatestSave
16:06:55.273 SCRIPT       : SCR_LatestSaveDSSessionCallback: LocalSave: .LatestSave
16:08:55.306 SCRIPT       : SCR_LatestSaveDSSessionCallback: LocalSave: .LatestSave
16:10:55.321 SCRIPT       : SCR_LatestSaveDSSessionCallback: LocalSave: .LatestSave
16:12:55.338 SCRIPT       : SCR_LatestSaveDSSessionCallback: LocalSave: .LatestSave
16:14:55.367 SCRIPT       : SCR_LatestSaveDSSessionCallback: LocalSave: .LatestSave
16:16:55.369 SCRIPT       : SCR_LatestSaveDSSessionCallback: LocalSave: .LatestSave
16:18:55.390 SCRIPT       : SCR_LatestSaveDSSessionCallback: LocalSave: .LatestSave
16:20:55.391 SCRIPT       : SCR_LatestSaveDSSessionCallback: LocalSave: .LatestSave
16:22:55.407 SCRIPT       : SCR_LatestSaveDSSessionCallback: LocalSave: .LatestSave
16:24:55.413 SCRIPT       : SCR_LatestSaveDSSessionCallback: LocalSave: .LatestSave
16:26:55.427 SCRIPT       : SCR_LatestSaveDSSessionCallback: LocalSave: .LatestSave
16:28:55.437 SCRIPT       : SCR_LatestSaveDSSessionCallback: LocalSave: .LatestSave
16:30:55.459 SCRIPT       : SCR_LatestSaveDSSessionCallback: LocalSave: .LatestSave
16:32:55.461 SCRIPT       : SCR_LatestSaveDSSessionCallback: LocalSave: .LatestSave
16:34:55.473 SCRIPT       : SCR_LatestSaveDSSessionCallback: LocalSave: .LatestSave
16:36:55.520 SCRIPT       : SCR_LatestSaveDSSessionCallback: LocalSave: .LatestSave
16:38:55.541 SCRIPT       : SCR_LatestSaveDSSessionCallback: LocalSave: .LatestSave
16:40:55.552 SCRIPT       : SCR_LatestSaveDSSessionCallback: LocalSave: .LatestSave
16:42:55.557 SCRIPT       : SCR_LatestSaveDSSessionCallback: LocalSave: .LatestSave
16:44:55.561 SCRIPT       : SCR_LatestSaveDSSessionCallback: LocalSave: .LatestSave
16:46:55.584 SCRIPT       : SCR_LatestSaveDSSessionCallback: LocalSave: .LatestSave
16:48:55.595 SCRIPT       : SCR_LatestSaveDSSessionCallback: LocalSave: .LatestSave
16:50:55.608 SCRIPT       : SCR_LatestSaveDSSessionCallback: LocalSave: .LatestSave
16:52:55.649 SCRIPT       : SCR_LatestSaveDSSessionCallback: LocalSave: .LatestSave
16:54:55.658 SCRIPT       : SCR_LatestSaveDSSessionCallback: LocalSave: .LatestSave
16:56:55.681 SCRIPT       : SCR_LatestSaveDSSessionCallback: LocalSave: .LatestSave
16:58:55.699 SCRIPT       : SCR_LatestSaveDSSessionCallback: LocalSave: .LatestSave
17:00:55.714 SCRIPT       : SCR_LatestSaveDSSessionCallback: LocalSave: .LatestSave
17:02:55.723 SCRIPT       : SCR_LatestSaveDSSessionCallback: LocalSave: .LatestSave
17:04:55.738 SCRIPT       : SCR_LatestSaveDSSessionCallback: LocalSave: .LatestSave
17:06:55.754 SCRIPT       : SCR_LatestSaveDSSessionCallback: LocalSave: .LatestSave
17:08:55.758 SCRIPT       : SCR_LatestSaveDSSessionCallback: LocalSave: .LatestSave
17:10:55.771 SCRIPT       : SCR_LatestSaveDSSessionCallback: LocalSave: .LatestSave
17:12:55.793 SCRIPT       : SCR_LatestSaveDSSessionCallback: LocalSave: .LatestSave
17:14:55.802 SCRIPT       : SCR_LatestSaveDSSessionCallback: LocalSave: .LatestSave
17:16:55.812 SCRIPT       : SCR_LatestSaveDSSessionCallback: LocalSave: .LatestSave
17:18:55.823 SCRIPT       : SCR_LatestSaveDSSessionCallback: LocalSave: .LatestSave
17:20:55.852 SCRIPT       : SCR_LatestSaveDSSessionCallback: LocalSave: .LatestSave
17:22:55.860 SCRIPT       : SCR_LatestSaveDSSessionCallback: LocalSave: .LatestSave
17:24:55.878 SCRIPT       : SCR_LatestSaveDSSessionCallback: LocalSave: .LatestSave
17:26:55.888 SCRIPT       : SCR_LatestSaveDSSessionCallback: LocalSave: .LatestSave
17:28:55.898 SCRIPT       : SCR_LatestSaveDSSessionCallback: LocalSave: .LatestSave
17:30:55.927 SCRIPT       : SCR_LatestSaveDSSessionCallback: LocalSave: .LatestSave
17:32:55.934 SCRIPT       : SCR_LatestSaveDSSessionCallback: LocalSave: .LatestSave
17:34:55.953 SCRIPT       : SCR_LatestSaveDSSessionCallback: LocalSave: .LatestSave
17:36:55.959 SCRIPT       : SCR_LatestSaveDSSessionCallback: LocalSave: .LatestSave
17:38:55.977 SCRIPT       : SCR_LatestSaveDSSessionCallback: LocalSave: .LatestSave
17:40:55.988 SCRIPT       : SCR_LatestSaveDSSessionCallback: LocalSave: .LatestSave
17:42:56.011 SCRIPT       : SCR_LatestSaveDSSessionCallback: LocalSave: .LatestSave
17:44:56.030 SCRIPT       : SCR_LatestSaveDSSessionCallback: LocalSave: .LatestSave
17:46:56.043 SCRIPT       : SCR_LatestSaveDSSessionCallback: LocalSave: .LatestSave
17:48:56.046 SCRIPT       : SCR_LatestSaveDSSessionCallback: LocalSave: .LatestSave
17:50:56.053 SCRIPT       : SCR_LatestSaveDSSessionCallback: LocalSave: .LatestSave
17:52:56.076 SCRIPT       : SCR_LatestSaveDSSessionCallback: LocalSave: .LatestSave
17:54:56.088 SCRIPT       : SCR_LatestSaveDSSessionCallback: LocalSave: .LatestSave
17:56:56.090 SCRIPT       : SCR_LatestSaveDSSessionCallback: LocalSave: .LatestSave
17:58:56.106 SCRIPT       : SCR_LatestSaveDSSessionCallback: LocalSave: .LatestSave
18:00:56.118 SCRIPT       : SCR_LatestSaveDSSessionCallback: LocalSave: .LatestSave
18:02:56.152 SCRIPT       : SCR_LatestSaveDSSessionCallback: LocalSave: .LatestSave
18:04:56.157 SCRIPT       : SCR_LatestSaveDSSessionCallback: LocalSave: .LatestSave
18:06:56.200 SCRIPT       : SCR_LatestSaveDSSessionCallback: LocalSave: .LatestSave
18:08:56.210 SCRIPT       : SCR_LatestSaveDSSessionCallback: LocalSave: .LatestSave
18:10:56.215 SCRIPT       : SCR_LatestSaveDSSessionCallback: LocalSave: .LatestSave
18:12:56.229 SCRIPT       : SCR_LatestSaveDSSessionCallback: LocalSave: .LatestSave
18:14:56.265 SCRIPT       : SCR_LatestSaveDSSessionCallback: LocalSave: .LatestSave
18:16:56.303 SCRIPT       : SCR_LatestSaveDSSessionCallback: LocalSave: .LatestSave
18:18:56.342 SCRIPT       : SCR_LatestSaveDSSessionCallback: LocalSave: .LatestSave
18:20:56.359 SCRIPT       : SCR_LatestSaveDSSessionCallback: LocalSave: .LatestSave
18:22:56.367 SCRIPT       : SCR_LatestSaveDSSessionCallback: LocalSave: .LatestSave
18:24:56.377 SCRIPT       : SCR_LatestSaveDSSessionCallback: LocalSave: .LatestSave
18:26:56.398 SCRIPT       : SCR_LatestSaveDSSessionCallback: LocalSave: .LatestSave
18:28:56.410 SCRIPT       : SCR_LatestSaveDSSessionCallback: LocalSave: .LatestSave
18:30:56.433 SCRIPT       : SCR_LatestSaveDSSessionCallback: LocalSave: .LatestSave
18:32:56.450 SCRIPT       : SCR_LatestSaveDSSessionCallback: LocalSave: .LatestSave
18:34:56.463 SCRIPT       : SCR_LatestSaveDSSessionCallback: LocalSave: .LatestSave
18:36:56.467 SCRIPT       : SCR_LatestSaveDSSessionCallback: LocalSave: .LatestSave
18:38:56.517 SCRIPT       : SCR_LatestSaveDSSessionCallback: LocalSave: .LatestSave
18:40:56.533 SCRIPT       : SCR_LatestSaveDSSessionCallback: LocalSave: .LatestSave
18:42:56.545 SCRIPT       : SCR_LatestSaveDSSessionCallback: LocalSave: .LatestSave
18:44:56.556 SCRIPT       : SCR_LatestSaveDSSessionCallback: LocalSave: .LatestSave
18:46:56.557 SCRIPT       : SCR_LatestSaveDSSessionCallback: LocalSave: .LatestSave
18:48:56.580 SCRIPT       : SCR_LatestSaveDSSessionCallback: LocalSave: .LatestSave
18:50:56.585 SCRIPT       : SCR_LatestSaveDSSessionCallback: LocalSave: .LatestSave
18:52:56.593 SCRIPT       : SCR_LatestSaveDSSessionCallback: LocalSave: .LatestSave
18:54:56.620 SCRIPT       : SCR_LatestSaveDSSessionCallback: LocalSave: .LatestSave
18:56:56.646 SCRIPT       : SCR_LatestSaveDSSessionCallback: LocalSave: .LatestSave
18:58:56.647 SCRIPT       : SCR_LatestSaveDSSessionCallback: LocalSave: .LatestSave
19:00:56.660 SCRIPT       : SCR_LatestSaveDSSessionCallback: LocalSave: .LatestSave
19:02:56.678 SCRIPT       : SCR_LatestSaveDSSessionCallback: LocalSave: .LatestSave
19:04:56.682 SCRIPT       : SCR_LatestSaveDSSessionCallback: LocalSave: .LatestSave
19:06:56.725 SCRIPT       : SCR_LatestSaveDSSessionCallback: LocalSave: .LatestSave
19:08:56.747 SCRIPT       : SCR_LatestSaveDSSessionCallback: LocalSave: .LatestSave
19:10:56.755 SCRIPT       : SCR_LatestSaveDSSessionCallback: LocalSave: .LatestSave
19:12:56.773 SCRIPT       : SCR_LatestSaveDSSessionCallback: LocalSave: .LatestSave
19:14:56.780 SCRIPT       : SCR_LatestSaveDSSessionCallback: LocalSave: .LatestSave
19:16:56.791 SCRIPT       : SCR_LatestSaveDSSessionCallback: LocalSave: .LatestSave
19:18:56.804 SCRIPT       : SCR_LatestSaveDSSessionCallback: LocalSave: .LatestSave
19:20:56.809 SCRIPT       : SCR_LatestSaveDSSessionCallback: LocalSave: .LatestSave
19:22:56.824 SCRIPT       : SCR_LatestSaveDSSessionCallback: LocalSave: .LatestSave
19:24:56.837 SCRIPT       : SCR_LatestSaveDSSessionCallback: LocalSave: .LatestSave
19:26:56.886 SCRIPT       : SCR_LatestSaveDSSessionCallback: LocalSave: .LatestSave
19:28:56.919 SCRIPT       : SCR_LatestSaveDSSessionCallback: LocalSave: .LatestSave
19:30:56.929 SCRIPT       : SCR_LatestSaveDSSessionCallback: LocalSave: .LatestSave
19:32:56.962 SCRIPT       : SCR_LatestSaveDSSessionCallback: LocalSave: .LatestSave
19:34:56.992 SCRIPT       : SCR_LatestSaveDSSessionCallback: LocalSave: .LatestSave
19:36:57.052 SCRIPT       : SCR_LatestSaveDSSessionCallback: LocalSave: .LatestSave
19:38:57.128 SCRIPT       : SCR_LatestSaveDSSessionCallback: LocalSave: .LatestSave
19:40:57.132 SCRIPT       : SCR_LatestSaveDSSessionCallback: LocalSave: .LatestSave
19:42:57.148 SCRIPT       : SCR_LatestSaveDSSessionCallback: LocalSave: .LatestSave
19:44:57.162 SCRIPT       : SCR_LatestSaveDSSessionCallback: LocalSave: .LatestSave
19:46:57.183 SCRIPT       : SCR_LatestSaveDSSessionCallback: LocalSave: .LatestSave
19:48:57.205 SCRIPT       : SCR_LatestSaveDSSessionCallback: LocalSave: .LatestSave
19:50:57.226 SCRIPT       : SCR_LatestSaveDSSessionCallback: LocalSave: .LatestSave
19:52:57.240 SCRIPT       : SCR_LatestSaveDSSessionCallback: LocalSave: .LatestSave
19:54:57.252 SCRIPT       : SCR_LatestSaveDSSessionCallback: LocalSave: .LatestSave
19:56:57.261 SCRIPT       : SCR_LatestSaveDSSessionCallback: LocalSave: .LatestSave
19:58:57.275 SCRIPT       : SCR_LatestSaveDSSessionCallback: LocalSave: .LatestSave
20:00:57.287 SCRIPT       : SCR_LatestSaveDSSessionCallback: LocalSave: .LatestSave
20:02:57.303 SCRIPT       : SCR_LatestSaveDSSessionCallback: LocalSave: .LatestSave
20:04:57.442 SCRIPT       : SCR_LatestSaveDSSessionCallback: LocalSave: .LatestSave
20:06:58.124 SCRIPT       : SCR_LatestSaveDSSessionCallback: LocalSave: .LatestSave
20:08:58.965 SCRIPT       : SCR_LatestSaveDSSessionCallback: LocalSave: .LatestSave
20:10:59.231 SCRIPT       : SCR_LatestSaveDSSessionCallback: LocalSave: .LatestSave
20:12:59.780 SCRIPT       : SCR_LatestSaveDSSessionCallback: LocalSave: .LatestSave
20:15:00.155 SCRIPT       : SCR_LatestSaveDSSessionCallback: LocalSave: .LatestSave
20:17:00.920 SCRIPT       : SCR_LatestSaveDSSessionCallback: LocalSave: .LatestSave
20:19:01.608 SCRIPT       : SCR_LatestSaveDSSessionCallback: LocalSave: .LatestSave
20:21:02.126 SCRIPT       : SCR_LatestSaveDSSessionCallback: LocalSave: .LatestSave
20:23:02.628 SCRIPT       : SCR_LatestSaveDSSessionCallback: LocalSave: .LatestSave
20:25:03.246 SCRIPT       : SCR_LatestSaveDSSessionCallback: LocalSave: .LatestSave
20:27:03.923 SCRIPT       : SCR_LatestSaveDSSessionCallback: LocalSave: .LatestSave
20:29:04.442 SCRIPT       : SCR_LatestSaveDSSessionCallback: LocalSave: .LatestSave
20:31:05.083 SCRIPT       : SCR_LatestSaveDSSessionCallback: LocalSave: .LatestSave
20:33:05.699 SCRIPT       : SCR_LatestSaveDSSessionCallback: LocalSave: .LatestSave
20:35:06.172 SCRIPT       : SCR_LatestSaveDSSessionCallback: LocalSave: .LatestSave
20:37:06.551 SCRIPT       : SCR_LatestSaveDSSessionCallback: LocalSave: .LatestSave
20:39:07.282 SCRIPT       : SCR_LatestSaveDSSessionCallback: LocalSave: .LatestSave
20:41:08.058 SCRIPT       : SCR_LatestSaveDSSessionCallback: LocalSave: .LatestSave
20:43:08.298 SCRIPT       : SCR_LatestSaveDSSessionCallback: LocalSave: .LatestSave
20:45:08.850 SCRIPT       : SCR_LatestSaveDSSessionCallback: LocalSave: .LatestSave
20:47:09.687 SCRIPT       : SCR_LatestSaveDSSessionCallback: LocalSave: .LatestSave
20:49:10.104 SCRIPT       : SCR_LatestSaveDSSessionCallback: LocalSave: .LatestSave
20:51:10.681 SCRIPT       : SCR_LatestSaveDSSessionCallback: LocalSave: .LatestSave
20:53:11.387 SCRIPT       : SCR_LatestSaveDSSessionCallback: LocalSave: .LatestSave
20:55:12.089 SCRIPT       : SCR_LatestSaveDSSessionCallback: LocalSave: .LatestSave
20:57:12.837 SCRIPT       : SCR_LatestSaveDSSessionCallback: LocalSave: .LatestSave
20:59:13.665 SCRIPT       : SCR_LatestSaveDSSessionCallback: LocalSave: .LatestSave
21:01:14.125 SCRIPT       : SCR_LatestSaveDSSessionCallback: LocalSave: .LatestSave
21:03:14.537 SCRIPT       : SCR_LatestSaveDSSessionCallback: LocalSave: .LatestSave
21:05:15.236 SCRIPT       : SCR_LatestSaveDSSessionCallback: LocalSave: .LatestSave
21:07:15.913 SCRIPT       : SCR_LatestSaveDSSessionCallback: LocalSave: .LatestSave
21:09:16.774 SCRIPT       : SCR_LatestSaveDSSessionCallback: LocalSave: .LatestSave
21:11:17.370 SCRIPT       : SCR_LatestSaveDSSessionCallback: LocalSave: .LatestSave
21:13:18.012 SCRIPT       : SCR_LatestSaveDSSessionCallback: LocalSave: .LatestSave
21:15:18.281 SCRIPT       : SCR_LatestSaveDSSessionCallback: LocalSave: .LatestSave
21:17:18.967 SCRIPT       : SCR_LatestSaveDSSessionCallback: LocalSave: .LatestSave
21:19:19.502 SCRIPT       : SCR_LatestSaveDSSessionCallback: LocalSave: .LatestSave
21:21:20.053 SCRIPT       : SCR_LatestSaveDSSessionCallback: LocalSave: .LatestSave
21:23:20.629 SCRIPT       : SCR_LatestSaveDSSessionCallback: LocalSave: .LatestSave
21:25:21.399 SCRIPT       : SCR_LatestSaveDSSessionCallback: LocalSave: .LatestSave
21:27:22.185 SCRIPT       : SCR_LatestSaveDSSessionCallback: LocalSave: .LatestSave
21:29:22.534 SCRIPT       : SCR_LatestSaveDSSessionCallback: LocalSave: .LatestSave
21:31:23.160 SCRIPT       : SCR_LatestSaveDSSessionCallback: LocalSave: .LatestSave
21:33:23.844 SCRIPT       : SCR_LatestSaveDSSessionCallback: LocalSave: .LatestSave
21:35:23.985 SCRIPT       : SCR_LatestSaveDSSessionCallback: LocalSave: .LatestSave
21:37:24.491 SCRIPT       : SCR_LatestSaveDSSessionCallback: LocalSave: .LatestSave
21:39:24.888 SCRIPT       : SCR_LatestSaveDSSessionCallback: LocalSave: .LatestSave
21:41:25.353 SCRIPT       : SCR_LatestSaveDSSessionCallback: LocalSave: .LatestSave
21:43:25.770 SCRIPT       : SCR_LatestSaveDSSessionCallback: LocalSave: .LatestSave
21:45:26.582 SCRIPT       : SCR_LatestSaveDSSessionCallback: LocalSave: .LatestSave
21:47:27.338 SCRIPT       : SCR_LatestSaveDSSessionCallback: LocalSave: .LatestSave
21:49:27.670 SCRIPT       : SCR_LatestSaveDSSessionCallback: LocalSave: .LatestSave
21:51:28.660 SCRIPT       : SCR_LatestSaveDSSessionCallback: LocalSave: .LatestSave
21:53:29.645 SCRIPT       : SCR_LatestSaveDSSessionCallback: LocalSave: .LatestSave
21:55:30.453 SCRIPT       : SCR_LatestSaveDSSessionCallback: LocalSave: .LatestSave
21:57:31.620 SCRIPT       : SCR_LatestSaveDSSessionCallback: LocalSave: .LatestSave
21:59:32.558 SCRIPT       : SCR_LatestSaveDSSessionCallback: LocalSave: .LatestSave
22:01:33.454 SCRIPT       : SCR_LatestSaveDSSessionCallback: LocalSave: .LatestSave
22:03:34.465 SCRIPT       : SCR_LatestSaveDSSessionCallback: LocalSave: .LatestSave
22:05:35.312 SCRIPT       : SCR_LatestSaveDSSessionCallback: LocalSave: .LatestSave
22:07:36.166 SCRIPT       : SCR_LatestSaveDSSessionCallback: LocalSave: .LatestSave
22:09:37.514 SCRIPT       : SCR_LatestSaveDSSessionCallback: LocalSave: .LatestSave
22:11:38.828 SCRIPT       : SCR_LatestSaveDSSessionCallback: LocalSave: .LatestSave
22:13:40.096 SCRIPT       : SCR_LatestSaveDSSessionCallback: LocalSave: .LatestSave
22:15:41.001 SCRIPT       : SCR_LatestSaveDSSessionCallback: LocalSave: .LatestSave
22:17:42.221 SCRIPT       : SCR_LatestSaveDSSessionCallback: LocalSave: .LatestSave
22:19:43.665 SCRIPT       : SCR_LatestSaveDSSessionCallback: LocalSave: .LatestSave
22:21:44.788 SCRIPT       : SCR_LatestSaveDSSessionCallback: LocalSave: .LatestSave
22:23:45.987 SCRIPT       : SCR_LatestSaveDSSessionCallback: LocalSave: .LatestSave
22:25:46.882 SCRIPT       : SCR_LatestSaveDSSessionCallback: LocalSave: .LatestSave
22:27:47.652 SCRIPT       : SCR_LatestSaveDSSessionCallback: LocalSave: .LatestSave
22:29:48.729 SCRIPT       : SCR_LatestSaveDSSessionCallback: LocalSave: .LatestSave
22:31:49.816 SCRIPT       : SCR_LatestSaveDSSessionCallback: LocalSave: .LatestSave
22:33:50.851 SCRIPT       : SCR_LatestSaveDSSessionCallback: LocalSave: .LatestSave
22:35:52.047 SCRIPT       : SCR_LatestSaveDSSessionCallback: LocalSave: .LatestSave
22:37:53.486 SCRIPT       : SCR_LatestSaveDSSessionCallback: LocalSave: .LatestSave
22:39:54.519 SCRIPT       : SCR_LatestSaveDSSessionCallback: LocalSave: .LatestSave
22:41:55.760 SCRIPT       : SCR_LatestSaveDSSessionCallback: LocalSave: .LatestSave
22:43:57.097 SCRIPT       : SCR_LatestSaveDSSessionCallback: LocalSave: .LatestSave
22:45:58.334 SCRIPT       : SCR_LatestSaveDSSessionCallback: LocalSave: .LatestSave
22:47:59.454 SCRIPT       : SCR_LatestSaveDSSessionCallback: LocalSave: .LatestSave
22:50:00.472 SCRIPT       : SCR_LatestSaveDSSessionCallback: LocalSave: .LatestSave
22:52:01.326 SCRIPT       : SCR_LatestSaveDSSessionCallback: LocalSave: .LatestSave
22:54:02.383 SCRIPT       : SCR_LatestSaveDSSessionCallback: LocalSave: .LatestSave
22:56:03.316 SCRIPT       : SCR_LatestSaveDSSessionCallback: LocalSave: .LatestSave
22:58:04.345 SCRIPT       : SCR_LatestSaveDSSessionCallback: LocalSave: .LatestSave
23:00:05.714 SCRIPT       : SCR_LatestSaveDSSessionCallback: LocalSave: .LatestSave
23:02:06.766 SCRIPT       : SCR_LatestSaveDSSessionCallback: LocalSave: .LatestSave
23:04:07.749 SCRIPT       : SCR_LatestSaveDSSessionCallback: LocalSave: .LatestSave
23:06:09.041 SCRIPT       : SCR_LatestSaveDSSessionCallback: LocalSave: .LatestSave
23:08:09.995 SCRIPT       : SCR_LatestSaveDSSessionCallback: LocalSave: .LatestSave
23:10:10.988 SCRIPT       : SCR_LatestSaveDSSessionCallback: LocalSave: .LatestSave
23:12:12.363 SCRIPT       : SCR_LatestSaveDSSessionCallback: LocalSave: .LatestSave
23:14:13.383 SCRIPT       : SCR_LatestSaveDSSessionCallback: LocalSave: .LatestSave
23:16:14.531 SCRIPT       : SCR_LatestSaveDSSessionCallback: LocalSave: .LatestSave
23:18:15.788 SCRIPT       : SCR_LatestSaveDSSessionCallback: LocalSave: .LatestSave
23:20:17.017 SCRIPT       : SCR_LatestSaveDSSessionCallback: LocalSave: .LatestSave
23:22:18.075 SCRIPT       : SCR_LatestSaveDSSessionCallback: LocalSave: .LatestSave
23:24:19.113 SCRIPT       : SCR_LatestSaveDSSessionCallback: LocalSave: .LatestSave
23:26:20.093 SCRIPT       : SCR_LatestSaveDSSessionCallback: LocalSave: .LatestSave
23:28:21.546 SCRIPT       : SCR_LatestSaveDSSessionCallback: LocalSave: .LatestSave
23:30:22.656 SCRIPT       : SCR_LatestSaveDSSessionCallback: LocalSave: .LatestSave
23:32:24.091 SCRIPT       : SCR_LatestSaveDSSessionCallback: LocalSave: .LatestSave
23:34:25.433 SCRIPT       : SCR_LatestSaveDSSessionCallback: LocalSave: .LatestSave
23:36:26.131 SCRIPT       : SCR_LatestSaveDSSessionCallback: LocalSave: .LatestSave
23:38:27.655 SCRIPT       : SCR_LatestSaveDSSessionCallback: LocalSave: .LatestSave
23:40:28.715 SCRIPT       : SCR_LatestSaveDSSessionCallback: LocalSave: .LatestSave
23:42:30.152 SCRIPT       : SCR_LatestSaveDSSessionCallback: LocalSave: .LatestSave
23:44:31.241 SCRIPT       : SCR_LatestSaveDSSessionCallback: LocalSave: .LatestSave
23:46:32.108 SCRIPT       : SCR_LatestSaveDSSessionCallback: LocalSave: .LatestSave
23:48:33.370 SCRIPT       : SCR_LatestSaveDSSessionCallback: LocalSave: .LatestSave
23:50:34.204 SCRIPT       : SCR_LatestSaveDSSessionCallback: LocalSave: .LatestSave
23:52:35.566 SCRIPT       : SCR_LatestSaveDSSessionCallback: LocalSave: .LatestSave
23:54:36.253 SCRIPT       : SCR_LatestSaveDSSessionCallback: LocalSave: .LatestSave
23:56:37.050 SCRIPT       : SCR_LatestSaveDSSessionCallback: LocalSave: .LatestSave
23:58:38.213 SCRIPT       : SCR_LatestSaveDSSessionCallback: LocalSave: .LatestSave
00:00:39.204 SCRIPT       : SCR_LatestSaveDSSessionCallback: LocalSave: .LatestSave
00:02:40.186 SCRIPT       : SCR_LatestSaveDSSessionCallback: LocalSave: .LatestSave
00:04:41.168 SCRIPT       : SCR_LatestSaveDSSessionCallback: LocalSave: .LatestSave
00:06:42.354 SCRIPT       : SCR_LatestSaveDSSessionCallback: LocalSave: .LatestSave
00:08:43.527 SCRIPT       : SCR_LatestSaveDSSessionCallback: LocalSave: .LatestSave
00:10:44.870 SCRIPT       : SCR_LatestSaveDSSessionCallback: LocalSave: .LatestSave
00:12:45.946 SCRIPT       : SCR_LatestSaveDSSessionCallback: LocalSave: .LatestSave
00:14:47.139 SCRIPT       : SCR_LatestSaveDSSessionCallback: LocalSave: .LatestSave
00:16:48.284 SCRIPT       : SCR_LatestSaveDSSessionCallback: LocalSave: .LatestSave
00:18:49.116 SCRIPT       : SCR_LatestSaveDSSessionCallback: LocalSave: .LatestSave
00:20:50.062 SCRIPT       : SCR_LatestSaveDSSessionCallback: LocalSave: .LatestSave
00:22:51.125 SCRIPT       : SCR_LatestSaveDSSessionCallback: LocalSave: .LatestSave
00:24:52.367 SCRIPT       : SCR_LatestSaveDSSessionCallback: LocalSave: .LatestSave
00:26:53.110 SCRIPT       : SCR_LatestSaveDSSessionCallback: LocalSave: .LatestSave
00:28:54.476 SCRIPT       : SCR_LatestSaveDSSessionCallback: LocalSave: .LatestSave
00:30:55.536 SCRIPT       : SCR_LatestSaveDSSessionCallback: LocalSave: .LatestSave
00:32:56.680 SCRIPT       : SCR_LatestSaveDSSessionCallback: LocalSave: .LatestSave
00:34:57.711 SCRIPT       : SCR_LatestSaveDSSessionCallback: LocalSave: .LatestSave
00:36:58.769 SCRIPT       : SCR_LatestSaveDSSessionCallback: LocalSave: .LatestSave
00:38:59.536 SCRIPT       : SCR_LatestSaveDSSessionCallback: LocalSave: .LatestSave
00:41:00.675 SCRIPT       : SCR_LatestSaveDSSessionCallback: LocalSave: .LatestSave
00:43:02.066 SCRIPT       : SCR_LatestSaveDSSessionCallback: LocalSave: .LatestSave
00:45:03.188 SCRIPT       : SCR_LatestSaveDSSessionCallback: LocalSave: .LatestSave
00:47:04.810 SCRIPT       : SCR_LatestSaveDSSessionCallback: LocalSave: .LatestSave
00:49:09.108 SCRIPT       : SCR_LatestSaveDSSessionCallback: LocalSave: .LatestSave
00:51:13.225 SCRIPT       : SCR_LatestSaveDSSessionCallback: LocalSave: .LatestSave
00:53:16.609 SCRIPT       : SCR_LatestSaveDSSessionCallback: LocalSave: .LatestSave
00:55:20.636 SCRIPT       : SCR_LatestSaveDSSessionCallback: LocalSave: .LatestSave
00:57:25.023 SCRIPT       : SCR_LatestSaveDSSessionCallback: LocalSave: .LatestSave
00:59:29.187 SCRIPT       : SCR_LatestSaveDSSessionCallback: LocalSave: .LatestSave
01:01:33.360 SCRIPT       : SCR_LatestSaveDSSessionCallback: LocalSave: .LatestSave
01:03:37.469 SCRIPT       : SCR_LatestSaveDSSessionCallback: LocalSave: .LatestSave
01:05:41.555 SCRIPT       : SCR_LatestSaveDSSessionCallback: LocalSave: .LatestSave
01:07:44.996 SCRIPT       : SCR_LatestSaveDSSessionCallback: LocalSave: .LatestSave
01:09:48.794 SCRIPT       : SCR_LatestSaveDSSessionCallback: LocalSave: .LatestSave
01:11:53.056 SCRIPT       : SCR_LatestSaveDSSessionCallback: LocalSave: .LatestSave
01:13:57.120 SCRIPT       : SCR_LatestSaveDSSessionCallback: LocalSave: .LatestSave
01:16:00.653 SCRIPT       : SCR_LatestSaveDSSessionCallback: LocalSave: .LatestSave
01:18:04.909 SCRIPT       : SCR_LatestSaveDSSessionCallback: LocalSave: .LatestSave
01:20:09.358 SCRIPT       : SCR_LatestSaveDSSessionCallback: LocalSave: .LatestSave
01:22:13.297 SCRIPT       : SCR_LatestSaveDSSessionCallback: LocalSave: .LatestSave
01:24:17.319 SCRIPT       : SCR_LatestSaveDSSessionCallback: LocalSave: .LatestSave
01:26:20.549 SCRIPT       : SCR_LatestSaveDSSessionCallback: LocalSave: .LatestSave
01:28:24.515 SCRIPT       : SCR_LatestSaveDSSessionCallback: LocalSave: .LatestSave
01:30:27.877 SCRIPT       : SCR_LatestSaveDSSessionCallback: LocalSave: .LatestSave
01:32:31.754 SCRIPT       : SCR_LatestSaveDSSessionCallback: LocalSave: .LatestSave
01:34:35.949 SCRIPT       : SCR_LatestSaveDSSessionCallback: LocalSave: .LatestSave
01:36:39.363 SCRIPT       : SCR_LatestSaveDSSessionCallback: LocalSave: .LatestSave
01:38:43.024 SCRIPT       : SCR_LatestSaveDSSessionCallback: LocalSave: .LatestSave
01:40:47.118 SCRIPT       : SCR_LatestSaveDSSessionCallback: LocalSave: .LatestSave
01:42:50.549 SCRIPT       : SCR_LatestSaveDSSessionCallback: LocalSave: .LatestSave
01:44:54.411 SCRIPT       : SCR_LatestSaveDSSessionCallback: LocalSave: .LatestSave
01:46:58.705 SCRIPT       : SCR_LatestSaveDSSessionCallback: LocalSave: .LatestSave
01:49:02.501 SCRIPT       : SCR_LatestSaveDSSessionCallback: LocalSave: .LatestSave
01:51:06.194 SCRIPT       : SCR_LatestSaveDSSessionCallback: LocalSave: .LatestSave
01:53:10.526 SCRIPT       : SCR_LatestSaveDSSessionCallback: LocalSave: .LatestSave
01:55:14.959 SCRIPT       : SCR_LatestSaveDSSessionCallback: LocalSave: .LatestSave
01:57:19.180 SCRIPT       : SCR_LatestSaveDSSessionCallback: LocalSave: .LatestSave
01:59:23.340 SCRIPT       : SCR_LatestSaveDSSessionCallback: LocalSave: .LatestSave
02:01:27.188 SCRIPT       : SCR_LatestSaveDSSessionCallback: LocalSave: .LatestSave
02:03:31.251 SCRIPT       : SCR_LatestSaveDSSessionCallback: LocalSave: .LatestSave
02:05:35.528 SCRIPT       : SCR_LatestSaveDSSessionCallback: LocalSave: .LatestSave
02:07:39.539 SCRIPT       : SCR_LatestSaveDSSessionCallback: LocalSave: .LatestSave
02:09:43.317 SCRIPT       : SCR_LatestSaveDSSessionCallback: LocalSave: .LatestSave
02:11:47.325 SCRIPT       : SCR_LatestSaveDSSessionCallback: LocalSave: .LatestSave
02:13:51.341 SCRIPT       : SCR_LatestSaveDSSessionCallback: LocalSave: .LatestSave
02:15:54.375 SCRIPT       : SCR_LatestSaveDSSessionCallback: LocalSave: .LatestSave
02:17:58.081 SCRIPT       : SCR_LatestSaveDSSessionCallback: LocalSave: .LatestSave
02:20:02.043 SCRIPT       : SCR_LatestSaveDSSessionCallback: LocalSave: .LatestSave
02:22:06.366 SCRIPT       : SCR_LatestSaveDSSessionCallback: LocalSave: .LatestSave
02:24:09.621 SCRIPT       : SCR_LatestSaveDSSessionCallback: LocalSave: .LatestSave
02:26:13.740 SCRIPT       : SCR_LatestSaveDSSessionCallback: LocalSave: .LatestSave
02:28:17.923 SCRIPT       : SCR_LatestSaveDSSessionCallback: LocalSave: .LatestSave
02:30:22.068 SCRIPT       : SCR_LatestSaveDSSessionCallback: LocalSave: .LatestSave
02:32:26.186 SCRIPT       : SCR_LatestSaveDSSessionCallback: LocalSave: .LatestSave
02:34:29.923 SCRIPT       : SCR_LatestSaveDSSessionCallback: LocalSave: .LatestSave
02:36:33.233 SCRIPT       : SCR_LatestSaveDSSessionCallback: LocalSave: .LatestSave
02:38:37.378 SCRIPT       : SCR_LatestSaveDSSessionCallback: LocalSave: .LatestSave
02:40:41.239 SCRIPT       : SCR_LatestSaveDSSessionCallback: LocalSave: .LatestSave
02:42:44.354 SCRIPT       : SCR_LatestSaveDSSessionCallback: LocalSave: .LatestSave
02:44:47.894 SCRIPT       : SCR_LatestSaveDSSessionCallback: LocalSave: .LatestSave
02:46:52.049 SCRIPT       : SCR_LatestSaveDSSessionCallback: LocalSave: .LatestSave
02:48:56.289 SCRIPT       : SCR_LatestSaveDSSessionCallback: LocalSave: .LatestSave
02:51:00.000 SCRIPT       : SCR_LatestSaveDSSessionCallback: LocalSave: .LatestSave
02:53:04.269 SCRIPT       : SCR_LatestSaveDSSessionCallback: LocalSave: .LatestSave
02:55:08.274 SCRIPT       : SCR_LatestSaveDSSessionCallback: LocalSave: .LatestSave
02:57:12.505 SCRIPT       : SCR_LatestSaveDSSessionCallback: LocalSave: .LatestSave
02:59:16.380 SCRIPT       : SCR_LatestSaveDSSessionCallback: LocalSave: .LatestSave
03:01:20.560 SCRIPT       : SCR_LatestSaveDSSessionCallback: LocalSave: .LatestSave
03:03:24.838 SCRIPT       : SCR_LatestSaveDSSessionCallback: LocalSave: .LatestSave
03:05:28.979 SCRIPT       : SCR_LatestSaveDSSessionCallback: LocalSave: .LatestSave
03:07:32.974 SCRIPT       : SCR_LatestSaveDSSessionCallback: LocalSave: .LatestSave
03:09:37.052 SCRIPT       : SCR_LatestSaveDSSessionCallback: LocalSave: .LatestSave
03:11:40.864 SCRIPT       : SCR_LatestSaveDSSessionCallback: LocalSave: .LatestSave
03:13:44.759 SCRIPT       : SCR_LatestSaveDSSessionCallback: LocalSave: .LatestSave
03:15:48.060 SCRIPT       : SCR_LatestSaveDSSessionCallback: LocalSave: .LatestSave
03:17:51.557 SCRIPT       : SCR_LatestSaveDSSessionCallback: LocalSave: .LatestSave
03:19:55.664 SCRIPT       : SCR_LatestSaveDSSessionCallback: LocalSave: .LatestSave
03:21:58.739 SCRIPT       : SCR_LatestSaveDSSessionCallback: LocalSave: .LatestSave
03:24:01.991 SCRIPT       : SCR_LatestSaveDSSessionCallback: LocalSave: .LatestSave
03:26:06.152 SCRIPT       : SCR_LatestSaveDSSessionCallback: LocalSave: .LatestSave
03:28:10.597 SCRIPT       : SCR_LatestSaveDSSessionCallback: LocalSave: .LatestSave
03:30:14.649 SCRIPT       : SCR_LatestSaveDSSessionCallback: LocalSave: .LatestSave
03:32:18.709 SCRIPT       : SCR_LatestSaveDSSessionCallback: LocalSave: .LatestSave
03:34:22.048 SCRIPT       : SCR_LatestSaveDSSessionCallback: LocalSave: .LatestSave
03:36:25.739 SCRIPT       : SCR_LatestSaveDSSessionCallback: LocalSave: .LatestSave
03:38:29.954 SCRIPT       : SCR_LatestSaveDSSessionCallback: LocalSave: .LatestSave
03:40:33.473 SCRIPT       : SCR_LatestSaveDSSessionCallback: LocalSave: .LatestSave
03:42:37.257 SCRIPT       : SCR_LatestSaveDSSessionCallback: LocalSave: .LatestSave
03:44:41.136 SCRIPT       : SCR_LatestSaveDSSessionCallback: LocalSave: .LatestSave
03:46:45.088 SCRIPT       : SCR_LatestSaveDSSessionCallback: LocalSave: .LatestSave
03:48:49.161 SCRIPT       : SCR_LatestSaveDSSessionCallback: LocalSave: .LatestSave
03:50:53.722 SCRIPT       : SCR_LatestSaveDSSessionCallback: LocalSave: .LatestSave
03:52:57.634 SCRIPT       : SCR_LatestSaveDSSessionCallback: LocalSave: .LatestSave
03:55:01.896 SCRIPT       : SCR_LatestSaveDSSessionCallback: LocalSave: .LatestSave
03:57:05.874 SCRIPT       : SCR_LatestSaveDSSessionCallback: LocalSave: .LatestSave
03:59:09.786 SCRIPT       : SCR_LatestSaveDSSessionCallback: LocalSave: .LatestSave
04:01:14.135 SCRIPT       : SCR_LatestSaveDSSessionCallback: LocalSave: .LatestSave
04:03:18.254 SCRIPT       : SCR_LatestSaveDSSessionCallback: LocalSave: .LatestSave
04:05:22.538 SCRIPT       : SCR_LatestSaveDSSessionCallback: LocalSave: .LatestSave
04:07:26.224 SCRIPT       : SCR_LatestSaveDSSessionCallback: LocalSave: .LatestSave
04:09:29.564 SCRIPT       : SCR_LatestSaveDSSessionCallback: LocalSave: .LatestSave
04:11:33.740 SCRIPT       : SCR_LatestSaveDSSessionCallback: LocalSave: .LatestSave
04:13:38.295 SCRIPT       : SCR_LatestSaveDSSessionCallback: LocalSave: .LatestSave
04:15:42.318 SCRIPT       : SCR_LatestSaveDSSessionCallback: LocalSave: .LatestSave
04:17:46.213 SCRIPT       : SCR_LatestSaveDSSessionCallback: LocalSave: .LatestSave
04:19:50.387 SCRIPT       : SCR_LatestSaveDSSessionCallback: LocalSave: .LatestSave
04:21:54.276 SCRIPT       : SCR_LatestSaveDSSessionCallback: LocalSave: .LatestSave
04:23:57.787 SCRIPT       : SCR_LatestSaveDSSessionCallback: LocalSave: .LatestSave
04:26:01.889 SCRIPT       : SCR_LatestSaveDSSessionCallback: LocalSave: .LatestSave
04:28:05.597 SCRIPT       : SCR_LatestSaveDSSessionCallback: LocalSave: .LatestSave
04:30:09.466 SCRIPT       : SCR_LatestSaveDSSessionCallback: LocalSave: .LatestSave
04:32:13.487 SCRIPT       : SCR_LatestSaveDSSessionCallback: LocalSave: .LatestSave
04:34:17.670 SCRIPT       : SCR_LatestSaveDSSessionCallback: LocalSave: .LatestSave
04:36:21.564 SCRIPT       : SCR_LatestSaveDSSessionCallback: LocalSave: .LatestSave
04:38:25.689 SCRIPT       : SCR_LatestSaveDSSessionCallback: LocalSave: .LatestSave
04:40:29.786 SCRIPT       : SCR_LatestSaveDSSessionCallback: LocalSave: .LatestSave
04:42:33.914 SCRIPT       : SCR_LatestSaveDSSessionCallback: LocalSave: .LatestSave
04:44:38.113 SCRIPT       : SCR_LatestSaveDSSessionCallback: LocalSave: .LatestSave
04:46:41.971 SCRIPT       : SCR_LatestSaveDSSessionCallback: LocalSave: .LatestSave
04:48:45.998 SCRIPT       : SCR_LatestSaveDSSessionCallback: LocalSave: .LatestSave
04:50:49.690 SCRIPT       : SCR_LatestSaveDSSessionCallback: LocalSave: .LatestSave
04:52:53.707 SCRIPT       : SCR_LatestSaveDSSessionCallback: LocalSave: .LatestSave
04:54:57.103 SCRIPT       : SCR_LatestSaveDSSessionCallback: LocalSave: .LatestSave
04:57:01.363 SCRIPT       : SCR_LatestSaveDSSessionCallback: LocalSave: .LatestSave
04:59:05.390 SCRIPT       : SCR_LatestSaveDSSessionCallback: LocalSave: .LatestSave
05:01:08.708 SCRIPT       : SCR_LatestSaveDSSessionCallback: LocalSave: .LatestSave
05:03:12.731 SCRIPT       : SCR_LatestSaveDSSessionCallback: LocalSave: .LatestSave
05:05:16.960 SCRIPT       : SCR_LatestSaveDSSessionCallback: LocalSave: .LatestSave
05:07:20.609 SCRIPT       : SCR_LatestSaveDSSessionCallback: LocalSave: .LatestSave
05:09:24.702 SCRIPT       : SCR_LatestSaveDSSessionCallback: LocalSave: .LatestSave
05:11:28.680 SCRIPT       : SCR_LatestSaveDSSessionCallback: LocalSave: .LatestSave
05:13:32.682 SCRIPT       : SCR_LatestSaveDSSessionCallback: LocalSave: .LatestSave
05:15:36.753 SCRIPT       : SCR_LatestSaveDSSessionCallback: LocalSave: .LatestSave
05:17:39.929 SCRIPT       : SCR_LatestSaveDSSessionCallback: LocalSave: .LatestSave
05:19:43.908 SCRIPT       : SCR_LatestSaveDSSessionCallback: LocalSave: .LatestSave
05:21:47.954 SCRIPT       : SCR_LatestSaveDSSessionCallback: LocalSave: .LatestSave
05:23:51.534 SCRIPT       : SCR_LatestSaveDSSessionCallback: LocalSave: .LatestSave
05:25:55.759 SCRIPT       : SCR_LatestSaveDSSessionCallback: LocalSave: .LatestSave
05:27:59.480 SCRIPT       : SCR_LatestSaveDSSessionCallback: LocalSave: .LatestSave
05:30:03.619 SCRIPT       : SCR_LatestSaveDSSessionCallback: LocalSave: .LatestSave
05:32:07.601 SCRIPT       : SCR_LatestSaveDSSessionCallback: LocalSave: .LatestSave
05:34:10.757 SCRIPT       : SCR_LatestSaveDSSessionCallback: LocalSave: .LatestSave
05:36:14.876 SCRIPT       : SCR_LatestSaveDSSessionCallback: LocalSave: .LatestSave
05:38:19.198 SCRIPT       : SCR_LatestSaveDSSessionCallback: LocalSave: .LatestSave
05:40:22.959 SCRIPT       : SCR_LatestSaveDSSessionCallback: LocalSave: .LatestSave
05:42:27.274 SCRIPT       : SCR_LatestSaveDSSessionCallback: LocalSave: .LatestSave
05:44:31.165 SCRIPT       : SCR_LatestSaveDSSessionCallback: LocalSave: .LatestSave
05:46:35.211 SCRIPT       : SCR_LatestSaveDSSessionCallback: LocalSave: .LatestSave
05:48:39.305 SCRIPT       : SCR_LatestSaveDSSessionCallback: LocalSave: .LatestSave
05:50:42.816 SCRIPT       : SCR_LatestSaveDSSessionCallback: LocalSave: .LatestSave
05:52:46.464 SCRIPT       : SCR_LatestSaveDSSessionCallback: LocalSave: .LatestSave
05:54:50.333 SCRIPT       : SCR_LatestSaveDSSessionCallback: LocalSave: .LatestSave
05:56:54.369 SCRIPT       : SCR_LatestSaveDSSessionCallback: LocalSave: .LatestSave
05:58:58.203 SCRIPT       : SCR_LatestSaveDSSessionCallback: LocalSave: .LatestSave
06:01:01.734 SCRIPT       : SCR_LatestSaveDSSessionCallback: LocalSave: .LatestSave
06:03:04.787 SCRIPT       : SCR_LatestSaveDSSessionCallback: LocalSave: .LatestSave
06:05:08.851 SCRIPT       : SCR_LatestSaveDSSessionCallback: LocalSave: .LatestSave
06:07:12.927 SCRIPT       : SCR_LatestSaveDSSessionCallback: LocalSave: .LatestSave
06:09:16.474 SCRIPT       : SCR_LatestSaveDSSessionCallback: LocalSave: .LatestSave
06:11:19.419 SCRIPT       : SCR_LatestSaveDSSessionCallback: LocalSave: .LatestSave
06:13:23.397 SCRIPT       : SCR_LatestSaveDSSessionCallback: LocalSave: .LatestSave
06:15:26.808 SCRIPT       : SCR_LatestSaveDSSessionCallback: LocalSave: .LatestSave
06:17:30.893 SCRIPT       : SCR_LatestSaveDSSessionCallback: LocalSave: .LatestSave
06:19:35.360 SCRIPT       : SCR_LatestSaveDSSessionCallback: LocalSave: .LatestSave
06:21:38.947 SCRIPT       : SCR_LatestSaveDSSessionCallback: LocalSave: .LatestSave
06:23:43.204 SCRIPT       : SCR_LatestSaveDSSessionCallback: LocalSave: .LatestSave
06:25:47.249 SCRIPT       : SCR_LatestSaveDSSessionCallback: LocalSave: .LatestSave
06:27:51.422 SCRIPT       : SCR_LatestSaveDSSessionCallback: LocalSave: .LatestSave
06:29:55.625 SCRIPT       : SCR_LatestSaveDSSessionCallback: LocalSave: .LatestSave
06:31:59.103 SCRIPT       : SCR_LatestSaveDSSessionCallback: LocalSave: .LatestSave
06:34:02.980 SCRIPT       : SCR_LatestSaveDSSessionCallback: LocalSave: .LatestSave
06:36:07.255 SCRIPT       : SCR_LatestSaveDSSessionCallback: LocalSave: .LatestSave
06:38:10.924 SCRIPT       : SCR_LatestSaveDSSessionCallback: LocalSave: .LatestSave
06:40:14.324 SCRIPT       : SCR_LatestSaveDSSessionCallback: LocalSave: .LatestSave
06:42:18.319 SCRIPT       : SCR_LatestSaveDSSessionCallback: LocalSave: .LatestSave
06:44:22.506 SCRIPT       : SCR_LatestSaveDSSessionCallback: LocalSave: .LatestSave
06:46:26.229 SCRIPT       : SCR_LatestSaveDSSessionCallback: LocalSave: .LatestSave
06:48:30.366 SCRIPT       : SCR_LatestSaveDSSessionCallback: LocalSave: .LatestSave
06:50:34.442 SCRIPT       : SCR_LatestSaveDSSessionCallback: LocalSave: .LatestSave
06:52:38.178 SCRIPT       : SCR_LatestSaveDSSessionCallback: LocalSave: .LatestSave
06:54:42.272 SCRIPT       : SCR_LatestSaveDSSessionCallback: LocalSave: .LatestSave
06:56:46.627 SCRIPT       : SCR_LatestSaveDSSessionCallback: LocalSave: .LatestSave
06:58:51.004 SCRIPT       : SCR_LatestSaveDSSessionCallback: LocalSave: .LatestSave
07:00:55.031 SCRIPT       : SCR_LatestSaveDSSessionCallback: LocalSave: .LatestSave
07:02:59.359 SCRIPT       : SCR_LatestSaveDSSessionCallback: LocalSave: .LatestSave
07:05:03.005 SCRIPT       : SCR_LatestSaveDSSessionCallback: LocalSave: .LatestSave
07:07:06.339 SCRIPT       : SCR_LatestSaveDSSessionCallback: LocalSave: .LatestSave
07:09:10.578 SCRIPT       : SCR_LatestSaveDSSessionCallback: LocalSave: .LatestSave
07:11:14.611 SCRIPT       : SCR_LatestSaveDSSessionCallback: LocalSave: .LatestSave
07:13:17.892 SCRIPT       : SCR_LatestSaveDSSessionCallback: LocalSave: .LatestSave
07:15:21.181 SCRIPT       : SCR_LatestSaveDSSessionCallback: LocalSave: .LatestSave
07:17:25.062 SCRIPT       : SCR_LatestSaveDSSessionCallback: LocalSave: .LatestSave
07:19:29.356 SCRIPT       : SCR_LatestSaveDSSessionCallback: LocalSave: .LatestSave
07:21:33.098 SCRIPT       : SCR_LatestSaveDSSessionCallback: LocalSave: .LatestSave
07:23:37.542 SCRIPT       : SCR_LatestSaveDSSessionCallback: LocalSave: .LatestSave
07:25:41.636 SCRIPT       : SCR_LatestSaveDSSessionCallback: LocalSave: .LatestSave
07:27:45.648 SCRIPT       : SCR_LatestSaveDSSessionCallback: LocalSave: .LatestSave
07:29:49.803 SCRIPT       : SCR_LatestSaveDSSessionCallback: LocalSave: .LatestSave
07:31:53.720 SCRIPT       : SCR_LatestSaveDSSessionCallback: LocalSave: .LatestSave
07:33:57.659 SCRIPT       : SCR_LatestSaveDSSessionCallback: LocalSave: .LatestSave
07:36:01.160 SCRIPT       : SCR_LatestSaveDSSessionCallback: LocalSave: .LatestSave
07:38:05.365 SCRIPT       : SCR_LatestSaveDSSessionCallback: LocalSave: .LatestSave
07:40:09.649 SCRIPT       : SCR_LatestSaveDSSessionCallback: LocalSave: .LatestSave
07:42:13.683 SCRIPT       : SCR_LatestSaveDSSessionCallback: LocalSave: .LatestSave
07:44:17.611 SCRIPT       : SCR_LatestSaveDSSessionCallback: LocalSave: .LatestSave
07:46:22.057 SCRIPT       : SCR_LatestSaveDSSessionCallback: LocalSave: .LatestSave
07:48:26.102 SCRIPT       : SCR_LatestSaveDSSessionCallback: LocalSave: .LatestSave
07:50:29.813 SCRIPT       : SCR_LatestSaveDSSessionCallback: LocalSave: .LatestSave
07:52:33.859 SCRIPT       : SCR_LatestSaveDSSessionCallback: LocalSave: .LatestSave
07:54:38.004 SCRIPT       : SCR_LatestSaveDSSessionCallback: LocalSave: .LatestSave
07:56:41.732 SCRIPT       : SCR_LatestSaveDSSessionCallback: LocalSave: .LatestSave
07:58:45.622 SCRIPT       : SCR_LatestSaveDSSessionCallback: LocalSave: .LatestSave
08:00:49.422 SCRIPT       : SCR_LatestSaveDSSessionCallback: LocalSave: .LatestSave
08:02:53.665 SCRIPT       : SCR_LatestSaveDSSessionCallback: LocalSave: .LatestSave
08:04:57.549 SCRIPT       : SCR_LatestSaveDSSessionCallback: LocalSave: .LatestSave
08:07:01.278 SCRIPT       : SCR_LatestSaveDSSessionCallback: LocalSave: .LatestSave
08:09:04.450 SCRIPT       : SCR_LatestSaveDSSessionCallback: LocalSave: .LatestSave
08:11:08.374 SCRIPT       : SCR_LatestSaveDSSessionCallback: LocalSave: .LatestSave
08:13:12.392 SCRIPT       : SCR_LatestSaveDSSessionCallback: LocalSave: .LatestSave
08:15:16.151 SCRIPT       : SCR_LatestSaveDSSessionCallback: LocalSave: .LatestSave
08:17:19.451 SCRIPT       : SCR_LatestSaveDSSessionCallback: LocalSave: .LatestSave
08:19:23.681 SCRIPT       : SCR_LatestSaveDSSessionCallback: LocalSave: .LatestSave
08:21:27.692 SCRIPT       : SCR_LatestSaveDSSessionCallback: LocalSave: .LatestSave
08:23:31.551 SCRIPT       : SCR_LatestSaveDSSessionCallback: LocalSave: .LatestSave
08:25:35.626 SCRIPT       : SCR_LatestSaveDSSessionCallback: LocalSave: .LatestSave
08:27:39.789 SCRIPT       : SCR_LatestSaveDSSessionCallback: LocalSave: .LatestSave
08:29:43.334 SCRIPT       : SCR_LatestSaveDSSessionCallback: LocalSave: .LatestSave
08:31:47.498 SCRIPT       : SCR_LatestSaveDSSessionCallback: LocalSave: .LatestSave
08:33:51.413 SCRIPT       : SCR_LatestSaveDSSessionCallback: LocalSave: .LatestSave
08:35:55.207 SCRIPT       : SCR_LatestSaveDSSessionCallback: LocalSave: .LatestSave
08:37:59.022 SCRIPT       : SCR_LatestSaveDSSessionCallback: LocalSave: .LatestSave
08:40:02.093 SCRIPT       : SCR_LatestSaveDSSessionCallback: LocalSave: .LatestSave
08:42:05.629 SCRIPT       : SCR_LatestSaveDSSessionCallback: LocalSave: .LatestSave
08:44:09.706 SCRIPT       : SCR_LatestSaveDSSessionCallback: LocalSave: .LatestSave
08:46:13.499 SCRIPT       : SCR_LatestSaveDSSessionCallback: LocalSave: .LatestSave
08:48:17.477 SCRIPT       : SCR_LatestSaveDSSessionCallback: LocalSave: .LatestSave
08:50:20.726 SCRIPT       : SCR_LatestSaveDSSessionCallback: LocalSave: .LatestSave
08:52:24.652 SCRIPT       : SCR_LatestSaveDSSessionCallback: LocalSave: .LatestSave
08:54:28.978 SCRIPT       : SCR_LatestSaveDSSessionCallback: LocalSave: .LatestSave
08:56:32.627 SCRIPT       : SCR_LatestSaveDSSessionCallback: LocalSave: .LatestSave
08:58:36.535 SCRIPT       : SCR_LatestSaveDSSessionCallback: LocalSave: .LatestSave
09:00:40.336 SCRIPT       : SCR_LatestSaveDSSessionCallback: LocalSave: .LatestSave
09:02:44.615 SCRIPT       : SCR_LatestSaveDSSessionCallback: LocalSave: .LatestSave
09:04:48.688 SCRIPT       : SCR_LatestSaveDSSessionCallback: LocalSave: .LatestSave
09:06:52.533 SCRIPT       : SCR_LatestSaveDSSessionCallback: LocalSave: .LatestSave
09:08:55.730 SCRIPT       : SCR_LatestSaveDSSessionCallback: LocalSave: .LatestSave
09:10:58.677 SCRIPT       : SCR_LatestSaveDSSessionCallback: LocalSave: .LatestSave
09:13:02.599 SCRIPT       : SCR_LatestSaveDSSessionCallback: LocalSave: .LatestSave
09:15:06.528 SCRIPT       : SCR_LatestSaveDSSessionCallback: LocalSave: .LatestSave
09:17:10.125 SCRIPT       : SCR_LatestSaveDSSessionCallback: LocalSave: .LatestSave
09:19:14.277 SCRIPT       : SCR_LatestSaveDSSessionCallback: LocalSave: .LatestSave
09:21:18.277 SCRIPT       : SCR_LatestSaveDSSessionCallback: LocalSave: .LatestSave
09:23:22.215 SCRIPT       : SCR_LatestSaveDSSessionCallback: LocalSave: .LatestSave
09:25:25.539 SCRIPT       : SCR_LatestSaveDSSessionCallback: LocalSave: .LatestSave
09:27:29.735 SCRIPT       : SCR_LatestSaveDSSessionCallback: LocalSave: .LatestSave
09:29:33.878 SCRIPT       : SCR_LatestSaveDSSessionCallback: LocalSave: .LatestSave
09:31:37.236 SCRIPT       : SCR_LatestSaveDSSessionCallback: LocalSave: .LatestSave
09:33:41.135 SCRIPT       : SCR_LatestSaveDSSessionCallback: LocalSave: .LatestSave
09:35:44.470 SCRIPT       : SCR_LatestSaveDSSessionCallback: LocalSave: .LatestSave
09:37:48.257 SCRIPT       : SCR_LatestSaveDSSessionCallback: LocalSave: .LatestSave
09:39:52.082 SCRIPT       : SCR_LatestSaveDSSessionCallback: LocalSave: .LatestSave
09:41:55.509 SCRIPT       : SCR_LatestSaveDSSessionCallback: LocalSave: .LatestSave
